This file contains any messages produced by compilers while
running configure, to aid debugging if configure makes a mistake.

It was created by configure, which was
generated by GNU Autoconf 2.59.  Invocation command line was

  $ ./configure --prefix=/usr/local --host=mipsel-linux --build=x86_64-linux-gnu CC=mipsel-uclibc-gcc CFLAGS=-Os -Wall -DLINUX26 -DCONFIG_BCMWL5 -pipe -DBCMWPA2 -funit-at-a-time -Wno-pointer-sign -mtune=mips32 -mips32 -DCONFIG_NVRAM_SIZE=60 -ffunction-sections -fdata-sections LDFLAGS=-ffunction-sections -fdata-sections -Wl,--gc-sections -fPIC build_alias=x86_64-linux-gnu host_alias=mipsel-linux --cache-file=/dev/null --srcdir=.

## --------- ##
## Platform. ##
## --------- ##

hostname = archeo
uname -m = x86_64
uname -r = 2.6.27.10-grsec
uname -s = Linux
uname -v = #4 SMP Mon Jun 15 11:45:55 CEST 2009

/usr/bin/uname -p = unknown
/bin/uname -X     = unknown

/bin/arch              = unknown
/usr/bin/arch -k       = unknown
/usr/convex/getsysinfo = unknown
hostinfo               = unknown
/bin/machine           = unknown
/usr/bin/oslevel       = unknown
/bin/universe          = unknown

PATH: /root/openwrt/tomato2.31/tools
PATH: /root/openwrt/tomato2.31/tools
PATH: /root/openwrt/tomato2.31/tools
PATH: /root/openwrt/tomato2.31/tools
PATH: /root/openwrt/tomato2.31/tools
PATH: /usr/local/sbin
PATH: /usr/local/bin
PATH: /usr/sbin
PATH: /usr/bin
PATH: /sbin
PATH: /bin
PATH: /opt/brcm/hndtools-mipsel-uclibc/bin
PATH: /opt/brcm/hndtools-mipsel-linux/bin


## ----------- ##
## Core tests. ##
## ----------- ##

configure:1538: checking for a BSD-compatible install
configure:1593: result: /usr/bin/install -c
configure:1604: checking whether build environment is sane
configure:1647: result: yes
configure:1712: checking for gawk
configure:1728: found /usr/bin/gawk
configure:1738: result: gawk
configure:1748: checking whether make sets $(MAKE)
configure:1768: result: yes
configure:1844: checking for mipsel-linux-strip
configure:1870: result: mipsel-uclibc-strip -R .note -R .comment
configure:1945: checking for mipsel-linux-gcc
configure:1971: result: mipsel-uclibc-gcc
configure:2253: checking for C compiler version
configure:2256: mipsel-uclibc-gcc --version </dev/null >&5
mipsel-uclibc-gcc (GCC) 4.2.4
Copyright (C) 2007 Free Software Foundation, Inc.
This is free software; see the source for copying conditions.  There is NO
warranty; not even for MERCHANTABILITY or FITNESS FOR A PARTICULAR PURPOSE.

configure:2259: $? = 0
configure:2261: mipsel-uclibc-gcc -v </dev/null >&5
Using built-in specs.
Target: mipsel-linux-uclibc
Configured with: /home/fedork/tomato/toolchain/build_dir/toolchain-mipsel_gcc4.2.4/gcc-4.2.4/configure --prefix=/opt/brcm/hndtools-mipsel-uclibc-4.2.4 --build=i486-linux-gnu --host=i486-linux-gnu --target=mipsel-linux-uclibc --with-gnu-ld --enable-target-optspace --disable-libgomp --disable-libmudflap --disable-multilib --disable-nls --disable-__cxa_atexit --enable-libssp --enable-languages=c,c++ --enable-shared --enable-threads --disable-tls
Thread model: posix
gcc version 4.2.4
configure:2264: $? = 0
configure:2266: mipsel-uclibc-gcc -V </dev/null >&5
mipsel-uclibc-gcc: '-V' option must have argument
configure:2269: $? = 1
configure:2292: checking for C compiler default output file name
configure:2295: mipsel-uclibc-gcc -Os -Wall -DLINUX26 -DCONFIG_BCMWL5 -pipe -DBCMWPA2 -funit-at-a-time -Wno-pointer-sign -mtune=mips32 -mips32 -DCONFIG_NVRAM_SIZE=60 -ffunction-sections -fdata-sections  -ffunction-sections -fdata-sections -Wl,--gc-sections -fPIC conftest.c  >&5
configure:2298: $? = 0
configure:2344: result: a.out
configure:2349: checking whether the C compiler works
configure:2375: result: yes
configure:2382: checking whether we are cross compiling
configure:2384: result: yes
configure:2387: checking for suffix of executables
configure:2389: mipsel-uclibc-gcc -o conftest -Os -Wall -DLINUX26 -DCONFIG_BCMWL5 -pipe -DBCMWPA2 -funit-at-a-time -Wno-pointer-sign -mtune=mips32 -mips32 -DCONFIG_NVRAM_SIZE=60 -ffunction-sections -fdata-sections  -ffunction-sections -fdata-sections -Wl,--gc-sections -fPIC conftest.c  >&5
configure:2392: $? = 0
configure:2417: result: 
configure:2423: checking for suffix of object files
configure:2444: mipsel-uclibc-gcc -c -Os -Wall -DLINUX26 -DCONFIG_BCMWL5 -pipe -DBCMWPA2 -funit-at-a-time -Wno-pointer-sign -mtune=mips32 -mips32 -DCONFIG_NVRAM_SIZE=60 -ffunction-sections -fdata-sections  conftest.c >&5
configure:2447: $? = 0
configure:2469: result: o
configure:2473: checking whether we are using the GNU C compiler
configure:2497: mipsel-uclibc-gcc -c -Os -Wall -DLINUX26 -DCONFIG_BCMWL5 -pipe -DBCMWPA2 -funit-at-a-time -Wno-pointer-sign -mtune=mips32 -mips32 -DCONFIG_NVRAM_SIZE=60 -ffunction-sections -fdata-sections  conftest.c >&5
configure:2503: $? = 0
configure:2507: test -z 
			 || test ! -s conftest.err
configure:2510: $? = 0
configure:2513: test -s conftest.o
configure:2516: $? = 0
configure:2529: result: yes
configure:2535: checking whether mipsel-uclibc-gcc accepts -g
configure:2556: mipsel-uclibc-gcc -c -g  conftest.c >&5
configure:2562: $? = 0
configure:2566: test -z 
			 || test ! -s conftest.err
configure:2569: $? = 0
configure:2572: test -s conftest.o
configure:2575: $? = 0
configure:2586: result: yes
configure:2603: checking for mipsel-uclibc-gcc option to accept ANSI C
configure:2673: mipsel-uclibc-gcc  -c -Os -Wall -DLINUX26 -DCONFIG_BCMWL5 -pipe -DBCMWPA2 -funit-at-a-time -Wno-pointer-sign -mtune=mips32 -mips32 -DCONFIG_NVRAM_SIZE=60 -ffunction-sections -fdata-sections  conftest.c >&5
configure:2679: $? = 0
configure:2683: test -z 
			 || test ! -s conftest.err
configure:2686: $? = 0
configure:2689: test -s conftest.o
configure:2692: $? = 0
configure:2710: result: none needed
configure:2728: mipsel-uclibc-gcc -c -Os -Wall -DLINUX26 -DCONFIG_BCMWL5 -pipe -DBCMWPA2 -funit-at-a-time -Wno-pointer-sign -mtune=mips32 -mips32 -DCONFIG_NVRAM_SIZE=60 -ffunction-sections -fdata-sections  conftest.c >&5
conftest.c:2: error: expected '=', ',', ';', 'asm' or '__attribute__' before 'me'
configure:2734: $? = 1
configure: failed program was:
| #ifndef __cplusplus
|   choke me
| #endif
configure:2878: checking for style of include used by make
configure:2906: result: GNU
configure:2934: checking dependency style of mipsel-uclibc-gcc
configure:3024: result: none
configure:3054: checking for a BSD-compatible install
configure:3109: result: /usr/bin/install -c
configure:3127: checking build system type
configure:3145: result: x86_64-pc-linux-gnu
configure:3153: checking host system type
configure:3167: result: mipsel-unknown-linux-gnu
configure:3254: checking for a sed that does not truncate output
configure:3308: result: /bin/sed
configure:3311: checking for egrep
configure:3321: result: grep -E
configure:3337: checking for ld used by mipsel-uclibc-gcc
configure:3404: result: mipsel-uclibc-ld
configure:3413: checking if the linker (mipsel-uclibc-ld) is GNU ld
configure:3428: result: yes
configure:3433: checking for mipsel-uclibc-ld option to reload object files
configure:3440: result: -r
configure:3458: checking for BSD-compatible nm
configure:3500: result: mipsel-uclibc-nm
configure:3504: checking whether ln -s works
configure:3508: result: yes
configure:3515: checking how to recognise dependent libraries
configure:3687: result: pass_all
configure:4141: checking how to run the C preprocessor
configure:4176: mipsel-uclibc-gcc -E  conftest.c
configure:4182: $? = 0
configure:4214: mipsel-uclibc-gcc -E  conftest.c
conftest.c:11:28: error: ac_nonexistent.h: No such file or directory
configure:4220: $? = 1
configure: failed program was:
| /* confdefs.h.  */
| 
| #define PACKAGE_NAME ""
| #define PACKAGE_TARNAME ""
| #define PACKAGE_VERSION ""
| #define PACKAGE_STRING ""
| #define PACKAGE_BUGREPORT ""
| #define PACKAGE "autoconf-lib-link"
| #define VERSION "0.14.5"
| /* end confdefs.h.  */
| #include <ac_nonexistent.h>
configure:4259: result: mipsel-uclibc-gcc -E
configure:4283: mipsel-uclibc-gcc -E  conftest.c
configure:4289: $? = 0
configure:4321: mipsel-uclibc-gcc -E  conftest.c
conftest.c:11:28: error: ac_nonexistent.h: No such file or directory
configure:4327: $? = 1
configure: failed program was:
| /* confdefs.h.  */
| 
| #define PACKAGE_NAME ""
| #define PACKAGE_TARNAME ""
| #define PACKAGE_VERSION ""
| #define PACKAGE_STRING ""
| #define PACKAGE_BUGREPORT ""
| #define PACKAGE "autoconf-lib-link"
| #define VERSION "0.14.5"
| /* end confdefs.h.  */
| #include <ac_nonexistent.h>
configure:4371: checking for ANSI C header files
configure:4396: mipsel-uclibc-gcc -c -Os -Wall -DLINUX26 -DCONFIG_BCMWL5 -pipe -DBCMWPA2 -funit-at-a-time -Wno-pointer-sign -mtune=mips32 -mips32 -DCONFIG_NVRAM_SIZE=60 -ffunction-sections -fdata-sections  conftest.c >&5
configure:4402: $? = 0
configure:4406: test -z 
			 || test ! -s conftest.err
configure:4409: $? = 0
configure:4412: test -s conftest.o
configure:4415: $? = 0
configure:4527: result: yes
configure:4551: checking for sys/types.h
configure:4567: mipsel-uclibc-gcc -c -Os -Wall -DLINUX26 -DCONFIG_BCMWL5 -pipe -DBCMWPA2 -funit-at-a-time -Wno-pointer-sign -mtune=mips32 -mips32 -DCONFIG_NVRAM_SIZE=60 -ffunction-sections -fdata-sections  conftest.c >&5
configure:4573: $? = 0
configure:4577: test -z 
			 || test ! -s conftest.err
configure:4580: $? = 0
configure:4583: test -s conftest.o
configure:4586: $? = 0
configure:4597: result: yes
configure:4551: checking for sys/stat.h
configure:4567: mipsel-uclibc-gcc -c -Os -Wall -DLINUX26 -DCONFIG_BCMWL5 -pipe -DBCMWPA2 -funit-at-a-time -Wno-pointer-sign -mtune=mips32 -mips32 -DCONFIG_NVRAM_SIZE=60 -ffunction-sections -fdata-sections  conftest.c >&5
configure:4573: $? = 0
configure:4577: test -z 
			 || test ! -s conftest.err
configure:4580: $? = 0
configure:4583: test -s conftest.o
configure:4586: $? = 0
configure:4597: result: yes
configure:4551: checking for stdlib.h
configure:4567: mipsel-uclibc-gcc -c -Os -Wall -DLINUX26 -DCONFIG_BCMWL5 -pipe -DBCMWPA2 -funit-at-a-time -Wno-pointer-sign -mtune=mips32 -mips32 -DCONFIG_NVRAM_SIZE=60 -ffunction-sections -fdata-sections  conftest.c >&5
configure:4573: $? = 0
configure:4577: test -z 
			 || test ! -s conftest.err
configure:4580: $? = 0
configure:4583: test -s conftest.o
configure:4586: $? = 0
configure:4597: result: yes
configure:4551: checking for string.h
configure:4567: mipsel-uclibc-gcc -c -Os -Wall -DLINUX26 -DCONFIG_BCMWL5 -pipe -DBCMWPA2 -funit-at-a-time -Wno-pointer-sign -mtune=mips32 -mips32 -DCONFIG_NVRAM_SIZE=60 -ffunction-sections -fdata-sections  conftest.c >&5
configure:4573: $? = 0
configure:4577: test -z 
			 || test ! -s conftest.err
configure:4580: $? = 0
configure:4583: test -s conftest.o
configure:4586: $? = 0
configure:4597: result: yes
configure:4551: checking for memory.h
configure:4567: mipsel-uclibc-gcc -c -Os -Wall -DLINUX26 -DCONFIG_BCMWL5 -pipe -DBCMWPA2 -funit-at-a-time -Wno-pointer-sign -mtune=mips32 -mips32 -DCONFIG_NVRAM_SIZE=60 -ffunction-sections -fdata-sections  conftest.c >&5
configure:4573: $? = 0
configure:4577: test -z 
			 || test ! -s conftest.err
configure:4580: $? = 0
configure:4583: test -s conftest.o
configure:4586: $? = 0
configure:4597: result: yes
configure:4551: checking for strings.h
configure:4567: mipsel-uclibc-gcc -c -Os -Wall -DLINUX26 -DCONFIG_BCMWL5 -pipe -DBCMWPA2 -funit-at-a-time -Wno-pointer-sign -mtune=mips32 -mips32 -DCONFIG_NVRAM_SIZE=60 -ffunction-sections -fdata-sections  conftest.c >&5
configure:4573: $? = 0
configure:4577: test -z 
			 || test ! -s conftest.err
configure:4580: $? = 0
configure:4583: test -s conftest.o
configure:4586: $? = 0
configure:4597: result: yes
configure:4551: checking for inttypes.h
configure:4567: mipsel-uclibc-gcc -c -Os -Wall -DLINUX26 -DCONFIG_BCMWL5 -pipe -DBCMWPA2 -funit-at-a-time -Wno-pointer-sign -mtune=mips32 -mips32 -DCONFIG_NVRAM_SIZE=60 -ffunction-sections -fdata-sections  conftest.c >&5
configure:4573: $? = 0
configure:4577: test -z 
			 || test ! -s conftest.err
configure:4580: $? = 0
configure:4583: test -s conftest.o
configure:4586: $? = 0
configure:4597: result: yes
configure:4551: checking for stdint.h
configure:4567: mipsel-uclibc-gcc -c -Os -Wall -DLINUX26 -DCONFIG_BCMWL5 -pipe -DBCMWPA2 -funit-at-a-time -Wno-pointer-sign -mtune=mips32 -mips32 -DCONFIG_NVRAM_SIZE=60 -ffunction-sections -fdata-sections  conftest.c >&5
configure:4573: $? = 0
configure:4577: test -z 
			 || test ! -s conftest.err
configure:4580: $? = 0
configure:4583: test -s conftest.o
configure:4586: $? = 0
configure:4597: result: yes
configure:4551: checking for unistd.h
configure:4567: mipsel-uclibc-gcc -c -Os -Wall -DLINUX26 -DCONFIG_BCMWL5 -pipe -DBCMWPA2 -funit-at-a-time -Wno-pointer-sign -mtune=mips32 -mips32 -DCONFIG_NVRAM_SIZE=60 -ffunction-sections -fdata-sections  conftest.c >&5
configure:4573: $? = 0
configure:4577: test -z 
			 || test ! -s conftest.err
configure:4580: $? = 0
configure:4583: test -s conftest.o
configure:4586: $? = 0
configure:4597: result: yes
configure:4623: checking dlfcn.h usability
configure:4635: mipsel-uclibc-gcc -c -Os -Wall -DLINUX26 -DCONFIG_BCMWL5 -pipe -DBCMWPA2 -funit-at-a-time -Wno-pointer-sign -mtune=mips32 -mips32 -DCONFIG_NVRAM_SIZE=60 -ffunction-sections -fdata-sections  conftest.c >&5
configure:4641: $? = 0
configure:4645: test -z 
			 || test ! -s conftest.err
configure:4648: $? = 0
configure:4651: test -s conftest.o
configure:4654: $? = 0
configure:4664: result: yes
configure:4668: checking dlfcn.h presence
configure:4678: mipsel-uclibc-gcc -E  conftest.c
configure:4684: $? = 0
configure:4704: result: yes
configure:4739: checking for dlfcn.h
configure:4746: result: yes
configure:4769: checking for mipsel-linux-g++
configure:4785: found /opt/brcm/hndtools-mipsel-uclibc/bin/mipsel-linux-g++
configure:4795: result: mipsel-linux-g++
configure:4853: checking for C++ compiler version
configure:4856: mipsel-linux-g++ --version </dev/null >&5
mipsel-linux-g++ (GCC) 4.2.4
Copyright (C) 2007 Free Software Foundation, Inc.
This is free software; see the source for copying conditions.  There is NO
warranty; not even for MERCHANTABILITY or FITNESS FOR A PARTICULAR PURPOSE.

configure:4859: $? = 0
configure:4861: mipsel-linux-g++ -v </dev/null >&5
Using built-in specs.
Target: mipsel-linux-uclibc
Configured with: /home/fedork/tomato/toolchain/build_dir/toolchain-mipsel_gcc4.2.4/gcc-4.2.4/configure --prefix=/opt/brcm/hndtools-mipsel-uclibc-4.2.4 --build=i486-linux-gnu --host=i486-linux-gnu --target=mipsel-linux-uclibc --with-gnu-ld --enable-target-optspace --disable-libgomp --disable-libmudflap --disable-multilib --disable-nls --disable-__cxa_atexit --enable-libssp --enable-languages=c,c++ --enable-shared --enable-threads --disable-tls
Thread model: posix
gcc version 4.2.4
configure:4864: $? = 0
configure:4866: mipsel-linux-g++ -V </dev/null >&5
mipsel-linux-g++: '-V' option must have argument
configure:4869: $? = 1
configure:4872: checking whether we are using the GNU C++ compiler
configure:4896: mipsel-linux-g++ -c   conftest.cc >&5
configure:4902: $? = 0
configure:4906: test -z 
			 || test ! -s conftest.err
configure:4909: $? = 0
configure:4912: test -s conftest.o
configure:4915: $? = 0
configure:4928: result: yes
configure:4934: checking whether mipsel-linux-g++ accepts -g
configure:4955: mipsel-linux-g++ -c -g  conftest.cc >&5
configure:4961: $? = 0
configure:4965: test -z 
			 || test ! -s conftest.err
configure:4968: $? = 0
configure:4971: test -s conftest.o
configure:4974: $? = 0
configure:4985: result: yes
configure:5027: mipsel-linux-g++ -c -g -O2  conftest.cc >&5
configure:5033: $? = 0
configure:5037: test -z 
			 || test ! -s conftest.err
configure:5040: $? = 0
configure:5043: test -s conftest.o
configure:5046: $? = 0
configure:5072: mipsel-linux-g++ -c -g -O2  conftest.cc >&5
conftest.cc: In function 'int main()':
conftest.cc:26: error: 'exit' was not declared in this scope
configure:5078: $? = 1
configure: failed program was:
| /* confdefs.h.  */
| 
| #define PACKAGE_NAME ""
| #define PACKAGE_TARNAME ""
| #define PACKAGE_VERSION ""
| #define PACKAGE_STRING ""
| #define PACKAGE_BUGREPORT ""
| #define PACKAGE "autoconf-lib-link"
| #define VERSION "0.14.5"
| #define STDC_HEADERS 1
| #define HAVE_SYS_TYPES_H 1
| #define HAVE_SYS_STAT_H 1
| #define HAVE_STDLIB_H 1
| #define HAVE_STRING_H 1
| #define HAVE_MEMORY_H 1
| #define HAVE_STRINGS_H 1
| #define HAVE_INTTYPES_H 1
| #define HAVE_STDINT_H 1
| #define HAVE_UNISTD_H 1
| #define HAVE_DLFCN_H 1
| /* end confdefs.h.  */
| 
| int
| main ()
| {
| exit (42);
|   ;
|   return 0;
| }
configure:5027: mipsel-linux-g++ -c -g -O2  conftest.cc >&5
conftest.cc:22: error: 'void std::exit(int)' should have been declared inside 'std'
configure:5033: $? = 1
configure: failed program was:
| /* confdefs.h.  */
| 
| #define PACKAGE_NAME ""
| #define PACKAGE_TARNAME ""
| #define PACKAGE_VERSION ""
| #define PACKAGE_STRING ""
| #define PACKAGE_BUGREPORT ""
| #define PACKAGE "autoconf-lib-link"
| #define VERSION "0.14.5"
| #define STDC_HEADERS 1
| #define HAVE_SYS_TYPES_H 1
| #define HAVE_SYS_STAT_H 1
| #define HAVE_STDLIB_H 1
| #define HAVE_STRING_H 1
| #define HAVE_MEMORY_H 1
| #define HAVE_STRINGS_H 1
| #define HAVE_INTTYPES_H 1
| #define HAVE_STDINT_H 1
| #define HAVE_UNISTD_H 1
| #define HAVE_DLFCN_H 1
| /* end confdefs.h.  */
| extern "C" void std::exit (int) throw (); using std::exit;
| #include <stdlib.h>
| int
| main ()
| {
| exit (42);
|   ;
|   return 0;
| }
configure:5027: mipsel-linux-g++ -c -g -O2  conftest.cc >&5
conftest.cc:22: error: 'void std::exit(int)' should have been declared inside 'std'
In file included from conftest.cc:23:
/opt/brcm/K26/hndtools-mipsel-uclibc-4.2.4/bin/../lib/gcc/mipsel-linux-uclibc/4.2.4/../../../../mipsel-linux-uclibc/sys-include/stdlib.h:518: error: declaration of 'void std::exit(int) throw ()' throws different exceptions
conftest.cc:22: error: from previous declaration 'void std::exit(int)'
configure:5033: $? = 1
configure: failed program was:
| /* confdefs.h.  */
| 
| #define PACKAGE_NAME ""
| #define PACKAGE_TARNAME ""
| #define PACKAGE_VERSION ""
| #define PACKAGE_STRING ""
| #define PACKAGE_BUGREPORT ""
| #define PACKAGE "autoconf-lib-link"
| #define VERSION "0.14.5"
| #define STDC_HEADERS 1
| #define HAVE_SYS_TYPES_H 1
| #define HAVE_SYS_STAT_H 1
| #define HAVE_STDLIB_H 1
| #define HAVE_STRING_H 1
| #define HAVE_MEMORY_H 1
| #define HAVE_STRINGS_H 1
| #define HAVE_INTTYPES_H 1
| #define HAVE_STDINT_H 1
| #define HAVE_UNISTD_H 1
| #define HAVE_DLFCN_H 1
| /* end confdefs.h.  */
| extern "C" void std::exit (int); using std::exit;
| #include <stdlib.h>
| int
| main ()
| {
| exit (42);
|   ;
|   return 0;
| }
configure:5027: mipsel-linux-g++ -c -g -O2  conftest.cc >&5
configure:5033: $? = 0
configure:5037: test -z 
			 || test ! -s conftest.err
configure:5040: $? = 0
configure:5043: test -s conftest.o
configure:5046: $? = 0
configure:5072: mipsel-linux-g++ -c -g -O2  conftest.cc >&5
configure:5078: $? = 0
configure:5082: test -z 
			 || test ! -s conftest.err
configure:5085: $? = 0
configure:5088: test -s conftest.o
configure:5091: $? = 0
configure:5116: checking dependency style of mipsel-linux-g++
configure:5206: result: none
configure:5233: checking how to run the C++ preprocessor
configure:5264: mipsel-linux-g++ -E  conftest.cc
configure:5270: $? = 0
configure:5302: mipsel-linux-g++ -E  conftest.cc
conftest.cc:25:28: error: ac_nonexistent.h: No such file or directory
configure:5308: $? = 1
configure: failed program was:
| /* confdefs.h.  */
| 
| #define PACKAGE_NAME ""
| #define PACKAGE_TARNAME ""
| #define PACKAGE_VERSION ""
| #define PACKAGE_STRING ""
| #define PACKAGE_BUGREPORT ""
| #define PACKAGE "autoconf-lib-link"
| #define VERSION "0.14.5"
| #define STDC_HEADERS 1
| #define HAVE_SYS_TYPES_H 1
| #define HAVE_SYS_STAT_H 1
| #define HAVE_STDLIB_H 1
| #define HAVE_STRING_H 1
| #define HAVE_MEMORY_H 1
| #define HAVE_STRINGS_H 1
| #define HAVE_INTTYPES_H 1
| #define HAVE_STDINT_H 1
| #define HAVE_UNISTD_H 1
| #define HAVE_DLFCN_H 1
| #ifdef __cplusplus
| extern "C" void exit (int) throw ();
| #endif
| /* end confdefs.h.  */
| #include <ac_nonexistent.h>
configure:5347: result: mipsel-linux-g++ -E
configure:5371: mipsel-linux-g++ -E  conftest.cc
configure:5377: $? = 0
configure:5409: mipsel-linux-g++ -E  conftest.cc
conftest.cc:25:28: error: ac_nonexistent.h: No such file or directory
configure:5415: $? = 1
configure: failed program was:
| /* confdefs.h.  */
| 
| #define PACKAGE_NAME ""
| #define PACKAGE_TARNAME ""
| #define PACKAGE_VERSION ""
| #define PACKAGE_STRING ""
| #define PACKAGE_BUGREPORT ""
| #define PACKAGE "autoconf-lib-link"
| #define VERSION "0.14.5"
| #define STDC_HEADERS 1
| #define HAVE_SYS_TYPES_H 1
| #define HAVE_SYS_STAT_H 1
| #define HAVE_STDLIB_H 1
| #define HAVE_STRING_H 1
| #define HAVE_MEMORY_H 1
| #define HAVE_STRINGS_H 1
| #define HAVE_INTTYPES_H 1
| #define HAVE_STDINT_H 1
| #define HAVE_UNISTD_H 1
| #define HAVE_DLFCN_H 1
| #ifdef __cplusplus
| extern "C" void exit (int) throw ();
| #endif
| /* end confdefs.h.  */
| #include <ac_nonexistent.h>
configure:5470: checking for mipsel-linux-g77
configure:5499: result: no
configure:5470: checking for mipsel-linux-f77
configure:5499: result: no
configure:5470: checking for mipsel-linux-xlf
configure:5499: result: no
configure:5470: checking for mipsel-linux-frt
configure:5499: result: no
configure:5470: checking for mipsel-linux-pgf77
configure:5499: result: no
configure:5470: checking for mipsel-linux-fort77
configure:5499: result: no
configure:5470: checking for mipsel-linux-fl32
configure:5499: result: no
configure:5470: checking for mipsel-linux-af77
configure:5499: result: no
configure:5470: checking for mipsel-linux-f90
configure:5499: result: no
configure:5470: checking for mipsel-linux-xlf90
configure:5499: result: no
configure:5470: checking for mipsel-linux-pgf90
configure:5499: result: no
configure:5470: checking for mipsel-linux-epcf90
configure:5499: result: no
configure:5470: checking for mipsel-linux-f95
configure:5499: result: no
configure:5470: checking for mipsel-linux-fort
configure:5499: result: no
configure:5470: checking for mipsel-linux-xlf95
configure:5499: result: no
configure:5470: checking for mipsel-linux-ifc
configure:5499: result: no
configure:5470: checking for mipsel-linux-efc
configure:5499: result: no
configure:5470: checking for mipsel-linux-pgf95
configure:5499: result: no
configure:5470: checking for mipsel-linux-lf95
configure:5499: result: no
configure:5470: checking for mipsel-linux-gfortran
configure:5499: result: no
configure:5512: checking for g77
configure:5541: result: no
configure:5512: checking for f77
configure:5541: result: no
configure:5512: checking for xlf
configure:5541: result: no
configure:5512: checking for frt
configure:5541: result: no
configure:5512: checking for pgf77
configure:5541: result: no
configure:5512: checking for fort77
configure:5541: result: no
configure:5512: checking for fl32
configure:5541: result: no
configure:5512: checking for af77
configure:5541: result: no
configure:5512: checking for f90
configure:5541: result: no
configure:5512: checking for xlf90
configure:5541: result: no
configure:5512: checking for pgf90
configure:5541: result: no
configure:5512: checking for epcf90
configure:5541: result: no
configure:5512: checking for f95
configure:5541: result: no
configure:5512: checking for fort
configure:5541: result: no
configure:5512: checking for xlf95
configure:5541: result: no
configure:5512: checking for ifc
configure:5541: result: no
configure:5512: checking for efc
configure:5541: result: no
configure:5512: checking for pgf95
configure:5541: result: no
configure:5512: checking for lf95
configure:5541: result: no
configure:5512: checking for gfortran
configure:5541: result: no
configure:5553: checking for Fortran 77 compiler version
configure:5556:  --version </dev/null >&5
./configure: line 5557: --version: command not found
configure:5559: $? = 127
configure:5561:  -v </dev/null >&5
./configure: line 5562: -v: command not found
configure:5564: $? = 127
configure:5566:  -V </dev/null >&5
./configure: line 5567: -V: command not found
configure:5569: $? = 127
configure:5577: checking whether we are using the GNU Fortran 77 compiler
configure:5591:  -c  conftest.F >&5
./configure: line 5592: -c: command not found
configure:5597: $? = 127
configure: failed program was:
|       program main
| #ifndef __GNUC__
|        choke me
| #endif
| 
|       end
configure:5623: result: no
configure:5629: checking whether  accepts -g
configure:5641:  -c -g conftest.f >&5
./configure: line 5642: -c: command not found
configure:5647: $? = 127
configure: failed program was:
|       program main
| 
|       end
configure:5672: result: no
configure:5702: checking the maximum length of command line arguments
configure:5793: result: 32768
configure:5804: checking command to parse mipsel-uclibc-nm output from mipsel-uclibc-gcc object
configure:5900: mipsel-uclibc-gcc -c -Os -Wall -DLINUX26 -DCONFIG_BCMWL5 -pipe -DBCMWPA2 -funit-at-a-time -Wno-pointer-sign -mtune=mips32 -mips32 -DCONFIG_NVRAM_SIZE=60 -ffunction-sections -fdata-sections  conftest.c >&5
configure:5903: $? = 0
configure:5907: mipsel-uclibc-nm conftest.o \| sed -n -e 's/^.*[ 	]\([ABCDGIRSTW][ABCDGIRSTW]*\)[ 	][ 	]*\([_A-Za-z][_A-Za-z0-9]*\)$/\1 \2 \2/p' \> conftest.nm
configure:5910: $? = 0
configure:5962: mipsel-uclibc-gcc -o conftest -Os -Wall -DLINUX26 -DCONFIG_BCMWL5 -pipe -DBCMWPA2 -funit-at-a-time -Wno-pointer-sign -mtune=mips32 -mips32 -DCONFIG_NVRAM_SIZE=60 -ffunction-sections -fdata-sections  -ffunction-sections -fdata-sections -Wl,--gc-sections -fPIC conftest.c conftstm.o >&5
configure:5965: $? = 0
configure:6003: result: ok
configure:6007: checking for objdir
configure:6022: result: .libs
configure:6074: checking for mipsel-linux-ar
configure:6100: result: mipsel-uclibc-ar
configure:6154: checking for mipsel-linux-ranlib
configure:6180: result: mipsel-uclibc-ranlib
configure:6234: checking for mipsel-linux-strip
configure:6260: result: mipsel-uclibc-strip -R .note -R .comment
configure:6563: checking if mipsel-uclibc-gcc static flag  works
configure:6586: result: yes
configure:6608: checking if mipsel-uclibc-gcc supports -fno-rtti -fno-exceptions
configure:6626: mipsel-uclibc-gcc -c -Os -Wall -DLINUX26 -DCONFIG_BCMWL5 -pipe -DBCMWPA2 -funit-at-a-time -Wno-pointer-sign -mtune=mips32 -mips32 -DCONFIG_NVRAM_SIZE=60 -ffunction-sections -fdata-sections  -fno-rtti -fno-exceptions conftest.c >&5
cc1: warning: command line option "-fno-rtti" is valid for C++/ObjC++ but not for C
configure:6630: $? = 0
configure:6641: result: no
configure:6656: checking for mipsel-uclibc-gcc option to produce PIC
configure:6858: result: -fPIC
configure:6866: checking if mipsel-uclibc-gcc PIC flag -fPIC works
configure:6884: mipsel-uclibc-gcc -c -Os -Wall -DLINUX26 -DCONFIG_BCMWL5 -pipe -DBCMWPA2 -funit-at-a-time -Wno-pointer-sign -mtune=mips32 -mips32 -DCONFIG_NVRAM_SIZE=60 -ffunction-sections -fdata-sections  -fPIC -DPIC conftest.c >&5
configure:6888: $? = 0
configure:6899: result: yes
configure:6923: checking if mipsel-uclibc-gcc supports -c -o file.o
configure:6944: mipsel-uclibc-gcc -c -Os -Wall -DLINUX26 -DCONFIG_BCMWL5 -pipe -DBCMWPA2 -funit-at-a-time -Wno-pointer-sign -mtune=mips32 -mips32 -DCONFIG_NVRAM_SIZE=60 -ffunction-sections -fdata-sections  -o out/conftest2.o conftest.c >&5
configure:6948: $? = 0
configure:6968: result: yes
configure:6994: checking whether the mipsel-uclibc-gcc linker (mipsel-uclibc-ld) supports shared libraries
configure:7856: result: yes
configure:7882: checking whether -lc should be explicitly linked in
configure:7887: mipsel-uclibc-gcc -c -Os -Wall -DLINUX26 -DCONFIG_BCMWL5 -pipe -DBCMWPA2 -funit-at-a-time -Wno-pointer-sign -mtune=mips32 -mips32 -DCONFIG_NVRAM_SIZE=60 -ffunction-sections -fdata-sections  conftest.c >&5
configure:7890: $? = 0
configure:7904: mipsel-uclibc-gcc -shared conftest.o  -v -Wl,-soname -Wl,conftest -o conftest 2\>\&1 \| grep  -lc  \>/dev/null 2\>\&1
configure:7907: $? = 0
configure:7919: result: no
configure:7927: checking dynamic linker characteristics
configure:8469: result: GNU/Linux ld.so
configure:8473: checking how to hardcode library paths into programs
configure:8498: result: immediate
configure:8512: checking whether stripping libraries is possible
configure:8517: result: yes
configure:9347: checking if libtool supports shared libraries
configure:9349: result: yes
configure:9352: checking whether to build shared libraries
configure:9373: result: yes
configure:9376: checking whether to build static libraries
configure:9380: result: yes
configure:9472: creating libtool
configure:10028: checking for ld used by mipsel-linux-g++
configure:10095: result: mipsel-uclibc-ld
configure:10104: checking if the linker (mipsel-uclibc-ld) is GNU ld
configure:10119: result: yes
configure:10170: checking whether the mipsel-linux-g++ linker (mipsel-uclibc-ld) supports shared libraries
configure:11052: result: yes
configure:11074: mipsel-linux-g++ -c -g -O2  conftest.cc >&5
configure:11077: $? = 0
configure:11173: checking for mipsel-linux-g++ option to produce PIC
configure:11441: result: -fPIC
configure:11449: checking if mipsel-linux-g++ PIC flag -fPIC works
configure:11467: mipsel-linux-g++ -c -g -O2  -fPIC -DPIC conftest.cc >&5
configure:11471: $? = 0
configure:11482: result: yes
configure:11506: checking if mipsel-linux-g++ supports -c -o file.o
configure:11527: mipsel-linux-g++ -c -g -O2  -o out/conftest2.o conftest.cc >&5
configure:11531: $? = 0
configure:11551: result: yes
configure:11577: checking whether the mipsel-linux-g++ linker (mipsel-uclibc-ld) supports shared libraries
configure:11602: result: yes
configure:11673: checking dynamic linker characteristics
configure:12215: result: GNU/Linux ld.so
configure:12219: checking how to hardcode library paths into programs
configure:12244: result: immediate
configure:12258: checking whether stripping libraries is possible
configure:12263: result: yes
configure:19776: creating ./config.status

## ---------------------- ##
## Running config.status. ##
## ---------------------- ##

This file was extended by config.status, which was
generated by GNU Autoconf 2.59.  Invocation command line was

  CONFIG_FILES    = 
  CONFIG_HEADERS  = 
  CONFIG_LINKS    = 
  CONFIG_COMMANDS = 
  $ ./config.status 

on archeo

config.status:718: creating Makefile
config.status:718: creating m4/Makefile
config.status:718: creating tests/Makefile
config.status:908: executing depfiles commands

## ---------------- ##
## Cache variables. ##
## ---------------- ##

ac_cv_build=x86_64-pc-linux-gnu
ac_cv_build_alias=x86_64-linux-gnu
ac_cv_c_compiler_gnu=yes
ac_cv_cxx_compiler_gnu=yes
ac_cv_env_CC_set=set
ac_cv_env_CC_value=mipsel-uclibc-gcc
ac_cv_env_CFLAGS_set=set
ac_cv_env_CFLAGS_value='-Os -Wall -DLINUX26 -DCONFIG_BCMWL5 -pipe -DBCMWPA2 -funit-at-a-time -Wno-pointer-sign -mtune=mips32 -mips32 -DCONFIG_NVRAM_SIZE=60 -ffunction-sections -fdata-sections'
ac_cv_env_CPPFLAGS_set=
ac_cv_env_CPPFLAGS_value=
ac_cv_env_CPP_set=
ac_cv_env_CPP_value=
ac_cv_env_CXXCPP_set=
ac_cv_env_CXXCPP_value=
ac_cv_env_CXXFLAGS_set=
ac_cv_env_CXXFLAGS_value=
ac_cv_env_CXX_set=
ac_cv_env_CXX_value=
ac_cv_env_F77_set=
ac_cv_env_F77_value=
ac_cv_env_FFLAGS_set=
ac_cv_env_FFLAGS_value=
ac_cv_env_LDFLAGS_set=set
ac_cv_env_LDFLAGS_value='-ffunction-sections -fdata-sections -Wl,--gc-sections -fPIC'
ac_cv_env_build_alias_set=set
ac_cv_env_build_alias_value=x86_64-linux-gnu
ac_cv_env_host_alias_set=set
ac_cv_env_host_alias_value=mipsel-linux
ac_cv_env_target_alias_set=
ac_cv_env_target_alias_value=
ac_cv_exeext=
ac_cv_f77_compiler_gnu=no
ac_cv_header_dlfcn_h=yes
ac_cv_header_inttypes_h=yes
ac_cv_header_memory_h=yes
ac_cv_header_stdc=yes
ac_cv_header_stdint_h=yes
ac_cv_header_stdlib_h=yes
ac_cv_header_string_h=yes
ac_cv_header_strings_h=yes
ac_cv_header_sys_stat_h=yes
ac_cv_header_sys_types_h=yes
ac_cv_header_unistd_h=yes
ac_cv_host=mipsel-unknown-linux-gnu
ac_cv_host_alias=mipsel-linux
ac_cv_objext=o
ac_cv_path_install='/usr/bin/install -c'
ac_cv_prog_AR=mipsel-uclibc-ar
ac_cv_prog_AWK=gawk
ac_cv_prog_CC=mipsel-uclibc-gcc
ac_cv_prog_CPP='mipsel-uclibc-gcc -E'
ac_cv_prog_CXX=mipsel-linux-g++
ac_cv_prog_CXXCPP='mipsel-linux-g++ -E'
ac_cv_prog_RANLIB=mipsel-uclibc-ranlib
ac_cv_prog_STRIP='mipsel-uclibc-strip -R .note -R .comment'
ac_cv_prog_cc_g=yes
ac_cv_prog_cc_stdc=
ac_cv_prog_cxx_g=yes
ac_cv_prog_egrep='grep -E'
ac_cv_prog_f77_g=no
ac_cv_prog_make_make_set=yes
am_cv_CC_dependencies_compiler_type=none
am_cv_CXX_dependencies_compiler_type=none
lt_cv_deplibs_check_method=pass_all
lt_cv_file_magic_cmd='$MAGIC_CMD'
lt_cv_file_magic_test_file=
lt_cv_ld_reload_flag=-r
lt_cv_objdir=.libs
lt_cv_path_LD=mipsel-uclibc-ld
lt_cv_path_LDCXX=mipsel-uclibc-ld
lt_cv_path_NM=mipsel-uclibc-nm
lt_cv_path_SED=/bin/sed
lt_cv_prog_compiler_c_o=yes
lt_cv_prog_compiler_c_o_CXX=yes
lt_cv_prog_compiler_rtti_exceptions=no
lt_cv_prog_gnu_ld=yes
lt_cv_prog_gnu_ldcxx=yes
lt_cv_sys_global_symbol_pipe='sed -n -e '\''s/^.*[ 	]\([ABCDGIRSTW][ABCDGIRSTW]*\)[ 	][ 	]*\([_A-Za-z][_A-Za-z0-9]*\)$/\1 \2 \2/p'\'''
lt_cv_sys_global_symbol_to_c_name_address='sed -n -e '\''s/^: \([^ ]*\) $/  {\"\1\", (lt_ptr) 0},/p'\'' -e '\''s/^[BCDEGRST] \([^ ]*\) \([^ ]*\)$/  {"\2", (lt_ptr) \&\2},/p'\'''
lt_cv_sys_global_symbol_to_cdecl='sed -n -e '\''s/^. .* \(.*\)$/extern int \1;/p'\'''
lt_cv_sys_max_cmd_len=32768
lt_lt_cv_prog_compiler_c_o='"yes"'
lt_lt_cv_prog_compiler_c_o_CXX='"yes"'
lt_lt_cv_sys_global_symbol_pipe='"sed -n -e '\''s/^.*[ 	]\\([ABCDGIRSTW][ABCDGIRSTW]*\\)[ 	][ 	]*\\([_A-Za-z][_A-Za-z0-9]*\\)\$/\\1 \\2 \\2/p'\''"'
lt_lt_cv_sys_global_symbol_to_c_name_address='"sed -n -e '\''s/^: \\([^ ]*\\) \$/  {\\\"\\1\\\", (lt_ptr) 0},/p'\'' -e '\''s/^[BCDEGRST] \\([^ ]*\\) \\([^ ]*\\)\$/  {\"\\2\", (lt_ptr) \\&\\2},/p'\''"'
lt_lt_cv_sys_global_symbol_to_cdecl='"sed -n -e '\''s/^. .* \\(.*\\)\$/extern int \\1;/p'\''"'

## ----------------- ##
## Output variables. ##
## ----------------- ##

ACLOCAL='${SHELL} /root/openwrt/tomato2.31/src/router/gettext/build-aux/missing --run aclocal-1.9'
AMDEPBACKSLASH='\'
AMDEP_FALSE='#'
AMDEP_TRUE=''
AMTAR='${SHELL} /root/openwrt/tomato2.31/src/router/gettext/build-aux/missing --run tar'
AR='mipsel-uclibc-ar'
AS='mipsel-uclibc-as'
AUTOCONF='${SHELL} /root/openwrt/tomato2.31/src/router/gettext/build-aux/missing --run autoconf'
AUTOHEADER='${SHELL} /root/openwrt/tomato2.31/src/router/gettext/build-aux/missing --run autoheader'
AUTOMAKE='${SHELL} /root/openwrt/tomato2.31/src/router/gettext/build-aux/missing --run automake-1.9'
AWK='gawk'
CC='mipsel-uclibc-gcc'
CCDEPMODE='depmode=none'
CFLAGS='-Os -Wall -DLINUX26 -DCONFIG_BCMWL5 -pipe -DBCMWPA2 -funit-at-a-time -Wno-pointer-sign -mtune=mips32 -mips32 -DCONFIG_NVRAM_SIZE=60 -ffunction-sections -fdata-sections'
CPP='mipsel-uclibc-gcc -E'
CPPFLAGS=''
CXX='mipsel-linux-g++'
CXXCPP='mipsel-linux-g++ -E'
CXXDEPMODE='depmode=none'
CXXFLAGS='-g -O2'
CYGPATH_W='echo'
DEFS='-DPACKAGE_NAME=\"\" -DPACKAGE_TARNAME=\"\" -DPACKAGE_VERSION=\"\" -DPACKAGE_STRING=\"\" -DPACKAGE_BUGREPORT=\"\" -DPACKAGE=\"autoconf-lib-link\" -DVERSION=\"0.14.5\" -DSTDC_HEADERS=1 -DHAVE_SYS_TYPES_H=1 -DHAVE_SYS_STAT_H=1 -DHAVE_STDLIB_H=1 -DHAVE_STRING_H=1 -DHAVE_MEMORY_H=1 -DHAVE_STRINGS_H=1 -DHAVE_INTTYPES_H=1 -DHAVE_STDINT_H=1 -DHAVE_UNISTD_H=1 -DHAVE_DLFCN_H=1 '
DEPDIR='.deps'
DLLTOOL='dlltool'
ECHO='echo'
ECHO_C=''
ECHO_N='-n'
ECHO_T=''
EGREP='grep -E'
EXEEXT=''
F77=''
FFLAGS=''
GCC='yes'
INSTALL_DATA='${INSTALL} -m 644'
INSTALL_PROGRAM='${INSTALL}'
INSTALL_SCRIPT='${INSTALL}'
INSTALL_STRIP_PROGRAM='${SHELL} $(install_sh) -c -s'
LD='mipsel-uclibc-ld'
LDFLAGS='-ffunction-sections -fdata-sections -Wl,--gc-sections -fPIC'
LIBOBJS=''
LIBS=''
LIBTOOL='$(SHELL) $(top_builddir)/libtool'
LN_S='ln -s'
LTLIBOBJS=''
MAKEINFO='${SHELL} /root/openwrt/tomato2.31/src/router/gettext/build-aux/missing --run makeinfo'
OBJDUMP='objdump'
OBJEXT='o'
PACKAGE='autoconf-lib-link'
PACKAGE_BUGREPORT=''
PACKAGE_NAME=''
PACKAGE_STRING=''
PACKAGE_TARNAME=''
PACKAGE_VERSION=''
PATH_SEPARATOR=':'
RANLIB='mipsel-uclibc-ranlib'
SET_MAKE=''
SHELL='/bin/sh'
STRIP='mipsel-uclibc-strip -R .note -R .comment'
VERSION='0.14.5'
ac_ct_AR=''
ac_ct_AS=''
ac_ct_CC=''
ac_ct_CXX=''
ac_ct_DLLTOOL=''
ac_ct_F77=''
ac_ct_OBJDUMP=''
ac_ct_RANLIB=''
ac_ct_STRIP=''
aclocaldir='${datadir}/aclocal'
am__fastdepCC_FALSE=''
am__fastdepCC_TRUE='#'
am__fastdepCXX_FALSE=''
am__fastdepCXX_TRUE='#'
am__include='include'
am__leading_dot='.'
am__quote=''
am__tar='${AMTAR} chof - "$$tardir"'
am__untar='${AMTAR} xf -'
bindir='${exec_prefix}/bin'
build='x86_64-pc-linux-gnu'
build_alias='x86_64-linux-gnu'
build_cpu='x86_64'
build_os='linux-gnu'
build_vendor='pc'
datadir='${prefix}/share'
exec_prefix='${prefix}'
host='mipsel-unknown-linux-gnu'
host_alias='mipsel-linux'
host_cpu='mipsel'
host_os='linux-gnu'
host_vendor='unknown'
includedir='${prefix}/include'
infodir='${prefix}/info'
install_sh='/root/openwrt/tomato2.31/src/router/gettext/build-aux/install-sh'
libdir='${exec_prefix}/lib'
libexecdir='${exec_prefix}/libexec'
localstatedir='${prefix}/var'
mandir='${prefix}/man'
mkdir_p='mkdir -p --'
oldincludedir='/usr/include'
prefix='/usr/local'
program_transform_name='s,x,x,'
sbindir='${exec_prefix}/sbin'
sharedstatedir='${prefix}/com'
sysconfdir='${prefix}/etc'
target_alias=''
with_gnu_ld='yes'

## ----------- ##
## confdefs.h. ##
## ----------- ##

#define HAVE_DLFCN_H 1
#define HAVE_INTTYPES_H 1
#define HAVE_MEMORY_H 1
#define HAVE_STDINT_H 1
#define HAVE_STDLIB_H 1
#define HAVE_STRINGS_H 1
#define HAVE_STRING_H 1
#define HAVE_SYS_STAT_H 1
#define HAVE_SYS_TYPES_H 1
#define HAVE_UNISTD_H 1
#define PACKAGE "autoconf-lib-link"
#define PACKAGE_BUGREPORT ""
#define PACKAGE_NAME ""
#define PACKAGE_STRING ""
#define PACKAGE_TARNAME ""
#define PACKAGE_VERSION ""
#define STDC_HEADERS 1
#define VERSION "0.14.5"
#endif
#ifdef __cplusplus
extern "C" void exit (int) throw ();

configure: exit 0
