This file contains any messages produced by compilers while
running configure, to aid debugging if configure makes a mistake.

It was created by PCRE configure 8.32, which was
generated by GNU Autoconf 2.68.  Invocation command line was

  $ ./configure --host=mipsel-linux --build=x86_64-linux-gnu --prefix=/usr --disable-dependency-tracking --enable-utf8 --enable-unicode-properties --disable-cpp

## --------- ##
## Platform. ##
## --------- ##

hostname = vicente-K53SJ
uname -m = x86_64
uname -r = 3.8.0-32-generic
uname -s = Linux
uname -v = #47-Ubuntu SMP Tue Oct 1 22:35:23 UTC 2013

/usr/bin/uname -p = unknown
/bin/uname -X     = unknown

/bin/arch              = unknown
/usr/bin/arch -k       = unknown
/usr/convex/getsysinfo = unknown
/usr/bin/hostinfo      = unknown
/bin/machine           = unknown
/usr/bin/oslevel       = unknown
/bin/universe          = unknown

PATH: /home/vicente/tomato/release/tools
PATH: /home/vicente/tomato/release/tools
PATH: /home/vicente/tomato/release/tools
PATH: /home/vicente/tomato/release/tools
PATH: /opt/brcm/hndtools-mipsel-uclibc/bin
PATH: /opt/brcm/hndtools-mipsel-linux/bin
PATH: /usr/lib/lightdm/lightdm
PATH: /usr/local/sbin
PATH: /usr/local/bin
PATH: /usr/sbin
PATH: /usr/bin
PATH: /sbin
PATH: /bin
PATH: /usr/games
PATH: /usr/local/games
PATH: /opt/brcm/hndtools-mipsel-linux/bin
PATH: /opt/brcm/hndtools-mipsel-uclibc/bin
PATH: /opt/brcm/hndtools-mipsel-linux/bin
PATH: /opt/brcm/hndtools-mipsel-uclibc/bin


## ----------- ##
## Core tests. ##
## ----------- ##

configure:2783: checking for a BSD-compatible install
configure:2851: result: /usr/bin/install -c
configure:2862: checking whether build environment is sane
configure:2912: result: yes
configure:2961: checking for mipsel-linux-strip
configure:2988: result: mipsel-uclibc-strip -R .note -R .comment
configure:3053: checking for a thread-safe mkdir -p
configure:3092: result: /bin/mkdir -p
configure:3105: checking for gawk
configure:3121: found /usr/bin/gawk
configure:3132: result: gawk
configure:3143: checking whether make sets $(MAKE)
configure:3165: result: yes
configure:3256: checking whether make supports nested variables
configure:3273: result: yes
configure:3311: checking for mipsel-linux-gcc
configure:3338: result: mipsel-uclibc-gcc
configure:3607: checking for C compiler version
configure:3616: mipsel-uclibc-gcc --version >&5
mipsel-uclibc-gcc (GCC) 4.2.4
Copyright (C) 2007 Free Software Foundation, Inc.
This is free software; see the source for copying conditions.  There is NO
warranty; not even for MERCHANTABILITY or FITNESS FOR A PARTICULAR PURPOSE.

configure:3627: $? = 0
configure:3616: mipsel-uclibc-gcc -v >&5
Using built-in specs.
Target: mipsel-linux-uclibc
Configured with: /home/fedork/tomato/toolchain/build_dir/toolchain-mipsel_gcc4.2.4/gcc-4.2.4/configure --prefix=/opt/brcm/hndtools-mipsel-uclibc-4.2.4 --build=i486-linux-gnu --host=i486-linux-gnu --target=mipsel-linux-uclibc --with-gnu-ld --enable-target-optspace --disable-libgomp --disable-libmudflap --disable-multilib --disable-nls --disable-__cxa_atexit --enable-libssp --enable-languages=c,c++ --enable-shared --enable-threads --enable-tls
Thread model: posix
gcc version 4.2.4
configure:3627: $? = 0
configure:3616: mipsel-uclibc-gcc -V >&5
mipsel-uclibc-gcc: '-V' option must have argument
configure:3627: $? = 1
configure:3616: mipsel-uclibc-gcc -qversion >&5
mipsel-uclibc-gcc: unrecognized option '-qversion'
mipsel-uclibc-gcc: no input files
configure:3627: $? = 1
configure:3647: checking whether the C compiler works
configure:3669: mipsel-uclibc-gcc -Os -Wall -DLINUX26 -DCONFIG_BCMWL5 -pipe -DBCMWPA2 -funit-at-a-time -Wno-pointer-sign -mtune=mips32r2 -mips32r2     conftest.c  >&5
configure:3673: $? = 0
configure:3721: result: yes
configure:3724: checking for C compiler default output file name
configure:3726: result: a.out
configure:3732: checking for suffix of executables
configure:3739: mipsel-uclibc-gcc -o conftest -Os -Wall -DLINUX26 -DCONFIG_BCMWL5 -pipe -DBCMWPA2 -funit-at-a-time -Wno-pointer-sign -mtune=mips32r2 -mips32r2     conftest.c  >&5
configure:3743: $? = 0
configure:3765: result: 
configure:3787: checking whether we are cross compiling
configure:3825: result: yes
configure:3830: checking for suffix of object files
configure:3852: mipsel-uclibc-gcc -c -Os -Wall -DLINUX26 -DCONFIG_BCMWL5 -pipe -DBCMWPA2 -funit-at-a-time -Wno-pointer-sign -mtune=mips32r2 -mips32r2    conftest.c >&5
configure:3856: $? = 0
configure:3877: result: o
configure:3881: checking whether we are using the GNU C compiler
configure:3900: mipsel-uclibc-gcc -c -Os -Wall -DLINUX26 -DCONFIG_BCMWL5 -pipe -DBCMWPA2 -funit-at-a-time -Wno-pointer-sign -mtune=mips32r2 -mips32r2    conftest.c >&5
configure:3900: $? = 0
configure:3909: result: yes
configure:3918: checking whether mipsel-uclibc-gcc accepts -g
configure:3938: mipsel-uclibc-gcc -c -g  conftest.c >&5
configure:3938: $? = 0
configure:3979: result: yes
configure:3996: checking for mipsel-uclibc-gcc option to accept ISO C89
configure:4060: mipsel-uclibc-gcc  -c -Os -Wall -DLINUX26 -DCONFIG_BCMWL5 -pipe -DBCMWPA2 -funit-at-a-time -Wno-pointer-sign -mtune=mips32r2 -mips32r2    conftest.c >&5
configure:4060: $? = 0
configure:4073: result: none needed
configure:4104: checking for style of include used by make
configure:4132: result: GNU
configure:4158: checking dependency style of mipsel-uclibc-gcc
configure:4269: result: none
configure:4396: checking for C++ compiler version
configure:4405: mipsel-uclibc-g++ --version >&5
mipsel-uclibc-g++ (GCC) 4.2.4
Copyright (C) 2007 Free Software Foundation, Inc.
This is free software; see the source for copying conditions.  There is NO
warranty; not even for MERCHANTABILITY or FITNESS FOR A PARTICULAR PURPOSE.

configure:4416: $? = 0
configure:4405: mipsel-uclibc-g++ -v >&5
Using built-in specs.
Target: mipsel-linux-uclibc
Configured with: /home/fedork/tomato/toolchain/build_dir/toolchain-mipsel_gcc4.2.4/gcc-4.2.4/configure --prefix=/opt/brcm/hndtools-mipsel-uclibc-4.2.4 --build=i486-linux-gnu --host=i486-linux-gnu --target=mipsel-linux-uclibc --with-gnu-ld --enable-target-optspace --disable-libgomp --disable-libmudflap --disable-multilib --disable-nls --disable-__cxa_atexit --enable-libssp --enable-languages=c,c++ --enable-shared --enable-threads --enable-tls
Thread model: posix
gcc version 4.2.4
configure:4416: $? = 0
configure:4405: mipsel-uclibc-g++ -V >&5
mipsel-uclibc-g++: '-V' option must have argument
configure:4416: $? = 1
configure:4405: mipsel-uclibc-g++ -qversion >&5
mipsel-uclibc-g++: unrecognized option '-qversion'
mipsel-uclibc-g++: no input files
configure:4416: $? = 1
configure:4420: checking whether we are using the GNU C++ compiler
configure:4439: mipsel-uclibc-g++ -c   conftest.cpp >&5
configure:4439: $? = 0
configure:4448: result: yes
configure:4457: checking whether mipsel-uclibc-g++ accepts -g
configure:4477: mipsel-uclibc-g++ -c -g  conftest.cpp >&5
configure:4477: $? = 0
configure:4518: result: yes
configure:4543: checking dependency style of mipsel-uclibc-g++
configure:4654: result: none
configure:4670: checking whether mipsel-uclibc-gcc and cc understand -c and -o together
configure:4701: mipsel-uclibc-gcc -c conftest.c -o conftest2.o >&5
configure:4705: $? = 0
configure:4711: mipsel-uclibc-gcc -c conftest.c -o conftest2.o >&5
configure:4715: $? = 0
configure:4726: cc -c conftest.c >&5
configure:4730: $? = 0
configure:4738: cc -c conftest.c -o conftest2.o >&5
configure:4742: $? = 0
configure:4748: cc -c conftest.c -o conftest2.o >&5
configure:4752: $? = 0
configure:4770: result: yes
configure:4838: mipsel-uclibc-g++ -c -O2  conftest.cpp >&5
configure:4838: $? = 0
configure:4858: checking how to run the C preprocessor
configure:4889: mipsel-uclibc-gcc -E  conftest.c
configure:4889: $? = 0
configure:4903: mipsel-uclibc-gcc -E  conftest.c
conftest.c:11:28: error: ac_nonexistent.h: No such file or directory
configure:4903: $? = 1
configure: failed program was:
| /* confdefs.h */
| #define PACKAGE_NAME "PCRE"
| #define PACKAGE_TARNAME "pcre"
| #define PACKAGE_VERSION "8.32"
| #define PACKAGE_STRING "PCRE 8.32"
| #define PACKAGE_BUGREPORT ""
| #define PACKAGE_URL ""
| #define PACKAGE "pcre"
| #define VERSION "8.32"
| /* end confdefs.h.  */
| #include <ac_nonexistent.h>
configure:4928: result: mipsel-uclibc-gcc -E
configure:4948: mipsel-uclibc-gcc -E  conftest.c
configure:4948: $? = 0
configure:4962: mipsel-uclibc-gcc -E  conftest.c
conftest.c:11:28: error: ac_nonexistent.h: No such file or directory
configure:4962: $? = 1
configure: failed program was:
| /* confdefs.h */
| #define PACKAGE_NAME "PCRE"
| #define PACKAGE_TARNAME "pcre"
| #define PACKAGE_VERSION "8.32"
| #define PACKAGE_STRING "PCRE 8.32"
| #define PACKAGE_BUGREPORT ""
| #define PACKAGE_URL ""
| #define PACKAGE "pcre"
| #define VERSION "8.32"
| /* end confdefs.h.  */
| #include <ac_nonexistent.h>
configure:4991: checking for grep that handles long lines and -e
configure:5049: result: /bin/grep
configure:5054: checking for egrep
configure:5116: result: /bin/grep -E
configure:5121: checking for ANSI C header files
configure:5141: mipsel-uclibc-gcc -c -Os -Wall -DLINUX26 -DCONFIG_BCMWL5 -pipe -DBCMWPA2 -funit-at-a-time -Wno-pointer-sign -mtune=mips32r2 -mips32r2    conftest.c >&5
configure:5141: $? = 0
configure:5225: result: yes
configure:5238: checking for sys/types.h
configure:5238: mipsel-uclibc-gcc -c -Os -Wall -DLINUX26 -DCONFIG_BCMWL5 -pipe -DBCMWPA2 -funit-at-a-time -Wno-pointer-sign -mtune=mips32r2 -mips32r2    conftest.c >&5
configure:5238: $? = 0
configure:5238: result: yes
configure:5238: checking for sys/stat.h
configure:5238: mipsel-uclibc-gcc -c -Os -Wall -DLINUX26 -DCONFIG_BCMWL5 -pipe -DBCMWPA2 -funit-at-a-time -Wno-pointer-sign -mtune=mips32r2 -mips32r2    conftest.c >&5
configure:5238: $? = 0
configure:5238: result: yes
configure:5238: checking for stdlib.h
configure:5238: mipsel-uclibc-gcc -c -Os -Wall -DLINUX26 -DCONFIG_BCMWL5 -pipe -DBCMWPA2 -funit-at-a-time -Wno-pointer-sign -mtune=mips32r2 -mips32r2    conftest.c >&5
configure:5238: $? = 0
configure:5238: result: yes
configure:5238: checking for string.h
configure:5238: mipsel-uclibc-gcc -c -Os -Wall -DLINUX26 -DCONFIG_BCMWL5 -pipe -DBCMWPA2 -funit-at-a-time -Wno-pointer-sign -mtune=mips32r2 -mips32r2    conftest.c >&5
configure:5238: $? = 0
configure:5238: result: yes
configure:5238: checking for memory.h
configure:5238: mipsel-uclibc-gcc -c -Os -Wall -DLINUX26 -DCONFIG_BCMWL5 -pipe -DBCMWPA2 -funit-at-a-time -Wno-pointer-sign -mtune=mips32r2 -mips32r2    conftest.c >&5
configure:5238: $? = 0
configure:5238: result: yes
configure:5238: checking for strings.h
configure:5238: mipsel-uclibc-gcc -c -Os -Wall -DLINUX26 -DCONFIG_BCMWL5 -pipe -DBCMWPA2 -funit-at-a-time -Wno-pointer-sign -mtune=mips32r2 -mips32r2    conftest.c >&5
configure:5238: $? = 0
configure:5238: result: yes
configure:5238: checking for inttypes.h
configure:5238: mipsel-uclibc-gcc -c -Os -Wall -DLINUX26 -DCONFIG_BCMWL5 -pipe -DBCMWPA2 -funit-at-a-time -Wno-pointer-sign -mtune=mips32r2 -mips32r2    conftest.c >&5
configure:5238: $? = 0
configure:5238: result: yes
configure:5238: checking for stdint.h
configure:5238: mipsel-uclibc-gcc -c -Os -Wall -DLINUX26 -DCONFIG_BCMWL5 -pipe -DBCMWPA2 -funit-at-a-time -Wno-pointer-sign -mtune=mips32r2 -mips32r2    conftest.c >&5
configure:5238: $? = 0
configure:5238: result: yes
configure:5238: checking for unistd.h
configure:5238: mipsel-uclibc-gcc -c -Os -Wall -DLINUX26 -DCONFIG_BCMWL5 -pipe -DBCMWPA2 -funit-at-a-time -Wno-pointer-sign -mtune=mips32r2 -mips32r2    conftest.c >&5
configure:5238: $? = 0
configure:5238: result: yes
configure:5250: checking for int64_t
configure:5250: mipsel-uclibc-gcc -c -Os -Wall -DLINUX26 -DCONFIG_BCMWL5 -pipe -DBCMWPA2 -funit-at-a-time -Wno-pointer-sign -mtune=mips32r2 -mips32r2    conftest.c >&5
configure:5250: $? = 0
configure:5250: mipsel-uclibc-gcc -c -Os -Wall -DLINUX26 -DCONFIG_BCMWL5 -pipe -DBCMWPA2 -funit-at-a-time -Wno-pointer-sign -mtune=mips32r2 -mips32r2    conftest.c >&5
conftest.c: In function 'main':
conftest.c:59: warning: integer overflow in expression
conftest.c:59: error: size of array 'test_array' is negative
configure:5250: $? = 1
configure: failed program was:
| /* confdefs.h */
| #define PACKAGE_NAME "PCRE"
| #define PACKAGE_TARNAME "pcre"
| #define PACKAGE_VERSION "8.32"
| #define PACKAGE_STRING "PCRE 8.32"
| #define PACKAGE_BUGREPORT ""
| #define PACKAGE_URL ""
| #define PACKAGE "pcre"
| #define VERSION "8.32"
| #define STDC_HEADERS 1
| #define HAVE_SYS_TYPES_H 1
| #define HAVE_SYS_STAT_H 1
| #define HAVE_STDLIB_H 1
| #define HAVE_STRING_H 1
| #define HAVE_MEMORY_H 1
| #define HAVE_STRINGS_H 1
| #define HAVE_INTTYPES_H 1
| #define HAVE_STDINT_H 1
| #define HAVE_UNISTD_H 1
| /* end confdefs.h.  */
| #include <stdio.h>
| #ifdef HAVE_SYS_TYPES_H
| # include <sys/types.h>
| #endif
| #ifdef HAVE_SYS_STAT_H
| # include <sys/stat.h>
| #endif
| #ifdef STDC_HEADERS
| # include <stdlib.h>
| # include <stddef.h>
| #else
| # ifdef HAVE_STDLIB_H
| #  include <stdlib.h>
| # endif
| #endif
| #ifdef HAVE_STRING_H
| # if !defined STDC_HEADERS && defined HAVE_MEMORY_H
| #  include <memory.h>
| # endif
| # include <string.h>
| #endif
| #ifdef HAVE_STRINGS_H
| # include <strings.h>
| #endif
| #ifdef HAVE_INTTYPES_H
| # include <inttypes.h>
| #endif
| #ifdef HAVE_STDINT_H
| # include <stdint.h>
| #endif
| #ifdef HAVE_UNISTD_H
| # include <unistd.h>
| #endif
| 	        enum { N = 64 / 2 - 1 };
| int
| main ()
| {
| static int test_array [1 - 2 * !((int64_t) (((((int64_t) 1 << N) << N) - 1) * 2 + 1)
| 		 < (int64_t) (((((int64_t) 1 << N) << N) - 1) * 2 + 2))];
| test_array [0] = 0
| 
|   ;
|   return 0;
| }
configure:5250: result: yes
configure:5267: checking build system type
configure:5281: result: x86_64-pc-linux-gnu
configure:5301: checking host system type
configure:5314: result: mipsel-unknown-linux-gnu
configure:5683: checking how to print strings
configure:5710: result: printf
configure:5731: checking for a sed that does not truncate output
configure:5795: result: /bin/sed
configure:5813: checking for fgrep
configure:5875: result: /bin/grep -F
configure:5910: checking for ld used by mipsel-uclibc-gcc
configure:5977: result: mipsel-uclibc-ld
configure:5984: checking if the linker (mipsel-uclibc-ld) is GNU ld
configure:5999: result: yes
configure:6011: checking for BSD- or MS-compatible name lister (nm)
configure:6060: result: mipsel-uclibc-nm
configure:6190: checking the name lister (mipsel-uclibc-nm) interface
configure:6197: mipsel-uclibc-gcc -c -Os -Wall -DLINUX26 -DCONFIG_BCMWL5 -pipe -DBCMWPA2 -funit-at-a-time -Wno-pointer-sign -mtune=mips32r2 -mips32r2    conftest.c >&5
configure:6200: mipsel-uclibc-nm "conftest.o"
configure:6203: output
00000000 B some_variable
configure:6210: result: BSD nm
configure:6213: checking whether ln -s works
configure:6217: result: yes
configure:6225: checking the maximum length of command line arguments
configure:6350: result: 3458764513820540925
configure:6367: checking whether the shell understands some XSI constructs
configure:6377: result: yes
configure:6381: checking whether the shell understands "+="
configure:6387: result: yes
configure:6422: checking how to convert x86_64-pc-linux-gnu file names to mipsel-unknown-linux-gnu format
configure:6462: result: func_convert_file_noop
configure:6469: checking how to convert x86_64-pc-linux-gnu file names to toolchain format
configure:6489: result: func_convert_file_noop
configure:6496: checking for mipsel-uclibc-ld option to reload object files
configure:6503: result: -r
configure:6537: checking for mipsel-linux-objdump
configure:6564: result: objdump
configure:6633: checking how to recognize dependent libraries
configure:6835: result: pass_all
configure:6880: checking for mipsel-linux-dlltool
configure:6907: result: dlltool
configure:6977: checking how to associate runtime and link libraries
configure:7004: result: printf %s\n
configure:7020: checking for mipsel-linux-ar
configure:7047: result: mipsel-uclibc-ar
configure:7128: checking for archiver @FILE support
configure:7145: mipsel-uclibc-gcc -c -Os -Wall -DLINUX26 -DCONFIG_BCMWL5 -pipe -DBCMWPA2 -funit-at-a-time -Wno-pointer-sign -mtune=mips32r2 -mips32r2    conftest.c >&5
configure:7145: $? = 0
configure:7148: mipsel-uclibc-ar cru libconftest.a @conftest.lst >&5
configure:7151: $? = 0
configure:7156: mipsel-uclibc-ar cru libconftest.a @conftest.lst >&5
mipsel-uclibc-ar: conftest.o: No such file or directory
configure:7159: $? = 1
configure:7171: result: @
configure:7189: checking for mipsel-linux-strip
configure:7216: result: mipsel-uclibc-strip -R .note -R .comment
configure:7288: checking for mipsel-linux-ranlib
configure:7315: result: mipsel-uclibc-ranlib
configure:7457: checking command to parse mipsel-uclibc-nm output from mipsel-uclibc-gcc object
configure:7576: mipsel-uclibc-gcc -c -Os -Wall -DLINUX26 -DCONFIG_BCMWL5 -pipe -DBCMWPA2 -funit-at-a-time -Wno-pointer-sign -mtune=mips32r2 -mips32r2    conftest.c >&5
configure:7579: $? = 0
configure:7583: mipsel-uclibc-nm conftest.o \| sed -n -e 's/^.*[ ]\([ABCDGIRSTW][ABCDGIRSTW]*\)[ ][ ]*\([_A-Za-z][_A-Za-z0-9]*\)$/\1 \2 \2/p' | sed '/ __gnu_lto/d' \> conftest.nm
configure:7586: $? = 0
configure:7652: mipsel-uclibc-gcc -o conftest -Os -Wall -DLINUX26 -DCONFIG_BCMWL5 -pipe -DBCMWPA2 -funit-at-a-time -Wno-pointer-sign -mtune=mips32r2 -mips32r2     conftest.c conftstm.o >&5
configure:7655: $? = 0
configure:7693: result: ok
configure:7730: checking for sysroot
configure:7760: result: no
configure:7963: checking for mipsel-linux-mt
configure:7993: result: no
configure:8003: checking for mt
configure:8019: found /bin/mt
configure:8030: result: mt
configure:8042: WARNING: using cross tools not prefixed with host triplet
configure:8053: checking if mt is a manifest tool
configure:8059: mt '-?'
configure:8067: result: no
configure:8696: checking for dlfcn.h
configure:8696: mipsel-uclibc-gcc -c -Os -Wall -DLINUX26 -DCONFIG_BCMWL5 -pipe -DBCMWPA2 -funit-at-a-time -Wno-pointer-sign -mtune=mips32r2 -mips32r2    conftest.c >&5
configure:8696: $? = 0
configure:8696: result: yes
configure:8891: checking for objdir
configure:8906: result: .libs
configure:9177: checking if mipsel-uclibc-gcc supports -fno-rtti -fno-exceptions
configure:9195: mipsel-uclibc-gcc -c -Os -Wall -DLINUX26 -DCONFIG_BCMWL5 -pipe -DBCMWPA2 -funit-at-a-time -Wno-pointer-sign -mtune=mips32r2 -mips32r2    -fno-rtti -fno-exceptions conftest.c >&5
cc1: warning: command line option "-fno-rtti" is valid for C++/ObjC++ but not for C
configure:9199: $? = 0
configure:9212: result: no
configure:9522: checking for mipsel-uclibc-gcc option to produce PIC
configure:9529: result: -fPIC -DPIC
configure:9537: checking if mipsel-uclibc-gcc PIC flag -fPIC -DPIC works
configure:9555: mipsel-uclibc-gcc -c -Os -Wall -DLINUX26 -DCONFIG_BCMWL5 -pipe -DBCMWPA2 -funit-at-a-time -Wno-pointer-sign -mtune=mips32r2 -mips32r2    -fPIC -DPIC -DPIC conftest.c >&5
configure:9559: $? = 0
configure:9572: result: yes
configure:9601: checking if mipsel-uclibc-gcc static flag -static works
configure:9629: result: yes
configure:9644: checking if mipsel-uclibc-gcc supports -c -o file.o
configure:9665: mipsel-uclibc-gcc -c -Os -Wall -DLINUX26 -DCONFIG_BCMWL5 -pipe -DBCMWPA2 -funit-at-a-time -Wno-pointer-sign -mtune=mips32r2 -mips32r2    -o out/conftest2.o conftest.c >&5
configure:9669: $? = 0
configure:9691: result: yes
configure:9699: checking if mipsel-uclibc-gcc supports -c -o file.o
configure:9746: result: yes
configure:9779: checking whether the mipsel-uclibc-gcc linker (mipsel-uclibc-ld) supports shared libraries
configure:10937: result: yes
configure:10974: checking whether -lc should be explicitly linked in
configure:10982: mipsel-uclibc-gcc -c -Os -Wall -DLINUX26 -DCONFIG_BCMWL5 -pipe -DBCMWPA2 -funit-at-a-time -Wno-pointer-sign -mtune=mips32r2 -mips32r2    conftest.c >&5
configure:10985: $? = 0
configure:11000: mipsel-uclibc-gcc -shared  -fPIC -DPIC conftest.o  -v -Wl,-soname -Wl,conftest -o conftest 2\>\&1 \| /bin/grep  -lc  \>/dev/null 2\>\&1
configure:11003: $? = 0
configure:11017: result: no
configure:11182: checking dynamic linker characteristics
configure:11709: mipsel-uclibc-gcc -o conftest -Os -Wall -DLINUX26 -DCONFIG_BCMWL5 -pipe -DBCMWPA2 -funit-at-a-time -Wno-pointer-sign -mtune=mips32r2 -mips32r2     -Wl,-rpath -Wl,/foo conftest.c  >&5
configure:11709: $? = 0
configure:11931: result: GNU/Linux ld.so
configure:12038: checking how to hardcode library paths into programs
configure:12063: result: immediate
configure:12603: checking whether stripping libraries is possible
configure:12608: result: yes
configure:12643: checking if libtool supports shared libraries
configure:12645: result: yes
configure:12648: checking whether to build shared libraries
configure:12669: result: yes
configure:12672: checking whether to build static libraries
configure:12676: result: yes
configure:12699: checking how to run the C++ preprocessor
configure:12726: mipsel-uclibc-g++ -E  conftest.cpp
configure:12726: $? = 0
configure:12740: mipsel-uclibc-g++ -E  conftest.cpp
conftest.cpp:23:28: error: ac_nonexistent.h: No such file or directory
configure:12740: $? = 1
configure: failed program was:
| /* confdefs.h */
| #define PACKAGE_NAME "PCRE"
| #define PACKAGE_TARNAME "pcre"
| #define PACKAGE_VERSION "8.32"
| #define PACKAGE_STRING "PCRE 8.32"
| #define PACKAGE_BUGREPORT ""
| #define PACKAGE_URL ""
| #define PACKAGE "pcre"
| #define VERSION "8.32"
| #define STDC_HEADERS 1
| #define HAVE_SYS_TYPES_H 1
| #define HAVE_SYS_STAT_H 1
| #define HAVE_STDLIB_H 1
| #define HAVE_STRING_H 1
| #define HAVE_MEMORY_H 1
| #define HAVE_STRINGS_H 1
| #define HAVE_INTTYPES_H 1
| #define HAVE_STDINT_H 1
| #define HAVE_UNISTD_H 1
| #define HAVE_DLFCN_H 1
| #define LT_OBJDIR ".libs/"
| /* end confdefs.h.  */
| #include <ac_nonexistent.h>
configure:12765: result: mipsel-uclibc-g++ -E
configure:12785: mipsel-uclibc-g++ -E  conftest.cpp
configure:12785: $? = 0
configure:12799: mipsel-uclibc-g++ -E  conftest.cpp
conftest.cpp:23:28: error: ac_nonexistent.h: No such file or directory
configure:12799: $? = 1
configure: failed program was:
| /* confdefs.h */
| #define PACKAGE_NAME "PCRE"
| #define PACKAGE_TARNAME "pcre"
| #define PACKAGE_VERSION "8.32"
| #define PACKAGE_STRING "PCRE 8.32"
| #define PACKAGE_BUGREPORT ""
| #define PACKAGE_URL ""
| #define PACKAGE "pcre"
| #define VERSION "8.32"
| #define STDC_HEADERS 1
| #define HAVE_SYS_TYPES_H 1
| #define HAVE_SYS_STAT_H 1
| #define HAVE_STDLIB_H 1
| #define HAVE_STRING_H 1
| #define HAVE_MEMORY_H 1
| #define HAVE_STRINGS_H 1
| #define HAVE_INTTYPES_H 1
| #define HAVE_STDINT_H 1
| #define HAVE_UNISTD_H 1
| #define HAVE_DLFCN_H 1
| #define LT_OBJDIR ".libs/"
| /* end confdefs.h.  */
| #include <ac_nonexistent.h>
configure:12969: checking for ld used by mipsel-uclibc-g++
configure:13036: result: mipsel-uclibc-ld
configure:13043: checking if the linker (mipsel-uclibc-ld) is GNU ld
configure:13058: result: yes
configure:13113: checking whether the mipsel-uclibc-g++ linker (mipsel-uclibc-ld) supports shared libraries
configure:14117: result: yes
configure:14152: mipsel-uclibc-g++ -c -O2  conftest.cpp >&5
configure:14155: $? = 0
configure:14675: checking for mipsel-uclibc-g++ option to produce PIC
configure:14682: result: -fPIC -DPIC
configure:14690: checking if mipsel-uclibc-g++ PIC flag -fPIC -DPIC works
configure:14708: mipsel-uclibc-g++ -c -O2  -fPIC -DPIC -DPIC conftest.cpp >&5
configure:14712: $? = 0
configure:14725: result: yes
configure:14748: checking if mipsel-uclibc-g++ static flag -static works
configure:14776: result: yes
configure:14788: checking if mipsel-uclibc-g++ supports -c -o file.o
configure:14809: mipsel-uclibc-g++ -c -O2  -o out/conftest2.o conftest.cpp >&5
configure:14813: $? = 0
configure:14835: result: yes
configure:14840: checking if mipsel-uclibc-g++ supports -c -o file.o
configure:14887: result: yes
configure:14917: checking whether the mipsel-uclibc-g++ linker (mipsel-uclibc-ld) supports shared libraries
configure:14951: result: yes
configure:15094: checking dynamic linker characteristics
configure:15777: result: GNU/Linux ld.so
configure:15830: checking how to hardcode library paths into programs
configure:15855: result: immediate
configure:15914: checking whether ln -s works
configure:15918: result: yes
configure:15934: checking whether the -Werror option is usable
configure:15953: mipsel-uclibc-gcc -c -Os -Wall -DLINUX26 -DCONFIG_BCMWL5 -pipe -DBCMWPA2 -funit-at-a-time -Wno-pointer-sign -mtune=mips32r2 -mips32r2   -Werror  conftest.c >&5
configure:15953: $? = 0
configure:15962: result: yes
configure:15964: checking for simple visibility declarations
configure:15991: mipsel-uclibc-gcc -c -Os -Wall -DLINUX26 -DCONFIG_BCMWL5 -pipe -DBCMWPA2 -funit-at-a-time -Wno-pointer-sign -mtune=mips32r2 -mips32r2   -fvisibility=hidden -Werror  conftest.c >&5
configure:15991: $? = 0
configure:16000: result: yes
configure:16459: checking for ANSI C header files
configure:16563: result: yes
configure:16574: checking limits.h usability
configure:16574: mipsel-uclibc-gcc -c -Os -Wall -DLINUX26 -DCONFIG_BCMWL5 -pipe -DBCMWPA2 -funit-at-a-time -Wno-pointer-sign -mtune=mips32r2 -mips32r2    conftest.c >&5
configure:16574: $? = 0
configure:16574: result: yes
configure:16574: checking limits.h presence
configure:16574: mipsel-uclibc-gcc -E  conftest.c
configure:16574: $? = 0
configure:16574: result: yes
configure:16574: checking for limits.h
configure:16574: result: yes
configure:16574: checking for sys/types.h
configure:16574: result: yes
configure:16574: checking for sys/stat.h
configure:16574: result: yes
configure:16574: checking dirent.h usability
configure:16574: mipsel-uclibc-gcc -c -Os -Wall -DLINUX26 -DCONFIG_BCMWL5 -pipe -DBCMWPA2 -funit-at-a-time -Wno-pointer-sign -mtune=mips32r2 -mips32r2    conftest.c >&5
configure:16574: $? = 0
configure:16574: result: yes
configure:16574: checking dirent.h presence
configure:16574: mipsel-uclibc-gcc -E  conftest.c
configure:16574: $? = 0
configure:16574: result: yes
configure:16574: checking for dirent.h
configure:16574: result: yes
configure:16574: checking windows.h usability
configure:16574: mipsel-uclibc-gcc -c -Os -Wall -DLINUX26 -DCONFIG_BCMWL5 -pipe -DBCMWPA2 -funit-at-a-time -Wno-pointer-sign -mtune=mips32r2 -mips32r2    conftest.c >&5
conftest.c:69:21: error: windows.h: No such file or directory
configure:16574: $? = 1
configure: failed program was:
| /* confdefs.h */
| #define PACKAGE_NAME "PCRE"
| #define PACKAGE_TARNAME "pcre"
| #define PACKAGE_VERSION "8.32"
| #define PACKAGE_STRING "PCRE 8.32"
| #define PACKAGE_BUGREPORT ""
| #define PACKAGE_URL ""
| #define PACKAGE "pcre"
| #define VERSION "8.32"
| #define STDC_HEADERS 1
| #define HAVE_SYS_TYPES_H 1
| #define HAVE_SYS_STAT_H 1
| #define HAVE_STDLIB_H 1
| #define HAVE_STRING_H 1
| #define HAVE_MEMORY_H 1
| #define HAVE_STRINGS_H 1
| #define HAVE_INTTYPES_H 1
| #define HAVE_STDINT_H 1
| #define HAVE_UNISTD_H 1
| #define HAVE_DLFCN_H 1
| #define LT_OBJDIR ".libs/"
| #define PCRE_EXP_DECL extern __attribute__ ((visibility ("default")))
| #define PCRE_EXP_DEFN __attribute__ ((visibility ("default")))
| #define PCRE_EXP_DATA_DEFN __attribute__ ((visibility ("default")))
| #define PCREPOSIX_EXP_DECL extern __attribute__ ((visibility ("default")))
| #define PCREPOSIX_EXP_DEFN extern __attribute__ ((visibility ("default")))
| #define PCRECPP_EXP_DECL extern __attribute__ ((visibility ("default")))
| #define PCRECPP_EXP_DEFN __attribute__ ((visibility ("default")))
| #define HAVE_VISIBILITY 1
| #define STDC_HEADERS 1
| #define HAVE_LIMITS_H 1
| #define HAVE_SYS_TYPES_H 1
| #define HAVE_SYS_STAT_H 1
| #define HAVE_DIRENT_H 1
| /* end confdefs.h.  */
| #include <stdio.h>
| #ifdef HAVE_SYS_TYPES_H
| # include <sys/types.h>
| #endif
| #ifdef HAVE_SYS_STAT_H
| # include <sys/stat.h>
| #endif
| #ifdef STDC_HEADERS
| # include <stdlib.h>
| # include <stddef.h>
| #else
| # ifdef HAVE_STDLIB_H
| #  include <stdlib.h>
| # endif
| #endif
| #ifdef HAVE_STRING_H
| # if !defined STDC_HEADERS && defined HAVE_MEMORY_H
| #  include <memory.h>
| # endif
| # include <string.h>
| #endif
| #ifdef HAVE_STRINGS_H
| # include <strings.h>
| #endif
| #ifdef HAVE_INTTYPES_H
| # include <inttypes.h>
| #endif
| #ifdef HAVE_STDINT_H
| # include <stdint.h>
| #endif
| #ifdef HAVE_UNISTD_H
| # include <unistd.h>
| #endif
| #include <windows.h>
configure:16574: result: no
configure:16574: checking windows.h presence
configure:16574: mipsel-uclibc-gcc -E  conftest.c
conftest.c:36:21: error: windows.h: No such file or directory
configure:16574: $? = 1
configure: failed program was:
| /* confdefs.h */
| #define PACKAGE_NAME "PCRE"
| #define PACKAGE_TARNAME "pcre"
| #define PACKAGE_VERSION "8.32"
| #define PACKAGE_STRING "PCRE 8.32"
| #define PACKAGE_BUGREPORT ""
| #define PACKAGE_URL ""
| #define PACKAGE "pcre"
| #define VERSION "8.32"
| #define STDC_HEADERS 1
| #define HAVE_SYS_TYPES_H 1
| #define HAVE_SYS_STAT_H 1
| #define HAVE_STDLIB_H 1
| #define HAVE_STRING_H 1
| #define HAVE_MEMORY_H 1
| #define HAVE_STRINGS_H 1
| #define HAVE_INTTYPES_H 1
| #define HAVE_STDINT_H 1
| #define HAVE_UNISTD_H 1
| #define HAVE_DLFCN_H 1
| #define LT_OBJDIR ".libs/"
| #define PCRE_EXP_DECL extern __attribute__ ((visibility ("default")))
| #define PCRE_EXP_DEFN __attribute__ ((visibility ("default")))
| #define PCRE_EXP_DATA_DEFN __attribute__ ((visibility ("default")))
| #define PCREPOSIX_EXP_DECL extern __attribute__ ((visibility ("default")))
| #define PCREPOSIX_EXP_DEFN extern __attribute__ ((visibility ("default")))
| #define PCRECPP_EXP_DECL extern __attribute__ ((visibility ("default")))
| #define PCRECPP_EXP_DEFN __attribute__ ((visibility ("default")))
| #define HAVE_VISIBILITY 1
| #define STDC_HEADERS 1
| #define HAVE_LIMITS_H 1
| #define HAVE_SYS_TYPES_H 1
| #define HAVE_SYS_STAT_H 1
| #define HAVE_DIRENT_H 1
| /* end confdefs.h.  */
| #include <windows.h>
configure:16574: result: no
configure:16574: checking for windows.h
configure:16574: result: no
configure:16849: checking for an ANSI C-conforming const
configure:16914: mipsel-uclibc-gcc -c -Os -Wall -DLINUX26 -DCONFIG_BCMWL5 -pipe -DBCMWPA2 -funit-at-a-time -Wno-pointer-sign -mtune=mips32r2 -mips32r2    conftest.c >&5
conftest.c: In function 'main':
conftest.c:65: warning: 't' is used uninitialized in this function
conftest.c:81: warning: 'b' is used uninitialized in this function
conftest.c:87: warning: 'cs[0]' is used uninitialized in this function
configure:16914: $? = 0
configure:16921: result: yes
configure:16929: checking for size_t
configure:16929: mipsel-uclibc-gcc -c -Os -Wall -DLINUX26 -DCONFIG_BCMWL5 -pipe -DBCMWPA2 -funit-at-a-time -Wno-pointer-sign -mtune=mips32r2 -mips32r2    conftest.c >&5
configure:16929: $? = 0
configure:16929: mipsel-uclibc-gcc -c -Os -Wall -DLINUX26 -DCONFIG_BCMWL5 -pipe -DBCMWPA2 -funit-at-a-time -Wno-pointer-sign -mtune=mips32r2 -mips32r2    conftest.c >&5
conftest.c: In function 'main':
conftest.c:72: error: expected expression before ')' token
configure:16929: $? = 1
configure: failed program was:
| /* confdefs.h */
| #define PACKAGE_NAME "PCRE"
| #define PACKAGE_TARNAME "pcre"
| #define PACKAGE_VERSION "8.32"
| #define PACKAGE_STRING "PCRE 8.32"
| #define PACKAGE_BUGREPORT ""
| #define PACKAGE_URL ""
| #define PACKAGE "pcre"
| #define VERSION "8.32"
| #define STDC_HEADERS 1
| #define HAVE_SYS_TYPES_H 1
| #define HAVE_SYS_STAT_H 1
| #define HAVE_STDLIB_H 1
| #define HAVE_STRING_H 1
| #define HAVE_MEMORY_H 1
| #define HAVE_STRINGS_H 1
| #define HAVE_INTTYPES_H 1
| #define HAVE_STDINT_H 1
| #define HAVE_UNISTD_H 1
| #define HAVE_DLFCN_H 1
| #define LT_OBJDIR ".libs/"
| #define PCRE_EXP_DECL extern __attribute__ ((visibility ("default")))
| #define PCRE_EXP_DEFN __attribute__ ((visibility ("default")))
| #define PCRE_EXP_DATA_DEFN __attribute__ ((visibility ("default")))
| #define PCREPOSIX_EXP_DECL extern __attribute__ ((visibility ("default")))
| #define PCREPOSIX_EXP_DEFN extern __attribute__ ((visibility ("default")))
| #define PCRECPP_EXP_DECL extern __attribute__ ((visibility ("default")))
| #define PCRECPP_EXP_DEFN __attribute__ ((visibility ("default")))
| #define HAVE_VISIBILITY 1
| #define STDC_HEADERS 1
| #define HAVE_LIMITS_H 1
| #define HAVE_SYS_TYPES_H 1
| #define HAVE_SYS_STAT_H 1
| #define HAVE_DIRENT_H 1
| /* end confdefs.h.  */
| #include <stdio.h>
| #ifdef HAVE_SYS_TYPES_H
| # include <sys/types.h>
| #endif
| #ifdef HAVE_SYS_STAT_H
| # include <sys/stat.h>
| #endif
| #ifdef STDC_HEADERS
| # include <stdlib.h>
| # include <stddef.h>
| #else
| # ifdef HAVE_STDLIB_H
| #  include <stdlib.h>
| # endif
| #endif
| #ifdef HAVE_STRING_H
| # if !defined STDC_HEADERS && defined HAVE_MEMORY_H
| #  include <memory.h>
| # endif
| # include <string.h>
| #endif
| #ifdef HAVE_STRINGS_H
| # include <strings.h>
| #endif
| #ifdef HAVE_INTTYPES_H
| # include <inttypes.h>
| #endif
| #ifdef HAVE_STDINT_H
| # include <stdint.h>
| #endif
| #ifdef HAVE_UNISTD_H
| # include <unistd.h>
| #endif
| int
| main ()
| {
| if (sizeof ((size_t)))
| 	    return 0;
|   ;
|   return 0;
| }
configure:16929: result: yes
configure:16946: checking for bcopy
configure:16946: mipsel-uclibc-gcc -o conftest -Os -Wall -DLINUX26 -DCONFIG_BCMWL5 -pipe -DBCMWPA2 -funit-at-a-time -Wno-pointer-sign -mtune=mips32r2 -mips32r2     conftest.c  >&5
conftest.c:59: warning: conflicting types for built-in function 'bcopy'
configure:16946: $? = 0
configure:16946: result: yes
configure:16946: checking for memmove
configure:16946: mipsel-uclibc-gcc -o conftest -Os -Wall -DLINUX26 -DCONFIG_BCMWL5 -pipe -DBCMWPA2 -funit-at-a-time -Wno-pointer-sign -mtune=mips32r2 -mips32r2     conftest.c  >&5
conftest.c:60: warning: conflicting types for built-in function 'memmove'
configure:16946: $? = 0
configure:16946: result: yes
configure:16946: checking for strerror
configure:16946: mipsel-uclibc-gcc -o conftest -Os -Wall -DLINUX26 -DCONFIG_BCMWL5 -pipe -DBCMWPA2 -funit-at-a-time -Wno-pointer-sign -mtune=mips32r2 -mips32r2     conftest.c  >&5
configure:16946: $? = 0
configure:16946: result: yes
configure:16960: checking zlib.h usability
configure:16960: mipsel-uclibc-gcc -c -Os -Wall -DLINUX26 -DCONFIG_BCMWL5 -pipe -DBCMWPA2 -funit-at-a-time -Wno-pointer-sign -mtune=mips32r2 -mips32r2    conftest.c >&5
conftest.c:72:18: error: zlib.h: No such file or directory
configure:16960: $? = 1
configure: failed program was:
| /* confdefs.h */
| #define PACKAGE_NAME "PCRE"
| #define PACKAGE_TARNAME "pcre"
| #define PACKAGE_VERSION "8.32"
| #define PACKAGE_STRING "PCRE 8.32"
| #define PACKAGE_BUGREPORT ""
| #define PACKAGE_URL ""
| #define PACKAGE "pcre"
| #define VERSION "8.32"
| #define STDC_HEADERS 1
| #define HAVE_SYS_TYPES_H 1
| #define HAVE_SYS_STAT_H 1
| #define HAVE_STDLIB_H 1
| #define HAVE_STRING_H 1
| #define HAVE_MEMORY_H 1
| #define HAVE_STRINGS_H 1
| #define HAVE_INTTYPES_H 1
| #define HAVE_STDINT_H 1
| #define HAVE_UNISTD_H 1
| #define HAVE_DLFCN_H 1
| #define LT_OBJDIR ".libs/"
| #define PCRE_EXP_DECL extern __attribute__ ((visibility ("default")))
| #define PCRE_EXP_DEFN __attribute__ ((visibility ("default")))
| #define PCRE_EXP_DATA_DEFN __attribute__ ((visibility ("default")))
| #define PCREPOSIX_EXP_DECL extern __attribute__ ((visibility ("default")))
| #define PCREPOSIX_EXP_DEFN extern __attribute__ ((visibility ("default")))
| #define PCRECPP_EXP_DECL extern __attribute__ ((visibility ("default")))
| #define PCRECPP_EXP_DEFN __attribute__ ((visibility ("default")))
| #define HAVE_VISIBILITY 1
| #define STDC_HEADERS 1
| #define HAVE_LIMITS_H 1
| #define HAVE_SYS_TYPES_H 1
| #define HAVE_SYS_STAT_H 1
| #define HAVE_DIRENT_H 1
| #define HAVE_BCOPY 1
| #define HAVE_MEMMOVE 1
| #define HAVE_STRERROR 1
| /* end confdefs.h.  */
| #include <stdio.h>
| #ifdef HAVE_SYS_TYPES_H
| # include <sys/types.h>
| #endif
| #ifdef HAVE_SYS_STAT_H
| # include <sys/stat.h>
| #endif
| #ifdef STDC_HEADERS
| # include <stdlib.h>
| # include <stddef.h>
| #else
| # ifdef HAVE_STDLIB_H
| #  include <stdlib.h>
| # endif
| #endif
| #ifdef HAVE_STRING_H
| # if !defined STDC_HEADERS && defined HAVE_MEMORY_H
| #  include <memory.h>
| # endif
| # include <string.h>
| #endif
| #ifdef HAVE_STRINGS_H
| # include <strings.h>
| #endif
| #ifdef HAVE_INTTYPES_H
| # include <inttypes.h>
| #endif
| #ifdef HAVE_STDINT_H
| # include <stdint.h>
| #endif
| #ifdef HAVE_UNISTD_H
| # include <unistd.h>
| #endif
| #include <zlib.h>
configure:16960: result: no
configure:16960: checking zlib.h presence
configure:16960: mipsel-uclibc-gcc -E  conftest.c
conftest.c:39:18: error: zlib.h: No such file or directory
configure:16960: $? = 1
configure: failed program was:
| /* confdefs.h */
| #define PACKAGE_NAME "PCRE"
| #define PACKAGE_TARNAME "pcre"
| #define PACKAGE_VERSION "8.32"
| #define PACKAGE_STRING "PCRE 8.32"
| #define PACKAGE_BUGREPORT ""
| #define PACKAGE_URL ""
| #define PACKAGE "pcre"
| #define VERSION "8.32"
| #define STDC_HEADERS 1
| #define HAVE_SYS_TYPES_H 1
| #define HAVE_SYS_STAT_H 1
| #define HAVE_STDLIB_H 1
| #define HAVE_STRING_H 1
| #define HAVE_MEMORY_H 1
| #define HAVE_STRINGS_H 1
| #define HAVE_INTTYPES_H 1
| #define HAVE_STDINT_H 1
| #define HAVE_UNISTD_H 1
| #define HAVE_DLFCN_H 1
| #define LT_OBJDIR ".libs/"
| #define PCRE_EXP_DECL extern __attribute__ ((visibility ("default")))
| #define PCRE_EXP_DEFN __attribute__ ((visibility ("default")))
| #define PCRE_EXP_DATA_DEFN __attribute__ ((visibility ("default")))
| #define PCREPOSIX_EXP_DECL extern __attribute__ ((visibility ("default")))
| #define PCREPOSIX_EXP_DEFN extern __attribute__ ((visibility ("default")))
| #define PCRECPP_EXP_DECL extern __attribute__ ((visibility ("default")))
| #define PCRECPP_EXP_DEFN __attribute__ ((visibility ("default")))
| #define HAVE_VISIBILITY 1
| #define STDC_HEADERS 1
| #define HAVE_LIMITS_H 1
| #define HAVE_SYS_TYPES_H 1
| #define HAVE_SYS_STAT_H 1
| #define HAVE_DIRENT_H 1
| #define HAVE_BCOPY 1
| #define HAVE_MEMMOVE 1
| #define HAVE_STRERROR 1
| /* end confdefs.h.  */
| #include <zlib.h>
configure:16960: result: no
configure:16960: checking for zlib.h
configure:16960: result: no
configure:16970: checking for gzopen in -lz
configure:16995: mipsel-uclibc-gcc -o conftest -Os -Wall -DLINUX26 -DCONFIG_BCMWL5 -pipe -DBCMWPA2 -funit-at-a-time -Wno-pointer-sign -mtune=mips32r2 -mips32r2     conftest.c -lz   >&5
/home/vicente/tomato/tools/brcm/K26/hndtools-mipsel-uclibc-4.2.4/bin/../lib/gcc/mipsel-linux-uclibc/4.2.4/../../../../mipsel-linux-uclibc/bin/ld: cannot find -lz
collect2: ld returned 1 exit status
configure:16995: $? = 1
configure: failed program was:
| /* confdefs.h */
| #define PACKAGE_NAME "PCRE"
| #define PACKAGE_TARNAME "pcre"
| #define PACKAGE_VERSION "8.32"
| #define PACKAGE_STRING "PCRE 8.32"
| #define PACKAGE_BUGREPORT ""
| #define PACKAGE_URL ""
| #define PACKAGE "pcre"
| #define VERSION "8.32"
| #define STDC_HEADERS 1
| #define HAVE_SYS_TYPES_H 1
| #define HAVE_SYS_STAT_H 1
| #define HAVE_STDLIB_H 1
| #define HAVE_STRING_H 1
| #define HAVE_MEMORY_H 1
| #define HAVE_STRINGS_H 1
| #define HAVE_INTTYPES_H 1
| #define HAVE_STDINT_H 1
| #define HAVE_UNISTD_H 1
| #define HAVE_DLFCN_H 1
| #define LT_OBJDIR ".libs/"
| #define PCRE_EXP_DECL extern __attribute__ ((visibility ("default")))
| #define PCRE_EXP_DEFN __attribute__ ((visibility ("default")))
| #define PCRE_EXP_DATA_DEFN __attribute__ ((visibility ("default")))
| #define PCREPOSIX_EXP_DECL extern __attribute__ ((visibility ("default")))
| #define PCREPOSIX_EXP_DEFN extern __attribute__ ((visibility ("default")))
| #define PCRECPP_EXP_DECL extern __attribute__ ((visibility ("default")))
| #define PCRECPP_EXP_DEFN __attribute__ ((visibility ("default")))
| #define HAVE_VISIBILITY 1
| #define STDC_HEADERS 1
| #define HAVE_LIMITS_H 1
| #define HAVE_SYS_TYPES_H 1
| #define HAVE_SYS_STAT_H 1
| #define HAVE_DIRENT_H 1
| #define HAVE_BCOPY 1
| #define HAVE_MEMMOVE 1
| #define HAVE_STRERROR 1
| /* end confdefs.h.  */
| 
| /* Override any GCC internal prototype to avoid an error.
|    Use char because int might match the return type of a GCC
|    builtin and then its argument prototype would still apply.  */
| #ifdef __cplusplus
| extern "C"
| #endif
| char gzopen ();
| int
| main ()
| {
| return gzopen ();
|   ;
|   return 0;
| }
configure:17004: result: no
configure:17029: checking bzlib.h usability
configure:17029: mipsel-uclibc-gcc -c -Os -Wall -DLINUX26 -DCONFIG_BCMWL5 -pipe -DBCMWPA2 -funit-at-a-time -Wno-pointer-sign -mtune=mips32r2 -mips32r2    conftest.c >&5
conftest.c:72:19: error: bzlib.h: No such file or directory
configure:17029: $? = 1
configure: failed program was:
| /* confdefs.h */
| #define PACKAGE_NAME "PCRE"
| #define PACKAGE_TARNAME "pcre"
| #define PACKAGE_VERSION "8.32"
| #define PACKAGE_STRING "PCRE 8.32"
| #define PACKAGE_BUGREPORT ""
| #define PACKAGE_URL ""
| #define PACKAGE "pcre"
| #define VERSION "8.32"
| #define STDC_HEADERS 1
| #define HAVE_SYS_TYPES_H 1
| #define HAVE_SYS_STAT_H 1
| #define HAVE_STDLIB_H 1
| #define HAVE_STRING_H 1
| #define HAVE_MEMORY_H 1
| #define HAVE_STRINGS_H 1
| #define HAVE_INTTYPES_H 1
| #define HAVE_STDINT_H 1
| #define HAVE_UNISTD_H 1
| #define HAVE_DLFCN_H 1
| #define LT_OBJDIR ".libs/"
| #define PCRE_EXP_DECL extern __attribute__ ((visibility ("default")))
| #define PCRE_EXP_DEFN __attribute__ ((visibility ("default")))
| #define PCRE_EXP_DATA_DEFN __attribute__ ((visibility ("default")))
| #define PCREPOSIX_EXP_DECL extern __attribute__ ((visibility ("default")))
| #define PCREPOSIX_EXP_DEFN extern __attribute__ ((visibility ("default")))
| #define PCRECPP_EXP_DECL extern __attribute__ ((visibility ("default")))
| #define PCRECPP_EXP_DEFN __attribute__ ((visibility ("default")))
| #define HAVE_VISIBILITY 1
| #define STDC_HEADERS 1
| #define HAVE_LIMITS_H 1
| #define HAVE_SYS_TYPES_H 1
| #define HAVE_SYS_STAT_H 1
| #define HAVE_DIRENT_H 1
| #define HAVE_BCOPY 1
| #define HAVE_MEMMOVE 1
| #define HAVE_STRERROR 1
| /* end confdefs.h.  */
| #include <stdio.h>
| #ifdef HAVE_SYS_TYPES_H
| # include <sys/types.h>
| #endif
| #ifdef HAVE_SYS_STAT_H
| # include <sys/stat.h>
| #endif
| #ifdef STDC_HEADERS
| # include <stdlib.h>
| # include <stddef.h>
| #else
| # ifdef HAVE_STDLIB_H
| #  include <stdlib.h>
| # endif
| #endif
| #ifdef HAVE_STRING_H
| # if !defined STDC_HEADERS && defined HAVE_MEMORY_H
| #  include <memory.h>
| # endif
| # include <string.h>
| #endif
| #ifdef HAVE_STRINGS_H
| # include <strings.h>
| #endif
| #ifdef HAVE_INTTYPES_H
| # include <inttypes.h>
| #endif
| #ifdef HAVE_STDINT_H
| # include <stdint.h>
| #endif
| #ifdef HAVE_UNISTD_H
| # include <unistd.h>
| #endif
| #include <bzlib.h>
configure:17029: result: no
configure:17029: checking bzlib.h presence
configure:17029: mipsel-uclibc-gcc -E  conftest.c
conftest.c:39:19: error: bzlib.h: No such file or directory
configure:17029: $? = 1
configure: failed program was:
| /* confdefs.h */
| #define PACKAGE_NAME "PCRE"
| #define PACKAGE_TARNAME "pcre"
| #define PACKAGE_VERSION "8.32"
| #define PACKAGE_STRING "PCRE 8.32"
| #define PACKAGE_BUGREPORT ""
| #define PACKAGE_URL ""
| #define PACKAGE "pcre"
| #define VERSION "8.32"
| #define STDC_HEADERS 1
| #define HAVE_SYS_TYPES_H 1
| #define HAVE_SYS_STAT_H 1
| #define HAVE_STDLIB_H 1
| #define HAVE_STRING_H 1
| #define HAVE_MEMORY_H 1
| #define HAVE_STRINGS_H 1
| #define HAVE_INTTYPES_H 1
| #define HAVE_STDINT_H 1
| #define HAVE_UNISTD_H 1
| #define HAVE_DLFCN_H 1
| #define LT_OBJDIR ".libs/"
| #define PCRE_EXP_DECL extern __attribute__ ((visibility ("default")))
| #define PCRE_EXP_DEFN __attribute__ ((visibility ("default")))
| #define PCRE_EXP_DATA_DEFN __attribute__ ((visibility ("default")))
| #define PCREPOSIX_EXP_DECL extern __attribute__ ((visibility ("default")))
| #define PCREPOSIX_EXP_DEFN extern __attribute__ ((visibility ("default")))
| #define PCRECPP_EXP_DECL extern __attribute__ ((visibility ("default")))
| #define PCRECPP_EXP_DEFN __attribute__ ((visibility ("default")))
| #define HAVE_VISIBILITY 1
| #define STDC_HEADERS 1
| #define HAVE_LIMITS_H 1
| #define HAVE_SYS_TYPES_H 1
| #define HAVE_SYS_STAT_H 1
| #define HAVE_DIRENT_H 1
| #define HAVE_BCOPY 1
| #define HAVE_MEMMOVE 1
| #define HAVE_STRERROR 1
| /* end confdefs.h.  */
| #include <bzlib.h>
configure:17029: result: no
configure:17029: checking for bzlib.h
configure:17029: result: no
configure:17044: checking for libbz2
configure:17062: mipsel-uclibc-gcc -o conftest -Os -Wall -DLINUX26 -DCONFIG_BCMWL5 -pipe -DBCMWPA2 -funit-at-a-time -Wno-pointer-sign -mtune=mips32r2 -mips32r2     conftest.c  -lbz2 >&5
conftest.c: In function 'main':
conftest.c:46: warning: implicit declaration of function 'BZ2_bzopen'
/home/vicente/tomato/tools/brcm/K26/hndtools-mipsel-uclibc-4.2.4/bin/../lib/gcc/mipsel-linux-uclibc/4.2.4/../../../../mipsel-linux-uclibc/bin/ld: cannot find -lbz2
collect2: ld returned 1 exit status
configure:17062: $? = 1
configure: failed program was:
| /* confdefs.h */
| #define PACKAGE_NAME "PCRE"
| #define PACKAGE_TARNAME "pcre"
| #define PACKAGE_VERSION "8.32"
| #define PACKAGE_STRING "PCRE 8.32"
| #define PACKAGE_BUGREPORT ""
| #define PACKAGE_URL ""
| #define PACKAGE "pcre"
| #define VERSION "8.32"
| #define STDC_HEADERS 1
| #define HAVE_SYS_TYPES_H 1
| #define HAVE_SYS_STAT_H 1
| #define HAVE_STDLIB_H 1
| #define HAVE_STRING_H 1
| #define HAVE_MEMORY_H 1
| #define HAVE_STRINGS_H 1
| #define HAVE_INTTYPES_H 1
| #define HAVE_STDINT_H 1
| #define HAVE_UNISTD_H 1
| #define HAVE_DLFCN_H 1
| #define LT_OBJDIR ".libs/"
| #define PCRE_EXP_DECL extern __attribute__ ((visibility ("default")))
| #define PCRE_EXP_DEFN __attribute__ ((visibility ("default")))
| #define PCRE_EXP_DATA_DEFN __attribute__ ((visibility ("default")))
| #define PCREPOSIX_EXP_DECL extern __attribute__ ((visibility ("default")))
| #define PCREPOSIX_EXP_DEFN extern __attribute__ ((visibility ("default")))
| #define PCRECPP_EXP_DECL extern __attribute__ ((visibility ("default")))
| #define PCRECPP_EXP_DEFN __attribute__ ((visibility ("default")))
| #define HAVE_VISIBILITY 1
| #define STDC_HEADERS 1
| #define HAVE_LIMITS_H 1
| #define HAVE_SYS_TYPES_H 1
| #define HAVE_SYS_STAT_H 1
| #define HAVE_DIRENT_H 1
| #define HAVE_BCOPY 1
| #define HAVE_MEMMOVE 1
| #define HAVE_STRERROR 1
| /* end confdefs.h.  */
| 
| #ifdef HAVE_BZLIB_H
| #include <bzlib.h>
| #endif
| int
| main ()
| {
| return (int)BZ2_bzopen("conftest", "rb");
|   ;
|   return 0;
| }
configure:17066: result: no
configure:18688: creating ./config.status

## ---------------------- ##
## Running config.status. ##
## ---------------------- ##

This file was extended by PCRE config.status 8.32, which was
generated by GNU Autoconf 2.68.  Invocation command line was

  CONFIG_FILES    = 
  CONFIG_HEADERS  = 
  CONFIG_LINKS    = 
  CONFIG_COMMANDS = 
  $ ./config.status 

on vicente-K53SJ

config.status:1254: creating Makefile
config.status:1254: creating libpcre.pc
config.status:1254: creating libpcre16.pc
config.status:1254: creating libpcre32.pc
config.status:1254: creating libpcreposix.pc
config.status:1254: creating libpcrecpp.pc
config.status:1254: creating pcre-config
config.status:1254: creating pcre.h
config.status:1254: creating pcre_stringpiece.h
config.status:1254: creating pcrecpparg.h
config.status:1254: creating config.h
config.status:1435: config.h is unchanged
config.status:1483: executing depfiles commands
config.status:1483: executing libtool commands
config.status:1483: executing script-chmod commands
config.status:1483: executing delete-old-chartables commands

## ---------------- ##
## Cache variables. ##
## ---------------- ##

ac_cv_build=x86_64-pc-linux-gnu
ac_cv_c_compiler_gnu=yes
ac_cv_c_const=yes
ac_cv_c_int64_t=yes
ac_cv_cxx_compiler_gnu=yes
ac_cv_env_CCC_set=
ac_cv_env_CCC_value=
ac_cv_env_CC_set=set
ac_cv_env_CC_value=mipsel-uclibc-gcc
ac_cv_env_CFLAGS_set=set
ac_cv_env_CFLAGS_value='-Os -Wall -DLINUX26 -DCONFIG_BCMWL5 -pipe -DBCMWPA2 -funit-at-a-time -Wno-pointer-sign -mtune=mips32r2 -mips32r2  '
ac_cv_env_CPPFLAGS_set=
ac_cv_env_CPPFLAGS_value=
ac_cv_env_CPP_set=
ac_cv_env_CPP_value=
ac_cv_env_CXXCPP_set=
ac_cv_env_CXXCPP_value=
ac_cv_env_CXXFLAGS_set=
ac_cv_env_CXXFLAGS_value=
ac_cv_env_CXX_set=set
ac_cv_env_CXX_value=mipsel-uclibc-g++
ac_cv_env_GENHTML_set=
ac_cv_env_GENHTML_value=
ac_cv_env_LCOV_set=
ac_cv_env_LCOV_value=
ac_cv_env_LDFLAGS_set=
ac_cv_env_LDFLAGS_value=
ac_cv_env_LIBS_set=
ac_cv_env_LIBS_value=
ac_cv_env_PKG_CONFIG_LIBDIR_set=
ac_cv_env_PKG_CONFIG_LIBDIR_value=
ac_cv_env_PKG_CONFIG_PATH_set=
ac_cv_env_PKG_CONFIG_PATH_value=
ac_cv_env_PKG_CONFIG_set=
ac_cv_env_PKG_CONFIG_value=
ac_cv_env_VALGRIND_CFLAGS_set=
ac_cv_env_VALGRIND_CFLAGS_value=
ac_cv_env_VALGRIND_LIBS_set=
ac_cv_env_VALGRIND_LIBS_value=
ac_cv_env_build_alias_set=set
ac_cv_env_build_alias_value=x86_64-linux-gnu
ac_cv_env_host_alias_set=set
ac_cv_env_host_alias_value=mipsel-linux
ac_cv_env_target_alias_set=
ac_cv_env_target_alias_value=
ac_cv_func_bcopy=yes
ac_cv_func_malloc_0_nonnull=yes
ac_cv_func_memmove=yes
ac_cv_func_strerror=yes
ac_cv_header_bzlib_h=no
ac_cv_header_dirent_h=yes
ac_cv_header_dlfcn_h=yes
ac_cv_header_inttypes_h=yes
ac_cv_header_limits_h=yes
ac_cv_header_memory_h=yes
ac_cv_header_stdc=yes
ac_cv_header_stdint_h=yes
ac_cv_header_stdlib_h=yes
ac_cv_header_string_h=yes
ac_cv_header_strings_h=yes
ac_cv_header_sys_stat_h=yes
ac_cv_header_sys_types_h=yes
ac_cv_header_unistd_h=yes
ac_cv_header_windows_h=no
ac_cv_header_zlib_h=no
ac_cv_host=mipsel-unknown-linux-gnu
ac_cv_lib_z_gzopen=no
ac_cv_objext=o
ac_cv_path_EGREP='/bin/grep -E'
ac_cv_path_FGREP='/bin/grep -F'
ac_cv_path_GREP=/bin/grep
ac_cv_path_SED=/bin/sed
ac_cv_path_install='/usr/bin/install -c'
ac_cv_path_mkdir=/bin/mkdir
ac_cv_prog_AR=mipsel-uclibc-ar
ac_cv_prog_AWK=gawk
ac_cv_prog_CC=mipsel-uclibc-gcc
ac_cv_prog_CPP='mipsel-uclibc-gcc -E'
ac_cv_prog_CXXCPP='mipsel-uclibc-g++ -E'
ac_cv_prog_DLLTOOL=dlltool
ac_cv_prog_OBJDUMP=objdump
ac_cv_prog_RANLIB=mipsel-uclibc-ranlib
ac_cv_prog_STRIP='mipsel-uclibc-strip -R .note -R .comment'
ac_cv_prog_ac_ct_MANIFEST_TOOL=mt
ac_cv_prog_cc_c89=
ac_cv_prog_cc_g=yes
ac_cv_prog_cc_mipsel_uclibc_gcc_c_o=yes
ac_cv_prog_cxx_g=yes
ac_cv_prog_make_make_set=yes
ac_cv_type_size_t=yes
am_cv_CC_dependencies_compiler_type=none
am_cv_CXX_dependencies_compiler_type=none
am_cv_make_support_nested_variables=yes
lt_cv_ar_at_file=@
lt_cv_archive_cmds_need_lc=no
lt_cv_deplibs_check_method=pass_all
lt_cv_file_magic_cmd='$MAGIC_CMD'
lt_cv_file_magic_test_file=
lt_cv_ld_reload_flag=-r
lt_cv_nm_interface='BSD nm'
lt_cv_objdir=.libs
lt_cv_path_LD=mipsel-uclibc-ld
lt_cv_path_LDCXX=mipsel-uclibc-ld
lt_cv_path_NM=mipsel-uclibc-nm
lt_cv_path_mainfest_tool=no
lt_cv_prog_compiler_c_o=yes
lt_cv_prog_compiler_c_o_CXX=yes
lt_cv_prog_compiler_pic='-fPIC -DPIC'
lt_cv_prog_compiler_pic_CXX='-fPIC -DPIC'
lt_cv_prog_compiler_pic_works=yes
lt_cv_prog_compiler_pic_works_CXX=yes
lt_cv_prog_compiler_rtti_exceptions=no
lt_cv_prog_compiler_static_works=yes
lt_cv_prog_compiler_static_works_CXX=yes
lt_cv_prog_gnu_ld=yes
lt_cv_prog_gnu_ldcxx=yes
lt_cv_sharedlib_from_linklib_cmd='printf %s\n'
lt_cv_shlibpath_overrides_runpath=no
lt_cv_sys_global_symbol_pipe='sed -n -e '\''s/^.*[	 ]\([ABCDGIRSTW][ABCDGIRSTW]*\)[	 ][	 ]*\([_A-Za-z][_A-Za-z0-9]*\)$/\1 \2 \2/p'\'' | sed '\''/ __gnu_lto/d'\'''
lt_cv_sys_global_symbol_to_c_name_address='sed -n -e '\''s/^: \([^ ]*\)[ ]*$/  {\"\1\", (void *) 0},/p'\'' -e '\''s/^[ABCDGIRSTW]* \([^ ]*\) \([^ ]*\)$/  {"\2", (void *) \&\2},/p'\'''
lt_cv_sys_global_symbol_to_c_name_address_lib_prefix='sed -n -e '\''s/^: \([^ ]*\)[ ]*$/  {\"\1\", (void *) 0},/p'\'' -e '\''s/^[ABCDGIRSTW]* \([^ ]*\) \(lib[^ ]*\)$/  {"\2", (void *) \&\2},/p'\'' -e '\''s/^[ABCDGIRSTW]* \([^ ]*\) \([^ ]*\)$/  {"lib\2", (void *) \&\2},/p'\'''
lt_cv_sys_global_symbol_to_cdecl='sed -n -e '\''s/^T .* \(.*\)$/extern int \1();/p'\'' -e '\''s/^[ABCDGIRSTW]* .* \(.*\)$/extern char \1;/p'\'''
lt_cv_sys_max_cmd_len=3458764513820540925
lt_cv_to_host_file_cmd=func_convert_file_noop
lt_cv_to_tool_file_cmd=func_convert_file_noop
pcre_cv_cc_vis_werror=yes
pcre_cv_cc_visibility=yes

## ----------------- ##
## Output variables. ##
## ----------------- ##

ACLOCAL='${SHELL} /home/vicente/tomato/release/src/router/pcre/missing --run aclocal-1.11'
AMDEPBACKSLASH=''
AMDEP_FALSE=''
AMDEP_TRUE='#'
AMTAR='$${TAR-tar}'
AM_BACKSLASH='\'
AM_DEFAULT_V='$(AM_DEFAULT_VERBOSITY)'
AM_DEFAULT_VERBOSITY='0'
AM_V='$(V)'
AR='mipsel-uclibc-ar'
AS='mipsel-uclibc-as'
AUTOCONF='${SHELL} /home/vicente/tomato/release/src/router/pcre/missing --run autoconf'
AUTOHEADER='${SHELL} /home/vicente/tomato/release/src/router/pcre/missing --run autoheader'
AUTOMAKE='${SHELL} /home/vicente/tomato/release/src/router/pcre/missing --run automake-1.11'
AWK='gawk'
CC='mipsel-uclibc-gcc'
CCDEPMODE='depmode=none'
CFLAGS='-Os -Wall -DLINUX26 -DCONFIG_BCMWL5 -pipe -DBCMWPA2 -funit-at-a-time -Wno-pointer-sign -mtune=mips32r2 -mips32r2  '
CPP='mipsel-uclibc-gcc -E'
CPPFLAGS=''
CXX='mipsel-uclibc-g++'
CXXCPP='mipsel-uclibc-g++ -E'
CXXDEPMODE='depmode=none'
CXXFLAGS='-O2'
CYGPATH_W='echo'
DEFS='-DHAVE_CONFIG_H'
DEPDIR='.deps'
DISTCHECK_CONFIGURE_FLAGS='CFLAGS='\'''\'' CXXFLAGS='\'''\'' --enable-pcre16 --enable-pcre32 --enable-jit --enable-cpp --enable-unicode-properties'
DLLTOOL='dlltool'
DSYMUTIL=''
DUMPBIN=''
ECHO_C=''
ECHO_N='-n'
ECHO_T=''
EGREP='/bin/grep -E'
EXEEXT=''
EXTRA_LIBPCRE16_LDFLAGS='                         -version-info 2:0:2'
EXTRA_LIBPCRE32_LDFLAGS='                         -version-info 0:0:0'
EXTRA_LIBPCRECPP_LDFLAGS='                            -version-info 0:0:0                           '
EXTRA_LIBPCREPOSIX_LDFLAGS='                              -version-info 0:1:0'
EXTRA_LIBPCRE_LDFLAGS='                         -version-info 3:0:2'
FGREP='/bin/grep -F'
GCOV_CFLAGS=''
GCOV_CXXFLAGS=''
GCOV_LIBS=''
GENHTML=''
GREP='/bin/grep'
HAVE_VISIBILITY='1'
INSTALL_DATA='${INSTALL} -m 644'
INSTALL_PROGRAM='${INSTALL}'
INSTALL_SCRIPT='${INSTALL}'
INSTALL_STRIP_PROGRAM='$(install_sh) -c -s'
LCOV=''
LD='mipsel-uclibc-ld'
LDFLAGS=''
LIBBZ2=''
LIBOBJS=''
LIBREADLINE=''
LIBS=''
LIBTOOL='$(SHELL) $(top_builddir)/libtool'
LIBZ=''
LIPO=''
LN_S='ln -s'
LTLIBOBJS=''
MAKEINFO='${SHELL} /home/vicente/tomato/release/src/router/pcre/missing --run makeinfo'
MANIFEST_TOOL=':'
MKDIR_P='/bin/mkdir -p'
NM='mipsel-uclibc-nm'
NMEDIT=''
OBJDUMP='objdump'
OBJEXT='o'
OTOOL64=''
OTOOL=''
PACKAGE='pcre'
PACKAGE_BUGREPORT=''
PACKAGE_NAME='PCRE'
PACKAGE_STRING='PCRE 8.32'
PACKAGE_TARNAME='pcre'
PACKAGE_URL=''
PACKAGE_VERSION='8.32'
PATH_SEPARATOR=':'
PCRE_DATE='2012-11-30'
PCRE_MAJOR='8'
PCRE_MINOR='32'
PCRE_PRERELEASE=''
PCRE_STATIC_CFLAG=''
PKG_CONFIG=''
PKG_CONFIG_LIBDIR=''
PKG_CONFIG_PATH=''
PTHREAD_CC=''
PTHREAD_CFLAGS=''
PTHREAD_LIBS=''
RANLIB='mipsel-uclibc-ranlib'
SED='/bin/sed'
SET_MAKE=''
SHELL='/bin/sh'
SHTOOL=''
STRIP='mipsel-uclibc-strip -R .note -R .comment'
VALGRIND_CFLAGS=''
VALGRIND_LIBS=''
VERSION='8.32'
VISIBILITY_CFLAGS='-fvisibility=hidden'
VISIBILITY_CXXFLAGS='-fvisibility=hidden -fvisibility-inlines-hidden'
WITH_GCOV_FALSE=''
WITH_GCOV_TRUE='#'
WITH_JIT_FALSE=''
WITH_JIT_TRUE='#'
WITH_PCRE16_FALSE=''
WITH_PCRE16_TRUE='#'
WITH_PCRE32_FALSE=''
WITH_PCRE32_TRUE='#'
WITH_PCRE8_FALSE='#'
WITH_PCRE8_TRUE=''
WITH_PCRE_CPP_FALSE=''
WITH_PCRE_CPP_TRUE='#'
WITH_REBUILD_CHARTABLES_FALSE=''
WITH_REBUILD_CHARTABLES_TRUE='#'
WITH_UTF_FALSE='#'
WITH_UTF_TRUE=''
WITH_VALGRIND_FALSE=''
WITH_VALGRIND_TRUE='#'
ac_ct_AR=''
ac_ct_CC=''
ac_ct_CXX=''
ac_ct_DUMPBIN=''
am__EXEEXT_FALSE=''
am__EXEEXT_TRUE='#'
am__fastdepCC_FALSE=''
am__fastdepCC_TRUE='#'
am__fastdepCXX_FALSE=''
am__fastdepCXX_TRUE='#'
am__include='include'
am__isrc=''
am__leading_dot='.'
am__nodep=''
am__quote=''
am__tar='$${TAR-tar} chof - "$$tardir"'
am__untar='$${TAR-tar} xf -'
ax_pthread_config=''
bindir='${exec_prefix}/bin'
build='x86_64-pc-linux-gnu'
build_alias='x86_64-linux-gnu'
build_cpu='x86_64'
build_os='linux-gnu'
build_vendor='pc'
datadir='${datarootdir}'
datarootdir='${prefix}/share'
docdir='${datarootdir}/doc/${PACKAGE_TARNAME}'
dvidir='${docdir}'
enable_cpp='no'
enable_pcre16='no'
enable_pcre32='no'
enable_pcre8='yes'
exec_prefix='${prefix}'
host='mipsel-unknown-linux-gnu'
host_alias='mipsel-linux'
host_cpu='mipsel'
host_os='linux-gnu'
host_vendor='unknown'
htmldir='${docdir}/html'
includedir='${prefix}/include'
infodir='${datarootdir}/info'
install_sh='${SHELL} /home/vicente/tomato/release/src/router/pcre/install-sh'
libdir='${exec_prefix}/lib'
libexecdir='${exec_prefix}/libexec'
localedir='${datarootdir}/locale'
localstatedir='${prefix}/var'
mandir='${datarootdir}/man'
mkdir_p='/bin/mkdir -p'
oldincludedir='/usr/include'
pcre_have_bits_type_traits='0'
pcre_have_long_long=''
pcre_have_type_traits='0'
pcre_have_ulong_long=''
pdfdir='${docdir}'
prefix='/usr'
program_transform_name='s,x,x,'
psdir='${docdir}'
sbindir='${exec_prefix}/sbin'
sharedstatedir='${prefix}/com'
sysconfdir='${prefix}/etc'
target_alias=''

## ----------- ##
## confdefs.h. ##
## ----------- ##

/* confdefs.h */
#define PACKAGE_NAME "PCRE"
#define PACKAGE_TARNAME "pcre"
#define PACKAGE_VERSION "8.32"
#define PACKAGE_STRING "PCRE 8.32"
#define PACKAGE_BUGREPORT ""
#define PACKAGE_URL ""
#define PACKAGE "pcre"
#define VERSION "8.32"
#define STDC_HEADERS 1
#define HAVE_SYS_TYPES_H 1
#define HAVE_SYS_STAT_H 1
#define HAVE_STDLIB_H 1
#define HAVE_STRING_H 1
#define HAVE_MEMORY_H 1
#define HAVE_STRINGS_H 1
#define HAVE_INTTYPES_H 1
#define HAVE_STDINT_H 1
#define HAVE_UNISTD_H 1
#define HAVE_DLFCN_H 1
#define LT_OBJDIR ".libs/"
#define PCRE_EXP_DECL extern __attribute__ ((visibility ("default")))
#define PCRE_EXP_DEFN __attribute__ ((visibility ("default")))
#define PCRE_EXP_DATA_DEFN __attribute__ ((visibility ("default")))
#define PCREPOSIX_EXP_DECL extern __attribute__ ((visibility ("default")))
#define PCREPOSIX_EXP_DEFN extern __attribute__ ((visibility ("default")))
#define PCRECPP_EXP_DECL extern __attribute__ ((visibility ("default")))
#define PCRECPP_EXP_DEFN __attribute__ ((visibility ("default")))
#define HAVE_VISIBILITY 1
#define STDC_HEADERS 1
#define HAVE_LIMITS_H 1
#define HAVE_SYS_TYPES_H 1
#define HAVE_SYS_STAT_H 1
#define HAVE_DIRENT_H 1
#define HAVE_BCOPY 1
#define HAVE_MEMMOVE 1
#define HAVE_STRERROR 1
#define SUPPORT_PCRE8 /**/
#define SUPPORT_UTF /**/
#define SUPPORT_UCP /**/
#define PCREGREP_BUFSIZE 20480
#define NEWLINE 10
#define LINK_SIZE 2
#define POSIX_MALLOC_THRESHOLD 10
#define MATCH_LIMIT 10000000
#define MATCH_LIMIT_RECURSION MATCH_LIMIT
#define MAX_NAME_SIZE 32
#define MAX_NAME_COUNT 10000

configure: exit 0
