FROM: Jan Ceuleers <jan.ceuleers@computer.org>

Found UPS at /dev/usb/hiddev0
hiddev driver version is 1.0.2
HID: vendor 0x51d product 0x2 version 0x6 app UPS
HID: bus: 2 devnum: 2 ifnum: 0
UPS HID device name: "American Power Conversion Back-UPS CS 650 FW:817.v4.I USB FW:v4"
Battery Chemistry: "PbAc" (4)

InputReport 12
  Field 0, app UPS, phys ---
Exponent 0 lost.
    Usage 0, RemainingCapacity = 100 percent

InputReport 13
  Field 0, app UPS, phys ---
    Usage 0, RunTimeToEmpty = 1462 Seconds

InputReport 7
  Field 0, app UPS, phys ---
    Usage 0, Charging = 0 
  Field 1, app UPS, phys ---
    Usage 0, Discharging = 0 
  Field 2, app UPS, phys ---
    Usage 0, ACPresent = 1 
  Field 3, app UPS, phys ---
    Usage 0, BatteryPresent = 1 
  Field 4, app UPS, phys ---
    Usage 0, BelowRemainingCapacityLimit = 0 
  Field 5, app UPS, phys ---
    Usage 0, ShutdownRequested = 0 
  Field 6, app UPS, phys ---
    Usage 0, ShutdownImminent = 0 
  Field 7, app UPS, phys ---
    Usage 0, RemainingTimeLimitExpired = 0 
  Field 8, app UPS, phys ---
    Usage 0, CommunicationLost = 0 
  Field 9, app UPS, phys ---
    Usage 0, NeedReplacement = 0 
  Field 10, app UPS, phys ---
    Usage 0, Overload = 0 
  Field 11, app UPS, phys ---
    Usage 0, VoltageNotRegulated = 0 
  Field 12, app UPS, phys ---
    Usage 0, [ff860080] = 0 

InputReport 22
  Field 0, app UPS, phys Battery
    Usage 0, Test = 6 

InputReport 51
  Field 0, app UPS, phys ---
    Usage 0, Charging = 0 
  Field 1, app UPS, phys ---
    Usage 0, Discharging = 0 
  Field 2, app UPS, phys ---
    Usage 0, ACPresent = 1 
  Field 3, app UPS, phys ---
    Usage 0, BatteryPresent = 1 
  Field 4, app UPS, phys ---
    Usage 0, BelowRemainingCapacityLimit = 0 
  Field 5, app UPS, phys ---
    Usage 0, ShutdownRequested = 0 
  Field 6, app UPS, phys ---
    Usage 0, ShutdownImminent = 0 
  Field 7, app UPS, phys ---
    Usage 0, RemainingTimeLimitExpired = 0 
  Field 8, app UPS, phys ---
    Usage 0, CommunicationLost = 0 
  Field 9, app UPS, phys ---
    Usage 0, NeedReplacement = 0 
  Field 10, app UPS, phys ---
    Usage 0, Overload = 0 
  Field 11, app UPS, phys ---
    Usage 0, VoltageNotRegulated = 0 
  Field 12, app UPS, phys ---
    Usage 0, [ff860080] = 0 

FeatureReport 1
  Field 0, app UPS, phys ---
    Usage 0, iProduct = 1  Back-UPS CS 650 FW:817.v4.I USB FW:v4

FeatureReport 2
  Field 0, app UPS, phys ---
    Usage 0, iSerialNumber = 2  QB0642232674  

FeatureReport 3
  Field 0, app UPS, phys ---
    Usage 0, iManufacturer = 3  American Power Conversion

FeatureReport 4
  Field 0, app UPS, phys ---
    Usage 0, iOEMInformation = 3  American Power Conversion

FeatureReport 5
  Field 0, app UPS, phys ---
    Usage 0, iDeviceChemistry = 4  PbAc

FeatureReport 6
  Field 0, app UPS, phys ---
    Usage 0, Rechargeable = 1 
  Field 1, app UPS, phys ---
Exponent 0 lost.
    Usage 0, CapacityMode = 2 percent

FeatureReport 14
  Field 0, app UPS, phys ---
Exponent 2 lost.
    Usage 0, DesignCapacity = 100 percent
  Field 1, app UPS, phys ---
Exponent 2 lost.
    Usage 0, FullChargeCapacity = 100 percent

FeatureReport 12
  Field 0, app UPS, phys ---
Exponent 2 lost.
    Usage 0, RemainingCapacity = 100 percent

FeatureReport 16
  Field 0, app UPS, phys ---
Exponent 2 lost.
    Usage 0, CapacityGranularity1 = 1 percent
  Field 1, app UPS, phys ---
Exponent 2 lost.
    Usage 0, CapacityGranularity2 = 1 percent

FeatureReport 15
  Field 0, app UPS, phys ---
Exponent 2 lost.
    Usage 0, WarningCapacityLimit = 50 percent

FeatureReport 17
  Field 0, app UPS, phys ---
Exponent 2 lost.
    Usage 0, RemainingCapacityLimit = 10 percent

FeatureReport 9
  Field 0, app UPS, phys ---
    Usage 0, ManufactureDate = 13644  2006-10-12

FeatureReport 13
  Field 0, app UPS, phys ---
    Usage 0, RunTimeToEmpty = 1530 Seconds

FeatureReport 18
  Field 0, app UPS, phys ---
    Usage 0, DelayBeforeShutdown = -1 

FeatureReport 19
  Field 0, app UPS, phys ---
    Usage 0, DelayBeforeReboot = 0 Seconds

FeatureReport 8
  Field 0, app UPS, phys ---
    Usage 0, RemainingTimeLimit = 120 Seconds

FeatureReport 10
  Field 0, app UPS, phys ---
    Usage 0, ConfigVoltage = 1200 CentiVolts

FeatureReport 11
  Field 0, app UPS, phys ---
    Usage 0, Voltage = 1351 CentiVolts

FeatureReport 20
  Field 0, app UPS, phys ---
    Usage 0, AudibleAlarmControl = 1 

FeatureReport 7
  Field 0, app UPS, phys ---
    Usage 0, Charging = 0 
  Field 1, app UPS, phys ---
    Usage 0, Discharging = 0 
  Field 2, app UPS, phys ---
    Usage 0, ACPresent = 1 
  Field 3, app UPS, phys ---
    Usage 0, BatteryPresent = 1 
  Field 4, app UPS, phys ---
    Usage 0, BelowRemainingCapacityLimit = 0 
  Field 5, app UPS, phys ---
    Usage 0, ShutdownRequested = 0 
  Field 6, app UPS, phys ---
    Usage 0, ShutdownImminent = 0 
  Field 7, app UPS, phys ---
    Usage 0, RemainingTimeLimitExpired = 0 
  Field 8, app UPS, phys ---
    Usage 0, CommunicationLost = 0 
  Field 9, app UPS, phys ---
    Usage 0, NeedReplacement = 0 
  Field 10, app UPS, phys ---
    Usage 0, Overload = 0 
  Field 11, app UPS, phys ---
    Usage 0, VoltageNotRegulated = 0 
  Field 12, app UPS, phys ---
    Usage 0, [ff860080] = 0 

FeatureReport 22
  Field 0, app UPS, phys Battery
    Usage 0, Test = 6 

FeatureReport 23
  Field 0, app UPS, phys Battery
    Usage 0, APCBattCapBeforeStartup = 0 

FeatureReport 27
  Field 0, app UPS, phys Battery
    Usage 0, [ff86001a] = 0 

FeatureReport 28
  Field 0, app UPS, phys Battery
    Usage 0, [ff86001b] = 0 

FeatureReport 69
  Field 0, app UPS, phys Battery
    Usage 0, APCBattReplacementDate = 1053190  2006-10-12


FeatureReport 21
  Field 0, app UPS, phys Battery
    Usage 0, ManufactureDate = 13644  2006-10-12

FeatureReport 24
  Field 0, app UPS, phys Battery
Exponent 0 lost.
    Usage 0, RemainingCapacity = 1000 percent

FeatureReport 26
  Field 0, app UPS, phys Battery
    Usage 0, RemainingTimeLimit = 120 Seconds

FeatureReport 25
  Field 0, app UPS, phys Battery
    Usage 0, RunTimeToEmpty = 1507 Seconds

FeatureReport 30
  Field 0, app UPS, phys Battery
    Usage 0, Temperature = 3023 Degrees K with -1 exponent

FeatureReport 31
  Field 0, app UPS, phys Battery
    Usage 0, ConfigVoltage = 1200 CentiVolts

FeatureReport 29
  Field 0, app UPS, phys Battery
    Usage 0, Voltage = 1351 CentiVolts

FeatureReport 71
  Field 0, app UPS, phys Battery
    Usage 0, APC860024_?????? = 240 

FeatureReport 72
  Field 0, app UPS, phys Battery
    Usage 0, [ff860018] = 0 

FeatureReport 32
  Field 0, app UPS, phys Input
    Usage 0, Voltage = 0 DeciVolts

FeatureReport 70
  Field 0, app UPS, phys Input
    Usage 0, ConfigVoltage = 230 Volts

FeatureReport 33
  Field 0, app UPS, phys Input
    Usage 0, APCLineFailCause = 12 

FeatureReport 34
  Field 0, app UPS, phys Input
    Usage 0, APC860061_?????? = 1 

FeatureReport 66
  Field 0, app UPS, phys Input
    Usage 0, APC860024_?????? = 126 

FeatureReport 44
  Field 0, app UPS, phys Output
    Usage 0, PercentLoad = 250 

FeatureReport 82
  Field 0, app UPS, phys Output
    Usage 0, ConfigActivePower = 400 Watts

FeatureReport 42
  Field 0, app UPS, phys Output
    Usage 0, Frequency = 5000 CentiHertz

FeatureReport 43
  Field 0, app UPS, phys Output
    Usage 0, Voltage = 2300 DeciVolts

FeatureReport 45
  Field 0, app UPS, phys Output
    Usage 0, ConfigVoltage = 0 Volts

FeatureReport 35
  Field 0, app UPS, phys Output
    Usage 0, HighVoltageTransfer = 260 Volts

FeatureReport 36
  Field 0, app UPS, phys Output
    Usage 0, LowVoltageTransfer = 0 Volts

FeatureReport 37
  Field 0, app UPS, phys Output
    Usage 0, APCDelayBeforeStartup = 0 Seconds

FeatureReport 38
  Field 0, app UPS, phys Output
    Usage 0, APCShutdownAfterDelay = 0 Seconds

FeatureReport 39
  Field 0, app UPS, phys Output
    Usage 0, DelayBeforeShutdown = -1 

FeatureReport 40
  Field 0, app UPS, phys Output
    Usage 0, DelayBeforeStartup = 0 Seconds

FeatureReport 41
  Field 0, app UPS, phys Output
    Usage 0, DelayBeforeReboot = 0 Seconds

FeatureReport 64
  Field 0, app UPS, phys Output
    Usage 0, APCForceShutdown = 0 

FeatureReport 65
  Field 0, app UPS, phys Output
    Usage 0, APCDelayBeforeShutdown = -1 Seconds

FeatureReport 46
  Field 0, app UPS, phys ---
    Usage 0, iProduct = 5  Back-UPS CS 650

FeatureReport 47
  Field 0, app UPS, phys ---
    Usage 0, iSerialNumber = 2  QB0642232674  

FeatureReport 48
  Field 0, app UPS, phys ---
    Usage 0, iManufacturer = 3  American Power Conversion

FeatureReport 49
  Field 0, app UPS, phys ---
    Usage 0, iName = 6  APC

FeatureReport 52
  Field 0, app UPS, phys ---
    Usage 0, APC_UPS_FirmwareRevision = 7 

FeatureReport 55
  Field 0, app UPS, phys ---
    Usage 0, APC_USB_FirmwareRevision = 8 

FeatureReport 50
  Field 0, app UPS, phys ---
    Usage 0, APCPanelTest = 0 

FeatureReport 53
  Field 0, app UPS, phys ---
    Usage 0, ManufactureDate = 13644  2006-10-12

FeatureReport 62
  Field 0, app UPS, phys ---
    Usage 0, [ff860027] = 0 

FeatureReport 63
  Field 0, app UPS, phys ---
    Usage 0, [ff860028] = 0 

FeatureReport 54
  Field 0, app UPS, phys ---
    Usage 0, AudibleAlarmControl = 1 

FeatureReport 51
  Field 0, app UPS, phys ---
    Usage 0, Charging = 0 
  Field 1, app UPS, phys ---
    Usage 0, Discharging = 0 
  Field 2, app UPS, phys ---
    Usage 0, ACPresent = 1 
  Field 3, app UPS, phys ---
    Usage 0, BatteryPresent = 1 
  Field 4, app UPS, phys ---
    Usage 0, BelowRemainingCapacityLimit = 0 
  Field 5, app UPS, phys ---
    Usage 0, ShutdownRequested = 0 
  Field 6, app UPS, phys ---
    Usage 0, ShutdownImminent = 0 
  Field 7, app UPS, phys ---
    Usage 0, RemainingTimeLimitExpired = 0 
  Field 8, app UPS, phys ---
    Usage 0, CommunicationLost = 0 
  Field 9, app UPS, phys ---
    Usage 0, NeedReplacement = 0 
  Field 10, app UPS, phys ---
    Usage 0, Overload = 0 
  Field 11, app UPS, phys ---
    Usage 0, VoltageNotRegulated = 0 
  Field 12, app UPS, phys ---
    Usage 0, [ff860080] = 0 

FeatureReport 96
  Field 0, app UPS, phys [ff860001]
    Usage 0, APC860023_?????? = 0 

FeatureReport 97
  Field 0, app UPS, phys [ff860001]
    Usage 0, APC860026_?????? = 14 

FeatureReport 98
  Field 0, app UPS, phys [ff860001]
    Usage 0, APC860025_?????? = 0 

FeatureReport 81
  Field 0, app UPS, phys PowerConverter
    Usage 0, APC860024_?????? = 148 

Waiting for events ... (interrupt to exit)
Event: RunTimeToEmpty = 1507
Event: RunTimeToEmpty = 1507
Event: RunTimeToEmpty = 1485
Event: RunTimeToEmpty = 1462
Event: RunTimeToEmpty = 1485
Event: RunTimeToEmpty = 1507
Event: RunTimeToEmpty = 1530
Event: RunTimeToEmpty = 1507
Event: RunTimeToEmpty = 1530
