This file contains any messages produced by compilers while
running configure, to aid debugging if configure makes a mistake.

It was created by nocat configure 0.93pre2, which was
generated by GNU Autoconf 2.59.  Invocation command line was

  $ ./configure --host=mipsel-linux --build=x86_64-linux-gnu --with-firewall=iptables --with-glib-prefix=/home/vicente/tomatoraf/release/src-rt/router/mipsel-uclibc/install/glib/usr --localstatedir=/var --sysconfdir=/etc

## --------- ##
## Platform. ##
## --------- ##

hostname = pc1
uname -m = x86_64
uname -r = 2.6.35-28-generic
uname -s = Linux
uname -v = #50-Ubuntu SMP Fri Mar 18 18:42:20 UTC 2011

/usr/bin/uname -p = unknown
/bin/uname -X     = unknown

/bin/arch              = unknown
/usr/bin/arch -k       = unknown
/usr/convex/getsysinfo = unknown
hostinfo               = unknown
/bin/machine           = unknown
/usr/bin/oslevel       = unknown
/bin/universe          = unknown

PATH: /home/vicente/tomatoraf/release/tools
PATH: /home/vicente/tomatoraf/release/tools
PATH: /home/vicente/tomatoraf/release/tools
PATH: /home/vicente/tomatoraf/release/tools
PATH: /usr/local/sbin
PATH: /usr/local/bin
PATH: /usr/sbin
PATH: /usr/bin
PATH: /sbin
PATH: /bin
PATH: /usr/games
PATH: /opt/brcm/hndtools-mipsel-linux/bin
PATH: /opt/brcm/hndtools-mipsel-uclibc/bin
PATH: /opt/brcm/hndtools-mipsel-linux/bin
PATH: /opt/brcm/hndtools-mipsel-uclibc/bin


## ----------- ##
## Core tests. ##
## ----------- ##

configure:1369: checking for a BSD-compatible install
configure:1424: result: /usr/bin/install -c
configure:1435: checking whether build environment is sane
configure:1478: result: yes
configure:1535: checking for gawk
configure:1564: result: no
configure:1535: checking for mawk
configure:1551: found /usr/bin/mawk
configure:1561: result: mawk
configure:1571: checking whether make sets $(MAKE)
configure:1591: result: yes
configure:1670: checking for mipsel-linux-strip
configure:1696: result: mipsel-uclibc-strip -R .note -R .comment
configure:1755: checking whether to enable maintainer-specific portions of Makefiles
configure:1764: result: no
configure:1789: checking for mipsel-linux-gcc
configure:1815: result: mipsel-uclibc-gcc
configure:2097: checking for C compiler version
configure:2100: mipsel-uclibc-gcc --version </dev/null >&5
mipsel-uclibc-gcc (GCC) 4.2.4
Copyright (C) 2007 Free Software Foundation, Inc.
This is free software; see the source for copying conditions.  There is NO
warranty; not even for MERCHANTABILITY or FITNESS FOR A PARTICULAR PURPOSE.

configure:2103: $? = 0
configure:2105: mipsel-uclibc-gcc -v </dev/null >&5
Using built-in specs.
Target: mipsel-linux-uclibc
Configured with: /home/fedork/tomato/toolchain/build_dir/toolchain-mipsel_gcc4.2.4/gcc-4.2.4/configure --prefix=/opt/brcm/hndtools-mipsel-uclibc-4.2.4 --build=i486-linux-gnu --host=i486-linux-gnu --target=mipsel-linux-uclibc --with-gnu-ld --enable-target-optspace --disable-libgomp --disable-libmudflap --disable-multilib --disable-nls --disable-__cxa_atexit --enable-libssp --enable-languages=c,c++ --enable-shared --enable-threads --enable-tls
Thread model: posix
gcc version 4.2.4
configure:2108: $? = 0
configure:2110: mipsel-uclibc-gcc -V </dev/null >&5
mipsel-uclibc-gcc: '-V' option must have argument
configure:2113: $? = 1
configure:2136: checking for C compiler default output file name
configure:2139: mipsel-uclibc-gcc    conftest.c  >&5
configure:2142: $? = 0
configure:2188: result: a.out
configure:2193: checking whether the C compiler works
configure:2219: result: yes
configure:2226: checking whether we are cross compiling
configure:2228: result: yes
configure:2231: checking for suffix of executables
configure:2233: mipsel-uclibc-gcc -o conftest    conftest.c  >&5
configure:2236: $? = 0
configure:2261: result: 
configure:2267: checking for suffix of object files
configure:2288: mipsel-uclibc-gcc -c   conftest.c >&5
configure:2291: $? = 0
configure:2313: result: o
configure:2317: checking whether we are using the GNU C compiler
configure:2341: mipsel-uclibc-gcc -c   conftest.c >&5
configure:2347: $? = 0
configure:2351: test -z 
			 || test ! -s conftest.err
configure:2354: $? = 0
configure:2357: test -s conftest.o
configure:2360: $? = 0
configure:2373: result: yes
configure:2379: checking whether mipsel-uclibc-gcc accepts -g
configure:2400: mipsel-uclibc-gcc -c -g  conftest.c >&5
configure:2406: $? = 0
configure:2410: test -z 
			 || test ! -s conftest.err
configure:2413: $? = 0
configure:2416: test -s conftest.o
configure:2419: $? = 0
configure:2430: result: yes
configure:2447: checking for mipsel-uclibc-gcc option to accept ANSI C
configure:2517: mipsel-uclibc-gcc  -c -g -O2  conftest.c >&5
configure:2523: $? = 0
configure:2527: test -z 
			 || test ! -s conftest.err
configure:2530: $? = 0
configure:2533: test -s conftest.o
configure:2536: $? = 0
configure:2554: result: none needed
configure:2572: mipsel-uclibc-gcc -c -g -O2  conftest.c >&5
conftest.c:2: error: expected '=', ',', ';', 'asm' or '__attribute__' before 'me'
configure:2578: $? = 1
configure: failed program was:
| #ifndef __cplusplus
|   choke me
| #endif
configure:2722: checking for style of include used by make
configure:2750: result: GNU
configure:2778: checking dependency style of mipsel-uclibc-gcc
configure:2863: result: gcc3
configure:2880: checking whether make sets $(MAKE)
configure:2900: result: yes
configure:2912: checking for mipsel-linux-ranlib
configure:2938: result: mipsel-uclibc-ranlib
configure:3045: checking for glib-config
configure:3076: result: /home/vicente/tomatoraf/release/src-rt/router/mipsel-uclibc/install/glib/usr/bin/glib-config
configure:3084: checking for GLIB - version >= 1.2.0
configure:3214: result: yes
configure:3318: checking how to run the C preprocessor
configure:3353: mipsel-uclibc-gcc -E  conftest.c
configure:3359: $? = 0
configure:3391: mipsel-uclibc-gcc -E  conftest.c
conftest.c:11:28: error: ac_nonexistent.h: No such file or directory
configure:3397: $? = 1
configure: failed program was:
| /* confdefs.h.  */
| 
| #define PACKAGE_NAME "nocat"
| #define PACKAGE_TARNAME "NoCatSplash"
| #define PACKAGE_VERSION "0.93pre2"
| #define PACKAGE_STRING "nocat 0.93pre2"
| #define PACKAGE_BUGREPORT "schuyler@nocat.net"
| #define PACKAGE "NoCatSplash"
| #define VERSION "0.93pre2"
| /* end confdefs.h.  */
| #include <ac_nonexistent.h>
configure:3436: result: mipsel-uclibc-gcc -E
configure:3460: mipsel-uclibc-gcc -E  conftest.c
configure:3466: $? = 0
configure:3498: mipsel-uclibc-gcc -E  conftest.c
conftest.c:11:28: error: ac_nonexistent.h: No such file or directory
configure:3504: $? = 1
configure: failed program was:
| /* confdefs.h.  */
| 
| #define PACKAGE_NAME "nocat"
| #define PACKAGE_TARNAME "NoCatSplash"
| #define PACKAGE_VERSION "0.93pre2"
| #define PACKAGE_STRING "nocat 0.93pre2"
| #define PACKAGE_BUGREPORT "schuyler@nocat.net"
| #define PACKAGE "NoCatSplash"
| #define VERSION "0.93pre2"
| /* end confdefs.h.  */
| #include <ac_nonexistent.h>
configure:3548: checking for egrep
configure:3558: result: grep -E
configure:3563: checking for ANSI C header files
configure:3588: mipsel-uclibc-gcc -c -g -O2  conftest.c >&5
configure:3594: $? = 0
configure:3598: test -z 
			 || test ! -s conftest.err
configure:3601: $? = 0
configure:3604: test -s conftest.o
configure:3607: $? = 0
configure:3719: result: yes
configure:3729: checking for sys/wait.h that is POSIX.1 compatible
configure:3760: mipsel-uclibc-gcc -c -g -O2  conftest.c >&5
configure:3766: $? = 0
configure:3770: test -z 
			 || test ! -s conftest.err
configure:3773: $? = 0
configure:3776: test -s conftest.o
configure:3779: $? = 0
configure:3790: result: yes
configure:3814: checking for sys/types.h
configure:3830: mipsel-uclibc-gcc -c -g -O2  conftest.c >&5
configure:3836: $? = 0
configure:3840: test -z 
			 || test ! -s conftest.err
configure:3843: $? = 0
configure:3846: test -s conftest.o
configure:3849: $? = 0
configure:3860: result: yes
configure:3814: checking for sys/stat.h
configure:3830: mipsel-uclibc-gcc -c -g -O2  conftest.c >&5
configure:3836: $? = 0
configure:3840: test -z 
			 || test ! -s conftest.err
configure:3843: $? = 0
configure:3846: test -s conftest.o
configure:3849: $? = 0
configure:3860: result: yes
configure:3814: checking for stdlib.h
configure:3830: mipsel-uclibc-gcc -c -g -O2  conftest.c >&5
configure:3836: $? = 0
configure:3840: test -z 
			 || test ! -s conftest.err
configure:3843: $? = 0
configure:3846: test -s conftest.o
configure:3849: $? = 0
configure:3860: result: yes
configure:3814: checking for string.h
configure:3830: mipsel-uclibc-gcc -c -g -O2  conftest.c >&5
configure:3836: $? = 0
configure:3840: test -z 
			 || test ! -s conftest.err
configure:3843: $? = 0
configure:3846: test -s conftest.o
configure:3849: $? = 0
configure:3860: result: yes
configure:3814: checking for memory.h
configure:3830: mipsel-uclibc-gcc -c -g -O2  conftest.c >&5
configure:3836: $? = 0
configure:3840: test -z 
			 || test ! -s conftest.err
configure:3843: $? = 0
configure:3846: test -s conftest.o
configure:3849: $? = 0
configure:3860: result: yes
configure:3814: checking for strings.h
configure:3830: mipsel-uclibc-gcc -c -g -O2  conftest.c >&5
configure:3836: $? = 0
configure:3840: test -z 
			 || test ! -s conftest.err
configure:3843: $? = 0
configure:3846: test -s conftest.o
configure:3849: $? = 0
configure:3860: result: yes
configure:3814: checking for inttypes.h
configure:3830: mipsel-uclibc-gcc -c -g -O2  conftest.c >&5
configure:3836: $? = 0
configure:3840: test -z 
			 || test ! -s conftest.err
configure:3843: $? = 0
configure:3846: test -s conftest.o
configure:3849: $? = 0
configure:3860: result: yes
configure:3814: checking for stdint.h
configure:3830: mipsel-uclibc-gcc -c -g -O2  conftest.c >&5
configure:3836: $? = 0
configure:3840: test -z 
			 || test ! -s conftest.err
configure:3843: $? = 0
configure:3846: test -s conftest.o
configure:3849: $? = 0
configure:3860: result: yes
configure:3814: checking for unistd.h
configure:3830: mipsel-uclibc-gcc -c -g -O2  conftest.c >&5
configure:3836: $? = 0
configure:3840: test -z 
			 || test ! -s conftest.err
configure:3843: $? = 0
configure:3846: test -s conftest.o
configure:3849: $? = 0
configure:3860: result: yes
configure:3893: checking arpa/inet.h usability
configure:3905: mipsel-uclibc-gcc -c -g -O2  conftest.c >&5
configure:3911: $? = 0
configure:3915: test -z 
			 || test ! -s conftest.err
configure:3918: $? = 0
configure:3921: test -s conftest.o
configure:3924: $? = 0
configure:3934: result: yes
configure:3938: checking arpa/inet.h presence
configure:3948: mipsel-uclibc-gcc -E  conftest.c
configure:3954: $? = 0
configure:3974: result: yes
configure:4009: checking for arpa/inet.h
configure:4016: result: yes
configure:3893: checking fcntl.h usability
configure:3905: mipsel-uclibc-gcc -c -g -O2  conftest.c >&5
configure:3911: $? = 0
configure:3915: test -z 
			 || test ! -s conftest.err
configure:3918: $? = 0
configure:3921: test -s conftest.o
configure:3924: $? = 0
configure:3934: result: yes
configure:3938: checking fcntl.h presence
configure:3948: mipsel-uclibc-gcc -E  conftest.c
configure:3954: $? = 0
configure:3974: result: yes
configure:4009: checking for fcntl.h
configure:4016: result: yes
configure:3893: checking netinet/in.h usability
configure:3905: mipsel-uclibc-gcc -c -g -O2  conftest.c >&5
configure:3911: $? = 0
configure:3915: test -z 
			 || test ! -s conftest.err
configure:3918: $? = 0
configure:3921: test -s conftest.o
configure:3924: $? = 0
configure:3934: result: yes
configure:3938: checking netinet/in.h presence
configure:3948: mipsel-uclibc-gcc -E  conftest.c
configure:3954: $? = 0
configure:3974: result: yes
configure:4009: checking for netinet/in.h
configure:4016: result: yes
configure:3884: checking for stdlib.h
configure:3889: result: yes
configure:3884: checking for string.h
configure:3889: result: yes
configure:3893: checking sys/socket.h usability
configure:3905: mipsel-uclibc-gcc -c -g -O2  conftest.c >&5
configure:3911: $? = 0
configure:3915: test -z 
			 || test ! -s conftest.err
configure:3918: $? = 0
configure:3921: test -s conftest.o
configure:3924: $? = 0
configure:3934: result: yes
configure:3938: checking sys/socket.h presence
configure:3948: mipsel-uclibc-gcc -E  conftest.c
configure:3954: $? = 0
configure:3974: result: yes
configure:4009: checking for sys/socket.h
configure:4016: result: yes
configure:3893: checking sys/time.h usability
configure:3905: mipsel-uclibc-gcc -c -g -O2  conftest.c >&5
configure:3911: $? = 0
configure:3915: test -z 
			 || test ! -s conftest.err
configure:3918: $? = 0
configure:3921: test -s conftest.o
configure:3924: $? = 0
configure:3934: result: yes
configure:3938: checking sys/time.h presence
configure:3948: mipsel-uclibc-gcc -E  conftest.c
configure:3954: $? = 0
configure:3974: result: yes
configure:4009: checking for sys/time.h
configure:4016: result: yes
configure:3884: checking for unistd.h
configure:3889: result: yes
configure:4031: checking for an ANSI C-conforming const
configure:4098: mipsel-uclibc-gcc -c -g -O2  conftest.c >&5
configure:4104: $? = 0
configure:4108: test -z 
			 || test ! -s conftest.err
configure:4111: $? = 0
configure:4114: test -s conftest.o
configure:4117: $? = 0
configure:4128: result: yes
configure:4138: checking for off_t
configure:4162: mipsel-uclibc-gcc -c -g -O2  conftest.c >&5
configure:4168: $? = 0
configure:4172: test -z 
			 || test ! -s conftest.err
configure:4175: $? = 0
configure:4178: test -s conftest.o
configure:4181: $? = 0
configure:4192: result: yes
configure:4204: checking for pid_t
configure:4228: mipsel-uclibc-gcc -c -g -O2  conftest.c >&5
configure:4234: $? = 0
configure:4238: test -z 
			 || test ! -s conftest.err
configure:4241: $? = 0
configure:4244: test -s conftest.o
configure:4247: $? = 0
configure:4258: result: yes
configure:4278: checking for unistd.h
configure:4283: result: yes
configure:4287: checking vfork.h usability
configure:4299: mipsel-uclibc-gcc -c -g -O2  conftest.c >&5
conftest.c:65:19: error: vfork.h: No such file or directory
configure:4305: $? = 1
configure: failed program was:
| /* confdefs.h.  */
| 
| #define PACKAGE_NAME "nocat"
| #define PACKAGE_TARNAME "NoCatSplash"
| #define PACKAGE_VERSION "0.93pre2"
| #define PACKAGE_STRING "nocat 0.93pre2"
| #define PACKAGE_BUGREPORT "schuyler@nocat.net"
| #define PACKAGE "NoCatSplash"
| #define VERSION "0.93pre2"
| #define STDC_HEADERS 1
| #define HAVE_SYS_WAIT_H 1
| #define HAVE_SYS_TYPES_H 1
| #define HAVE_SYS_STAT_H 1
| #define HAVE_STDLIB_H 1
| #define HAVE_STRING_H 1
| #define HAVE_MEMORY_H 1
| #define HAVE_STRINGS_H 1
| #define HAVE_INTTYPES_H 1
| #define HAVE_STDINT_H 1
| #define HAVE_UNISTD_H 1
| #define HAVE_ARPA_INET_H 1
| #define HAVE_FCNTL_H 1
| #define HAVE_NETINET_IN_H 1
| #define HAVE_STDLIB_H 1
| #define HAVE_STRING_H 1
| #define HAVE_SYS_SOCKET_H 1
| #define HAVE_SYS_TIME_H 1
| #define HAVE_UNISTD_H 1
| #define HAVE_UNISTD_H 1
| /* end confdefs.h.  */
| #include <stdio.h>
| #if HAVE_SYS_TYPES_H
| # include <sys/types.h>
| #endif
| #if HAVE_SYS_STAT_H
| # include <sys/stat.h>
| #endif
| #if STDC_HEADERS
| # include <stdlib.h>
| # include <stddef.h>
| #else
| # if HAVE_STDLIB_H
| #  include <stdlib.h>
| # endif
| #endif
| #if HAVE_STRING_H
| # if !STDC_HEADERS && HAVE_MEMORY_H
| #  include <memory.h>
| # endif
| # include <string.h>
| #endif
| #if HAVE_STRINGS_H
| # include <strings.h>
| #endif
| #if HAVE_INTTYPES_H
| # include <inttypes.h>
| #else
| # if HAVE_STDINT_H
| #  include <stdint.h>
| # endif
| #endif
| #if HAVE_UNISTD_H
| # include <unistd.h>
| #endif
| #include <vfork.h>
configure:4328: result: no
configure:4332: checking vfork.h presence
configure:4342: mipsel-uclibc-gcc -E  conftest.c
conftest.c:31:19: error: vfork.h: No such file or directory
configure:4348: $? = 1
configure: failed program was:
| /* confdefs.h.  */
| 
| #define PACKAGE_NAME "nocat"
| #define PACKAGE_TARNAME "NoCatSplash"
| #define PACKAGE_VERSION "0.93pre2"
| #define PACKAGE_STRING "nocat 0.93pre2"
| #define PACKAGE_BUGREPORT "schuyler@nocat.net"
| #define PACKAGE "NoCatSplash"
| #define VERSION "0.93pre2"
| #define STDC_HEADERS 1
| #define HAVE_SYS_WAIT_H 1
| #define HAVE_SYS_TYPES_H 1
| #define HAVE_SYS_STAT_H 1
| #define HAVE_STDLIB_H 1
| #define HAVE_STRING_H 1
| #define HAVE_MEMORY_H 1
| #define HAVE_STRINGS_H 1
| #define HAVE_INTTYPES_H 1
| #define HAVE_STDINT_H 1
| #define HAVE_UNISTD_H 1
| #define HAVE_ARPA_INET_H 1
| #define HAVE_FCNTL_H 1
| #define HAVE_NETINET_IN_H 1
| #define HAVE_STDLIB_H 1
| #define HAVE_STRING_H 1
| #define HAVE_SYS_SOCKET_H 1
| #define HAVE_SYS_TIME_H 1
| #define HAVE_UNISTD_H 1
| #define HAVE_UNISTD_H 1
| /* end confdefs.h.  */
| #include <vfork.h>
configure:4368: result: no
configure:4403: checking for vfork.h
configure:4410: result: no
configure:4428: checking for fork
configure:4485: mipsel-uclibc-gcc -o conftest -g -O2   conftest.c  >&5
conftest.c:55: warning: conflicting types for built-in function 'fork'
configure:4491: $? = 0
configure:4495: test -z 
			 || test ! -s conftest.err
configure:4498: $? = 0
configure:4501: test -s conftest
configure:4504: $? = 0
configure:4516: result: yes
configure:4428: checking for vfork
configure:4485: mipsel-uclibc-gcc -o conftest -g -O2   conftest.c  >&5
configure:4491: $? = 0
configure:4495: test -z 
			 || test ! -s conftest.err
configure:4498: $? = 0
configure:4501: test -s conftest
configure:4504: $? = 0
configure:4516: result: yes
configure:4527: checking for working fork
configure:4572: result: cross
configure:4588: WARNING: result yes guessed because of cross compilation
configure:4593: checking for working vfork
configure:4726: result: yes
configure:4763: checking for stdlib.h
configure:4768: result: yes
configure:4763: checking for unistd.h
configure:4768: result: yes
configure:4912: checking for getpagesize
configure:4969: mipsel-uclibc-gcc -o conftest -g -O2   conftest.c  >&5
configure:4975: $? = 0
configure:4979: test -z 
			 || test ! -s conftest.err
configure:4982: $? = 0
configure:4985: test -s conftest
configure:4988: $? = 0
configure:5000: result: yes
configure:5010: checking for working mmap
configure:5174: result: no
configure:5185: checking return type of signal handlers
configure:5216: mipsel-uclibc-gcc -c -g -O2  conftest.c >&5
configure:5222: $? = 0
configure:5226: test -z 
			 || test ! -s conftest.err
configure:5229: $? = 0
configure:5232: test -s conftest.o
configure:5235: $? = 0
configure:5246: result: void
configure:5254: checking for working strtod
configure:5319: result: no
configure:5330: checking for pow
configure:5387: mipsel-uclibc-gcc -o conftest -g -O2   conftest.c  >&5
conftest.c:63: warning: conflicting types for built-in function 'pow'
/tmp/ccKQhDHU.o: In function `main':
/home/vicente/tomatoraf/release/src/router/nocat/conftest.c:78: undefined reference to `pow'
/tmp/ccKQhDHU.o:(.data.rel+0x0): undefined reference to `pow'
collect2: ld returned 1 exit status
configure:5393: $? = 1
configure: failed program was:
| /* confdefs.h.  */
| 
| #define PACKAGE_NAME "nocat"
| #define PACKAGE_TARNAME "NoCatSplash"
| #define PACKAGE_VERSION "0.93pre2"
| #define PACKAGE_STRING "nocat 0.93pre2"
| #define PACKAGE_BUGREPORT "schuyler@nocat.net"
| #define PACKAGE "NoCatSplash"
| #define VERSION "0.93pre2"
| #define STDC_HEADERS 1
| #define HAVE_SYS_WAIT_H 1
| #define HAVE_SYS_TYPES_H 1
| #define HAVE_SYS_STAT_H 1
| #define HAVE_STDLIB_H 1
| #define HAVE_STRING_H 1
| #define HAVE_MEMORY_H 1
| #define HAVE_STRINGS_H 1
| #define HAVE_INTTYPES_H 1
| #define HAVE_STDINT_H 1
| #define HAVE_UNISTD_H 1
| #define HAVE_ARPA_INET_H 1
| #define HAVE_FCNTL_H 1
| #define HAVE_NETINET_IN_H 1
| #define HAVE_STDLIB_H 1
| #define HAVE_STRING_H 1
| #define HAVE_SYS_SOCKET_H 1
| #define HAVE_SYS_TIME_H 1
| #define HAVE_UNISTD_H 1
| #define HAVE_UNISTD_H 1
| #define HAVE_FORK 1
| #define HAVE_VFORK 1
| #define HAVE_WORKING_VFORK 1
| #define HAVE_WORKING_FORK 1
| #define HAVE_STDLIB_H 1
| #define HAVE_UNISTD_H 1
| #define HAVE_GETPAGESIZE 1
| #define RETSIGTYPE void
| /* end confdefs.h.  */
| /* Define pow to an innocuous variant, in case <limits.h> declares pow.
|    For example, HP-UX 11i <limits.h> declares gettimeofday.  */
| #define pow innocuous_pow
| 
| /* System header to define __stub macros and hopefully few prototypes,
|     which can conflict with char pow (); below.
|     Prefer <limits.h> to <assert.h> if __STDC__ is defined, since
|     <limits.h> exists even on freestanding compilers.  */
| 
| #ifdef __STDC__
| # include <limits.h>
| #else
| # include <assert.h>
| #endif
| 
| #undef pow
| 
| /* Override any gcc2 internal prototype to avoid an error.  */
| #ifdef __cplusplus
| extern "C"
| {
| #endif
| /* We use char because int might match the return type of a gcc2
|    builtin and then its argument prototype would still apply.  */
| char pow ();
| /* The GNU C library defines this for functions which it implements
|     to always fail with ENOSYS.  Some functions are actually named
|     something starting with __ and the normal name is an alias.  */
| #if defined (__stub_pow) || defined (__stub___pow)
| choke me
| #else
| char (*f) () = pow;
| #endif
| #ifdef __cplusplus
| }
| #endif
| 
| int
| main ()
| {
| return f != pow;
|   ;
|   return 0;
| }
configure:5418: result: no
configure:5422: checking for pow in -lm
configure:5452: mipsel-uclibc-gcc -o conftest -g -O2   conftest.c -lm   >&5
conftest.c:46: warning: conflicting types for built-in function 'pow'
configure:5458: $? = 0
configure:5462: test -z 
			 || test ! -s conftest.err
configure:5465: $? = 0
configure:5468: test -s conftest
configure:5471: $? = 0
configure:5484: result: yes
configure:5507: checking for munmap
configure:5564: mipsel-uclibc-gcc -o conftest -g -O2   conftest.c  >&5
configure:5570: $? = 0
configure:5574: test -z 
			 || test ! -s conftest.err
configure:5577: $? = 0
configure:5580: test -s conftest
configure:5583: $? = 0
configure:5595: result: yes
configure:5507: checking for socket
configure:5564: mipsel-uclibc-gcc -o conftest -g -O2   conftest.c  >&5
configure:5570: $? = 0
configure:5574: test -z 
			 || test ! -s conftest.err
configure:5577: $? = 0
configure:5580: test -s conftest
configure:5583: $? = 0
configure:5595: result: yes
configure:5507: checking for strchr
configure:5564: mipsel-uclibc-gcc -o conftest -g -O2   conftest.c  >&5
conftest.c:65: warning: conflicting types for built-in function 'strchr'
configure:5570: $? = 0
configure:5574: test -z 
			 || test ! -s conftest.err
configure:5577: $? = 0
configure:5580: test -s conftest
configure:5583: $? = 0
configure:5595: result: yes
configure:5507: checking for strcspn
configure:5564: mipsel-uclibc-gcc -o conftest -g -O2   conftest.c  >&5
conftest.c:66: warning: conflicting types for built-in function 'strcspn'
configure:5570: $? = 0
configure:5574: test -z 
			 || test ! -s conftest.err
configure:5577: $? = 0
configure:5580: test -s conftest
configure:5583: $? = 0
configure:5595: result: yes
configure:5507: checking for strrchr
configure:5564: mipsel-uclibc-gcc -o conftest -g -O2   conftest.c  >&5
conftest.c:67: warning: conflicting types for built-in function 'strrchr'
configure:5570: $? = 0
configure:5574: test -z 
			 || test ! -s conftest.err
configure:5577: $? = 0
configure:5580: test -s conftest
configure:5583: $? = 0
configure:5595: result: yes
configure:5507: checking for strstr
configure:5564: mipsel-uclibc-gcc -o conftest -g -O2   conftest.c  >&5
conftest.c:68: warning: conflicting types for built-in function 'strstr'
configure:5570: $? = 0
configure:5574: test -z 
			 || test ! -s conftest.err
configure:5577: $? = 0
configure:5580: test -s conftest
configure:5583: $? = 0
configure:5595: result: yes
configure:5507: checking for strtol
configure:5564: mipsel-uclibc-gcc -o conftest -g -O2   conftest.c  >&5
configure:5570: $? = 0
configure:5574: test -z 
			 || test ! -s conftest.err
configure:5577: $? = 0
configure:5580: test -s conftest
configure:5583: $? = 0
configure:5595: result: yes
configure:6047: creating ./config.status

## ---------------------- ##
## Running config.status. ##
## ---------------------- ##

This file was extended by nocat config.status 0.93pre2, which was
generated by GNU Autoconf 2.59.  Invocation command line was

  CONFIG_FILES    = 
  CONFIG_HEADERS  = 
  CONFIG_LINKS    = 
  CONFIG_COMMANDS = 
  $ ./config.status 

on pc1

config.status:705: creating Makefile
config.status:705: creating src/Makefile
config.status:809: creating src/config.h
config.status:993: src/config.h is unchanged
config.status:1173: executing depfiles commands

## ---------------- ##
## Cache variables. ##
## ---------------- ##

ac_cv_c_compiler_gnu=yes
ac_cv_c_const=yes
ac_cv_env_CC_set=set
ac_cv_env_CC_value=mipsel-uclibc-gcc
ac_cv_env_CFLAGS_set=
ac_cv_env_CFLAGS_value=
ac_cv_env_CPPFLAGS_set=
ac_cv_env_CPPFLAGS_value=
ac_cv_env_CPP_set=
ac_cv_env_CPP_value=
ac_cv_env_LDFLAGS_set=
ac_cv_env_LDFLAGS_value=
ac_cv_env_build_alias_set=set
ac_cv_env_build_alias_value=x86_64-linux-gnu
ac_cv_env_host_alias_set=set
ac_cv_env_host_alias_value=mipsel-linux
ac_cv_env_target_alias_set=
ac_cv_env_target_alias_value=
ac_cv_exeext=
ac_cv_func_fork=yes
ac_cv_func_fork_works=yes
ac_cv_func_getpagesize=yes
ac_cv_func_mmap_fixed_mapped=no
ac_cv_func_munmap=yes
ac_cv_func_pow=no
ac_cv_func_socket=yes
ac_cv_func_strchr=yes
ac_cv_func_strcspn=yes
ac_cv_func_strrchr=yes
ac_cv_func_strstr=yes
ac_cv_func_strtod=no
ac_cv_func_strtol=yes
ac_cv_func_vfork=yes
ac_cv_func_vfork_works=yes
ac_cv_header_arpa_inet_h=yes
ac_cv_header_fcntl_h=yes
ac_cv_header_inttypes_h=yes
ac_cv_header_memory_h=yes
ac_cv_header_netinet_in_h=yes
ac_cv_header_stdc=yes
ac_cv_header_stdint_h=yes
ac_cv_header_stdlib_h=yes
ac_cv_header_string_h=yes
ac_cv_header_strings_h=yes
ac_cv_header_sys_socket_h=yes
ac_cv_header_sys_stat_h=yes
ac_cv_header_sys_time_h=yes
ac_cv_header_sys_types_h=yes
ac_cv_header_sys_wait_h=yes
ac_cv_header_unistd_h=yes
ac_cv_header_vfork_h=no
ac_cv_lib_m_pow=yes
ac_cv_objext=o
ac_cv_path_GLIB_CONFIG=/home/vicente/tomatoraf/release/src-rt/router/mipsel-uclibc/install/glib/usr/bin/glib-config
ac_cv_path_install='/usr/bin/install -c'
ac_cv_prog_AWK=mawk
ac_cv_prog_CC=mipsel-uclibc-gcc
ac_cv_prog_CPP='mipsel-uclibc-gcc -E'
ac_cv_prog_RANLIB=mipsel-uclibc-ranlib
ac_cv_prog_STRIP='mipsel-uclibc-strip -R .note -R .comment'
ac_cv_prog_cc_g=yes
ac_cv_prog_cc_stdc=
ac_cv_prog_egrep='grep -E'
ac_cv_prog_make_make_set=yes
ac_cv_type_off_t=yes
ac_cv_type_pid_t=yes
ac_cv_type_signal=void
am_cv_CC_dependencies_compiler_type=gcc3

## ----------------- ##
## Output variables. ##
## ----------------- ##

ACLOCAL='${SHELL} /home/vicente/tomatoraf/release/src/router/nocat/missing --run aclocal-1.8'
AMDEPBACKSLASH='\'
AMDEP_FALSE='#'
AMDEP_TRUE=''
AMTAR='${SHELL} /home/vicente/tomatoraf/release/src/router/nocat/missing --run tar'
AUTOCONF='${SHELL} /home/vicente/tomatoraf/release/src/router/nocat/missing --run autoconf'
AUTOHEADER='${SHELL} /home/vicente/tomatoraf/release/src/router/nocat/missing --run autoheader'
AUTOMAKE='${SHELL} /home/vicente/tomatoraf/release/src/router/nocat/missing --run automake-1.8'
AWK='mawk'
CC='mipsel-uclibc-gcc'
CCDEPMODE='depmode=gcc3'
CFLAGS='-g -O2'
CPP='mipsel-uclibc-gcc -E'
CPPFLAGS=''
CYGPATH_W='echo'
DEFS='-DHAVE_CONFIG_H'
DEPDIR='.deps'
ECHO_C=''
ECHO_N='-n'
ECHO_T=''
EGREP='grep -E'
EXEEXT=''
GHTTPD_PROGRAM=''
GLIB_CFLAGS='-I/home/vicente/tomatoraf/release/src-rt/router/mipsel-uclibc/install/glib/usr/include/glib-1.2 -I/home/vicente/tomatoraf/release/src-rt/router/mipsel-uclibc/install/glib/usr/lib/glib/include'
GLIB_CONFIG='/home/vicente/tomatoraf/release/src-rt/router/mipsel-uclibc/install/glib/usr/bin/glib-config'
GLIB_LIBS='-L/home/vicente/tomatoraf/release/src-rt/router/mipsel-uclibc/install/glib/usr/lib -lglib'
INSTALL_DATA='${INSTALL} -m 644'
INSTALL_PROGRAM='${INSTALL}'
INSTALL_SCRIPT='${INSTALL}'
INSTALL_STRIP_PROGRAM='${SHELL} $(install_sh) -c -s'
LDFLAGS=''
LIBOBJS=' strtod$U.o'
LIBS=''
LTLIBOBJS=' strtod$U.lo'
MAINT='#'
MAINTAINER_MODE_FALSE=''
MAINTAINER_MODE_TRUE='#'
MAKEINFO='${SHELL} /home/vicente/tomatoraf/release/src/router/nocat/missing --run makeinfo'
OBJEXT='o'
PACKAGE='NoCatSplash'
PACKAGE_BUGREPORT='schuyler@nocat.net'
PACKAGE_NAME='nocat'
PACKAGE_STRING='nocat 0.93pre2'
PACKAGE_TARNAME='NoCatSplash'
PACKAGE_VERSION='0.93pre2'
PATH_SEPARATOR=':'
POW_LIB='-lm'
RANLIB='mipsel-uclibc-ranlib'
SET_MAKE=''
SHELL='/bin/bash'
SPLASHD_MODE='open.c'
STRIP='mipsel-uclibc-strip -R .note -R .comment'
VERSION='0.93pre2'
ac_ct_CC=''
ac_ct_RANLIB=''
ac_ct_STRIP=''
am__fastdepCC_FALSE='#'
am__fastdepCC_TRUE=''
am__include='include'
am__leading_dot='.'
am__quote=''
bindir='${exec_prefix}/bin'
build_alias='x86_64-linux-gnu'
datadir='${prefix}/share'
exec_prefix='/usr/local'
firewall='iptables'
host_alias='mipsel-linux'
htdocsdir='${prefix}/share/nocat/htdocs'
imagesdir='${prefix}/share/nocat/htdocs/images'
includedir='${prefix}/include'
infodir='${prefix}/info'
install_sh='/home/vicente/tomatoraf/release/src/router/nocat/install-sh'
libdir='${exec_prefix}/lib'
libexecdir='${exec_prefix}/libexec'
libexecscripts='libexec/iptables/reset.fw libexec/iptables/throttle.fw libexec/iptables/access.fw libexec/iptables/dump.fw libexec/iptables/initialize.fw libexec/iptables/clear.fw '
localstatedir='/var'
mandir='${prefix}/man'
mkdir_p='mkdir -p -- .'
oldincludedir='/usr/include'
pgpdir='${prefix}/share/nocat/pgp'
pkglibexecdir='${exec_prefix}/libexec/nocat'
prefix='/usr/local'
program_transform_name='s,x,x,'
sbindir='${exec_prefix}/sbin'
sharedstatedir='${prefix}/com'
sysconfdir='/etc'
target_alias=''

## ----------- ##
## confdefs.h. ##
## ----------- ##

#define HAVE_ARPA_INET_H 1
#define HAVE_FCNTL_H 1
#define HAVE_FORK 1
#define HAVE_GETPAGESIZE 1
#define HAVE_INTTYPES_H 1
#define HAVE_MEMORY_H 1
#define HAVE_MUNMAP 1
#define HAVE_NETINET_IN_H 1
#define HAVE_SOCKET 1
#define HAVE_STDINT_H 1
#define HAVE_STDLIB_H 1
#define HAVE_STDLIB_H 1
#define HAVE_STDLIB_H 1
#define HAVE_STRCHR 1
#define HAVE_STRCSPN 1
#define HAVE_STRINGS_H 1
#define HAVE_STRING_H 1
#define HAVE_STRING_H 1
#define HAVE_STRRCHR 1
#define HAVE_STRSTR 1
#define HAVE_STRTOL 1
#define HAVE_SYS_SOCKET_H 1
#define HAVE_SYS_STAT_H 1
#define HAVE_SYS_TIME_H 1
#define HAVE_SYS_TYPES_H 1
#define HAVE_SYS_WAIT_H 1
#define HAVE_UNISTD_H 1
#define HAVE_UNISTD_H 1
#define HAVE_UNISTD_H 1
#define HAVE_UNISTD_H 1
#define HAVE_VFORK 1
#define HAVE_WORKING_FORK 1
#define HAVE_WORKING_VFORK 1
#define NC_CONF_PATH "/etc"
#define NC_DOCUMENT_ROOT "/usr/local/share/nocat/htdocs"
#define NC_FIREWALL_PATH "/usr/local/libexec/nocat"
#define NC_PGP_PATH "/usr/local/share/nocat/pgp"
#define NC_PID_FILE "/var/run/splashd.pid"
#define NC_STATE_DIR "/var"
#define PACKAGE "NoCatSplash"
#define PACKAGE_BUGREPORT "schuyler@nocat.net"
#define PACKAGE_NAME "nocat"
#define PACKAGE_STRING "nocat 0.93pre2"
#define PACKAGE_TARNAME "NoCatSplash"
#define PACKAGE_VERSION "0.93pre2"
#define RETSIGTYPE void
#define STDC_HEADERS 1
#define VERSION "0.93pre2"

configure: exit 0
