This file contains any messages produced by compilers while
running configure, to aid debugging if configure makes a mistake.

It was created by configure, which was
generated by GNU Autoconf 2.61.  Invocation command line was

  $ ./configure --host=arm-linux --build=x86_64-linux-gnu

## --------- ##
## Platform. ##
## --------- ##

hostname = builder
uname -m = x86_64
uname -r = 3.2.0-4-amd64
uname -s = Linux
uname -v = #1 SMP Debian 3.2.41-2

/usr/bin/uname -p = unknown
/bin/uname -X     = unknown

/bin/arch              = unknown
/usr/bin/arch -k       = unknown
/usr/convex/getsysinfo = unknown
/usr/bin/hostinfo      = unknown
/bin/machine           = unknown
/usr/bin/oslevel       = unknown
/bin/universe          = unknown

PATH: /home/shibby/openwrt/tomato-ss/release/tools
PATH: /home/shibby/openwrt/tomato-ss/release/tools
PATH: /home/shibby/openwrt/tomato-ss/release/tools
PATH: /home/shibby/openwrt/tomato-ss/release/tools
PATH: /usr/local/bin
PATH: /usr/bin
PATH: /bin
PATH: /usr/local/games
PATH: /usr/games
PATH: /sbin
PATH: /opt/brcm/hndtools-mipsel-uclibc/bin
PATH: /opt/brcm/hndtools-mipsel-linux/bin
PATH: /opt/hndtools-arm-linux-2.6.36-uclibc-4.5.3/bin


## ----------- ##
## Core tests. ##
## ----------- ##

configure:2001: checking build system type
configure:2019: result: x86_64-pc-linux-gnu
configure:2041: checking host system type
configure:2056: result: arm-unknown-linux-gnu
configure:2078: checking target system type
configure:2093: result: arm-unknown-linux-gnu
configure:2136: checking for a BSD-compatible install
configure:2192: result: /usr/bin/install -c
configure:2203: checking whether build environment is sane
configure:2246: result: yes
configure:2274: checking for a thread-safe mkdir -p
configure:2313: result: /bin/mkdir -p
configure:2326: checking for gawk
configure:2342: found /usr/bin/gawk
configure:2353: result: gawk
configure:2364: checking whether make sets $(MAKE)
configure:2385: result: yes
configure:2465: checking for arm-linux-strip
configure:2492: result: arm-brcm-linux-uclibcgnueabi-strip
configure:2594: checking for arm-linux-gcc
configure:2621: result: arm-brcm-linux-uclibcgnueabi-gcc
configure:2899: checking for C compiler version
configure:2906: arm-brcm-linux-uclibcgnueabi-gcc --version >&5
arm-brcm-linux-uclibcgnueabi-gcc (Buildroot 2012.02) 4.5.3
Copyright (C) 2010 Free Software Foundation, Inc.
This is free software; see the source for copying conditions.  There is NO
warranty; not even for MERCHANTABILITY or FITNESS FOR A PARTICULAR PURPOSE.

configure:2909: $? = 0
configure:2916: arm-brcm-linux-uclibcgnueabi-gcc -v >&5
Using built-in specs.
COLLECT_GCC=arm-brcm-linux-uclibcgnueabi-gcc
COLLECT_LTO_WRAPPER=/opt/hndtools-arm-linux-2.6.36-uclibc-4.5.3/bin/../libexec/gcc/arm-brcm-linux-uclibcgnueabi/4.5.3/lto-wrapper
Target: arm-brcm-linux-uclibcgnueabi
Configured with: /projects/toolchains_build/buildroot-2012.02-brcm/output/toolchain/gcc-4.5.3/configure --prefix=/projects/hnd/tools/linux/hndtools-arm-linux-2.6.36-uclibc-4.5.3 --build=i686-pc-linux-gnu --host=i686-pc-linux-gnu --target=arm-brcm-linux-uclibcgnueabi --enable-languages=c,c++ --with-sysroot=/projects/hnd/tools/linux/hndtools-arm-linux-2.6.36-uclibc-4.5.3/arm-brcm-linux-uclibcgnueabi/sysroot --with-build-time-tools=/projects/hnd/tools/linux/hndtools-arm-linux-2.6.36-uclibc-4.5.3/arm-brcm-linux-uclibcgnueabi/bin --disable-__cxa_atexit --enable-target-optspace --disable-libgomp --with-gnu-ld --disable-libssp --disable-multilib --disable-tls --enable-shared --with-gmp=/projects/hnd/tools/linux/hndtools-arm-linux-2.6.36-uclibc-4.5.3 --with-mpfr=/projects/hnd/tools/linux/hndtools-arm-linux-2.6.36-uclibc-4.5.3 --with-mpc=/projects/hnd/tools/linux/hndtools-arm-linux-2.6.36-uclibc-4.5.3 --enable-threads --disable-decimal-float --with-float=soft --with-abi=aapcs-linux --with-arch=armv7-a --with-tune=cortex-a9 --with-pkgversion='Buildroot 2012.02' --with-bugurl=http://bugs.buildroot.net/
Thread model: posix
gcc version 4.5.3 (Buildroot 2012.02) 
configure:2919: $? = 0
configure:2926: arm-brcm-linux-uclibcgnueabi-gcc -V >&5
arm-brcm-linux-uclibcgnueabi-gcc: '-V' option must have argument
configure:2929: $? = 1
configure:2952: checking for C compiler default output file name
configure:2979: arm-brcm-linux-uclibcgnueabi-gcc -Os -Wall -fPIC -DLINUX26 -DCONFIG_BCMWL5 -DCONFIG_BCMWL6 -DPART_JFFS2_GAP=0UL -pipe -DBCMWPA2 -DBCMARM -fno-strict-aliasing -marm  -DTCONFIG_NVRAM_64K -ffunction-sections -fdata-sections -DNO_MD4 -DNO_AES -DNO_ERROR_STRINGS -DNO_HC128 -DNO_RABBIT -DNO_PSK -DNO_DSA -DNO_DH -DNO_PWDBASED   -ffunction-sections -fdata-sections -Wl,--gc-sections -fPIC conftest.c  >&5
configure:2982: $? = 0
configure:3020: result: a.out
configure:3037: checking whether the C compiler works
configure:3067: result: yes
configure:3074: checking whether we are cross compiling
configure:3076: result: yes
configure:3079: checking for suffix of executables
configure:3086: arm-brcm-linux-uclibcgnueabi-gcc -o conftest -Os -Wall -fPIC -DLINUX26 -DCONFIG_BCMWL5 -DCONFIG_BCMWL6 -DPART_JFFS2_GAP=0UL -pipe -DBCMWPA2 -DBCMARM -fno-strict-aliasing -marm  -DTCONFIG_NVRAM_64K -ffunction-sections -fdata-sections -DNO_MD4 -DNO_AES -DNO_ERROR_STRINGS -DNO_HC128 -DNO_RABBIT -DNO_PSK -DNO_DSA -DNO_DH -DNO_PWDBASED   -ffunction-sections -fdata-sections -Wl,--gc-sections -fPIC conftest.c  >&5
configure:3089: $? = 0
configure:3113: result: 
configure:3119: checking for suffix of object files
configure:3145: arm-brcm-linux-uclibcgnueabi-gcc -c -Os -Wall -fPIC -DLINUX26 -DCONFIG_BCMWL5 -DCONFIG_BCMWL6 -DPART_JFFS2_GAP=0UL -pipe -DBCMWPA2 -DBCMARM -fno-strict-aliasing -marm  -DTCONFIG_NVRAM_64K -ffunction-sections -fdata-sections -DNO_MD4 -DNO_AES -DNO_ERROR_STRINGS -DNO_HC128 -DNO_RABBIT -DNO_PSK -DNO_DSA -DNO_DH -DNO_PWDBASED   conftest.c >&5
configure:3148: $? = 0
configure:3171: result: o
configure:3175: checking whether we are using the GNU C compiler
configure:3204: arm-brcm-linux-uclibcgnueabi-gcc -c -Os -Wall -fPIC -DLINUX26 -DCONFIG_BCMWL5 -DCONFIG_BCMWL6 -DPART_JFFS2_GAP=0UL -pipe -DBCMWPA2 -DBCMARM -fno-strict-aliasing -marm  -DTCONFIG_NVRAM_64K -ffunction-sections -fdata-sections -DNO_MD4 -DNO_AES -DNO_ERROR_STRINGS -DNO_HC128 -DNO_RABBIT -DNO_PSK -DNO_DSA -DNO_DH -DNO_PWDBASED   conftest.c >&5
configure:3210: $? = 0
configure:3227: result: yes
configure:3232: checking whether arm-brcm-linux-uclibcgnueabi-gcc accepts -g
configure:3262: arm-brcm-linux-uclibcgnueabi-gcc -c -g  conftest.c >&5
configure:3268: $? = 0
configure:3367: result: yes
configure:3384: checking for arm-brcm-linux-uclibcgnueabi-gcc option to accept ISO C89
configure:3458: arm-brcm-linux-uclibcgnueabi-gcc  -c -Os -Wall -fPIC -DLINUX26 -DCONFIG_BCMWL5 -DCONFIG_BCMWL6 -DPART_JFFS2_GAP=0UL -pipe -DBCMWPA2 -DBCMARM -fno-strict-aliasing -marm  -DTCONFIG_NVRAM_64K -ffunction-sections -fdata-sections -DNO_MD4 -DNO_AES -DNO_ERROR_STRINGS -DNO_HC128 -DNO_RABBIT -DNO_PSK -DNO_DSA -DNO_DH -DNO_PWDBASED   conftest.c >&5
configure:3464: $? = 0
configure:3487: result: none needed
configure:3516: checking for style of include used by make
configure:3544: result: GNU
configure:3569: checking dependency style of arm-brcm-linux-uclibcgnueabi-gcc
configure:3660: result: gcc3
configure:3676: checking whether arm-brcm-linux-uclibcgnueabi-gcc and cc understand -c and -o together
configure:3711: arm-brcm-linux-uclibcgnueabi-gcc -c conftest.c -o conftest2.o >&5
configure:3714: $? = 0
configure:3720: arm-brcm-linux-uclibcgnueabi-gcc -c conftest.c -o conftest2.o >&5
configure:3723: $? = 0
configure:3734: cc -c conftest.c >&5
configure:3737: $? = 0
configure:3745: cc -c conftest.c -o conftest2.o >&5
configure:3748: $? = 0
configure:3754: cc -c conftest.c -o conftest2.o >&5
configure:3757: $? = 0
configure:3775: result: yes
configure:3796: checking dependency style of arm-brcm-linux-uclibcgnueabi-gcc
configure:3887: result: gcc3
configure:3915: checking for a BSD-compatible install
configure:3971: result: /usr/bin/install -c
configure:4322: checking for a sed that does not truncate output
configure:4401: result: /bin/sed
configure:4419: checking for grep that handles long lines and -e
configure:4493: result: /bin/grep
configure:4498: checking for egrep
configure:4576: result: /bin/grep -E
configure:4581: checking for fgrep
configure:4659: result: /bin/grep -F
configure:4694: checking for ld used by arm-brcm-linux-uclibcgnueabi-gcc
configure:4761: result: arm-brcm-linux-uclibcgnueabi-ld
configure:4770: checking if the linker (arm-brcm-linux-uclibcgnueabi-ld) is GNU ld
configure:4785: result: yes
configure:4797: checking for BSD- or MS-compatible name lister (nm)
configure:4846: result: arm-brcm-linux-uclibcgnueabi-nm
configure:4968: checking the name lister (arm-brcm-linux-uclibcgnueabi-nm) interface
configure:4975: arm-brcm-linux-uclibcgnueabi-gcc -c -Os -Wall -fPIC -DLINUX26 -DCONFIG_BCMWL5 -DCONFIG_BCMWL6 -DPART_JFFS2_GAP=0UL -pipe -DBCMWPA2 -DBCMARM -fno-strict-aliasing -marm  -DTCONFIG_NVRAM_64K -ffunction-sections -fdata-sections -DNO_MD4 -DNO_AES -DNO_ERROR_STRINGS -DNO_HC128 -DNO_RABBIT -DNO_PSK -DNO_DSA -DNO_DH -DNO_PWDBASED   conftest.c >&5
configure:4978: arm-brcm-linux-uclibcgnueabi-nm "conftest.o"
configure:4981: output
00000000 B some_variable
configure:4988: result: BSD nm
configure:4991: checking whether ln -s works
configure:4995: result: yes
configure:5003: checking the maximum length of command line arguments
configure:5123: result: 3458764513820540925
configure:5140: checking whether the shell understands some XSI constructs
configure:5150: result: yes
configure:5154: checking whether the shell understands "+="
configure:5160: result: yes
configure:5195: checking for arm-brcm-linux-uclibcgnueabi-ld option to reload object files
configure:5202: result: -r
configure:5229: checking how to recognize dependent libraries
configure:5419: result: pass_all
configure:5439: checking for arm-linux-ar
configure:5466: result: arm-brcm-linux-uclibcgnueabi-ar
configure:5548: checking for arm-linux-strip
configure:5575: result: arm-brcm-linux-uclibcgnueabi-strip
configure:5651: checking for arm-linux-ranlib
configure:5678: result: arm-brcm-linux-uclibcgnueabi-ranlib
configure:5812: checking command to parse arm-brcm-linux-uclibcgnueabi-nm output from arm-brcm-linux-uclibcgnueabi-gcc object
configure:5930: arm-brcm-linux-uclibcgnueabi-gcc -c -Os -Wall -fPIC -DLINUX26 -DCONFIG_BCMWL5 -DCONFIG_BCMWL6 -DPART_JFFS2_GAP=0UL -pipe -DBCMWPA2 -DBCMARM -fno-strict-aliasing -marm  -DTCONFIG_NVRAM_64K -ffunction-sections -fdata-sections -DNO_MD4 -DNO_AES -DNO_ERROR_STRINGS -DNO_HC128 -DNO_RABBIT -DNO_PSK -DNO_DSA -DNO_DH -DNO_PWDBASED   conftest.c >&5
configure:5933: $? = 0
configure:5937: arm-brcm-linux-uclibcgnueabi-nm conftest.o \| sed -n -e 's/^.*[	 ]\([ABCDGIRSTW][ABCDGIRSTW]*\)[	 ][	 ]*\([_A-Za-z][_A-Za-z0-9]*\)$/\1 \2 \2/p' \> conftest.nm
configure:5940: $? = 0
configure:5994: arm-brcm-linux-uclibcgnueabi-gcc -o conftest -Os -Wall -fPIC -DLINUX26 -DCONFIG_BCMWL5 -DCONFIG_BCMWL6 -DPART_JFFS2_GAP=0UL -pipe -DBCMWPA2 -DBCMARM -fno-strict-aliasing -marm  -DTCONFIG_NVRAM_64K -ffunction-sections -fdata-sections -DNO_MD4 -DNO_AES -DNO_ERROR_STRINGS -DNO_HC128 -DNO_RABBIT -DNO_PSK -DNO_DSA -DNO_DH -DNO_PWDBASED   -ffunction-sections -fdata-sections -Wl,--gc-sections -fPIC conftest.c conftstm.o >&5
configure:5997: $? = 0
configure:6035: result: ok
configure:6914: checking how to run the C preprocessor
configure:6954: arm-brcm-linux-uclibcgnueabi-gcc -E  conftest.c
configure:6960: $? = 0
configure:6991: arm-brcm-linux-uclibcgnueabi-gcc -E  conftest.c
conftest.c:10:28: fatal error: ac_nonexistent.h: No such file or directory
compilation terminated.
configure:6997: $? = 1
configure: failed program was:
| /* confdefs.h.  */
| #define PACKAGE_NAME ""
| #define PACKAGE_TARNAME ""
| #define PACKAGE_VERSION ""
| #define PACKAGE_STRING ""
| #define PACKAGE_BUGREPORT ""
| #define PACKAGE "cyassl"
| #define VERSION "1.9.0"
| /* end confdefs.h.  */
| #include <ac_nonexistent.h>
configure:7030: result: arm-brcm-linux-uclibcgnueabi-gcc -E
configure:7059: arm-brcm-linux-uclibcgnueabi-gcc -E  conftest.c
configure:7065: $? = 0
configure:7096: arm-brcm-linux-uclibcgnueabi-gcc -E  conftest.c
conftest.c:10:28: fatal error: ac_nonexistent.h: No such file or directory
compilation terminated.
configure:7102: $? = 1
configure: failed program was:
| /* confdefs.h.  */
| #define PACKAGE_NAME ""
| #define PACKAGE_TARNAME ""
| #define PACKAGE_VERSION ""
| #define PACKAGE_STRING ""
| #define PACKAGE_BUGREPORT ""
| #define PACKAGE "cyassl"
| #define VERSION "1.9.0"
| /* end confdefs.h.  */
| #include <ac_nonexistent.h>
configure:7140: checking for ANSI C header files
configure:7170: arm-brcm-linux-uclibcgnueabi-gcc -c -Os -Wall -fPIC -DLINUX26 -DCONFIG_BCMWL5 -DCONFIG_BCMWL6 -DPART_JFFS2_GAP=0UL -pipe -DBCMWPA2 -DBCMARM -fno-strict-aliasing -marm  -DTCONFIG_NVRAM_64K -ffunction-sections -fdata-sections -DNO_MD4 -DNO_AES -DNO_ERROR_STRINGS -DNO_HC128 -DNO_RABBIT -DNO_PSK -DNO_DSA -DNO_DH -DNO_PWDBASED   conftest.c >&5
configure:7176: $? = 0
configure:7304: result: yes
configure:7328: checking for sys/types.h
configure:7349: arm-brcm-linux-uclibcgnueabi-gcc -c -Os -Wall -fPIC -DLINUX26 -DCONFIG_BCMWL5 -DCONFIG_BCMWL6 -DPART_JFFS2_GAP=0UL -pipe -DBCMWPA2 -DBCMARM -fno-strict-aliasing -marm  -DTCONFIG_NVRAM_64K -ffunction-sections -fdata-sections -DNO_MD4 -DNO_AES -DNO_ERROR_STRINGS -DNO_HC128 -DNO_RABBIT -DNO_PSK -DNO_DSA -DNO_DH -DNO_PWDBASED   conftest.c >&5
configure:7355: $? = 0
configure:7371: result: yes
configure:7328: checking for sys/stat.h
configure:7349: arm-brcm-linux-uclibcgnueabi-gcc -c -Os -Wall -fPIC -DLINUX26 -DCONFIG_BCMWL5 -DCONFIG_BCMWL6 -DPART_JFFS2_GAP=0UL -pipe -DBCMWPA2 -DBCMARM -fno-strict-aliasing -marm  -DTCONFIG_NVRAM_64K -ffunction-sections -fdata-sections -DNO_MD4 -DNO_AES -DNO_ERROR_STRINGS -DNO_HC128 -DNO_RABBIT -DNO_PSK -DNO_DSA -DNO_DH -DNO_PWDBASED   conftest.c >&5
configure:7355: $? = 0
configure:7371: result: yes
configure:7328: checking for stdlib.h
configure:7349: arm-brcm-linux-uclibcgnueabi-gcc -c -Os -Wall -fPIC -DLINUX26 -DCONFIG_BCMWL5 -DCONFIG_BCMWL6 -DPART_JFFS2_GAP=0UL -pipe -DBCMWPA2 -DBCMARM -fno-strict-aliasing -marm  -DTCONFIG_NVRAM_64K -ffunction-sections -fdata-sections -DNO_MD4 -DNO_AES -DNO_ERROR_STRINGS -DNO_HC128 -DNO_RABBIT -DNO_PSK -DNO_DSA -DNO_DH -DNO_PWDBASED   conftest.c >&5
configure:7355: $? = 0
configure:7371: result: yes
configure:7328: checking for string.h
configure:7349: arm-brcm-linux-uclibcgnueabi-gcc -c -Os -Wall -fPIC -DLINUX26 -DCONFIG_BCMWL5 -DCONFIG_BCMWL6 -DPART_JFFS2_GAP=0UL -pipe -DBCMWPA2 -DBCMARM -fno-strict-aliasing -marm  -DTCONFIG_NVRAM_64K -ffunction-sections -fdata-sections -DNO_MD4 -DNO_AES -DNO_ERROR_STRINGS -DNO_HC128 -DNO_RABBIT -DNO_PSK -DNO_DSA -DNO_DH -DNO_PWDBASED   conftest.c >&5
configure:7355: $? = 0
configure:7371: result: yes
configure:7328: checking for memory.h
configure:7349: arm-brcm-linux-uclibcgnueabi-gcc -c -Os -Wall -fPIC -DLINUX26 -DCONFIG_BCMWL5 -DCONFIG_BCMWL6 -DPART_JFFS2_GAP=0UL -pipe -DBCMWPA2 -DBCMARM -fno-strict-aliasing -marm  -DTCONFIG_NVRAM_64K -ffunction-sections -fdata-sections -DNO_MD4 -DNO_AES -DNO_ERROR_STRINGS -DNO_HC128 -DNO_RABBIT -DNO_PSK -DNO_DSA -DNO_DH -DNO_PWDBASED   conftest.c >&5
configure:7355: $? = 0
configure:7371: result: yes
configure:7328: checking for strings.h
configure:7349: arm-brcm-linux-uclibcgnueabi-gcc -c -Os -Wall -fPIC -DLINUX26 -DCONFIG_BCMWL5 -DCONFIG_BCMWL6 -DPART_JFFS2_GAP=0UL -pipe -DBCMWPA2 -DBCMARM -fno-strict-aliasing -marm  -DTCONFIG_NVRAM_64K -ffunction-sections -fdata-sections -DNO_MD4 -DNO_AES -DNO_ERROR_STRINGS -DNO_HC128 -DNO_RABBIT -DNO_PSK -DNO_DSA -DNO_DH -DNO_PWDBASED   conftest.c >&5
configure:7355: $? = 0
configure:7371: result: yes
configure:7328: checking for inttypes.h
configure:7349: arm-brcm-linux-uclibcgnueabi-gcc -c -Os -Wall -fPIC -DLINUX26 -DCONFIG_BCMWL5 -DCONFIG_BCMWL6 -DPART_JFFS2_GAP=0UL -pipe -DBCMWPA2 -DBCMARM -fno-strict-aliasing -marm  -DTCONFIG_NVRAM_64K -ffunction-sections -fdata-sections -DNO_MD4 -DNO_AES -DNO_ERROR_STRINGS -DNO_HC128 -DNO_RABBIT -DNO_PSK -DNO_DSA -DNO_DH -DNO_PWDBASED   conftest.c >&5
configure:7355: $? = 0
configure:7371: result: yes
configure:7328: checking for stdint.h
configure:7349: arm-brcm-linux-uclibcgnueabi-gcc -c -Os -Wall -fPIC -DLINUX26 -DCONFIG_BCMWL5 -DCONFIG_BCMWL6 -DPART_JFFS2_GAP=0UL -pipe -DBCMWPA2 -DBCMARM -fno-strict-aliasing -marm  -DTCONFIG_NVRAM_64K -ffunction-sections -fdata-sections -DNO_MD4 -DNO_AES -DNO_ERROR_STRINGS -DNO_HC128 -DNO_RABBIT -DNO_PSK -DNO_DSA -DNO_DH -DNO_PWDBASED   conftest.c >&5
configure:7355: $? = 0
configure:7371: result: yes
configure:7328: checking for unistd.h
configure:7349: arm-brcm-linux-uclibcgnueabi-gcc -c -Os -Wall -fPIC -DLINUX26 -DCONFIG_BCMWL5 -DCONFIG_BCMWL6 -DPART_JFFS2_GAP=0UL -pipe -DBCMWPA2 -DBCMARM -fno-strict-aliasing -marm  -DTCONFIG_NVRAM_64K -ffunction-sections -fdata-sections -DNO_MD4 -DNO_AES -DNO_ERROR_STRINGS -DNO_HC128 -DNO_RABBIT -DNO_PSK -DNO_DSA -DNO_DH -DNO_PWDBASED   conftest.c >&5
configure:7355: $? = 0
configure:7371: result: yes
configure:7387: checking for dlfcn.h
configure:7408: arm-brcm-linux-uclibcgnueabi-gcc -c -Os -Wall -fPIC -DLINUX26 -DCONFIG_BCMWL5 -DCONFIG_BCMWL6 -DPART_JFFS2_GAP=0UL -pipe -DBCMWPA2 -DBCMARM -fno-strict-aliasing -marm  -DTCONFIG_NVRAM_64K -ffunction-sections -fdata-sections -DNO_MD4 -DNO_AES -DNO_ERROR_STRINGS -DNO_HC128 -DNO_RABBIT -DNO_PSK -DNO_DSA -DNO_DH -DNO_PWDBASED   conftest.c >&5
configure:7414: $? = 0
configure:7430: result: yes
configure:7612: checking for objdir
configure:7627: result: .libs
configure:7923: checking if arm-brcm-linux-uclibcgnueabi-gcc supports -fno-rtti -fno-exceptions
configure:7941: arm-brcm-linux-uclibcgnueabi-gcc -c -Os -Wall -fPIC -DLINUX26 -DCONFIG_BCMWL5 -DCONFIG_BCMWL6 -DPART_JFFS2_GAP=0UL -pipe -DBCMWPA2 -DBCMARM -fno-strict-aliasing -marm  -DTCONFIG_NVRAM_64K -ffunction-sections -fdata-sections -DNO_MD4 -DNO_AES -DNO_ERROR_STRINGS -DNO_HC128 -DNO_RABBIT -DNO_PSK -DNO_DSA -DNO_DH -DNO_PWDBASED   -fno-rtti -fno-exceptions conftest.c >&5
cc1: warning: command line option "-fno-rtti" is valid for C++/ObjC++ but not for C
configure:7945: $? = 0
configure:7958: result: no
configure:7978: checking for arm-brcm-linux-uclibcgnueabi-gcc option to produce PIC
configure:8235: result: -fPIC -DPIC
configure:8247: checking if arm-brcm-linux-uclibcgnueabi-gcc PIC flag -fPIC -DPIC works
configure:8265: arm-brcm-linux-uclibcgnueabi-gcc -c -Os -Wall -fPIC -DLINUX26 -DCONFIG_BCMWL5 -DCONFIG_BCMWL6 -DPART_JFFS2_GAP=0UL -pipe -DBCMWPA2 -DBCMARM -fno-strict-aliasing -marm  -DTCONFIG_NVRAM_64K -ffunction-sections -fdata-sections -DNO_MD4 -DNO_AES -DNO_ERROR_STRINGS -DNO_HC128 -DNO_RABBIT -DNO_PSK -DNO_DSA -DNO_DH -DNO_PWDBASED   -fPIC -DPIC -DPIC conftest.c >&5
configure:8269: $? = 0
configure:8282: result: yes
configure:8306: checking if arm-brcm-linux-uclibcgnueabi-gcc static flag -static works
configure:8334: result: yes
configure:8349: checking if arm-brcm-linux-uclibcgnueabi-gcc supports -c -o file.o
configure:8370: arm-brcm-linux-uclibcgnueabi-gcc -c -Os -Wall -fPIC -DLINUX26 -DCONFIG_BCMWL5 -DCONFIG_BCMWL6 -DPART_JFFS2_GAP=0UL -pipe -DBCMWPA2 -DBCMARM -fno-strict-aliasing -marm  -DTCONFIG_NVRAM_64K -ffunction-sections -fdata-sections -DNO_MD4 -DNO_AES -DNO_ERROR_STRINGS -DNO_HC128 -DNO_RABBIT -DNO_PSK -DNO_DSA -DNO_DH -DNO_PWDBASED   -o out/conftest2.o conftest.c >&5
configure:8374: $? = 0
configure:8396: result: yes
configure:8404: checking if arm-brcm-linux-uclibcgnueabi-gcc supports -c -o file.o
configure:8451: result: yes
configure:8484: checking whether the arm-brcm-linux-uclibcgnueabi-gcc linker (arm-brcm-linux-uclibcgnueabi-ld) supports shared libraries
configure:9538: result: yes
configure:9575: checking whether -lc should be explicitly linked in
configure:9580: arm-brcm-linux-uclibcgnueabi-gcc -c -Os -Wall -fPIC -DLINUX26 -DCONFIG_BCMWL5 -DCONFIG_BCMWL6 -DPART_JFFS2_GAP=0UL -pipe -DBCMWPA2 -DBCMARM -fno-strict-aliasing -marm  -DTCONFIG_NVRAM_64K -ffunction-sections -fdata-sections -DNO_MD4 -DNO_AES -DNO_ERROR_STRINGS -DNO_HC128 -DNO_RABBIT -DNO_PSK -DNO_DSA -DNO_DH -DNO_PWDBASED   conftest.c >&5
configure:9583: $? = 0
configure:9598: arm-brcm-linux-uclibcgnueabi-gcc -shared conftest.o  -v -Wl,-soname -Wl,conftest -o conftest 2\>\&1 \| /bin/grep  -lc  \>/dev/null 2\>\&1
configure:9601: $? = 0
configure:9613: result: no
configure:9777: checking dynamic linker characteristics
configure:10220: arm-brcm-linux-uclibcgnueabi-gcc -o conftest -Os -Wall -fPIC -DLINUX26 -DCONFIG_BCMWL5 -DCONFIG_BCMWL6 -DPART_JFFS2_GAP=0UL -pipe -DBCMWPA2 -DBCMARM -fno-strict-aliasing -marm  -DTCONFIG_NVRAM_64K -ffunction-sections -fdata-sections -DNO_MD4 -DNO_AES -DNO_ERROR_STRINGS -DNO_HC128 -DNO_RABBIT -DNO_PSK -DNO_DSA -DNO_DH -DNO_PWDBASED   -ffunction-sections -fdata-sections -Wl,--gc-sections -fPIC -Wl,-rpath -Wl,/foo conftest.c  >&5
configure:10226: $? = 0
configure:10456: result: GNU/Linux ld.so
configure:10558: checking how to hardcode library paths into programs
configure:10583: result: immediate
configure:11396: checking whether stripping libraries is possible
configure:11401: result: yes
configure:11436: checking if libtool supports shared libraries
configure:11438: result: yes
configure:11441: checking whether to build shared libraries
configure:11462: result: yes
configure:11465: checking whether to build static libraries
configure:11469: result: yes
configure:11507: checking whether byte ordering is bigendian
configure:11540: arm-brcm-linux-uclibcgnueabi-gcc -c -Os -Wall -fPIC -DLINUX26 -DCONFIG_BCMWL5 -DCONFIG_BCMWL6 -DPART_JFFS2_GAP=0UL -pipe -DBCMWPA2 -DBCMARM -fno-strict-aliasing -marm  -DTCONFIG_NVRAM_64K -ffunction-sections -fdata-sections -DNO_MD4 -DNO_AES -DNO_ERROR_STRINGS -DNO_HC128 -DNO_RABBIT -DNO_PSK -DNO_DSA -DNO_DH -DNO_PWDBASED   conftest.c >&5
configure:11546: $? = 0
configure:11578: arm-brcm-linux-uclibcgnueabi-gcc -c -Os -Wall -fPIC -DLINUX26 -DCONFIG_BCMWL5 -DCONFIG_BCMWL6 -DPART_JFFS2_GAP=0UL -pipe -DBCMWPA2 -DBCMARM -fno-strict-aliasing -marm  -DTCONFIG_NVRAM_64K -ffunction-sections -fdata-sections -DNO_MD4 -DNO_AES -DNO_ERROR_STRINGS -DNO_HC128 -DNO_RABBIT -DNO_PSK -DNO_DSA -DNO_DH -DNO_PWDBASED   conftest.c >&5
conftest.c: In function 'main':
conftest.c:29:2: error: 'not' undeclared (first use in this function)
conftest.c:29:2: note: each undeclared identifier is reported only once for each function it appears in
conftest.c:29:6: error: expected ';' before 'big'
configure:11584: $? = 1
configure: failed program was:
| /* confdefs.h.  */
| #define PACKAGE_NAME ""
| #define PACKAGE_TARNAME ""
| #define PACKAGE_VERSION ""
| #define PACKAGE_STRING ""
| #define PACKAGE_BUGREPORT ""
| #define PACKAGE "cyassl"
| #define VERSION "1.9.0"
| #define STDC_HEADERS 1
| #define HAVE_SYS_TYPES_H 1
| #define HAVE_SYS_STAT_H 1
| #define HAVE_STDLIB_H 1
| #define HAVE_STRING_H 1
| #define HAVE_MEMORY_H 1
| #define HAVE_STRINGS_H 1
| #define HAVE_INTTYPES_H 1
| #define HAVE_STDINT_H 1
| #define HAVE_UNISTD_H 1
| #define HAVE_DLFCN_H 1
| #define LT_OBJDIR ".libs/"
| /* end confdefs.h.  */
| #include <sys/types.h>
| #include <sys/param.h>
| 
| int
| main ()
| {
| #if BYTE_ORDER != BIG_ENDIAN
|  not big endian
| #endif
| 
|   ;
|   return 0;
| }
configure:11724: result: no
configure:11744: checking for long
configure:11774: arm-brcm-linux-uclibcgnueabi-gcc -c -Os -Wall -fPIC -DLINUX26 -DCONFIG_BCMWL5 -DCONFIG_BCMWL6 -DPART_JFFS2_GAP=0UL -pipe -DBCMWPA2 -DBCMARM -fno-strict-aliasing -marm  -DTCONFIG_NVRAM_64K -ffunction-sections -fdata-sections -DNO_MD4 -DNO_AES -DNO_ERROR_STRINGS -DNO_HC128 -DNO_RABBIT -DNO_PSK -DNO_DSA -DNO_DH -DNO_PWDBASED   conftest.c >&5
configure:11780: $? = 0
configure:11795: result: yes
configure:11802: checking size of long
configure:11833: arm-brcm-linux-uclibcgnueabi-gcc -c -Os -Wall -fPIC -DLINUX26 -DCONFIG_BCMWL5 -DCONFIG_BCMWL6 -DPART_JFFS2_GAP=0UL -pipe -DBCMWPA2 -DBCMARM -fno-strict-aliasing -marm  -DTCONFIG_NVRAM_64K -ffunction-sections -fdata-sections -DNO_MD4 -DNO_AES -DNO_ERROR_STRINGS -DNO_HC128 -DNO_RABBIT -DNO_PSK -DNO_DSA -DNO_DH -DNO_PWDBASED   conftest.c >&5
configure:11839: $? = 0
configure:11870: arm-brcm-linux-uclibcgnueabi-gcc -c -Os -Wall -fPIC -DLINUX26 -DCONFIG_BCMWL5 -DCONFIG_BCMWL6 -DPART_JFFS2_GAP=0UL -pipe -DBCMWPA2 -DBCMARM -fno-strict-aliasing -marm  -DTCONFIG_NVRAM_64K -ffunction-sections -fdata-sections -DNO_MD4 -DNO_AES -DNO_ERROR_STRINGS -DNO_HC128 -DNO_RABBIT -DNO_PSK -DNO_DSA -DNO_DH -DNO_PWDBASED   conftest.c >&5
conftest.c: In function 'main':
conftest.c:59:12: error: size of array 'test_array' is negative
configure:11876: $? = 1
configure: failed program was:
| /* confdefs.h.  */
| #define PACKAGE_NAME ""
| #define PACKAGE_TARNAME ""
| #define PACKAGE_VERSION ""
| #define PACKAGE_STRING ""
| #define PACKAGE_BUGREPORT ""
| #define PACKAGE "cyassl"
| #define VERSION "1.9.0"
| #define STDC_HEADERS 1
| #define HAVE_SYS_TYPES_H 1
| #define HAVE_SYS_STAT_H 1
| #define HAVE_STDLIB_H 1
| #define HAVE_STRING_H 1
| #define HAVE_MEMORY_H 1
| #define HAVE_STRINGS_H 1
| #define HAVE_INTTYPES_H 1
| #define HAVE_STDINT_H 1
| #define HAVE_UNISTD_H 1
| #define HAVE_DLFCN_H 1
| #define LT_OBJDIR ".libs/"
| /* end confdefs.h.  */
| #include <stdio.h>
| #ifdef HAVE_SYS_TYPES_H
| # include <sys/types.h>
| #endif
| #ifdef HAVE_SYS_STAT_H
| # include <sys/stat.h>
| #endif
| #ifdef STDC_HEADERS
| # include <stdlib.h>
| # include <stddef.h>
| #else
| # ifdef HAVE_STDLIB_H
| #  include <stdlib.h>
| # endif
| #endif
| #ifdef HAVE_STRING_H
| # if !defined STDC_HEADERS && defined HAVE_MEMORY_H
| #  include <memory.h>
| # endif
| # include <string.h>
| #endif
| #ifdef HAVE_STRINGS_H
| # include <strings.h>
| #endif
| #ifdef HAVE_INTTYPES_H
| # include <inttypes.h>
| #endif
| #ifdef HAVE_STDINT_H
| # include <stdint.h>
| #endif
| #ifdef HAVE_UNISTD_H
| # include <unistd.h>
| #endif
|    typedef long ac__type_sizeof_;
| int
| main ()
| {
| static int test_array [1 - 2 * !(((long int) (sizeof (ac__type_sizeof_))) <= 0)];
| test_array [0] = 0
| 
|   ;
|   return 0;
| }
configure:11870: arm-brcm-linux-uclibcgnueabi-gcc -c -Os -Wall -fPIC -DLINUX26 -DCONFIG_BCMWL5 -DCONFIG_BCMWL6 -DPART_JFFS2_GAP=0UL -pipe -DBCMWPA2 -DBCMARM -fno-strict-aliasing -marm  -DTCONFIG_NVRAM_64K -ffunction-sections -fdata-sections -DNO_MD4 -DNO_AES -DNO_ERROR_STRINGS -DNO_HC128 -DNO_RABBIT -DNO_PSK -DNO_DSA -DNO_DH -DNO_PWDBASED   conftest.c >&5
conftest.c: In function 'main':
conftest.c:59:12: error: size of array 'test_array' is negative
configure:11876: $? = 1
configure: failed program was:
| /* confdefs.h.  */
| #define PACKAGE_NAME ""
| #define PACKAGE_TARNAME ""
| #define PACKAGE_VERSION ""
| #define PACKAGE_STRING ""
| #define PACKAGE_BUGREPORT ""
| #define PACKAGE "cyassl"
| #define VERSION "1.9.0"
| #define STDC_HEADERS 1
| #define HAVE_SYS_TYPES_H 1
| #define HAVE_SYS_STAT_H 1
| #define HAVE_STDLIB_H 1
| #define HAVE_STRING_H 1
| #define HAVE_MEMORY_H 1
| #define HAVE_STRINGS_H 1
| #define HAVE_INTTYPES_H 1
| #define HAVE_STDINT_H 1
| #define HAVE_UNISTD_H 1
| #define HAVE_DLFCN_H 1
| #define LT_OBJDIR ".libs/"
| /* end confdefs.h.  */
| #include <stdio.h>
| #ifdef HAVE_SYS_TYPES_H
| # include <sys/types.h>
| #endif
| #ifdef HAVE_SYS_STAT_H
| # include <sys/stat.h>
| #endif
| #ifdef STDC_HEADERS
| # include <stdlib.h>
| # include <stddef.h>
| #else
| # ifdef HAVE_STDLIB_H
| #  include <stdlib.h>
| # endif
| #endif
| #ifdef HAVE_STRING_H
| # if !defined STDC_HEADERS && defined HAVE_MEMORY_H
| #  include <memory.h>
| # endif
| # include <string.h>
| #endif
| #ifdef HAVE_STRINGS_H
| # include <strings.h>
| #endif
| #ifdef HAVE_INTTYPES_H
| # include <inttypes.h>
| #endif
| #ifdef HAVE_STDINT_H
| # include <stdint.h>
| #endif
| #ifdef HAVE_UNISTD_H
| # include <unistd.h>
| #endif
|    typedef long ac__type_sizeof_;
| int
| main ()
| {
| static int test_array [1 - 2 * !(((long int) (sizeof (ac__type_sizeof_))) <= 1)];
| test_array [0] = 0
| 
|   ;
|   return 0;
| }
configure:11870: arm-brcm-linux-uclibcgnueabi-gcc -c -Os -Wall -fPIC -DLINUX26 -DCONFIG_BCMWL5 -DCONFIG_BCMWL6 -DPART_JFFS2_GAP=0UL -pipe -DBCMWPA2 -DBCMARM -fno-strict-aliasing -marm  -DTCONFIG_NVRAM_64K -ffunction-sections -fdata-sections -DNO_MD4 -DNO_AES -DNO_ERROR_STRINGS -DNO_HC128 -DNO_RABBIT -DNO_PSK -DNO_DSA -DNO_DH -DNO_PWDBASED   conftest.c >&5
conftest.c: In function 'main':
conftest.c:59:12: error: size of array 'test_array' is negative
configure:11876: $? = 1
configure: failed program was:
| /* confdefs.h.  */
| #define PACKAGE_NAME ""
| #define PACKAGE_TARNAME ""
| #define PACKAGE_VERSION ""
| #define PACKAGE_STRING ""
| #define PACKAGE_BUGREPORT ""
| #define PACKAGE "cyassl"
| #define VERSION "1.9.0"
| #define STDC_HEADERS 1
| #define HAVE_SYS_TYPES_H 1
| #define HAVE_SYS_STAT_H 1
| #define HAVE_STDLIB_H 1
| #define HAVE_STRING_H 1
| #define HAVE_MEMORY_H 1
| #define HAVE_STRINGS_H 1
| #define HAVE_INTTYPES_H 1
| #define HAVE_STDINT_H 1
| #define HAVE_UNISTD_H 1
| #define HAVE_DLFCN_H 1
| #define LT_OBJDIR ".libs/"
| /* end confdefs.h.  */
| #include <stdio.h>
| #ifdef HAVE_SYS_TYPES_H
| # include <sys/types.h>
| #endif
| #ifdef HAVE_SYS_STAT_H
| # include <sys/stat.h>
| #endif
| #ifdef STDC_HEADERS
| # include <stdlib.h>
| # include <stddef.h>
| #else
| # ifdef HAVE_STDLIB_H
| #  include <stdlib.h>
| # endif
| #endif
| #ifdef HAVE_STRING_H
| # if !defined STDC_HEADERS && defined HAVE_MEMORY_H
| #  include <memory.h>
| # endif
| # include <string.h>
| #endif
| #ifdef HAVE_STRINGS_H
| # include <strings.h>
| #endif
| #ifdef HAVE_INTTYPES_H
| # include <inttypes.h>
| #endif
| #ifdef HAVE_STDINT_H
| # include <stdint.h>
| #endif
| #ifdef HAVE_UNISTD_H
| # include <unistd.h>
| #endif
|    typedef long ac__type_sizeof_;
| int
| main ()
| {
| static int test_array [1 - 2 * !(((long int) (sizeof (ac__type_sizeof_))) <= 3)];
| test_array [0] = 0
| 
|   ;
|   return 0;
| }
configure:11870: arm-brcm-linux-uclibcgnueabi-gcc -c -Os -Wall -fPIC -DLINUX26 -DCONFIG_BCMWL5 -DCONFIG_BCMWL6 -DPART_JFFS2_GAP=0UL -pipe -DBCMWPA2 -DBCMARM -fno-strict-aliasing -marm  -DTCONFIG_NVRAM_64K -ffunction-sections -fdata-sections -DNO_MD4 -DNO_AES -DNO_ERROR_STRINGS -DNO_HC128 -DNO_RABBIT -DNO_PSK -DNO_DSA -DNO_DH -DNO_PWDBASED   conftest.c >&5
configure:11876: $? = 0
configure:12025: arm-brcm-linux-uclibcgnueabi-gcc -c -Os -Wall -fPIC -DLINUX26 -DCONFIG_BCMWL5 -DCONFIG_BCMWL6 -DPART_JFFS2_GAP=0UL -pipe -DBCMWPA2 -DBCMARM -fno-strict-aliasing -marm  -DTCONFIG_NVRAM_64K -ffunction-sections -fdata-sections -DNO_MD4 -DNO_AES -DNO_ERROR_STRINGS -DNO_HC128 -DNO_RABBIT -DNO_PSK -DNO_DSA -DNO_DH -DNO_PWDBASED   conftest.c >&5
configure:12031: $? = 0
configure:12025: arm-brcm-linux-uclibcgnueabi-gcc -c -Os -Wall -fPIC -DLINUX26 -DCONFIG_BCMWL5 -DCONFIG_BCMWL6 -DPART_JFFS2_GAP=0UL -pipe -DBCMWPA2 -DBCMARM -fno-strict-aliasing -marm  -DTCONFIG_NVRAM_64K -ffunction-sections -fdata-sections -DNO_MD4 -DNO_AES -DNO_ERROR_STRINGS -DNO_HC128 -DNO_RABBIT -DNO_PSK -DNO_DSA -DNO_DH -DNO_PWDBASED   conftest.c >&5
configure:12031: $? = 0
configure:12139: result: 4
configure:12149: checking for long long
configure:12179: arm-brcm-linux-uclibcgnueabi-gcc -c -Os -Wall -fPIC -DLINUX26 -DCONFIG_BCMWL5 -DCONFIG_BCMWL6 -DPART_JFFS2_GAP=0UL -pipe -DBCMWPA2 -DBCMARM -fno-strict-aliasing -marm  -DTCONFIG_NVRAM_64K -ffunction-sections -fdata-sections -DNO_MD4 -DNO_AES -DNO_ERROR_STRINGS -DNO_HC128 -DNO_RABBIT -DNO_PSK -DNO_DSA -DNO_DH -DNO_PWDBASED   conftest.c >&5
configure:12185: $? = 0
configure:12200: result: yes
configure:12207: checking size of long long
configure:12238: arm-brcm-linux-uclibcgnueabi-gcc -c -Os -Wall -fPIC -DLINUX26 -DCONFIG_BCMWL5 -DCONFIG_BCMWL6 -DPART_JFFS2_GAP=0UL -pipe -DBCMWPA2 -DBCMARM -fno-strict-aliasing -marm  -DTCONFIG_NVRAM_64K -ffunction-sections -fdata-sections -DNO_MD4 -DNO_AES -DNO_ERROR_STRINGS -DNO_HC128 -DNO_RABBIT -DNO_PSK -DNO_DSA -DNO_DH -DNO_PWDBASED   conftest.c >&5
configure:12244: $? = 0
configure:12275: arm-brcm-linux-uclibcgnueabi-gcc -c -Os -Wall -fPIC -DLINUX26 -DCONFIG_BCMWL5 -DCONFIG_BCMWL6 -DPART_JFFS2_GAP=0UL -pipe -DBCMWPA2 -DBCMARM -fno-strict-aliasing -marm  -DTCONFIG_NVRAM_64K -ffunction-sections -fdata-sections -DNO_MD4 -DNO_AES -DNO_ERROR_STRINGS -DNO_HC128 -DNO_RABBIT -DNO_PSK -DNO_DSA -DNO_DH -DNO_PWDBASED   conftest.c >&5
conftest.c: In function 'main':
conftest.c:60:12: error: size of array 'test_array' is negative
configure:12281: $? = 1
configure: failed program was:
| /* confdefs.h.  */
| #define PACKAGE_NAME ""
| #define PACKAGE_TARNAME ""
| #define PACKAGE_VERSION ""
| #define PACKAGE_STRING ""
| #define PACKAGE_BUGREPORT ""
| #define PACKAGE "cyassl"
| #define VERSION "1.9.0"
| #define STDC_HEADERS 1
| #define HAVE_SYS_TYPES_H 1
| #define HAVE_SYS_STAT_H 1
| #define HAVE_STDLIB_H 1
| #define HAVE_STRING_H 1
| #define HAVE_MEMORY_H 1
| #define HAVE_STRINGS_H 1
| #define HAVE_INTTYPES_H 1
| #define HAVE_STDINT_H 1
| #define HAVE_UNISTD_H 1
| #define HAVE_DLFCN_H 1
| #define LT_OBJDIR ".libs/"
| #define SIZEOF_LONG 4
| /* end confdefs.h.  */
| #include <stdio.h>
| #ifdef HAVE_SYS_TYPES_H
| # include <sys/types.h>
| #endif
| #ifdef HAVE_SYS_STAT_H
| # include <sys/stat.h>
| #endif
| #ifdef STDC_HEADERS
| # include <stdlib.h>
| # include <stddef.h>
| #else
| # ifdef HAVE_STDLIB_H
| #  include <stdlib.h>
| # endif
| #endif
| #ifdef HAVE_STRING_H
| # if !defined STDC_HEADERS && defined HAVE_MEMORY_H
| #  include <memory.h>
| # endif
| # include <string.h>
| #endif
| #ifdef HAVE_STRINGS_H
| # include <strings.h>
| #endif
| #ifdef HAVE_INTTYPES_H
| # include <inttypes.h>
| #endif
| #ifdef HAVE_STDINT_H
| # include <stdint.h>
| #endif
| #ifdef HAVE_UNISTD_H
| # include <unistd.h>
| #endif
|    typedef long long ac__type_sizeof_;
| int
| main ()
| {
| static int test_array [1 - 2 * !(((long int) (sizeof (ac__type_sizeof_))) <= 0)];
| test_array [0] = 0
| 
|   ;
|   return 0;
| }
configure:12275: arm-brcm-linux-uclibcgnueabi-gcc -c -Os -Wall -fPIC -DLINUX26 -DCONFIG_BCMWL5 -DCONFIG_BCMWL6 -DPART_JFFS2_GAP=0UL -pipe -DBCMWPA2 -DBCMARM -fno-strict-aliasing -marm  -DTCONFIG_NVRAM_64K -ffunction-sections -fdata-sections -DNO_MD4 -DNO_AES -DNO_ERROR_STRINGS -DNO_HC128 -DNO_RABBIT -DNO_PSK -DNO_DSA -DNO_DH -DNO_PWDBASED   conftest.c >&5
conftest.c: In function 'main':
conftest.c:60:12: error: size of array 'test_array' is negative
configure:12281: $? = 1
configure: failed program was:
| /* confdefs.h.  */
| #define PACKAGE_NAME ""
| #define PACKAGE_TARNAME ""
| #define PACKAGE_VERSION ""
| #define PACKAGE_STRING ""
| #define PACKAGE_BUGREPORT ""
| #define PACKAGE "cyassl"
| #define VERSION "1.9.0"
| #define STDC_HEADERS 1
| #define HAVE_SYS_TYPES_H 1
| #define HAVE_SYS_STAT_H 1
| #define HAVE_STDLIB_H 1
| #define HAVE_STRING_H 1
| #define HAVE_MEMORY_H 1
| #define HAVE_STRINGS_H 1
| #define HAVE_INTTYPES_H 1
| #define HAVE_STDINT_H 1
| #define HAVE_UNISTD_H 1
| #define HAVE_DLFCN_H 1
| #define LT_OBJDIR ".libs/"
| #define SIZEOF_LONG 4
| /* end confdefs.h.  */
| #include <stdio.h>
| #ifdef HAVE_SYS_TYPES_H
| # include <sys/types.h>
| #endif
| #ifdef HAVE_SYS_STAT_H
| # include <sys/stat.h>
| #endif
| #ifdef STDC_HEADERS
| # include <stdlib.h>
| # include <stddef.h>
| #else
| # ifdef HAVE_STDLIB_H
| #  include <stdlib.h>
| # endif
| #endif
| #ifdef HAVE_STRING_H
| # if !defined STDC_HEADERS && defined HAVE_MEMORY_H
| #  include <memory.h>
| # endif
| # include <string.h>
| #endif
| #ifdef HAVE_STRINGS_H
| # include <strings.h>
| #endif
| #ifdef HAVE_INTTYPES_H
| # include <inttypes.h>
| #endif
| #ifdef HAVE_STDINT_H
| # include <stdint.h>
| #endif
| #ifdef HAVE_UNISTD_H
| # include <unistd.h>
| #endif
|    typedef long long ac__type_sizeof_;
| int
| main ()
| {
| static int test_array [1 - 2 * !(((long int) (sizeof (ac__type_sizeof_))) <= 1)];
| test_array [0] = 0
| 
|   ;
|   return 0;
| }
configure:12275: arm-brcm-linux-uclibcgnueabi-gcc -c -Os -Wall -fPIC -DLINUX26 -DCONFIG_BCMWL5 -DCONFIG_BCMWL6 -DPART_JFFS2_GAP=0UL -pipe -DBCMWPA2 -DBCMARM -fno-strict-aliasing -marm  -DTCONFIG_NVRAM_64K -ffunction-sections -fdata-sections -DNO_MD4 -DNO_AES -DNO_ERROR_STRINGS -DNO_HC128 -DNO_RABBIT -DNO_PSK -DNO_DSA -DNO_DH -DNO_PWDBASED   conftest.c >&5
conftest.c: In function 'main':
conftest.c:60:12: error: size of array 'test_array' is negative
configure:12281: $? = 1
configure: failed program was:
| /* confdefs.h.  */
| #define PACKAGE_NAME ""
| #define PACKAGE_TARNAME ""
| #define PACKAGE_VERSION ""
| #define PACKAGE_STRING ""
| #define PACKAGE_BUGREPORT ""
| #define PACKAGE "cyassl"
| #define VERSION "1.9.0"
| #define STDC_HEADERS 1
| #define HAVE_SYS_TYPES_H 1
| #define HAVE_SYS_STAT_H 1
| #define HAVE_STDLIB_H 1
| #define HAVE_STRING_H 1
| #define HAVE_MEMORY_H 1
| #define HAVE_STRINGS_H 1
| #define HAVE_INTTYPES_H 1
| #define HAVE_STDINT_H 1
| #define HAVE_UNISTD_H 1
| #define HAVE_DLFCN_H 1
| #define LT_OBJDIR ".libs/"
| #define SIZEOF_LONG 4
| /* end confdefs.h.  */
| #include <stdio.h>
| #ifdef HAVE_SYS_TYPES_H
| # include <sys/types.h>
| #endif
| #ifdef HAVE_SYS_STAT_H
| # include <sys/stat.h>
| #endif
| #ifdef STDC_HEADERS
| # include <stdlib.h>
| # include <stddef.h>
| #else
| # ifdef HAVE_STDLIB_H
| #  include <stdlib.h>
| # endif
| #endif
| #ifdef HAVE_STRING_H
| # if !defined STDC_HEADERS && defined HAVE_MEMORY_H
| #  include <memory.h>
| # endif
| # include <string.h>
| #endif
| #ifdef HAVE_STRINGS_H
| # include <strings.h>
| #endif
| #ifdef HAVE_INTTYPES_H
| # include <inttypes.h>
| #endif
| #ifdef HAVE_STDINT_H
| # include <stdint.h>
| #endif
| #ifdef HAVE_UNISTD_H
| # include <unistd.h>
| #endif
|    typedef long long ac__type_sizeof_;
| int
| main ()
| {
| static int test_array [1 - 2 * !(((long int) (sizeof (ac__type_sizeof_))) <= 3)];
| test_array [0] = 0
| 
|   ;
|   return 0;
| }
configure:12275: arm-brcm-linux-uclibcgnueabi-gcc -c -Os -Wall -fPIC -DLINUX26 -DCONFIG_BCMWL5 -DCONFIG_BCMWL6 -DPART_JFFS2_GAP=0UL -pipe -DBCMWPA2 -DBCMARM -fno-strict-aliasing -marm  -DTCONFIG_NVRAM_64K -ffunction-sections -fdata-sections -DNO_MD4 -DNO_AES -DNO_ERROR_STRINGS -DNO_HC128 -DNO_RABBIT -DNO_PSK -DNO_DSA -DNO_DH -DNO_PWDBASED   conftest.c >&5
conftest.c: In function 'main':
conftest.c:60:12: error: size of array 'test_array' is negative
configure:12281: $? = 1
configure: failed program was:
| /* confdefs.h.  */
| #define PACKAGE_NAME ""
| #define PACKAGE_TARNAME ""
| #define PACKAGE_VERSION ""
| #define PACKAGE_STRING ""
| #define PACKAGE_BUGREPORT ""
| #define PACKAGE "cyassl"
| #define VERSION "1.9.0"
| #define STDC_HEADERS 1
| #define HAVE_SYS_TYPES_H 1
| #define HAVE_SYS_STAT_H 1
| #define HAVE_STDLIB_H 1
| #define HAVE_STRING_H 1
| #define HAVE_MEMORY_H 1
| #define HAVE_STRINGS_H 1
| #define HAVE_INTTYPES_H 1
| #define HAVE_STDINT_H 1
| #define HAVE_UNISTD_H 1
| #define HAVE_DLFCN_H 1
| #define LT_OBJDIR ".libs/"
| #define SIZEOF_LONG 4
| /* end confdefs.h.  */
| #include <stdio.h>
| #ifdef HAVE_SYS_TYPES_H
| # include <sys/types.h>
| #endif
| #ifdef HAVE_SYS_STAT_H
| # include <sys/stat.h>
| #endif
| #ifdef STDC_HEADERS
| # include <stdlib.h>
| # include <stddef.h>
| #else
| # ifdef HAVE_STDLIB_H
| #  include <stdlib.h>
| # endif
| #endif
| #ifdef HAVE_STRING_H
| # if !defined STDC_HEADERS && defined HAVE_MEMORY_H
| #  include <memory.h>
| # endif
| # include <string.h>
| #endif
| #ifdef HAVE_STRINGS_H
| # include <strings.h>
| #endif
| #ifdef HAVE_INTTYPES_H
| # include <inttypes.h>
| #endif
| #ifdef HAVE_STDINT_H
| # include <stdint.h>
| #endif
| #ifdef HAVE_UNISTD_H
| # include <unistd.h>
| #endif
|    typedef long long ac__type_sizeof_;
| int
| main ()
| {
| static int test_array [1 - 2 * !(((long int) (sizeof (ac__type_sizeof_))) <= 7)];
| test_array [0] = 0
| 
|   ;
|   return 0;
| }
configure:12275: arm-brcm-linux-uclibcgnueabi-gcc -c -Os -Wall -fPIC -DLINUX26 -DCONFIG_BCMWL5 -DCONFIG_BCMWL6 -DPART_JFFS2_GAP=0UL -pipe -DBCMWPA2 -DBCMARM -fno-strict-aliasing -marm  -DTCONFIG_NVRAM_64K -ffunction-sections -fdata-sections -DNO_MD4 -DNO_AES -DNO_ERROR_STRINGS -DNO_HC128 -DNO_RABBIT -DNO_PSK -DNO_DSA -DNO_DH -DNO_PWDBASED   conftest.c >&5
configure:12281: $? = 0
configure:12430: arm-brcm-linux-uclibcgnueabi-gcc -c -Os -Wall -fPIC -DLINUX26 -DCONFIG_BCMWL5 -DCONFIG_BCMWL6 -DPART_JFFS2_GAP=0UL -pipe -DBCMWPA2 -DBCMARM -fno-strict-aliasing -marm  -DTCONFIG_NVRAM_64K -ffunction-sections -fdata-sections -DNO_MD4 -DNO_AES -DNO_ERROR_STRINGS -DNO_HC128 -DNO_RABBIT -DNO_PSK -DNO_DSA -DNO_DH -DNO_PWDBASED   conftest.c >&5
configure:12436: $? = 0
configure:12430: arm-brcm-linux-uclibcgnueabi-gcc -c -Os -Wall -fPIC -DLINUX26 -DCONFIG_BCMWL5 -DCONFIG_BCMWL6 -DPART_JFFS2_GAP=0UL -pipe -DBCMWPA2 -DBCMARM -fno-strict-aliasing -marm  -DTCONFIG_NVRAM_64K -ffunction-sections -fdata-sections -DNO_MD4 -DNO_AES -DNO_ERROR_STRINGS -DNO_HC128 -DNO_RABBIT -DNO_PSK -DNO_DSA -DNO_DH -DNO_PWDBASED   conftest.c >&5
configure:12436: $? = 0
configure:12430: arm-brcm-linux-uclibcgnueabi-gcc -c -Os -Wall -fPIC -DLINUX26 -DCONFIG_BCMWL5 -DCONFIG_BCMWL6 -DPART_JFFS2_GAP=0UL -pipe -DBCMWPA2 -DBCMARM -fno-strict-aliasing -marm  -DTCONFIG_NVRAM_64K -ffunction-sections -fdata-sections -DNO_MD4 -DNO_AES -DNO_ERROR_STRINGS -DNO_HC128 -DNO_RABBIT -DNO_PSK -DNO_DSA -DNO_DH -DNO_PWDBASED   conftest.c >&5
configure:12436: $? = 0
configure:12544: result: 8
configure:12556: checking for socket in -lnetwork
configure:12591: arm-brcm-linux-uclibcgnueabi-gcc -o conftest -Os -Wall -fPIC -DLINUX26 -DCONFIG_BCMWL5 -DCONFIG_BCMWL6 -DPART_JFFS2_GAP=0UL -pipe -DBCMWPA2 -DBCMARM -fno-strict-aliasing -marm  -DTCONFIG_NVRAM_64K -ffunction-sections -fdata-sections -DNO_MD4 -DNO_AES -DNO_ERROR_STRINGS -DNO_HC128 -DNO_RABBIT -DNO_PSK -DNO_DSA -DNO_DH -DNO_PWDBASED   -ffunction-sections -fdata-sections -Wl,--gc-sections -fPIC conftest.c -lnetwork   >&5
/opt/hndtools-arm-linux-2.6.36-uclibc-4.5.3/bin/../lib/gcc/arm-brcm-linux-uclibcgnueabi/4.5.3/../../../../arm-brcm-linux-uclibcgnueabi/bin/ld: cannot find -lnetwork
collect2: ld returned 1 exit status
configure:12597: $? = 1
configure: failed program was:
| /* confdefs.h.  */
| #define PACKAGE_NAME ""
| #define PACKAGE_TARNAME ""
| #define PACKAGE_VERSION ""
| #define PACKAGE_STRING ""
| #define PACKAGE_BUGREPORT ""
| #define PACKAGE "cyassl"
| #define VERSION "1.9.0"
| #define STDC_HEADERS 1
| #define HAVE_SYS_TYPES_H 1
| #define HAVE_SYS_STAT_H 1
| #define HAVE_STDLIB_H 1
| #define HAVE_STRING_H 1
| #define HAVE_MEMORY_H 1
| #define HAVE_STRINGS_H 1
| #define HAVE_INTTYPES_H 1
| #define HAVE_STDINT_H 1
| #define HAVE_UNISTD_H 1
| #define HAVE_DLFCN_H 1
| #define LT_OBJDIR ".libs/"
| #define SIZEOF_LONG 4
| #define SIZEOF_LONG_LONG 8
| /* end confdefs.h.  */
| 
| /* Override any GCC internal prototype to avoid an error.
|    Use char because int might match the return type of a GCC
|    builtin and then its argument prototype would still apply.  */
| #ifdef __cplusplus
| extern "C"
| #endif
| char socket ();
| int
| main ()
| {
| return socket ();
|   ;
|   return 0;
| }
configure:12615: result: no
configure:12764: checking for cos in -lm
configure:12799: arm-brcm-linux-uclibcgnueabi-gcc -o conftest -Os -Wall -fPIC -DLINUX26 -DCONFIG_BCMWL5 -DCONFIG_BCMWL6 -DPART_JFFS2_GAP=0UL -pipe -DBCMWPA2 -DBCMARM -fno-strict-aliasing -marm  -DTCONFIG_NVRAM_64K -ffunction-sections -fdata-sections -DNO_MD4 -DNO_AES -DNO_ERROR_STRINGS -DNO_HC128 -DNO_RABBIT -DNO_PSK -DNO_DSA -DNO_DH -DNO_PWDBASED   -ffunction-sections -fdata-sections -Wl,--gc-sections -fPIC conftest.c -lm   >&5
conftest.c:31:6: warning: conflicting types for built-in function 'cos'
configure:12805: $? = 0
configure:12823: result: yes
configure:12849: checking errno.h usability
configure:12866: arm-brcm-linux-uclibcgnueabi-gcc -c -Os -Wall -fPIC -DLINUX26 -DCONFIG_BCMWL5 -DCONFIG_BCMWL6 -DPART_JFFS2_GAP=0UL -pipe -DBCMWPA2 -DBCMARM -fno-strict-aliasing -marm  -DTCONFIG_NVRAM_64K -ffunction-sections -fdata-sections -DNO_MD4 -DNO_AES -DNO_ERROR_STRINGS -DNO_HC128 -DNO_RABBIT -DNO_PSK -DNO_DSA -DNO_DH -DNO_PWDBASED   conftest.c >&5
configure:12872: $? = 0
configure:12886: result: yes
configure:12890: checking errno.h presence
configure:12905: arm-brcm-linux-uclibcgnueabi-gcc -E  conftest.c
configure:12911: $? = 0
configure:12925: result: yes
configure:12953: checking for errno.h
configure:12961: result: yes
configure:13598: checking for pthread_join in LIBS=-lpthread with CFLAGS=
configure:13628: arm-brcm-linux-uclibcgnueabi-gcc -o conftest -Os -Wall -fPIC -DLINUX26 -DCONFIG_BCMWL5 -DCONFIG_BCMWL6 -DPART_JFFS2_GAP=0UL -pipe -DBCMWPA2 -DBCMARM -fno-strict-aliasing -marm  -DTCONFIG_NVRAM_64K -ffunction-sections -fdata-sections -DNO_MD4 -DNO_AES -DNO_ERROR_STRINGS -DNO_HC128 -DNO_RABBIT -DNO_PSK -DNO_DSA -DNO_DH -DNO_PWDBASED  -DNDEBUG -DNO_HC128 -DNO_PSK -Wall -Wno-unused -Os -fomit-frame-pointer   -ffunction-sections -fdata-sections -Wl,--gc-sections -fPIC conftest.c -lpthread  >&5
configure:13634: $? = 0
configure:13650: result: yes
configure:13855: checking for joinable pthread attribute
configure:13880: arm-brcm-linux-uclibcgnueabi-gcc -o conftest -Os -Wall -fPIC -DLINUX26 -DCONFIG_BCMWL5 -DCONFIG_BCMWL6 -DPART_JFFS2_GAP=0UL -pipe -DBCMWPA2 -DBCMARM -fno-strict-aliasing -marm  -DTCONFIG_NVRAM_64K -ffunction-sections -fdata-sections -DNO_MD4 -DNO_AES -DNO_ERROR_STRINGS -DNO_HC128 -DNO_RABBIT -DNO_PSK -DNO_DSA -DNO_DH -DNO_PWDBASED  -DNDEBUG -DNO_HC128 -DNO_PSK -Wall -Wno-unused -Os -fomit-frame-pointer   -ffunction-sections -fdata-sections -Wl,--gc-sections -fPIC conftest.c -lpthread  >&5
configure:13886: $? = 0
configure:13903: result: PTHREAD_CREATE_JOINABLE
configure:13913: checking if more special flags are required for pthreads
configure:13920: result: no
configure:14009: checking for library containing gethostbyname
configure:14050: arm-brcm-linux-uclibcgnueabi-gcc -o conftest -Os -Wall -fPIC -DLINUX26 -DCONFIG_BCMWL5 -DCONFIG_BCMWL6 -DPART_JFFS2_GAP=0UL -pipe -DBCMWPA2 -DBCMARM -fno-strict-aliasing -marm  -DTCONFIG_NVRAM_64K -ffunction-sections -fdata-sections -DNO_MD4 -DNO_AES -DNO_ERROR_STRINGS -DNO_HC128 -DNO_RABBIT -DNO_PSK -DNO_DSA -DNO_DH -DNO_PWDBASED  -DNDEBUG -DNO_HC128 -DNO_PSK -Wall -Wno-unused -Os -fomit-frame-pointer   -ffunction-sections -fdata-sections -Wl,--gc-sections -fPIC conftest.c -lpthread -lm  >&5
configure:14056: $? = 0
configure:14084: result: none required
configure:14092: checking for library containing socket
configure:14133: arm-brcm-linux-uclibcgnueabi-gcc -o conftest -Os -Wall -fPIC -DLINUX26 -DCONFIG_BCMWL5 -DCONFIG_BCMWL6 -DPART_JFFS2_GAP=0UL -pipe -DBCMWPA2 -DBCMARM -fno-strict-aliasing -marm  -DTCONFIG_NVRAM_64K -ffunction-sections -fdata-sections -DNO_MD4 -DNO_AES -DNO_ERROR_STRINGS -DNO_HC128 -DNO_RABBIT -DNO_PSK -DNO_DSA -DNO_DH -DNO_PWDBASED  -DNDEBUG -DNO_HC128 -DNO_PSK -Wall -Wno-unused -Os -fomit-frame-pointer   -ffunction-sections -fdata-sections -Wl,--gc-sections -fPIC conftest.c -lpthread -lm  >&5
configure:14139: $? = 0
configure:14167: result: none required
configure:14429: creating ./config.status

## ---------------------- ##
## Running config.status. ##
## ---------------------- ##

This file was extended by config.status, which was
generated by GNU Autoconf 2.61.  Invocation command line was

  CONFIG_FILES    = 
  CONFIG_HEADERS  = 
  CONFIG_LINKS    = 
  CONFIG_COMMANDS = 
  $ ./config.status 

on builder

config.status:895: creating Makefile
config.status:895: creating ctaocrypt/Makefile
config.status:895: creating ctaocrypt/src/Makefile
config.status:895: creating ctaocrypt/test/Makefile
config.status:895: creating ctaocrypt/benchmark/Makefile
config.status:895: creating src/Makefile
config.status:895: creating examples/Makefile
config.status:895: creating examples/client/Makefile
config.status:895: creating examples/server/Makefile
config.status:895: creating examples/echoclient/Makefile
config.status:895: creating examples/echoserver/Makefile
config.status:895: creating testsuite/Makefile
config.status:895: creating sslSniffer/Makefile
config.status:895: creating sslSniffer/sslSnifferTest/Makefile
config.status:895: creating ctaocrypt/include/config.h
config.status:1127: ctaocrypt/include/config.h is unchanged
config.status:1173: executing depfiles commands
config.status:1173: executing libtool commands

## ---------------- ##
## Cache variables. ##
## ---------------- ##

ac_cv_build=x86_64-pc-linux-gnu
ac_cv_c_bigendian=no
ac_cv_c_compiler_gnu=yes
ac_cv_env_CCASFLAGS_set=
ac_cv_env_CCASFLAGS_value=
ac_cv_env_CCAS_set=
ac_cv_env_CCAS_value=
ac_cv_env_CC_set=set
ac_cv_env_CC_value=arm-brcm-linux-uclibcgnueabi-gcc
ac_cv_env_CFLAGS_set=set
ac_cv_env_CFLAGS_value='-Os -Wall -fPIC -DLINUX26 -DCONFIG_BCMWL5 -DCONFIG_BCMWL6 -DPART_JFFS2_GAP=0UL -pipe -DBCMWPA2 -DBCMARM -fno-strict-aliasing -marm  -DTCONFIG_NVRAM_64K -ffunction-sections -fdata-sections -DNO_MD4 -DNO_AES -DNO_ERROR_STRINGS -DNO_HC128 -DNO_RABBIT -DNO_PSK -DNO_DSA -DNO_DH -DNO_PWDBASED'
ac_cv_env_CPPFLAGS_set=
ac_cv_env_CPPFLAGS_value=
ac_cv_env_CPP_set=
ac_cv_env_CPP_value=
ac_cv_env_LDFLAGS_set=set
ac_cv_env_LDFLAGS_value='-ffunction-sections -fdata-sections -Wl,--gc-sections -fPIC'
ac_cv_env_LIBS_set=
ac_cv_env_LIBS_value=
ac_cv_env_build_alias_set=set
ac_cv_env_build_alias_value=x86_64-linux-gnu
ac_cv_env_host_alias_set=set
ac_cv_env_host_alias_value=arm-linux
ac_cv_env_target_alias_set=
ac_cv_env_target_alias_value=
ac_cv_func_malloc_0_nonnull=yes
ac_cv_header_dlfcn_h=yes
ac_cv_header_errno_h=yes
ac_cv_header_inttypes_h=yes
ac_cv_header_memory_h=yes
ac_cv_header_stdc=yes
ac_cv_header_stdint_h=yes
ac_cv_header_stdlib_h=yes
ac_cv_header_string_h=yes
ac_cv_header_strings_h=yes
ac_cv_header_sys_stat_h=yes
ac_cv_header_sys_types_h=yes
ac_cv_header_unistd_h=yes
ac_cv_host=arm-unknown-linux-gnu
ac_cv_lib_m_cos=yes
ac_cv_lib_network_socket=no
ac_cv_objext=o
ac_cv_path_EGREP='/bin/grep -E'
ac_cv_path_FGREP='/bin/grep -F'
ac_cv_path_GREP=/bin/grep
ac_cv_path_SED=/bin/sed
ac_cv_path_install='/usr/bin/install -c'
ac_cv_path_mkdir=/bin/mkdir
ac_cv_prog_AR=arm-brcm-linux-uclibcgnueabi-ar
ac_cv_prog_AWK=gawk
ac_cv_prog_CC=arm-brcm-linux-uclibcgnueabi-gcc
ac_cv_prog_CPP='arm-brcm-linux-uclibcgnueabi-gcc -E'
ac_cv_prog_RANLIB=arm-brcm-linux-uclibcgnueabi-ranlib
ac_cv_prog_STRIP=arm-brcm-linux-uclibcgnueabi-strip
ac_cv_prog_cc_arm_brcm_linux_uclibcgnueabi_gcc_c_o=yes
ac_cv_prog_cc_c89=
ac_cv_prog_cc_g=yes
ac_cv_prog_make_make_set=yes
ac_cv_search_gethostbyname='none required'
ac_cv_search_socket='none required'
ac_cv_sizeof_long=4
ac_cv_sizeof_long_long=8
ac_cv_target=arm-unknown-linux-gnu
ac_cv_type_long=yes
ac_cv_type_long_long=yes
am_cv_CCAS_dependencies_compiler_type=gcc3
am_cv_CC_dependencies_compiler_type=gcc3
lt_cv_deplibs_check_method=pass_all
lt_cv_file_magic_cmd='$MAGIC_CMD'
lt_cv_file_magic_test_file=
lt_cv_ld_reload_flag=-r
lt_cv_nm_interface='BSD nm'
lt_cv_objdir=.libs
lt_cv_path_LD=arm-brcm-linux-uclibcgnueabi-ld
lt_cv_path_NM=arm-brcm-linux-uclibcgnueabi-nm
lt_cv_prog_compiler_c_o=yes
lt_cv_prog_compiler_pic_works=yes
lt_cv_prog_compiler_rtti_exceptions=no
lt_cv_prog_compiler_static_works=yes
lt_cv_prog_gnu_ld=yes
lt_cv_sys_global_symbol_pipe='sed -n -e '\''s/^.*[	 ]\([ABCDGIRSTW][ABCDGIRSTW]*\)[	 ][	 ]*\([_A-Za-z][_A-Za-z0-9]*\)$/\1 \2 \2/p'\'''
lt_cv_sys_global_symbol_to_c_name_address='sed -n -e '\''s/^: \([^ ]*\) $/  {\"\1\", (void *) 0},/p'\'' -e '\''s/^[ABCDGIRSTW]* \([^ ]*\) \([^ ]*\)$/  {"\2", (void *) \&\2},/p'\'''
lt_cv_sys_global_symbol_to_c_name_address_lib_prefix='sed -n -e '\''s/^: \([^ ]*\) $/  {\"\1\", (void *) 0},/p'\'' -e '\''s/^[ABCDGIRSTW]* \([^ ]*\) \(lib[^ ]*\)$/  {"\2", (void *) \&\2},/p'\'' -e '\''s/^[ABCDGIRSTW]* \([^ ]*\) \([^ ]*\)$/  {"lib\2", (void *) \&\2},/p'\'''
lt_cv_sys_global_symbol_to_cdecl='sed -n -e '\''s/^T .* \(.*\)$/extern int \1();/p'\'' -e '\''s/^[ABCDGIRSTW]* .* \(.*\)$/extern char \1;/p'\'''
lt_cv_sys_max_cmd_len=3458764513820540925

## ----------------- ##
## Output variables. ##
## ----------------- ##

ACLOCAL='${SHELL} /home/shibby/openwrt/tomato-ss/release/src/router/cyassl/missing --run aclocal-1.10'
AMDEPBACKSLASH='\'
AMDEP_FALSE='#'
AMDEP_TRUE=''
AMTAR='${SHELL} /home/shibby/openwrt/tomato-ss/release/src/router/cyassl/missing --run tar'
AR='arm-brcm-linux-uclibcgnueabi-ar'
AS='arm-brcm-linux-uclibcgnueabi-as'
AUTOCONF='${SHELL} /home/shibby/openwrt/tomato-ss/release/src/router/cyassl/missing --run autoconf'
AUTOHEADER='${SHELL} /home/shibby/openwrt/tomato-ss/release/src/router/cyassl/missing --run autoheader'
AUTOMAKE='${SHELL} /home/shibby/openwrt/tomato-ss/release/src/router/cyassl/missing --run automake-1.10'
AWK='gawk'
BUILD_AESNI_FALSE=''
BUILD_AESNI_TRUE='#'
BUILD_ECC_FALSE=''
BUILD_ECC_TRUE='#'
BUILD_FASTMATH_FALSE=''
BUILD_FASTMATH_TRUE='#'
BUILD_HC128_FALSE=''
BUILD_HC128_TRUE='#'
BUILD_NTRU_FALSE=''
BUILD_NTRU_TRUE='#'
BUILD_RIPEMD_FALSE=''
BUILD_RIPEMD_TRUE='#'
BUILD_SHA512_FALSE=''
BUILD_SHA512_TRUE='#'
BUILD_SNIFFER_FALSE=''
BUILD_SNIFFER_TRUE='#'
CC='arm-brcm-linux-uclibcgnueabi-gcc'
CCAS='arm-brcm-linux-uclibcgnueabi-gcc'
CCASDEPMODE='depmode=gcc3'
CCASFLAGS='-Os -Wall -fPIC -DLINUX26 -DCONFIG_BCMWL5 -DCONFIG_BCMWL6 -DPART_JFFS2_GAP=0UL -pipe -DBCMWPA2 -DBCMARM -fno-strict-aliasing -marm  -DTCONFIG_NVRAM_64K -ffunction-sections -fdata-sections -DNO_MD4 -DNO_AES -DNO_ERROR_STRINGS -DNO_HC128 -DNO_RABBIT -DNO_PSK -DNO_DSA -DNO_DH -DNO_PWDBASED '
CCDEPMODE='depmode=gcc3'
CFLAGS='-Os -Wall -fPIC -DLINUX26 -DCONFIG_BCMWL5 -DCONFIG_BCMWL6 -DPART_JFFS2_GAP=0UL -pipe -DBCMWPA2 -DBCMARM -fno-strict-aliasing -marm  -DTCONFIG_NVRAM_64K -ffunction-sections -fdata-sections -DNO_MD4 -DNO_AES -DNO_ERROR_STRINGS -DNO_HC128 -DNO_RABBIT -DNO_PSK -DNO_DSA -DNO_DH -DNO_PWDBASED  -DNDEBUG -DNO_HC128 -DNO_PSK -Wall -Wno-unused -Os -fomit-frame-pointer '
CPP='arm-brcm-linux-uclibcgnueabi-gcc -E'
CPPFLAGS=''
CYGPATH_W='echo'
DEFS='-DHAVE_CONFIG_H'
DEPDIR='.deps'
DLLTOOL='dlltool'
DSYMUTIL=''
DUMPBIN=''
ECHO_C=''
ECHO_N='-n'
ECHO_T=''
EGREP='/bin/grep -E'
EXEEXT=''
FGREP='/bin/grep -F'
GREP='/bin/grep'
INSTALL_DATA='${INSTALL} -m 644'
INSTALL_PROGRAM='${INSTALL}'
INSTALL_SCRIPT='${INSTALL}'
INSTALL_STRIP_PROGRAM='$(install_sh) -c -s'
LD='arm-brcm-linux-uclibcgnueabi-ld'
LDFLAGS='-ffunction-sections -fdata-sections -Wl,--gc-sections -fPIC'
LIBM='-lm'
LIBOBJS=''
LIBS='-lpthread -lm '
LIBTOOL='$(SHELL) $(top_builddir)/libtool'
LIPO=''
LN_S='ln -s'
LTLIBOBJS=''
MAKEINFO='${SHELL} /home/shibby/openwrt/tomato-ss/release/src/router/cyassl/missing --run makeinfo'
NM='arm-brcm-linux-uclibcgnueabi-nm'
NMEDIT=''
OBJDUMP='objdump'
OBJEXT='o'
OTOOL64=''
OTOOL=''
PACKAGE='cyassl'
PACKAGE_BUGREPORT=''
PACKAGE_NAME=''
PACKAGE_STRING=''
PACKAGE_TARNAME=''
PACKAGE_VERSION=''
PATH_SEPARATOR=':'
PTHREAD_CC='arm-brcm-linux-uclibcgnueabi-gcc'
PTHREAD_CFLAGS=''
PTHREAD_LIBS='-lpthread'
RANLIB='arm-brcm-linux-uclibcgnueabi-ranlib'
SED='/bin/sed'
SET_MAKE=''
SHELL='/bin/sh'
STRIP='arm-brcm-linux-uclibcgnueabi-strip'
VERSION='1.9.0'
ac_ct_CC=''
ac_ct_DUMPBIN=''
acx_pthread_config=''
am__fastdepCCAS_FALSE='#'
am__fastdepCCAS_TRUE=''
am__fastdepCC_FALSE='#'
am__fastdepCC_TRUE=''
am__include='include'
am__isrc=''
am__leading_dot='.'
am__quote=''
am__tar='${AMTAR} chof - "$$tardir"'
am__untar='${AMTAR} xf -'
bindir='${exec_prefix}/bin'
build='x86_64-pc-linux-gnu'
build_alias='x86_64-linux-gnu'
build_cpu='x86_64'
build_os='linux-gnu'
build_vendor='pc'
datadir='${datarootdir}'
datarootdir='${prefix}/share'
docdir='${datarootdir}/doc/${PACKAGE}'
dvidir='${docdir}'
exec_prefix='${prefix}'
host='arm-unknown-linux-gnu'
host_alias='arm-linux'
host_cpu='arm'
host_os='linux-gnu'
host_vendor='unknown'
htmldir='${docdir}'
includedir='${prefix}/include'
infodir='${datarootdir}/info'
install_sh='$(SHELL) /home/shibby/openwrt/tomato-ss/release/src/router/cyassl/install-sh'
libdir='${exec_prefix}/lib'
libexecdir='${exec_prefix}/libexec'
localedir='${datarootdir}/locale'
localstatedir='${prefix}/var'
lt_ECHO='echo'
mandir='${datarootdir}/man'
mkdir_p='/bin/mkdir -p'
oldincludedir='/usr/include'
pdfdir='${docdir}'
prefix='/usr/local/cyassl'
program_transform_name='s,x,x,'
psdir='${docdir}'
sbindir='${exec_prefix}/sbin'
sharedstatedir='${prefix}/com'
sysconfdir='${prefix}/etc'
target='arm-unknown-linux-gnu'
target_alias=''
target_cpu='arm'
target_os='linux-gnu'
target_vendor='unknown'

## ----------- ##
## confdefs.h. ##
## ----------- ##

#define PACKAGE_NAME ""
#define PACKAGE_TARNAME ""
#define PACKAGE_VERSION ""
#define PACKAGE_STRING ""
#define PACKAGE_BUGREPORT ""
#define PACKAGE "cyassl"
#define VERSION "1.9.0"
#define STDC_HEADERS 1
#define HAVE_SYS_TYPES_H 1
#define HAVE_SYS_STAT_H 1
#define HAVE_STDLIB_H 1
#define HAVE_STRING_H 1
#define HAVE_MEMORY_H 1
#define HAVE_STRINGS_H 1
#define HAVE_INTTYPES_H 1
#define HAVE_STDINT_H 1
#define HAVE_UNISTD_H 1
#define HAVE_DLFCN_H 1
#define LT_OBJDIR ".libs/"
#define SIZEOF_LONG 4
#define SIZEOF_LONG_LONG 8
#define HAVE_ERRNO_H 1
#define HAVE_PTHREAD 1

configure: exit 0
