This file contains any messages produced by compilers while
running configure, to aid debugging if configure makes a mistake.

It was created by configure, which was
generated by GNU Autoconf 2.59.  Invocation command line was

  $ ./configure --prefix=/usr/local --prefix=/usr/local --host=mipsel-linux --build=x86_64-linux-gnu CC=mipsel-uclibc-gcc CFLAGS=-Os -Wall -DLINUX26 -DCONFIG_BCMWL5 -pipe -DBCMWPA2 -funit-at-a-time -Wno-pointer-sign -mtune=mips32 -mips32 -DCONFIG_NVRAM_SIZE=60 -ffunction-sections -fdata-sections LDFLAGS=-ffunction-sections -fdata-sections -Wl,--gc-sections -fPIC build_alias=x86_64-linux-gnu host_alias=mipsel-linux --cache-file=/dev/null --srcdir=. --cache-file=/dev/null --srcdir=.

## --------- ##
## Platform. ##
## --------- ##

hostname = archeo
uname -m = x86_64
uname -r = 2.6.27.10-grsec
uname -s = Linux
uname -v = #4 SMP Mon Jun 15 11:45:55 CEST 2009

/usr/bin/uname -p = unknown
/bin/uname -X     = unknown

/bin/arch              = unknown
/usr/bin/arch -k       = unknown
/usr/convex/getsysinfo = unknown
hostinfo               = unknown
/bin/machine           = unknown
/usr/bin/oslevel       = unknown
/bin/universe          = unknown

PATH: /root/openwrt/tomato2.31/tools
PATH: /root/openwrt/tomato2.31/tools
PATH: /root/openwrt/tomato2.31/tools
PATH: /root/openwrt/tomato2.31/tools
PATH: /root/openwrt/tomato2.31/tools
PATH: /usr/local/sbin
PATH: /usr/local/bin
PATH: /usr/sbin
PATH: /usr/bin
PATH: /sbin
PATH: /bin
PATH: /opt/brcm/hndtools-mipsel-uclibc/bin
PATH: /opt/brcm/hndtools-mipsel-linux/bin


## ----------- ##
## Core tests. ##
## ----------- ##

configure:1537: checking for a BSD-compatible install
configure:1592: result: /usr/bin/install -c
configure:1603: checking whether build environment is sane
configure:1646: result: yes
configure:1711: checking for gawk
configure:1727: found /usr/bin/gawk
configure:1737: result: gawk
configure:1747: checking whether make sets $(MAKE)
configure:1767: result: yes
configure:1843: checking for mipsel-linux-strip
configure:1869: result: mipsel-uclibc-strip -R .note -R .comment
configure:1946: checking for mipsel-linux-gcc
configure:1972: result: mipsel-uclibc-gcc
configure:2254: checking for C compiler version
configure:2257: mipsel-uclibc-gcc --version </dev/null >&5
mipsel-uclibc-gcc (GCC) 4.2.4
Copyright (C) 2007 Free Software Foundation, Inc.
This is free software; see the source for copying conditions.  There is NO
warranty; not even for MERCHANTABILITY or FITNESS FOR A PARTICULAR PURPOSE.

configure:2260: $? = 0
configure:2262: mipsel-uclibc-gcc -v </dev/null >&5
Using built-in specs.
Target: mipsel-linux-uclibc
Configured with: /home/fedork/tomato/toolchain/build_dir/toolchain-mipsel_gcc4.2.4/gcc-4.2.4/configure --prefix=/opt/brcm/hndtools-mipsel-uclibc-4.2.4 --build=i486-linux-gnu --host=i486-linux-gnu --target=mipsel-linux-uclibc --with-gnu-ld --enable-target-optspace --disable-libgomp --disable-libmudflap --disable-multilib --disable-nls --disable-__cxa_atexit --enable-libssp --enable-languages=c,c++ --enable-shared --enable-threads --disable-tls
Thread model: posix
gcc version 4.2.4
configure:2265: $? = 0
configure:2267: mipsel-uclibc-gcc -V </dev/null >&5
mipsel-uclibc-gcc: '-V' option must have argument
configure:2270: $? = 1
configure:2293: checking for C compiler default output file name
configure:2296: mipsel-uclibc-gcc -Os -Wall -DLINUX26 -DCONFIG_BCMWL5 -pipe -DBCMWPA2 -funit-at-a-time -Wno-pointer-sign -mtune=mips32 -mips32 -DCONFIG_NVRAM_SIZE=60 -ffunction-sections -fdata-sections  -ffunction-sections -fdata-sections -Wl,--gc-sections -fPIC conftest.c  >&5
configure:2299: $? = 0
configure:2345: result: a.out
configure:2350: checking whether the C compiler works
configure:2376: result: yes
configure:2383: checking whether we are cross compiling
configure:2385: result: yes
configure:2388: checking for suffix of executables
configure:2390: mipsel-uclibc-gcc -o conftest -Os -Wall -DLINUX26 -DCONFIG_BCMWL5 -pipe -DBCMWPA2 -funit-at-a-time -Wno-pointer-sign -mtune=mips32 -mips32 -DCONFIG_NVRAM_SIZE=60 -ffunction-sections -fdata-sections  -ffunction-sections -fdata-sections -Wl,--gc-sections -fPIC conftest.c  >&5
configure:2393: $? = 0
configure:2418: result: 
configure:2424: checking for suffix of object files
configure:2445: mipsel-uclibc-gcc -c -Os -Wall -DLINUX26 -DCONFIG_BCMWL5 -pipe -DBCMWPA2 -funit-at-a-time -Wno-pointer-sign -mtune=mips32 -mips32 -DCONFIG_NVRAM_SIZE=60 -ffunction-sections -fdata-sections  conftest.c >&5
configure:2448: $? = 0
configure:2470: result: o
configure:2474: checking whether we are using the GNU C compiler
configure:2498: mipsel-uclibc-gcc -c -Os -Wall -DLINUX26 -DCONFIG_BCMWL5 -pipe -DBCMWPA2 -funit-at-a-time -Wno-pointer-sign -mtune=mips32 -mips32 -DCONFIG_NVRAM_SIZE=60 -ffunction-sections -fdata-sections  conftest.c >&5
configure:2504: $? = 0
configure:2508: test -z 
			 || test ! -s conftest.err
configure:2511: $? = 0
configure:2514: test -s conftest.o
configure:2517: $? = 0
configure:2530: result: yes
configure:2536: checking whether mipsel-uclibc-gcc accepts -g
configure:2557: mipsel-uclibc-gcc -c -g  conftest.c >&5
configure:2563: $? = 0
configure:2567: test -z 
			 || test ! -s conftest.err
configure:2570: $? = 0
configure:2573: test -s conftest.o
configure:2576: $? = 0
configure:2587: result: yes
configure:2604: checking for mipsel-uclibc-gcc option to accept ANSI C
configure:2674: mipsel-uclibc-gcc  -c -Os -Wall -DLINUX26 -DCONFIG_BCMWL5 -pipe -DBCMWPA2 -funit-at-a-time -Wno-pointer-sign -mtune=mips32 -mips32 -DCONFIG_NVRAM_SIZE=60 -ffunction-sections -fdata-sections  conftest.c >&5
configure:2680: $? = 0
configure:2684: test -z 
			 || test ! -s conftest.err
configure:2687: $? = 0
configure:2690: test -s conftest.o
configure:2693: $? = 0
configure:2711: result: none needed
configure:2729: mipsel-uclibc-gcc -c -Os -Wall -DLINUX26 -DCONFIG_BCMWL5 -pipe -DBCMWPA2 -funit-at-a-time -Wno-pointer-sign -mtune=mips32 -mips32 -DCONFIG_NVRAM_SIZE=60 -ffunction-sections -fdata-sections  conftest.c >&5
conftest.c:2: error: expected '=', ',', ';', 'asm' or '__attribute__' before 'me'
configure:2735: $? = 1
configure: failed program was:
| #ifndef __cplusplus
|   choke me
| #endif
configure:2879: checking for style of include used by make
configure:2907: result: GNU
configure:2935: checking dependency style of mipsel-uclibc-gcc
configure:3025: result: none
configure:3052: checking for mipsel-linux-g++
configure:3068: found /opt/brcm/hndtools-mipsel-uclibc/bin/mipsel-linux-g++
configure:3078: result: mipsel-linux-g++
configure:3136: checking for C++ compiler version
configure:3139: mipsel-linux-g++ --version </dev/null >&5
mipsel-linux-g++ (GCC) 4.2.4
Copyright (C) 2007 Free Software Foundation, Inc.
This is free software; see the source for copying conditions.  There is NO
warranty; not even for MERCHANTABILITY or FITNESS FOR A PARTICULAR PURPOSE.

configure:3142: $? = 0
configure:3144: mipsel-linux-g++ -v </dev/null >&5
Using built-in specs.
Target: mipsel-linux-uclibc
Configured with: /home/fedork/tomato/toolchain/build_dir/toolchain-mipsel_gcc4.2.4/gcc-4.2.4/configure --prefix=/opt/brcm/hndtools-mipsel-uclibc-4.2.4 --build=i486-linux-gnu --host=i486-linux-gnu --target=mipsel-linux-uclibc --with-gnu-ld --enable-target-optspace --disable-libgomp --disable-libmudflap --disable-multilib --disable-nls --disable-__cxa_atexit --enable-libssp --enable-languages=c,c++ --enable-shared --enable-threads --disable-tls
Thread model: posix
gcc version 4.2.4
configure:3147: $? = 0
configure:3149: mipsel-linux-g++ -V </dev/null >&5
mipsel-linux-g++: '-V' option must have argument
configure:3152: $? = 1
configure:3155: checking whether we are using the GNU C++ compiler
configure:3179: mipsel-linux-g++ -c   conftest.cc >&5
configure:3185: $? = 0
configure:3189: test -z 
			 || test ! -s conftest.err
configure:3192: $? = 0
configure:3195: test -s conftest.o
configure:3198: $? = 0
configure:3211: result: yes
configure:3217: checking whether mipsel-linux-g++ accepts -g
configure:3238: mipsel-linux-g++ -c -g  conftest.cc >&5
configure:3244: $? = 0
configure:3248: test -z 
			 || test ! -s conftest.err
configure:3251: $? = 0
configure:3254: test -s conftest.o
configure:3257: $? = 0
configure:3268: result: yes
configure:3310: mipsel-linux-g++ -c -g -O2  conftest.cc >&5
configure:3316: $? = 0
configure:3320: test -z 
			 || test ! -s conftest.err
configure:3323: $? = 0
configure:3326: test -s conftest.o
configure:3329: $? = 0
configure:3355: mipsel-linux-g++ -c -g -O2  conftest.cc >&5
conftest.cc: In function 'int main()':
conftest.cc:15: error: 'exit' was not declared in this scope
configure:3361: $? = 1
configure: failed program was:
| /* confdefs.h.  */
| 
| #define PACKAGE_NAME ""
| #define PACKAGE_TARNAME ""
| #define PACKAGE_VERSION ""
| #define PACKAGE_STRING ""
| #define PACKAGE_BUGREPORT ""
| #define PACKAGE "libasprintf"
| #define VERSION "1.0"
| /* end confdefs.h.  */
| 
| int
| main ()
| {
| exit (42);
|   ;
|   return 0;
| }
configure:3310: mipsel-linux-g++ -c -g -O2  conftest.cc >&5
conftest.cc:11: error: 'void std::exit(int)' should have been declared inside 'std'
configure:3316: $? = 1
configure: failed program was:
| /* confdefs.h.  */
| 
| #define PACKAGE_NAME ""
| #define PACKAGE_TARNAME ""
| #define PACKAGE_VERSION ""
| #define PACKAGE_STRING ""
| #define PACKAGE_BUGREPORT ""
| #define PACKAGE "libasprintf"
| #define VERSION "1.0"
| /* end confdefs.h.  */
| extern "C" void std::exit (int) throw (); using std::exit;
| #include <stdlib.h>
| int
| main ()
| {
| exit (42);
|   ;
|   return 0;
| }
configure:3310: mipsel-linux-g++ -c -g -O2  conftest.cc >&5
conftest.cc:11: error: 'void std::exit(int)' should have been declared inside 'std'
In file included from conftest.cc:12:
/opt/brcm/K26/hndtools-mipsel-uclibc-4.2.4/bin/../lib/gcc/mipsel-linux-uclibc/4.2.4/../../../../mipsel-linux-uclibc/sys-include/stdlib.h:518: error: declaration of 'void std::exit(int) throw ()' throws different exceptions
conftest.cc:11: error: from previous declaration 'void std::exit(int)'
configure:3316: $? = 1
configure: failed program was:
| /* confdefs.h.  */
| 
| #define PACKAGE_NAME ""
| #define PACKAGE_TARNAME ""
| #define PACKAGE_VERSION ""
| #define PACKAGE_STRING ""
| #define PACKAGE_BUGREPORT ""
| #define PACKAGE "libasprintf"
| #define VERSION "1.0"
| /* end confdefs.h.  */
| extern "C" void std::exit (int); using std::exit;
| #include <stdlib.h>
| int
| main ()
| {
| exit (42);
|   ;
|   return 0;
| }
configure:3310: mipsel-linux-g++ -c -g -O2  conftest.cc >&5
configure:3316: $? = 0
configure:3320: test -z 
			 || test ! -s conftest.err
configure:3323: $? = 0
configure:3326: test -s conftest.o
configure:3329: $? = 0
configure:3355: mipsel-linux-g++ -c -g -O2  conftest.cc >&5
configure:3361: $? = 0
configure:3365: test -z 
			 || test ! -s conftest.err
configure:3368: $? = 0
configure:3371: test -s conftest.o
configure:3374: $? = 0
configure:3399: checking dependency style of mipsel-linux-g++
configure:3489: result: none
configure:3519: checking for a BSD-compatible install
configure:3574: result: /usr/bin/install -c
configure:3592: checking build system type
configure:3610: result: x86_64-pc-linux-gnu
configure:3618: checking host system type
configure:3632: result: mipsel-unknown-linux-gnu
configure:3718: checking for a sed that does not truncate output
configure:3772: result: /bin/sed
configure:3775: checking for egrep
configure:3785: result: grep -E
configure:3801: checking for ld used by mipsel-uclibc-gcc
configure:3868: result: mipsel-uclibc-ld
configure:3877: checking if the linker (mipsel-uclibc-ld) is GNU ld
configure:3892: result: yes
configure:3897: checking for mipsel-uclibc-ld option to reload object files
configure:3904: result: -r
configure:3922: checking for BSD-compatible nm
configure:3964: result: mipsel-uclibc-nm
configure:3968: checking whether ln -s works
configure:3972: result: yes
configure:3979: checking how to recognise dependent libraries
configure:4151: result: pass_all
configure:4605: checking how to run the C preprocessor
configure:4640: mipsel-uclibc-gcc -E  conftest.c
configure:4646: $? = 0
configure:4678: mipsel-uclibc-gcc -E  conftest.c
conftest.c:14:28: error: ac_nonexistent.h: No such file or directory
configure:4684: $? = 1
configure: failed program was:
| /* confdefs.h.  */
| 
| #define PACKAGE_NAME ""
| #define PACKAGE_TARNAME ""
| #define PACKAGE_VERSION ""
| #define PACKAGE_STRING ""
| #define PACKAGE_BUGREPORT ""
| #define PACKAGE "libasprintf"
| #define VERSION "1.0"
| #ifdef __cplusplus
| extern "C" void exit (int) throw ();
| #endif
| /* end confdefs.h.  */
| #include <ac_nonexistent.h>
configure:4723: result: mipsel-uclibc-gcc -E
configure:4747: mipsel-uclibc-gcc -E  conftest.c
configure:4753: $? = 0
configure:4785: mipsel-uclibc-gcc -E  conftest.c
conftest.c:14:28: error: ac_nonexistent.h: No such file or directory
configure:4791: $? = 1
configure: failed program was:
| /* confdefs.h.  */
| 
| #define PACKAGE_NAME ""
| #define PACKAGE_TARNAME ""
| #define PACKAGE_VERSION ""
| #define PACKAGE_STRING ""
| #define PACKAGE_BUGREPORT ""
| #define PACKAGE "libasprintf"
| #define VERSION "1.0"
| #ifdef __cplusplus
| extern "C" void exit (int) throw ();
| #endif
| /* end confdefs.h.  */
| #include <ac_nonexistent.h>
configure:4835: checking for ANSI C header files
configure:4860: mipsel-uclibc-gcc -c -Os -Wall -DLINUX26 -DCONFIG_BCMWL5 -pipe -DBCMWPA2 -funit-at-a-time -Wno-pointer-sign -mtune=mips32 -mips32 -DCONFIG_NVRAM_SIZE=60 -ffunction-sections -fdata-sections  conftest.c >&5
configure:4866: $? = 0
configure:4870: test -z 
			 || test ! -s conftest.err
configure:4873: $? = 0
configure:4876: test -s conftest.o
configure:4879: $? = 0
configure:4991: result: yes
configure:5015: checking for sys/types.h
configure:5031: mipsel-uclibc-gcc -c -Os -Wall -DLINUX26 -DCONFIG_BCMWL5 -pipe -DBCMWPA2 -funit-at-a-time -Wno-pointer-sign -mtune=mips32 -mips32 -DCONFIG_NVRAM_SIZE=60 -ffunction-sections -fdata-sections  conftest.c >&5
configure:5037: $? = 0
configure:5041: test -z 
			 || test ! -s conftest.err
configure:5044: $? = 0
configure:5047: test -s conftest.o
configure:5050: $? = 0
configure:5061: result: yes
configure:5015: checking for sys/stat.h
configure:5031: mipsel-uclibc-gcc -c -Os -Wall -DLINUX26 -DCONFIG_BCMWL5 -pipe -DBCMWPA2 -funit-at-a-time -Wno-pointer-sign -mtune=mips32 -mips32 -DCONFIG_NVRAM_SIZE=60 -ffunction-sections -fdata-sections  conftest.c >&5
configure:5037: $? = 0
configure:5041: test -z 
			 || test ! -s conftest.err
configure:5044: $? = 0
configure:5047: test -s conftest.o
configure:5050: $? = 0
configure:5061: result: yes
configure:5015: checking for stdlib.h
configure:5031: mipsel-uclibc-gcc -c -Os -Wall -DLINUX26 -DCONFIG_BCMWL5 -pipe -DBCMWPA2 -funit-at-a-time -Wno-pointer-sign -mtune=mips32 -mips32 -DCONFIG_NVRAM_SIZE=60 -ffunction-sections -fdata-sections  conftest.c >&5
configure:5037: $? = 0
configure:5041: test -z 
			 || test ! -s conftest.err
configure:5044: $? = 0
configure:5047: test -s conftest.o
configure:5050: $? = 0
configure:5061: result: yes
configure:5015: checking for string.h
configure:5031: mipsel-uclibc-gcc -c -Os -Wall -DLINUX26 -DCONFIG_BCMWL5 -pipe -DBCMWPA2 -funit-at-a-time -Wno-pointer-sign -mtune=mips32 -mips32 -DCONFIG_NVRAM_SIZE=60 -ffunction-sections -fdata-sections  conftest.c >&5
configure:5037: $? = 0
configure:5041: test -z 
			 || test ! -s conftest.err
configure:5044: $? = 0
configure:5047: test -s conftest.o
configure:5050: $? = 0
configure:5061: result: yes
configure:5015: checking for memory.h
configure:5031: mipsel-uclibc-gcc -c -Os -Wall -DLINUX26 -DCONFIG_BCMWL5 -pipe -DBCMWPA2 -funit-at-a-time -Wno-pointer-sign -mtune=mips32 -mips32 -DCONFIG_NVRAM_SIZE=60 -ffunction-sections -fdata-sections  conftest.c >&5
configure:5037: $? = 0
configure:5041: test -z 
			 || test ! -s conftest.err
configure:5044: $? = 0
configure:5047: test -s conftest.o
configure:5050: $? = 0
configure:5061: result: yes
configure:5015: checking for strings.h
configure:5031: mipsel-uclibc-gcc -c -Os -Wall -DLINUX26 -DCONFIG_BCMWL5 -pipe -DBCMWPA2 -funit-at-a-time -Wno-pointer-sign -mtune=mips32 -mips32 -DCONFIG_NVRAM_SIZE=60 -ffunction-sections -fdata-sections  conftest.c >&5
configure:5037: $? = 0
configure:5041: test -z 
			 || test ! -s conftest.err
configure:5044: $? = 0
configure:5047: test -s conftest.o
configure:5050: $? = 0
configure:5061: result: yes
configure:5015: checking for inttypes.h
configure:5031: mipsel-uclibc-gcc -c -Os -Wall -DLINUX26 -DCONFIG_BCMWL5 -pipe -DBCMWPA2 -funit-at-a-time -Wno-pointer-sign -mtune=mips32 -mips32 -DCONFIG_NVRAM_SIZE=60 -ffunction-sections -fdata-sections  conftest.c >&5
configure:5037: $? = 0
configure:5041: test -z 
			 || test ! -s conftest.err
configure:5044: $? = 0
configure:5047: test -s conftest.o
configure:5050: $? = 0
configure:5061: result: yes
configure:5015: checking for stdint.h
configure:5031: mipsel-uclibc-gcc -c -Os -Wall -DLINUX26 -DCONFIG_BCMWL5 -pipe -DBCMWPA2 -funit-at-a-time -Wno-pointer-sign -mtune=mips32 -mips32 -DCONFIG_NVRAM_SIZE=60 -ffunction-sections -fdata-sections  conftest.c >&5
configure:5037: $? = 0
configure:5041: test -z 
			 || test ! -s conftest.err
configure:5044: $? = 0
configure:5047: test -s conftest.o
configure:5050: $? = 0
configure:5061: result: yes
configure:5015: checking for unistd.h
configure:5031: mipsel-uclibc-gcc -c -Os -Wall -DLINUX26 -DCONFIG_BCMWL5 -pipe -DBCMWPA2 -funit-at-a-time -Wno-pointer-sign -mtune=mips32 -mips32 -DCONFIG_NVRAM_SIZE=60 -ffunction-sections -fdata-sections  conftest.c >&5
configure:5037: $? = 0
configure:5041: test -z 
			 || test ! -s conftest.err
configure:5044: $? = 0
configure:5047: test -s conftest.o
configure:5050: $? = 0
configure:5061: result: yes
configure:5087: checking dlfcn.h usability
configure:5099: mipsel-uclibc-gcc -c -Os -Wall -DLINUX26 -DCONFIG_BCMWL5 -pipe -DBCMWPA2 -funit-at-a-time -Wno-pointer-sign -mtune=mips32 -mips32 -DCONFIG_NVRAM_SIZE=60 -ffunction-sections -fdata-sections  conftest.c >&5
configure:5105: $? = 0
configure:5109: test -z 
			 || test ! -s conftest.err
configure:5112: $? = 0
configure:5115: test -s conftest.o
configure:5118: $? = 0
configure:5128: result: yes
configure:5132: checking dlfcn.h presence
configure:5142: mipsel-uclibc-gcc -E  conftest.c
configure:5148: $? = 0
configure:5168: result: yes
configure:5203: checking for dlfcn.h
configure:5210: result: yes
configure:5233: checking how to run the C++ preprocessor
configure:5264: mipsel-linux-g++ -E  conftest.cc
configure:5270: $? = 0
configure:5302: mipsel-linux-g++ -E  conftest.cc
conftest.cc:25:28: error: ac_nonexistent.h: No such file or directory
configure:5308: $? = 1
configure: failed program was:
| /* confdefs.h.  */
| 
| #define PACKAGE_NAME ""
| #define PACKAGE_TARNAME ""
| #define PACKAGE_VERSION ""
| #define PACKAGE_STRING ""
| #define PACKAGE_BUGREPORT ""
| #define PACKAGE "libasprintf"
| #define VERSION "1.0"
| #ifdef __cplusplus
| extern "C" void exit (int) throw ();
| #endif
| #define STDC_HEADERS 1
| #define HAVE_SYS_TYPES_H 1
| #define HAVE_SYS_STAT_H 1
| #define HAVE_STDLIB_H 1
| #define HAVE_STRING_H 1
| #define HAVE_MEMORY_H 1
| #define HAVE_STRINGS_H 1
| #define HAVE_INTTYPES_H 1
| #define HAVE_STDINT_H 1
| #define HAVE_UNISTD_H 1
| #define HAVE_DLFCN_H 1
| /* end confdefs.h.  */
| #include <ac_nonexistent.h>
configure:5347: result: mipsel-linux-g++ -E
configure:5371: mipsel-linux-g++ -E  conftest.cc
configure:5377: $? = 0
configure:5409: mipsel-linux-g++ -E  conftest.cc
conftest.cc:25:28: error: ac_nonexistent.h: No such file or directory
configure:5415: $? = 1
configure: failed program was:
| /* confdefs.h.  */
| 
| #define PACKAGE_NAME ""
| #define PACKAGE_TARNAME ""
| #define PACKAGE_VERSION ""
| #define PACKAGE_STRING ""
| #define PACKAGE_BUGREPORT ""
| #define PACKAGE "libasprintf"
| #define VERSION "1.0"
| #ifdef __cplusplus
| extern "C" void exit (int) throw ();
| #endif
| #define STDC_HEADERS 1
| #define HAVE_SYS_TYPES_H 1
| #define HAVE_SYS_STAT_H 1
| #define HAVE_STDLIB_H 1
| #define HAVE_STRING_H 1
| #define HAVE_MEMORY_H 1
| #define HAVE_STRINGS_H 1
| #define HAVE_INTTYPES_H 1
| #define HAVE_STDINT_H 1
| #define HAVE_UNISTD_H 1
| #define HAVE_DLFCN_H 1
| /* end confdefs.h.  */
| #include <ac_nonexistent.h>
configure:5470: checking for mipsel-linux-g77
configure:5499: result: no
configure:5470: checking for mipsel-linux-f77
configure:5499: result: no
configure:5470: checking for mipsel-linux-xlf
configure:5499: result: no
configure:5470: checking for mipsel-linux-frt
configure:5499: result: no
configure:5470: checking for mipsel-linux-pgf77
configure:5499: result: no
configure:5470: checking for mipsel-linux-fort77
configure:5499: result: no
configure:5470: checking for mipsel-linux-fl32
configure:5499: result: no
configure:5470: checking for mipsel-linux-af77
configure:5499: result: no
configure:5470: checking for mipsel-linux-f90
configure:5499: result: no
configure:5470: checking for mipsel-linux-xlf90
configure:5499: result: no
configure:5470: checking for mipsel-linux-pgf90
configure:5499: result: no
configure:5470: checking for mipsel-linux-epcf90
configure:5499: result: no
configure:5470: checking for mipsel-linux-f95
configure:5499: result: no
configure:5470: checking for mipsel-linux-fort
configure:5499: result: no
configure:5470: checking for mipsel-linux-xlf95
configure:5499: result: no
configure:5470: checking for mipsel-linux-ifc
configure:5499: result: no
configure:5470: checking for mipsel-linux-efc
configure:5499: result: no
configure:5470: checking for mipsel-linux-pgf95
configure:5499: result: no
configure:5470: checking for mipsel-linux-lf95
configure:5499: result: no
configure:5470: checking for mipsel-linux-gfortran
configure:5499: result: no
configure:5512: checking for g77
configure:5541: result: no
configure:5512: checking for f77
configure:5541: result: no
configure:5512: checking for xlf
configure:5541: result: no
configure:5512: checking for frt
configure:5541: result: no
configure:5512: checking for pgf77
configure:5541: result: no
configure:5512: checking for fort77
configure:5541: result: no
configure:5512: checking for fl32
configure:5541: result: no
configure:5512: checking for af77
configure:5541: result: no
configure:5512: checking for f90
configure:5541: result: no
configure:5512: checking for xlf90
configure:5541: result: no
configure:5512: checking for pgf90
configure:5541: result: no
configure:5512: checking for epcf90
configure:5541: result: no
configure:5512: checking for f95
configure:5541: result: no
configure:5512: checking for fort
configure:5541: result: no
configure:5512: checking for xlf95
configure:5541: result: no
configure:5512: checking for ifc
configure:5541: result: no
configure:5512: checking for efc
configure:5541: result: no
configure:5512: checking for pgf95
configure:5541: result: no
configure:5512: checking for lf95
configure:5541: result: no
configure:5512: checking for gfortran
configure:5541: result: no
configure:5553: checking for Fortran 77 compiler version
configure:5556:  --version </dev/null >&5
./configure: line 5557: --version: command not found
configure:5559: $? = 127
configure:5561:  -v </dev/null >&5
./configure: line 5562: -v: command not found
configure:5564: $? = 127
configure:5566:  -V </dev/null >&5
./configure: line 5567: -V: command not found
configure:5569: $? = 127
configure:5577: checking whether we are using the GNU Fortran 77 compiler
configure:5591:  -c  conftest.F >&5
./configure: line 5592: -c: command not found
configure:5597: $? = 127
configure: failed program was:
|       program main
| #ifndef __GNUC__
|        choke me
| #endif
| 
|       end
configure:5623: result: no
configure:5629: checking whether  accepts -g
configure:5641:  -c -g conftest.f >&5
./configure: line 5642: -c: command not found
configure:5647: $? = 127
configure: failed program was:
|       program main
| 
|       end
configure:5672: result: no
configure:5702: checking the maximum length of command line arguments
configure:5793: result: 32768
configure:5804: checking command to parse mipsel-uclibc-nm output from mipsel-uclibc-gcc object
configure:5900: mipsel-uclibc-gcc -c -Os -Wall -DLINUX26 -DCONFIG_BCMWL5 -pipe -DBCMWPA2 -funit-at-a-time -Wno-pointer-sign -mtune=mips32 -mips32 -DCONFIG_NVRAM_SIZE=60 -ffunction-sections -fdata-sections  conftest.c >&5
configure:5903: $? = 0
configure:5907: mipsel-uclibc-nm conftest.o \| sed -n -e 's/^.*[ 	]\([ABCDGIRSTW][ABCDGIRSTW]*\)[ 	][ 	]*\([_A-Za-z][_A-Za-z0-9]*\)$/\1 \2 \2/p' \> conftest.nm
configure:5910: $? = 0
configure:5962: mipsel-uclibc-gcc -o conftest -Os -Wall -DLINUX26 -DCONFIG_BCMWL5 -pipe -DBCMWPA2 -funit-at-a-time -Wno-pointer-sign -mtune=mips32 -mips32 -DCONFIG_NVRAM_SIZE=60 -ffunction-sections -fdata-sections  -ffunction-sections -fdata-sections -Wl,--gc-sections -fPIC conftest.c conftstm.o >&5
configure:5965: $? = 0
configure:6003: result: ok
configure:6007: checking for objdir
configure:6022: result: .libs
configure:6074: checking for mipsel-linux-ar
configure:6100: result: mipsel-uclibc-ar
configure:6154: checking for mipsel-linux-ranlib
configure:6180: result: mipsel-uclibc-ranlib
configure:6234: checking for mipsel-linux-strip
configure:6260: result: mipsel-uclibc-strip -R .note -R .comment
configure:6563: checking if mipsel-uclibc-gcc static flag  works
configure:6586: result: yes
configure:6608: checking if mipsel-uclibc-gcc supports -fno-rtti -fno-exceptions
configure:6626: mipsel-uclibc-gcc -c -Os -Wall -DLINUX26 -DCONFIG_BCMWL5 -pipe -DBCMWPA2 -funit-at-a-time -Wno-pointer-sign -mtune=mips32 -mips32 -DCONFIG_NVRAM_SIZE=60 -ffunction-sections -fdata-sections  -fno-rtti -fno-exceptions conftest.c >&5
cc1: warning: command line option "-fno-rtti" is valid for C++/ObjC++ but not for C
configure:6630: $? = 0
configure:6641: result: no
configure:6656: checking for mipsel-uclibc-gcc option to produce PIC
configure:6858: result: -fPIC
configure:6866: checking if mipsel-uclibc-gcc PIC flag -fPIC works
configure:6884: mipsel-uclibc-gcc -c -Os -Wall -DLINUX26 -DCONFIG_BCMWL5 -pipe -DBCMWPA2 -funit-at-a-time -Wno-pointer-sign -mtune=mips32 -mips32 -DCONFIG_NVRAM_SIZE=60 -ffunction-sections -fdata-sections  -fPIC -DPIC conftest.c >&5
configure:6888: $? = 0
configure:6899: result: yes
configure:6923: checking if mipsel-uclibc-gcc supports -c -o file.o
configure:6944: mipsel-uclibc-gcc -c -Os -Wall -DLINUX26 -DCONFIG_BCMWL5 -pipe -DBCMWPA2 -funit-at-a-time -Wno-pointer-sign -mtune=mips32 -mips32 -DCONFIG_NVRAM_SIZE=60 -ffunction-sections -fdata-sections  -o out/conftest2.o conftest.c >&5
configure:6948: $? = 0
configure:6968: result: yes
configure:6994: checking whether the mipsel-uclibc-gcc linker (mipsel-uclibc-ld) supports shared libraries
configure:7856: result: yes
configure:7882: checking whether -lc should be explicitly linked in
configure:7887: mipsel-uclibc-gcc -c -Os -Wall -DLINUX26 -DCONFIG_BCMWL5 -pipe -DBCMWPA2 -funit-at-a-time -Wno-pointer-sign -mtune=mips32 -mips32 -DCONFIG_NVRAM_SIZE=60 -ffunction-sections -fdata-sections  conftest.c >&5
configure:7890: $? = 0
configure:7904: mipsel-uclibc-gcc -shared conftest.o  -v -Wl,-soname -Wl,conftest -o conftest 2\>\&1 \| grep  -lc  \>/dev/null 2\>\&1
configure:7907: $? = 0
configure:7919: result: no
configure:7927: checking dynamic linker characteristics
configure:8469: result: GNU/Linux ld.so
configure:8473: checking how to hardcode library paths into programs
configure:8498: result: immediate
configure:8512: checking whether stripping libraries is possible
configure:8517: result: yes
configure:9347: checking if libtool supports shared libraries
configure:9349: result: yes
configure:9352: checking whether to build shared libraries
configure:9373: result: yes
configure:9376: checking whether to build static libraries
configure:9380: result: yes
configure:9472: creating libtool
configure:10028: checking for ld used by mipsel-linux-g++
configure:10095: result: mipsel-uclibc-ld
configure:10104: checking if the linker (mipsel-uclibc-ld) is GNU ld
configure:10119: result: yes
configure:10170: checking whether the mipsel-linux-g++ linker (mipsel-uclibc-ld) supports shared libraries
configure:11052: result: yes
configure:11074: mipsel-linux-g++ -c -g -O2  conftest.cc >&5
configure:11077: $? = 0
configure:11173: checking for mipsel-linux-g++ option to produce PIC
configure:11441: result: -fPIC
configure:11449: checking if mipsel-linux-g++ PIC flag -fPIC works
configure:11467: mipsel-linux-g++ -c -g -O2  -fPIC -DPIC conftest.cc >&5
configure:11471: $? = 0
configure:11482: result: yes
configure:11506: checking if mipsel-linux-g++ supports -c -o file.o
configure:11527: mipsel-linux-g++ -c -g -O2  -o out/conftest2.o conftest.cc >&5
configure:11531: $? = 0
configure:11551: result: yes
configure:11577: checking whether the mipsel-linux-g++ linker (mipsel-uclibc-ld) supports shared libraries
configure:11602: result: yes
configure:11673: checking dynamic linker characteristics
configure:12215: result: GNU/Linux ld.so
configure:12219: checking how to hardcode library paths into programs
configure:12244: result: immediate
configure:12258: checking whether stripping libraries is possible
configure:12263: result: yes
configure:19611: checking for an ANSI C-conforming const
configure:19678: mipsel-uclibc-gcc -c -Os -Wall -DLINUX26 -DCONFIG_BCMWL5 -pipe -DBCMWPA2 -funit-at-a-time -Wno-pointer-sign -mtune=mips32 -mips32 -DCONFIG_NVRAM_SIZE=60 -ffunction-sections -fdata-sections  conftest.c >&5
conftest.c: In function 'main':
conftest.c:52: warning: unused variable 's'
conftest.c:72: warning: unused variable 'foo'
conftest.c:39: warning: unused variable 'zero'
conftest.c:33: warning: unused variable 'x'
conftest.c:54: warning: 't' is used uninitialized in this function
conftest.c:69: warning: 'b' is used uninitialized in this function
configure:19684: $? = 0
configure:19688: test -z 
			 || test ! -s conftest.err
configure:19691: $? = 0
configure:19694: test -s conftest.o
configure:19697: $? = 0
configure:19708: result: yes
configure:19718: checking for inline
configure:19739: mipsel-uclibc-gcc -c -Os -Wall -DLINUX26 -DCONFIG_BCMWL5 -pipe -DBCMWPA2 -funit-at-a-time -Wno-pointer-sign -mtune=mips32 -mips32 -DCONFIG_NVRAM_SIZE=60 -ffunction-sections -fdata-sections  conftest.c >&5
configure:19745: $? = 0
configure:19749: test -z 
			 || test ! -s conftest.err
configure:19752: $? = 0
configure:19755: test -s conftest.o
configure:19758: $? = 0
configure:19770: result: inline
configure:19790: checking for signed
configure:19811: mipsel-uclibc-gcc -c -Os -Wall -DLINUX26 -DCONFIG_BCMWL5 -pipe -DBCMWPA2 -funit-at-a-time -Wno-pointer-sign -mtune=mips32 -mips32 -DCONFIG_NVRAM_SIZE=60 -ffunction-sections -fdata-sections  conftest.c >&5
conftest.c: In function 'main':
conftest.c:29: warning: unused variable 'x'
configure:19817: $? = 0
configure:19821: test -z 
			 || test ! -s conftest.err
configure:19824: $? = 0
configure:19827: test -s conftest.o
configure:19830: $? = 0
configure:19841: result: yes
configure:19851: checking for size_t
configure:19875: mipsel-uclibc-gcc -c -Os -Wall -DLINUX26 -DCONFIG_BCMWL5 -pipe -DBCMWPA2 -funit-at-a-time -Wno-pointer-sign -mtune=mips32 -mips32 -DCONFIG_NVRAM_SIZE=60 -ffunction-sections -fdata-sections  conftest.c >&5
configure:19881: $? = 0
configure:19885: test -z 
			 || test ! -s conftest.err
configure:19888: $? = 0
configure:19891: test -s conftest.o
configure:19894: $? = 0
configure:19905: result: yes
configure:19918: checking for long long
configure:19940: mipsel-uclibc-gcc -o conftest -Os -Wall -DLINUX26 -DCONFIG_BCMWL5 -pipe -DBCMWPA2 -funit-at-a-time -Wno-pointer-sign -mtune=mips32 -mips32 -DCONFIG_NVRAM_SIZE=60 -ffunction-sections -fdata-sections  -ffunction-sections -fdata-sections -Wl,--gc-sections -fPIC conftest.c  >&5
configure:19946: $? = 0
configure:19950: test -z 
			 || test ! -s conftest.err
configure:19953: $? = 0
configure:19956: test -s conftest
configure:19959: $? = 0
configure:19971: result: yes
configure:19982: checking for long double
configure:20042: result: yes
configure:20053: checking for wchar_t
configure:20075: mipsel-uclibc-gcc -c -Os -Wall -DLINUX26 -DCONFIG_BCMWL5 -pipe -DBCMWPA2 -funit-at-a-time -Wno-pointer-sign -mtune=mips32 -mips32 -DCONFIG_NVRAM_SIZE=60 -ffunction-sections -fdata-sections  conftest.c >&5
configure:20081: $? = 0
configure:20085: test -z 
			 || test ! -s conftest.err
configure:20088: $? = 0
configure:20091: test -s conftest.o
configure:20094: $? = 0
configure:20105: result: yes
configure:20116: checking for wint_t
configure:20138: mipsel-uclibc-gcc -c -Os -Wall -DLINUX26 -DCONFIG_BCMWL5 -pipe -DBCMWPA2 -funit-at-a-time -Wno-pointer-sign -mtune=mips32 -mips32 -DCONFIG_NVRAM_SIZE=60 -ffunction-sections -fdata-sections  conftest.c >&5
configure:20144: $? = 0
configure:20148: test -z 
			 || test ! -s conftest.err
configure:20151: $? = 0
configure:20154: test -s conftest.o
configure:20157: $? = 0
configure:20168: result: yes
configure:20178: checking for ptrdiff_t
configure:20202: mipsel-uclibc-gcc -c -Os -Wall -DLINUX26 -DCONFIG_BCMWL5 -pipe -DBCMWPA2 -funit-at-a-time -Wno-pointer-sign -mtune=mips32 -mips32 -DCONFIG_NVRAM_SIZE=60 -ffunction-sections -fdata-sections  conftest.c >&5
configure:20208: $? = 0
configure:20212: test -z 
			 || test ! -s conftest.err
configure:20215: $? = 0
configure:20218: test -s conftest.o
configure:20221: $? = 0
configure:20232: result: yes
configure:20246: checking for inttypes.h
configure:20268: mipsel-uclibc-gcc -c -Os -Wall -DLINUX26 -DCONFIG_BCMWL5 -pipe -DBCMWPA2 -funit-at-a-time -Wno-pointer-sign -mtune=mips32 -mips32 -DCONFIG_NVRAM_SIZE=60 -ffunction-sections -fdata-sections  conftest.c >&5
conftest.c: In function 'main':
conftest.c:34: warning: unused variable 'i'
configure:20274: $? = 0
configure:20278: test -z 
			 || test ! -s conftest.err
configure:20281: $? = 0
configure:20284: test -s conftest.o
configure:20287: $? = 0
configure:20298: result: yes
configure:20309: checking for stdint.h
configure:20331: mipsel-uclibc-gcc -c -Os -Wall -DLINUX26 -DCONFIG_BCMWL5 -pipe -DBCMWPA2 -funit-at-a-time -Wno-pointer-sign -mtune=mips32 -mips32 -DCONFIG_NVRAM_SIZE=60 -ffunction-sections -fdata-sections  conftest.c >&5
conftest.c: In function 'main':
conftest.c:35: warning: unused variable 'i'
configure:20337: $? = 0
configure:20341: test -z 
			 || test ! -s conftest.err
configure:20344: $? = 0
configure:20347: test -s conftest.o
configure:20350: $? = 0
configure:20361: result: yes
configure:20374: checking for intmax_t
configure:20404: mipsel-uclibc-gcc -c -Os -Wall -DLINUX26 -DCONFIG_BCMWL5 -pipe -DBCMWPA2 -funit-at-a-time -Wno-pointer-sign -mtune=mips32 -mips32 -DCONFIG_NVRAM_SIZE=60 -ffunction-sections -fdata-sections  conftest.c >&5
conftest.c: In function 'main':
conftest.c:44: warning: unused variable 'x'
configure:20410: $? = 0
configure:20414: test -z 
			 || test ! -s conftest.err
configure:20417: $? = 0
configure:20420: test -s conftest.o
configure:20423: $? = 0
configure:20434: result: yes
configure:20450: checking for stdint.h
configure:20455: result: yes
configure:20595: checking for SIZE_MAX
configure:21664: result: yes
configure:21682: checking for stdint.h
configure:21687: result: yes
configure:21832: checking for working alloca.h
configure:21853: mipsel-uclibc-gcc -o conftest -Os -Wall -DLINUX26 -DCONFIG_BCMWL5 -pipe -DBCMWPA2 -funit-at-a-time -Wno-pointer-sign -mtune=mips32 -mips32 -DCONFIG_NVRAM_SIZE=60 -ffunction-sections -fdata-sections  -ffunction-sections -fdata-sections -Wl,--gc-sections -fPIC conftest.c  >&5
conftest.c: In function 'main':
conftest.c:38: warning: unused variable 'p'
configure:21859: $? = 0
configure:21863: test -z 
			 || test ! -s conftest.err
configure:21866: $? = 0
configure:21869: test -s conftest
configure:21872: $? = 0
configure:21884: result: yes
configure:21894: checking for alloca
configure:21935: mipsel-uclibc-gcc -o conftest -Os -Wall -DLINUX26 -DCONFIG_BCMWL5 -pipe -DBCMWPA2 -funit-at-a-time -Wno-pointer-sign -mtune=mips32 -mips32 -DCONFIG_NVRAM_SIZE=60 -ffunction-sections -fdata-sections  -ffunction-sections -fdata-sections -Wl,--gc-sections -fPIC conftest.c  >&5
conftest.c: In function 'main':
conftest.c:59: warning: unused variable 'p'
configure:21941: $? = 0
configure:21945: test -z 
			 || test ! -s conftest.err
configure:21948: $? = 0
configure:21951: test -s conftest
configure:21954: $? = 0
configure:21966: result: yes
configure:22217: checking for snprintf
configure:22274: mipsel-uclibc-gcc -o conftest -Os -Wall -DLINUX26 -DCONFIG_BCMWL5 -pipe -DBCMWPA2 -funit-at-a-time -Wno-pointer-sign -mtune=mips32 -mips32 -DCONFIG_NVRAM_SIZE=60 -ffunction-sections -fdata-sections  -ffunction-sections -fdata-sections -Wl,--gc-sections -fPIC conftest.c  >&5
conftest.c:60: warning: conflicting types for built-in function 'snprintf'
configure:22280: $? = 0
configure:22284: test -z 
			 || test ! -s conftest.err
configure:22287: $? = 0
configure:22290: test -s conftest
configure:22293: $? = 0
configure:22305: result: yes
configure:22217: checking for vasprintf
configure:22274: mipsel-uclibc-gcc -o conftest -Os -Wall -DLINUX26 -DCONFIG_BCMWL5 -pipe -DBCMWPA2 -funit-at-a-time -Wno-pointer-sign -mtune=mips32 -mips32 -DCONFIG_NVRAM_SIZE=60 -ffunction-sections -fdata-sections  -ffunction-sections -fdata-sections -Wl,--gc-sections -fPIC conftest.c  >&5
configure:22280: $? = 0
configure:22284: test -z 
			 || test ! -s conftest.err
configure:22287: $? = 0
configure:22290: test -s conftest
configure:22293: $? = 0
configure:22305: result: yes
configure:22217: checking for wcslen
configure:22274: mipsel-uclibc-gcc -o conftest -Os -Wall -DLINUX26 -DCONFIG_BCMWL5 -pipe -DBCMWPA2 -funit-at-a-time -Wno-pointer-sign -mtune=mips32 -mips32 -DCONFIG_NVRAM_SIZE=60 -ffunction-sections -fdata-sections  -ffunction-sections -fdata-sections -Wl,--gc-sections -fPIC conftest.c  >&5
configure:22280: $? = 0
configure:22284: test -z 
			 || test ! -s conftest.err
configure:22287: $? = 0
configure:22290: test -s conftest
configure:22293: $? = 0
configure:22305: result: yes
configure:22315: checking whether _snprintf is declared
configure:22339: mipsel-uclibc-gcc -c -Os -Wall -DLINUX26 -DCONFIG_BCMWL5 -pipe -DBCMWPA2 -funit-at-a-time -Wno-pointer-sign -mtune=mips32 -mips32 -DCONFIG_NVRAM_SIZE=60 -ffunction-sections -fdata-sections  conftest.c >&5
conftest.c: In function 'main':
conftest.c:77: error: '_snprintf' undeclared (first use in this function)
conftest.c:77: error: (Each undeclared identifier is reported only once
conftest.c:77: error: for each function it appears in.)
conftest.c:77: warning: unused variable 'p'
configure:22345: $? = 1
configure: failed program was:
| /* confdefs.h.  */
| 
| #define PACKAGE_NAME ""
| #define PACKAGE_TARNAME ""
| #define PACKAGE_VERSION ""
| #define PACKAGE_STRING ""
| #define PACKAGE_BUGREPORT ""
| #define PACKAGE "libasprintf"
| #define VERSION "1.0"
| #ifdef __cplusplus
| extern "C" void exit (int) throw ();
| #endif
| #define STDC_HEADERS 1
| #define HAVE_SYS_TYPES_H 1
| #define HAVE_SYS_STAT_H 1
| #define HAVE_STDLIB_H 1
| #define HAVE_STRING_H 1
| #define HAVE_MEMORY_H 1
| #define HAVE_STRINGS_H 1
| #define HAVE_INTTYPES_H 1
| #define HAVE_STDINT_H 1
| #define HAVE_UNISTD_H 1
| #define HAVE_DLFCN_H 1
| #define HAVE_LONG_LONG 1
| #define HAVE_LONG_DOUBLE 1
| #define HAVE_WCHAR_T 1
| #define HAVE_WINT_T 1
| #define HAVE_INTTYPES_H_WITH_UINTMAX 1
| #define HAVE_STDINT_H_WITH_UINTMAX 1
| #define HAVE_INTMAX_T 1
| #define HAVE_STDINT_H 1
| #define HAVE_STDINT_H 1
| #define HAVE_ALLOCA_H 1
| #define HAVE_ALLOCA 1
| #define HAVE_SNPRINTF 1
| #define HAVE_VASPRINTF 1
| #define HAVE_WCSLEN 1
| /* end confdefs.h.  */
| #include <stdio.h>
| #if HAVE_SYS_TYPES_H
| # include <sys/types.h>
| #endif
| #if HAVE_SYS_STAT_H
| # include <sys/stat.h>
| #endif
| #if STDC_HEADERS
| # include <stdlib.h>
| # include <stddef.h>
| #else
| # if HAVE_STDLIB_H
| #  include <stdlib.h>
| # endif
| #endif
| #if HAVE_STRING_H
| # if !STDC_HEADERS && HAVE_MEMORY_H
| #  include <memory.h>
| # endif
| # include <string.h>
| #endif
| #if HAVE_STRINGS_H
| # include <strings.h>
| #endif
| #if HAVE_INTTYPES_H
| # include <inttypes.h>
| #else
| # if HAVE_STDINT_H
| #  include <stdint.h>
| # endif
| #endif
| #if HAVE_UNISTD_H
| # include <unistd.h>
| #endif
| int
| main ()
| {
| #ifndef _snprintf
|   char *p = (char *) _snprintf;
| #endif
| 
|   ;
|   return 0;
| }
configure:22369: result: no
configure:22389: checking whether printf() supports POSIX/XSI format strings
configure:22462: result: guessing yes
configure:22478: checking for dvips
configure:22509: result: /root/openwrt/tomato2.31/src/router/gettext/build-aux/missing dvips
configure:22518: checking for texi2pdf
configure:22536: found /usr/bin/texi2pdf
configure:22549: result: /usr/bin/texi2pdf
configure:22558: checking for perl
configure:22576: found /usr/bin/perl
configure:22589: result: /usr/bin/perl
configure:22716: creating ./config.status

## ---------------------- ##
## Running config.status. ##
## ---------------------- ##

This file was extended by config.status, which was
generated by GNU Autoconf 2.59.  Invocation command line was

  CONFIG_FILES    = 
  CONFIG_HEADERS  = 
  CONFIG_LINKS    = 
  CONFIG_COMMANDS = 
  $ ./config.status 

on archeo

config.status:725: creating Makefile
config.status:840: creating config.h
config.status:978: config.h is unchanged
config.status:1158: executing depfiles commands

## ---------------- ##
## Cache variables. ##
## ---------------- ##

ac_cv_build=x86_64-pc-linux-gnu
ac_cv_build_alias=x86_64-linux-gnu
ac_cv_c_compiler_gnu=yes
ac_cv_c_const=yes
ac_cv_c_inline=inline
ac_cv_cxx_compiler_gnu=yes
ac_cv_env_CC_set=set
ac_cv_env_CC_value=mipsel-uclibc-gcc
ac_cv_env_CFLAGS_set=set
ac_cv_env_CFLAGS_value='-Os -Wall -DLINUX26 -DCONFIG_BCMWL5 -pipe -DBCMWPA2 -funit-at-a-time -Wno-pointer-sign -mtune=mips32 -mips32 -DCONFIG_NVRAM_SIZE=60 -ffunction-sections -fdata-sections'
ac_cv_env_CPPFLAGS_set=
ac_cv_env_CPPFLAGS_value=
ac_cv_env_CPP_set=
ac_cv_env_CPP_value=
ac_cv_env_CXXCPP_set=
ac_cv_env_CXXCPP_value=
ac_cv_env_CXXFLAGS_set=
ac_cv_env_CXXFLAGS_value=
ac_cv_env_CXX_set=
ac_cv_env_CXX_value=
ac_cv_env_F77_set=
ac_cv_env_F77_value=
ac_cv_env_FFLAGS_set=
ac_cv_env_FFLAGS_value=
ac_cv_env_LDFLAGS_set=set
ac_cv_env_LDFLAGS_value='-ffunction-sections -fdata-sections -Wl,--gc-sections -fPIC'
ac_cv_env_build_alias_set=set
ac_cv_env_build_alias_value=x86_64-linux-gnu
ac_cv_env_host_alias_set=set
ac_cv_env_host_alias_value=mipsel-linux
ac_cv_env_target_alias_set=
ac_cv_env_target_alias_value=
ac_cv_exeext=
ac_cv_f77_compiler_gnu=no
ac_cv_func_alloca_works=yes
ac_cv_func_snprintf=yes
ac_cv_func_vasprintf=yes
ac_cv_func_wcslen=yes
ac_cv_have_decl__snprintf=no
ac_cv_header_dlfcn_h=yes
ac_cv_header_inttypes_h=yes
ac_cv_header_memory_h=yes
ac_cv_header_stdc=yes
ac_cv_header_stdint_h=yes
ac_cv_header_stdlib_h=yes
ac_cv_header_string_h=yes
ac_cv_header_strings_h=yes
ac_cv_header_sys_stat_h=yes
ac_cv_header_sys_types_h=yes
ac_cv_header_unistd_h=yes
ac_cv_host=mipsel-unknown-linux-gnu
ac_cv_host_alias=mipsel-linux
ac_cv_objext=o
ac_cv_path_DVIPS='/root/openwrt/tomato2.31/src/router/gettext/build-aux/missing dvips'
ac_cv_path_PERL=/usr/bin/perl
ac_cv_path_TEXI2PDF=/usr/bin/texi2pdf
ac_cv_path_install='/usr/bin/install -c'
ac_cv_prog_AR=mipsel-uclibc-ar
ac_cv_prog_AWK=gawk
ac_cv_prog_CC=mipsel-uclibc-gcc
ac_cv_prog_CPP='mipsel-uclibc-gcc -E'
ac_cv_prog_CXX=mipsel-linux-g++
ac_cv_prog_CXXCPP='mipsel-linux-g++ -E'
ac_cv_prog_RANLIB=mipsel-uclibc-ranlib
ac_cv_prog_STRIP='mipsel-uclibc-strip -R .note -R .comment'
ac_cv_prog_cc_g=yes
ac_cv_prog_cc_stdc=
ac_cv_prog_cxx_g=yes
ac_cv_prog_egrep='grep -E'
ac_cv_prog_f77_g=no
ac_cv_prog_make_make_set=yes
ac_cv_type_long_long=yes
ac_cv_type_ptrdiff_t=yes
ac_cv_type_size_t=yes
ac_cv_working_alloca_h=yes
am_cv_CC_dependencies_compiler_type=none
am_cv_CXX_dependencies_compiler_type=none
bh_cv_c_signed=yes
gl_cv_header_inttypes_h=yes
gl_cv_header_stdint_h=yes
gt_cv_c_intmax_t=yes
gt_cv_c_long_double=yes
gt_cv_c_wchar_t=yes
gt_cv_c_wint_t=yes
gt_cv_func_printf_posix='guessing yes'
lt_cv_deplibs_check_method=pass_all
lt_cv_file_magic_cmd='$MAGIC_CMD'
lt_cv_file_magic_test_file=
lt_cv_ld_reload_flag=-r
lt_cv_objdir=.libs
lt_cv_path_LD=mipsel-uclibc-ld
lt_cv_path_LDCXX=mipsel-uclibc-ld
lt_cv_path_NM=mipsel-uclibc-nm
lt_cv_path_SED=/bin/sed
lt_cv_prog_compiler_c_o=yes
lt_cv_prog_compiler_c_o_CXX=yes
lt_cv_prog_compiler_rtti_exceptions=no
lt_cv_prog_gnu_ld=yes
lt_cv_prog_gnu_ldcxx=yes
lt_cv_sys_global_symbol_pipe='sed -n -e '\''s/^.*[ 	]\([ABCDGIRSTW][ABCDGIRSTW]*\)[ 	][ 	]*\([_A-Za-z][_A-Za-z0-9]*\)$/\1 \2 \2/p'\'''
lt_cv_sys_global_symbol_to_c_name_address='sed -n -e '\''s/^: \([^ ]*\) $/  {\"\1\", (lt_ptr) 0},/p'\'' -e '\''s/^[BCDEGRST] \([^ ]*\) \([^ ]*\)$/  {"\2", (lt_ptr) \&\2},/p'\'''
lt_cv_sys_global_symbol_to_cdecl='sed -n -e '\''s/^. .* \(.*\)$/extern int \1;/p'\'''
lt_cv_sys_max_cmd_len=32768
lt_lt_cv_prog_compiler_c_o='"yes"'
lt_lt_cv_prog_compiler_c_o_CXX='"yes"'
lt_lt_cv_sys_global_symbol_pipe='"sed -n -e '\''s/^.*[ 	]\\([ABCDGIRSTW][ABCDGIRSTW]*\\)[ 	][ 	]*\\([_A-Za-z][_A-Za-z0-9]*\\)\$/\\1 \\2 \\2/p'\''"'
lt_lt_cv_sys_global_symbol_to_c_name_address='"sed -n -e '\''s/^: \\([^ ]*\\) \$/  {\\\"\\1\\\", (lt_ptr) 0},/p'\'' -e '\''s/^[BCDEGRST] \\([^ ]*\\) \\([^ ]*\\)\$/  {\"\\2\", (lt_ptr) \\&\\2},/p'\''"'
lt_lt_cv_sys_global_symbol_to_cdecl='"sed -n -e '\''s/^. .* \\(.*\\)\$/extern int \\1;/p'\''"'

## ----------------- ##
## Output variables. ##
## ----------------- ##

ACLOCAL='${SHELL} /root/openwrt/tomato2.31/src/router/gettext/build-aux/missing --run aclocal-1.9'
ALLOCA=''
ALLOCA_H='alloca.h'
AMDEPBACKSLASH='\'
AMDEP_FALSE='#'
AMDEP_TRUE=''
AMTAR='${SHELL} /root/openwrt/tomato2.31/src/router/gettext/build-aux/missing --run tar'
AR='mipsel-uclibc-ar'
AS='mipsel-uclibc-as'
AUTOCONF='${SHELL} /root/openwrt/tomato2.31/src/router/gettext/build-aux/missing --run autoconf'
AUTOHEADER='${SHELL} /root/openwrt/tomato2.31/src/router/gettext/build-aux/missing --run autoheader'
AUTOMAKE='${SHELL} /root/openwrt/tomato2.31/src/router/gettext/build-aux/missing --run automake-1.9'
AWK='gawk'
CC='mipsel-uclibc-gcc'
CCDEPMODE='depmode=none'
CFLAGS='-Os -Wall -DLINUX26 -DCONFIG_BCMWL5 -pipe -DBCMWPA2 -funit-at-a-time -Wno-pointer-sign -mtune=mips32 -mips32 -DCONFIG_NVRAM_SIZE=60 -ffunction-sections -fdata-sections'
CPP='mipsel-uclibc-gcc -E'
CPPFLAGS=''
CXX='mipsel-linux-g++'
CXXCPP='mipsel-linux-g++ -E'
CXXDEPMODE='depmode=none'
CXXFLAGS='-g -O2'
CYGPATH_W='echo'
DEFS='-DHAVE_CONFIG_H'
DEPDIR='.deps'
DLLTOOL='dlltool'
DVIPS='/root/openwrt/tomato2.31/src/router/gettext/build-aux/missing dvips'
ECHO='echo'
ECHO_C=''
ECHO_N='-n'
ECHO_T=''
EGREP='grep -E'
EXEEXT=''
F77=''
FFLAGS=''
INSTALL_DATA='${INSTALL} -m 644'
INSTALL_PROGRAM='${INSTALL}'
INSTALL_SCRIPT='${INSTALL}'
INSTALL_STRIP_PROGRAM='${SHELL} $(install_sh) -c -s'
LDFLAGS='-ffunction-sections -fdata-sections -Wl,--gc-sections -fPIC'
LIBOBJS=''
LIBS=''
LIBTOOL='$(SHELL) $(top_builddir)/libtool'
LN_S='ln -s'
LTLIBOBJS=''
MAKEINFO='${SHELL} /root/openwrt/tomato2.31/src/router/gettext/build-aux/missing --run makeinfo'
OBJDUMP='objdump'
OBJEXT='o'
PACKAGE='libasprintf'
PACKAGE_BUGREPORT=''
PACKAGE_NAME=''
PACKAGE_STRING=''
PACKAGE_TARNAME=''
PACKAGE_VERSION=''
PATH_SEPARATOR=':'
PERL='/usr/bin/perl'
RANLIB='mipsel-uclibc-ranlib'
SET_MAKE=''
SHELL='/bin/sh'
STRIP='mipsel-uclibc-strip -R .note -R .comment'
TEXI2PDF='/usr/bin/texi2pdf'
VERSION='1.0'
ac_ct_AR=''
ac_ct_AS=''
ac_ct_CC=''
ac_ct_CXX=''
ac_ct_DLLTOOL=''
ac_ct_F77=''
ac_ct_OBJDUMP=''
ac_ct_RANLIB=''
ac_ct_STRIP=''
am__fastdepCC_FALSE=''
am__fastdepCC_TRUE='#'
am__fastdepCXX_FALSE=''
am__fastdepCXX_TRUE='#'
am__include='include'
am__leading_dot='.'
am__quote=''
am__tar='${AMTAR} chof - "$$tardir"'
am__untar='${AMTAR} xf -'
bindir='${exec_prefix}/bin'
build='x86_64-pc-linux-gnu'
build_alias='x86_64-linux-gnu'
build_cpu='x86_64'
build_os='linux-gnu'
build_vendor='pc'
datadir='${prefix}/share'
exec_prefix='${prefix}'
host='mipsel-unknown-linux-gnu'
host_alias='mipsel-linux'
host_cpu='mipsel'
host_os='linux-gnu'
host_vendor='unknown'
includedir='${prefix}/include'
infodir='${prefix}/info'
install_sh='/root/openwrt/tomato2.31/src/router/gettext/build-aux/install-sh'
libdir='${exec_prefix}/lib'
libexecdir='${exec_prefix}/libexec'
localstatedir='${prefix}/var'
mandir='${prefix}/man'
mkdir_p='mkdir -p --'
oldincludedir='/usr/include'
prefix='/usr/local'
program_transform_name='s,x,x,'
sbindir='${exec_prefix}/sbin'
sharedstatedir='${prefix}/com'
sysconfdir='${prefix}/etc'
target_alias=''

## ----------- ##
## confdefs.h. ##
## ----------- ##

#define HAVE_ALLOCA 1
#define HAVE_ALLOCA_H 1
#define HAVE_DECL__SNPRINTF 0
#define HAVE_DLFCN_H 1
#define HAVE_INTMAX_T 1
#define HAVE_INTTYPES_H 1
#define HAVE_INTTYPES_H_WITH_UINTMAX 1
#define HAVE_LONG_DOUBLE 1
#define HAVE_LONG_LONG 1
#define HAVE_MEMORY_H 1
#define HAVE_POSIX_PRINTF 1
#define HAVE_SNPRINTF 1
#define HAVE_STDINT_H 1
#define HAVE_STDINT_H 1
#define HAVE_STDINT_H 1
#define HAVE_STDINT_H_WITH_UINTMAX 1
#define HAVE_STDLIB_H 1
#define HAVE_STRINGS_H 1
#define HAVE_STRING_H 1
#define HAVE_SYS_STAT_H 1
#define HAVE_SYS_TYPES_H 1
#define HAVE_UNISTD_H 1
#define HAVE_VASPRINTF 1
#define HAVE_WCHAR_T 1
#define HAVE_WCSLEN 1
#define HAVE_WINT_T 1
#define PACKAGE "libasprintf"
#define PACKAGE_BUGREPORT ""
#define PACKAGE_NAME ""
#define PACKAGE_STRING ""
#define PACKAGE_TARNAME ""
#define PACKAGE_VERSION ""
#define STDC_HEADERS 1
#define VERSION "1.0"
#endif
#ifdef __cplusplus
extern "C" void exit (int) throw ();

configure: exit 0
