This file contains any messages produced by compilers while
running configure, to aid debugging if configure makes a mistake.

It was created by spawn-fcgi configure 1.6.3, which was
generated by GNU Autoconf 2.64.  Invocation command line was

  $ ./configure --host=arm-linux --build=x86_64-linux-gnu --prefix=/usr

## --------- ##
## Platform. ##
## --------- ##

hostname = builder
uname -m = x86_64
uname -r = 3.2.0-4-amd64
uname -s = Linux
uname -v = #1 SMP Debian 3.2.41-2

/usr/bin/uname -p = unknown
/bin/uname -X     = unknown

/bin/arch              = unknown
/usr/bin/arch -k       = unknown
/usr/convex/getsysinfo = unknown
/usr/bin/hostinfo      = unknown
/bin/machine           = unknown
/usr/bin/oslevel       = unknown
/bin/universe          = unknown

PATH: /home/shibby/openwrt/tomato-ss/release-working/tools
PATH: /home/shibby/openwrt/tomato-ss/release-working/tools
PATH: /home/shibby/openwrt/tomato-ss/release-working/tools
PATH: /home/shibby/openwrt/tomato-ss/release-working/tools
PATH: /usr/local/bin
PATH: /usr/bin
PATH: /bin
PATH: /usr/local/games
PATH: /usr/games
PATH: /sbin
PATH: /opt/brcm/hndtools-mipsel-uclibc/bin
PATH: /opt/brcm/hndtools-mipsel-linux/bin
PATH: /opt/hndtools-arm-linux-2.6.36-uclibc-4.5.3/bin


## ----------- ##
## Core tests. ##
## ----------- ##

configure:2196: checking for a BSD-compatible install
configure:2264: result: /usr/bin/install -c
configure:2275: checking whether build environment is sane
configure:2325: result: yes
configure:2374: checking for arm-linux-strip
configure:2401: result: arm-brcm-linux-uclibcgnueabi-strip
configure:2466: checking for a thread-safe mkdir -p
configure:2505: result: /bin/mkdir -p
configure:2518: checking for gawk
configure:2534: found /usr/bin/gawk
configure:2545: result: gawk
configure:2556: checking whether make sets $(MAKE)
configure:2578: result: yes
configure:2668: checking for arm-linux-gcc
configure:2695: result: arm-brcm-linux-uclibcgnueabi-gcc
configure:2964: checking for C compiler version
configure:2973: arm-brcm-linux-uclibcgnueabi-gcc --version >&5
arm-brcm-linux-uclibcgnueabi-gcc (Buildroot 2012.02) 4.5.3
Copyright (C) 2010 Free Software Foundation, Inc.
This is free software; see the source for copying conditions.  There is NO
warranty; not even for MERCHANTABILITY or FITNESS FOR A PARTICULAR PURPOSE.

configure:2984: $? = 0
configure:2973: arm-brcm-linux-uclibcgnueabi-gcc -v >&5
Using built-in specs.
COLLECT_GCC=arm-brcm-linux-uclibcgnueabi-gcc
COLLECT_LTO_WRAPPER=/opt/hndtools-arm-linux-2.6.36-uclibc-4.5.3/bin/../libexec/gcc/arm-brcm-linux-uclibcgnueabi/4.5.3/lto-wrapper
Target: arm-brcm-linux-uclibcgnueabi
Configured with: /projects/toolchains_build/buildroot-2012.02-brcm/output/toolchain/gcc-4.5.3/configure --prefix=/projects/hnd/tools/linux/hndtools-arm-linux-2.6.36-uclibc-4.5.3 --build=i686-pc-linux-gnu --host=i686-pc-linux-gnu --target=arm-brcm-linux-uclibcgnueabi --enable-languages=c,c++ --with-sysroot=/projects/hnd/tools/linux/hndtools-arm-linux-2.6.36-uclibc-4.5.3/arm-brcm-linux-uclibcgnueabi/sysroot --with-build-time-tools=/projects/hnd/tools/linux/hndtools-arm-linux-2.6.36-uclibc-4.5.3/arm-brcm-linux-uclibcgnueabi/bin --disable-__cxa_atexit --enable-target-optspace --disable-libgomp --with-gnu-ld --disable-libssp --disable-multilib --disable-tls --enable-shared --with-gmp=/projects/hnd/tools/linux/hndtools-arm-linux-2.6.36-uclibc-4.5.3 --with-mpfr=/projects/hnd/tools/linux/hndtools-arm-linux-2.6.36-uclibc-4.5.3 --with-mpc=/projects/hnd/tools/linux/hndtools-arm-linux-2.6.36-uclibc-4.5.3 --enable-threads --disable-decimal-float --with-float=soft --with-abi=aapcs-linux --with-arch=armv7-a --with-tune=cortex-a9 --with-pkgversion='Buildroot 2012.02' --with-bugurl=http://bugs.buildroot.net/
Thread model: posix
gcc version 4.5.3 (Buildroot 2012.02) 
configure:2984: $? = 0
configure:2973: arm-brcm-linux-uclibcgnueabi-gcc -V >&5
arm-brcm-linux-uclibcgnueabi-gcc: '-V' option must have argument
configure:2984: $? = 1
configure:2973: arm-brcm-linux-uclibcgnueabi-gcc -qversion >&5
arm-brcm-linux-uclibcgnueabi-gcc: unrecognized option '-qversion'
arm-brcm-linux-uclibcgnueabi-gcc: no input files
configure:2984: $? = 1
configure:3006: checking for C compiler default output file name
configure:3028: arm-brcm-linux-uclibcgnueabi-gcc -Os -Wall -DLINUX26 -DCONFIG_BCMWL5 -DCONFIG_BCMWL6 -DCONFIG_BCMWL6A -DPART_JFFS2_GAP=0UL -pipe -fno-strict-aliasing -DBCMWPA2 -DBCMARM -marm  -DTCONFIG_NVRAM_64K -DLINUX_KERNEL_VERSION=132644 -ffunction-sections -fdata-sections  -ffunction-sections -fdata-sections -Wl,--gc-sections -fPIC conftest.c  >&5
configure:3032: $? = 0
configure:3069: result: a.out
configure:3085: checking whether the C compiler works
configure:3113: result: yes
configure:3120: checking whether we are cross compiling
configure:3122: result: yes
configure:3125: checking for suffix of executables
configure:3132: arm-brcm-linux-uclibcgnueabi-gcc -o conftest -Os -Wall -DLINUX26 -DCONFIG_BCMWL5 -DCONFIG_BCMWL6 -DCONFIG_BCMWL6A -DPART_JFFS2_GAP=0UL -pipe -fno-strict-aliasing -DBCMWPA2 -DBCMARM -marm  -DTCONFIG_NVRAM_64K -DLINUX_KERNEL_VERSION=132644 -ffunction-sections -fdata-sections  -ffunction-sections -fdata-sections -Wl,--gc-sections -fPIC conftest.c  >&5
configure:3136: $? = 0
configure:3158: result: 
configure:3164: checking for suffix of object files
configure:3186: arm-brcm-linux-uclibcgnueabi-gcc -c -Os -Wall -DLINUX26 -DCONFIG_BCMWL5 -DCONFIG_BCMWL6 -DCONFIG_BCMWL6A -DPART_JFFS2_GAP=0UL -pipe -fno-strict-aliasing -DBCMWPA2 -DBCMARM -marm  -DTCONFIG_NVRAM_64K -DLINUX_KERNEL_VERSION=132644 -ffunction-sections -fdata-sections  conftest.c >&5
configure:3190: $? = 0
configure:3211: result: o
configure:3215: checking whether we are using the GNU C compiler
configure:3234: arm-brcm-linux-uclibcgnueabi-gcc -c -Os -Wall -DLINUX26 -DCONFIG_BCMWL5 -DCONFIG_BCMWL6 -DCONFIG_BCMWL6A -DPART_JFFS2_GAP=0UL -pipe -fno-strict-aliasing -DBCMWPA2 -DBCMARM -marm  -DTCONFIG_NVRAM_64K -DLINUX_KERNEL_VERSION=132644 -ffunction-sections -fdata-sections  conftest.c >&5
configure:3234: $? = 0
configure:3243: result: yes
configure:3252: checking whether arm-brcm-linux-uclibcgnueabi-gcc accepts -g
configure:3272: arm-brcm-linux-uclibcgnueabi-gcc -c -g  conftest.c >&5
configure:3272: $? = 0
configure:3313: result: yes
configure:3330: checking for arm-brcm-linux-uclibcgnueabi-gcc option to accept ISO C89
configure:3394: arm-brcm-linux-uclibcgnueabi-gcc  -c -Os -Wall -DLINUX26 -DCONFIG_BCMWL5 -DCONFIG_BCMWL6 -DCONFIG_BCMWL6A -DPART_JFFS2_GAP=0UL -pipe -fno-strict-aliasing -DBCMWPA2 -DBCMARM -marm  -DTCONFIG_NVRAM_64K -DLINUX_KERNEL_VERSION=132644 -ffunction-sections -fdata-sections  conftest.c >&5
configure:3394: $? = 0
configure:3407: result: none needed
configure:3438: checking for style of include used by make
configure:3466: result: GNU
configure:3491: checking dependency style of arm-brcm-linux-uclibcgnueabi-gcc
configure:3601: result: gcc3
configure:3616: checking whether make sets $(MAKE)
configure:3638: result: yes
configure:3657: checking how to run the C preprocessor
configure:3688: arm-brcm-linux-uclibcgnueabi-gcc -E  conftest.c
configure:3688: $? = 0
configure:3702: arm-brcm-linux-uclibcgnueabi-gcc -E  conftest.c
conftest.c:11:28: fatal error: ac_nonexistent.h: No such file or directory
compilation terminated.
configure:3702: $? = 1
configure: failed program was:
| /* confdefs.h */
| #define PACKAGE_NAME "spawn-fcgi"
| #define PACKAGE_TARNAME "spawn-fcgi"
| #define PACKAGE_VERSION "1.6.3"
| #define PACKAGE_STRING "spawn-fcgi 1.6.3"
| #define PACKAGE_BUGREPORT ""
| #define PACKAGE_URL ""
| #define PACKAGE "spawn-fcgi"
| #define VERSION "1.6.3"
| /* end confdefs.h.  */
| #include <ac_nonexistent.h>
configure:3727: result: arm-brcm-linux-uclibcgnueabi-gcc -E
configure:3747: arm-brcm-linux-uclibcgnueabi-gcc -E  conftest.c
configure:3747: $? = 0
configure:3761: arm-brcm-linux-uclibcgnueabi-gcc -E  conftest.c
conftest.c:11:28: fatal error: ac_nonexistent.h: No such file or directory
compilation terminated.
configure:3761: $? = 1
configure: failed program was:
| /* confdefs.h */
| #define PACKAGE_NAME "spawn-fcgi"
| #define PACKAGE_TARNAME "spawn-fcgi"
| #define PACKAGE_VERSION "1.6.3"
| #define PACKAGE_STRING "spawn-fcgi 1.6.3"
| #define PACKAGE_BUGREPORT ""
| #define PACKAGE_URL ""
| #define PACKAGE "spawn-fcgi"
| #define VERSION "1.6.3"
| /* end confdefs.h.  */
| #include <ac_nonexistent.h>
configure:3790: checking for grep that handles long lines and -e
configure:3848: result: /bin/grep
configure:3853: checking for egrep
configure:3915: result: /bin/grep -E
configure:3920: checking for ANSI C header files
configure:3940: arm-brcm-linux-uclibcgnueabi-gcc -c -Os -Wall -DLINUX26 -DCONFIG_BCMWL5 -DCONFIG_BCMWL6 -DCONFIG_BCMWL6A -DPART_JFFS2_GAP=0UL -pipe -fno-strict-aliasing -DBCMWPA2 -DBCMARM -marm  -DTCONFIG_NVRAM_64K -DLINUX_KERNEL_VERSION=132644 -ffunction-sections -fdata-sections  conftest.c >&5
configure:3940: $? = 0
configure:4024: result: yes
configure:4032: checking for sys/wait.h that is POSIX.1 compatible
configure:4058: arm-brcm-linux-uclibcgnueabi-gcc -c -Os -Wall -DLINUX26 -DCONFIG_BCMWL5 -DCONFIG_BCMWL6 -DCONFIG_BCMWL6A -DPART_JFFS2_GAP=0UL -pipe -fno-strict-aliasing -DBCMWPA2 -DBCMARM -marm  -DTCONFIG_NVRAM_64K -DLINUX_KERNEL_VERSION=132644 -ffunction-sections -fdata-sections  conftest.c >&5
configure:4058: $? = 0
configure:4065: result: yes
configure:4078: checking for sys/types.h
configure:4078: arm-brcm-linux-uclibcgnueabi-gcc -c -Os -Wall -DLINUX26 -DCONFIG_BCMWL5 -DCONFIG_BCMWL6 -DCONFIG_BCMWL6A -DPART_JFFS2_GAP=0UL -pipe -fno-strict-aliasing -DBCMWPA2 -DBCMARM -marm  -DTCONFIG_NVRAM_64K -DLINUX_KERNEL_VERSION=132644 -ffunction-sections -fdata-sections  conftest.c >&5
configure:4078: $? = 0
configure:4078: result: yes
configure:4078: checking for sys/stat.h
configure:4078: arm-brcm-linux-uclibcgnueabi-gcc -c -Os -Wall -DLINUX26 -DCONFIG_BCMWL5 -DCONFIG_BCMWL6 -DCONFIG_BCMWL6A -DPART_JFFS2_GAP=0UL -pipe -fno-strict-aliasing -DBCMWPA2 -DBCMARM -marm  -DTCONFIG_NVRAM_64K -DLINUX_KERNEL_VERSION=132644 -ffunction-sections -fdata-sections  conftest.c >&5
configure:4078: $? = 0
configure:4078: result: yes
configure:4078: checking for stdlib.h
configure:4078: arm-brcm-linux-uclibcgnueabi-gcc -c -Os -Wall -DLINUX26 -DCONFIG_BCMWL5 -DCONFIG_BCMWL6 -DCONFIG_BCMWL6A -DPART_JFFS2_GAP=0UL -pipe -fno-strict-aliasing -DBCMWPA2 -DBCMARM -marm  -DTCONFIG_NVRAM_64K -DLINUX_KERNEL_VERSION=132644 -ffunction-sections -fdata-sections  conftest.c >&5
configure:4078: $? = 0
configure:4078: result: yes
configure:4078: checking for string.h
configure:4078: arm-brcm-linux-uclibcgnueabi-gcc -c -Os -Wall -DLINUX26 -DCONFIG_BCMWL5 -DCONFIG_BCMWL6 -DCONFIG_BCMWL6A -DPART_JFFS2_GAP=0UL -pipe -fno-strict-aliasing -DBCMWPA2 -DBCMARM -marm  -DTCONFIG_NVRAM_64K -DLINUX_KERNEL_VERSION=132644 -ffunction-sections -fdata-sections  conftest.c >&5
configure:4078: $? = 0
configure:4078: result: yes
configure:4078: checking for memory.h
configure:4078: arm-brcm-linux-uclibcgnueabi-gcc -c -Os -Wall -DLINUX26 -DCONFIG_BCMWL5 -DCONFIG_BCMWL6 -DCONFIG_BCMWL6A -DPART_JFFS2_GAP=0UL -pipe -fno-strict-aliasing -DBCMWPA2 -DBCMARM -marm  -DTCONFIG_NVRAM_64K -DLINUX_KERNEL_VERSION=132644 -ffunction-sections -fdata-sections  conftest.c >&5
configure:4078: $? = 0
configure:4078: result: yes
configure:4078: checking for strings.h
configure:4078: arm-brcm-linux-uclibcgnueabi-gcc -c -Os -Wall -DLINUX26 -DCONFIG_BCMWL5 -DCONFIG_BCMWL6 -DCONFIG_BCMWL6A -DPART_JFFS2_GAP=0UL -pipe -fno-strict-aliasing -DBCMWPA2 -DBCMARM -marm  -DTCONFIG_NVRAM_64K -DLINUX_KERNEL_VERSION=132644 -ffunction-sections -fdata-sections  conftest.c >&5
configure:4078: $? = 0
configure:4078: result: yes
configure:4078: checking for inttypes.h
configure:4078: arm-brcm-linux-uclibcgnueabi-gcc -c -Os -Wall -DLINUX26 -DCONFIG_BCMWL5 -DCONFIG_BCMWL6 -DCONFIG_BCMWL6A -DPART_JFFS2_GAP=0UL -pipe -fno-strict-aliasing -DBCMWPA2 -DBCMARM -marm  -DTCONFIG_NVRAM_64K -DLINUX_KERNEL_VERSION=132644 -ffunction-sections -fdata-sections  conftest.c >&5
configure:4078: $? = 0
configure:4078: result: yes
configure:4078: checking for stdint.h
configure:4078: arm-brcm-linux-uclibcgnueabi-gcc -c -Os -Wall -DLINUX26 -DCONFIG_BCMWL5 -DCONFIG_BCMWL6 -DCONFIG_BCMWL6A -DPART_JFFS2_GAP=0UL -pipe -fno-strict-aliasing -DBCMWPA2 -DBCMARM -marm  -DTCONFIG_NVRAM_64K -DLINUX_KERNEL_VERSION=132644 -ffunction-sections -fdata-sections  conftest.c >&5
configure:4078: $? = 0
configure:4078: result: yes
configure:4078: checking for unistd.h
configure:4078: arm-brcm-linux-uclibcgnueabi-gcc -c -Os -Wall -DLINUX26 -DCONFIG_BCMWL5 -DCONFIG_BCMWL6 -DCONFIG_BCMWL6A -DPART_JFFS2_GAP=0UL -pipe -fno-strict-aliasing -DBCMWPA2 -DBCMARM -marm  -DTCONFIG_NVRAM_64K -DLINUX_KERNEL_VERSION=132644 -ffunction-sections -fdata-sections  conftest.c >&5
configure:4078: $? = 0
configure:4078: result: yes
configure:4097: checking arpa/inet.h usability
configure:4097: arm-brcm-linux-uclibcgnueabi-gcc -c -Os -Wall -DLINUX26 -DCONFIG_BCMWL5 -DCONFIG_BCMWL6 -DCONFIG_BCMWL6A -DPART_JFFS2_GAP=0UL -pipe -fno-strict-aliasing -DBCMWPA2 -DBCMARM -marm  -DTCONFIG_NVRAM_64K -DLINUX_KERNEL_VERSION=132644 -ffunction-sections -fdata-sections  conftest.c >&5
configure:4097: $? = 0
configure:4097: result: yes
configure:4097: checking arpa/inet.h presence
configure:4097: arm-brcm-linux-uclibcgnueabi-gcc -E  conftest.c
configure:4097: $? = 0
configure:4097: result: yes
configure:4097: checking for arpa/inet.h
configure:4097: result: yes
configure:4097: checking errno.h usability
configure:4097: arm-brcm-linux-uclibcgnueabi-gcc -c -Os -Wall -DLINUX26 -DCONFIG_BCMWL5 -DCONFIG_BCMWL6 -DCONFIG_BCMWL6A -DPART_JFFS2_GAP=0UL -pipe -fno-strict-aliasing -DBCMWPA2 -DBCMARM -marm  -DTCONFIG_NVRAM_64K -DLINUX_KERNEL_VERSION=132644 -ffunction-sections -fdata-sections  conftest.c >&5
configure:4097: $? = 0
configure:4097: result: yes
configure:4097: checking errno.h presence
configure:4097: arm-brcm-linux-uclibcgnueabi-gcc -E  conftest.c
configure:4097: $? = 0
configure:4097: result: yes
configure:4097: checking for errno.h
configure:4097: result: yes
configure:4097: checking fcntl.h usability
configure:4097: arm-brcm-linux-uclibcgnueabi-gcc -c -Os -Wall -DLINUX26 -DCONFIG_BCMWL5 -DCONFIG_BCMWL6 -DCONFIG_BCMWL6A -DPART_JFFS2_GAP=0UL -pipe -fno-strict-aliasing -DBCMWPA2 -DBCMARM -marm  -DTCONFIG_NVRAM_64K -DLINUX_KERNEL_VERSION=132644 -ffunction-sections -fdata-sections  conftest.c >&5
configure:4097: $? = 0
configure:4097: result: yes
configure:4097: checking fcntl.h presence
configure:4097: arm-brcm-linux-uclibcgnueabi-gcc -E  conftest.c
configure:4097: $? = 0
configure:4097: result: yes
configure:4097: checking for fcntl.h
configure:4097: result: yes
configure:4097: checking getopt.h usability
configure:4097: arm-brcm-linux-uclibcgnueabi-gcc -c -Os -Wall -DLINUX26 -DCONFIG_BCMWL5 -DCONFIG_BCMWL6 -DCONFIG_BCMWL6A -DPART_JFFS2_GAP=0UL -pipe -fno-strict-aliasing -DBCMWPA2 -DBCMARM -marm  -DTCONFIG_NVRAM_64K -DLINUX_KERNEL_VERSION=132644 -ffunction-sections -fdata-sections  conftest.c >&5
configure:4097: $? = 0
configure:4097: result: yes
configure:4097: checking getopt.h presence
configure:4097: arm-brcm-linux-uclibcgnueabi-gcc -E  conftest.c
configure:4097: $? = 0
configure:4097: result: yes
configure:4097: checking for getopt.h
configure:4097: result: yes
configure:4097: checking grp.h usability
configure:4097: arm-brcm-linux-uclibcgnueabi-gcc -c -Os -Wall -DLINUX26 -DCONFIG_BCMWL5 -DCONFIG_BCMWL6 -DCONFIG_BCMWL6A -DPART_JFFS2_GAP=0UL -pipe -fno-strict-aliasing -DBCMWPA2 -DBCMARM -marm  -DTCONFIG_NVRAM_64K -DLINUX_KERNEL_VERSION=132644 -ffunction-sections -fdata-sections  conftest.c >&5
configure:4097: $? = 0
configure:4097: result: yes
configure:4097: checking grp.h presence
configure:4097: arm-brcm-linux-uclibcgnueabi-gcc -E  conftest.c
configure:4097: $? = 0
configure:4097: result: yes
configure:4097: checking for grp.h
configure:4097: result: yes
configure:4097: checking netdb.h usability
configure:4097: arm-brcm-linux-uclibcgnueabi-gcc -c -Os -Wall -DLINUX26 -DCONFIG_BCMWL5 -DCONFIG_BCMWL6 -DCONFIG_BCMWL6A -DPART_JFFS2_GAP=0UL -pipe -fno-strict-aliasing -DBCMWPA2 -DBCMARM -marm  -DTCONFIG_NVRAM_64K -DLINUX_KERNEL_VERSION=132644 -ffunction-sections -fdata-sections  conftest.c >&5
configure:4097: $? = 0
configure:4097: result: yes
configure:4097: checking netdb.h presence
configure:4097: arm-brcm-linux-uclibcgnueabi-gcc -E  conftest.c
configure:4097: $? = 0
configure:4097: result: yes
configure:4097: checking for netdb.h
configure:4097: result: yes
configure:4097: checking netinet/in.h usability
configure:4097: arm-brcm-linux-uclibcgnueabi-gcc -c -Os -Wall -DLINUX26 -DCONFIG_BCMWL5 -DCONFIG_BCMWL6 -DCONFIG_BCMWL6A -DPART_JFFS2_GAP=0UL -pipe -fno-strict-aliasing -DBCMWPA2 -DBCMARM -marm  -DTCONFIG_NVRAM_64K -DLINUX_KERNEL_VERSION=132644 -ffunction-sections -fdata-sections  conftest.c >&5
configure:4097: $? = 0
configure:4097: result: yes
configure:4097: checking netinet/in.h presence
configure:4097: arm-brcm-linux-uclibcgnueabi-gcc -E  conftest.c
configure:4097: $? = 0
configure:4097: result: yes
configure:4097: checking for netinet/in.h
configure:4097: result: yes
configure:4097: checking netinet/tcp.h usability
configure:4097: arm-brcm-linux-uclibcgnueabi-gcc -c -Os -Wall -DLINUX26 -DCONFIG_BCMWL5 -DCONFIG_BCMWL6 -DCONFIG_BCMWL6A -DPART_JFFS2_GAP=0UL -pipe -fno-strict-aliasing -DBCMWPA2 -DBCMARM -marm  -DTCONFIG_NVRAM_64K -DLINUX_KERNEL_VERSION=132644 -ffunction-sections -fdata-sections  conftest.c >&5
configure:4097: $? = 0
configure:4097: result: yes
configure:4097: checking netinet/tcp.h presence
configure:4097: arm-brcm-linux-uclibcgnueabi-gcc -E  conftest.c
configure:4097: $? = 0
configure:4097: result: yes
configure:4097: checking for netinet/tcp.h
configure:4097: result: yes
configure:4097: checking pwd.h usability
configure:4097: arm-brcm-linux-uclibcgnueabi-gcc -c -Os -Wall -DLINUX26 -DCONFIG_BCMWL5 -DCONFIG_BCMWL6 -DCONFIG_BCMWL6A -DPART_JFFS2_GAP=0UL -pipe -fno-strict-aliasing -DBCMWPA2 -DBCMARM -marm  -DTCONFIG_NVRAM_64K -DLINUX_KERNEL_VERSION=132644 -ffunction-sections -fdata-sections  conftest.c >&5
configure:4097: $? = 0
configure:4097: result: yes
configure:4097: checking pwd.h presence
configure:4097: arm-brcm-linux-uclibcgnueabi-gcc -E  conftest.c
configure:4097: $? = 0
configure:4097: result: yes
configure:4097: checking for pwd.h
configure:4097: result: yes
configure:4097: checking stdio.h usability
configure:4097: arm-brcm-linux-uclibcgnueabi-gcc -c -Os -Wall -DLINUX26 -DCONFIG_BCMWL5 -DCONFIG_BCMWL6 -DCONFIG_BCMWL6A -DPART_JFFS2_GAP=0UL -pipe -fno-strict-aliasing -DBCMWPA2 -DBCMARM -marm  -DTCONFIG_NVRAM_64K -DLINUX_KERNEL_VERSION=132644 -ffunction-sections -fdata-sections  conftest.c >&5
configure:4097: $? = 0
configure:4097: result: yes
configure:4097: checking stdio.h presence
configure:4097: arm-brcm-linux-uclibcgnueabi-gcc -E  conftest.c
configure:4097: $? = 0
configure:4097: result: yes
configure:4097: checking for stdio.h
configure:4097: result: yes
configure:4097: checking for stdlib.h
configure:4097: result: yes
configure:4097: checking for string.h
configure:4097: result: yes
configure:4097: checking sys/ioctl.h usability
configure:4097: arm-brcm-linux-uclibcgnueabi-gcc -c -Os -Wall -DLINUX26 -DCONFIG_BCMWL5 -DCONFIG_BCMWL6 -DCONFIG_BCMWL6A -DPART_JFFS2_GAP=0UL -pipe -fno-strict-aliasing -DBCMWPA2 -DBCMARM -marm  -DTCONFIG_NVRAM_64K -DLINUX_KERNEL_VERSION=132644 -ffunction-sections -fdata-sections  conftest.c >&5
configure:4097: $? = 0
configure:4097: result: yes
configure:4097: checking sys/ioctl.h presence
configure:4097: arm-brcm-linux-uclibcgnueabi-gcc -E  conftest.c
configure:4097: $? = 0
configure:4097: result: yes
configure:4097: checking for sys/ioctl.h
configure:4097: result: yes
configure:4097: checking sys/socket.h usability
configure:4097: arm-brcm-linux-uclibcgnueabi-gcc -c -Os -Wall -DLINUX26 -DCONFIG_BCMWL5 -DCONFIG_BCMWL6 -DCONFIG_BCMWL6A -DPART_JFFS2_GAP=0UL -pipe -fno-strict-aliasing -DBCMWPA2 -DBCMARM -marm  -DTCONFIG_NVRAM_64K -DLINUX_KERNEL_VERSION=132644 -ffunction-sections -fdata-sections  conftest.c >&5
configure:4097: $? = 0
configure:4097: result: yes
configure:4097: checking sys/socket.h presence
configure:4097: arm-brcm-linux-uclibcgnueabi-gcc -E  conftest.c
configure:4097: $? = 0
configure:4097: result: yes
configure:4097: checking for sys/socket.h
configure:4097: result: yes
configure:4097: checking for sys/stat.h
configure:4097: result: yes
configure:4097: checking sys/time.h usability
configure:4097: arm-brcm-linux-uclibcgnueabi-gcc -c -Os -Wall -DLINUX26 -DCONFIG_BCMWL5 -DCONFIG_BCMWL6 -DCONFIG_BCMWL6A -DPART_JFFS2_GAP=0UL -pipe -fno-strict-aliasing -DBCMWPA2 -DBCMARM -marm  -DTCONFIG_NVRAM_64K -DLINUX_KERNEL_VERSION=132644 -ffunction-sections -fdata-sections  conftest.c >&5
configure:4097: $? = 0
configure:4097: result: yes
configure:4097: checking sys/time.h presence
configure:4097: arm-brcm-linux-uclibcgnueabi-gcc -E  conftest.c
configure:4097: $? = 0
configure:4097: result: yes
configure:4097: checking for sys/time.h
configure:4097: result: yes
configure:4097: checking for sys/types.h
configure:4097: result: yes
configure:4097: checking sys/un.h usability
configure:4097: arm-brcm-linux-uclibcgnueabi-gcc -c -Os -Wall -DLINUX26 -DCONFIG_BCMWL5 -DCONFIG_BCMWL6 -DCONFIG_BCMWL6A -DPART_JFFS2_GAP=0UL -pipe -fno-strict-aliasing -DBCMWPA2 -DBCMARM -marm  -DTCONFIG_NVRAM_64K -DLINUX_KERNEL_VERSION=132644 -ffunction-sections -fdata-sections  conftest.c >&5
configure:4097: $? = 0
configure:4097: result: yes
configure:4097: checking sys/un.h presence
configure:4097: arm-brcm-linux-uclibcgnueabi-gcc -E  conftest.c
configure:4097: $? = 0
configure:4097: result: yes
configure:4097: checking for sys/un.h
configure:4097: result: yes
configure:4097: checking for sys/wait.h
configure:4097: result: yes
configure:4097: checking for unistd.h
configure:4097: result: yes
configure:4111: checking for an ANSI C-conforming const
configure:4176: arm-brcm-linux-uclibcgnueabi-gcc -c -Os -Wall -DLINUX26 -DCONFIG_BCMWL5 -DCONFIG_BCMWL6 -DCONFIG_BCMWL6A -DPART_JFFS2_GAP=0UL -pipe -fno-strict-aliasing -DBCMWPA2 -DBCMARM -marm  -DTCONFIG_NVRAM_64K -DLINUX_KERNEL_VERSION=132644 -ffunction-sections -fdata-sections  conftest.c >&5
conftest.c: In function 'main':
conftest.c:71:10: warning: 't' is used uninitialized in this function
configure:4176: $? = 0
configure:4183: result: yes
configure:4191: checking for uid_t in sys/types.h
configure:4210: result: yes
configure:4221: checking for pid_t
configure:4221: arm-brcm-linux-uclibcgnueabi-gcc -c -Os -Wall -DLINUX26 -DCONFIG_BCMWL5 -DCONFIG_BCMWL6 -DCONFIG_BCMWL6A -DPART_JFFS2_GAP=0UL -pipe -fno-strict-aliasing -DBCMWPA2 -DBCMARM -marm  -DTCONFIG_NVRAM_64K -DLINUX_KERNEL_VERSION=132644 -ffunction-sections -fdata-sections  conftest.c >&5
configure:4221: $? = 0
configure:4221: arm-brcm-linux-uclibcgnueabi-gcc -c -Os -Wall -DLINUX26 -DCONFIG_BCMWL5 -DCONFIG_BCMWL6 -DCONFIG_BCMWL6A -DPART_JFFS2_GAP=0UL -pipe -fno-strict-aliasing -DBCMWPA2 -DBCMARM -marm  -DTCONFIG_NVRAM_64K -DLINUX_KERNEL_VERSION=132644 -ffunction-sections -fdata-sections  conftest.c >&5
conftest.c: In function 'main':
conftest.c:78:20: error: expected expression before ')' token
configure:4221: $? = 1
configure: failed program was:
| /* confdefs.h */
| #define PACKAGE_NAME "spawn-fcgi"
| #define PACKAGE_TARNAME "spawn-fcgi"
| #define PACKAGE_VERSION "1.6.3"
| #define PACKAGE_STRING "spawn-fcgi 1.6.3"
| #define PACKAGE_BUGREPORT ""
| #define PACKAGE_URL ""
| #define PACKAGE "spawn-fcgi"
| #define VERSION "1.6.3"
| #define STDC_HEADERS 1
| #define HAVE_SYS_WAIT_H 1
| #define HAVE_SYS_TYPES_H 1
| #define HAVE_SYS_STAT_H 1
| #define HAVE_STDLIB_H 1
| #define HAVE_STRING_H 1
| #define HAVE_MEMORY_H 1
| #define HAVE_STRINGS_H 1
| #define HAVE_INTTYPES_H 1
| #define HAVE_STDINT_H 1
| #define HAVE_UNISTD_H 1
| #define HAVE_ARPA_INET_H 1
| #define HAVE_ERRNO_H 1
| #define HAVE_FCNTL_H 1
| #define HAVE_GETOPT_H 1
| #define HAVE_GRP_H 1
| #define HAVE_NETDB_H 1
| #define HAVE_NETINET_IN_H 1
| #define HAVE_NETINET_TCP_H 1
| #define HAVE_PWD_H 1
| #define HAVE_STDIO_H 1
| #define HAVE_STDLIB_H 1
| #define HAVE_STRING_H 1
| #define HAVE_SYS_IOCTL_H 1
| #define HAVE_SYS_SOCKET_H 1
| #define HAVE_SYS_STAT_H 1
| #define HAVE_SYS_TIME_H 1
| #define HAVE_SYS_TYPES_H 1
| #define HAVE_SYS_UN_H 1
| #define HAVE_SYS_WAIT_H 1
| #define HAVE_UNISTD_H 1
| /* end confdefs.h.  */
| #include <stdio.h>
| #ifdef HAVE_SYS_TYPES_H
| # include <sys/types.h>
| #endif
| #ifdef HAVE_SYS_STAT_H
| # include <sys/stat.h>
| #endif
| #ifdef STDC_HEADERS
| # include <stdlib.h>
| # include <stddef.h>
| #else
| # ifdef HAVE_STDLIB_H
| #  include <stdlib.h>
| # endif
| #endif
| #ifdef HAVE_STRING_H
| # if !defined STDC_HEADERS && defined HAVE_MEMORY_H
| #  include <memory.h>
| # endif
| # include <string.h>
| #endif
| #ifdef HAVE_STRINGS_H
| # include <strings.h>
| #endif
| #ifdef HAVE_INTTYPES_H
| # include <inttypes.h>
| #endif
| #ifdef HAVE_STDINT_H
| # include <stdint.h>
| #endif
| #ifdef HAVE_UNISTD_H
| # include <unistd.h>
| #endif
| int
| main ()
| {
| if (sizeof ((pid_t)))
| 	    return 0;
|   ;
|   return 0;
| }
configure:4221: result: yes
configure:4232: checking whether time.h and sys/time.h may both be included
configure:4252: arm-brcm-linux-uclibcgnueabi-gcc -c -Os -Wall -DLINUX26 -DCONFIG_BCMWL5 -DCONFIG_BCMWL6 -DCONFIG_BCMWL6A -DPART_JFFS2_GAP=0UL -pipe -fno-strict-aliasing -DBCMWPA2 -DBCMARM -marm  -DTCONFIG_NVRAM_64K -DLINUX_KERNEL_VERSION=132644 -ffunction-sections -fdata-sections  conftest.c >&5
configure:4252: $? = 0
configure:4259: result: yes
configure:4267: checking for socklen_t
configure:4267: arm-brcm-linux-uclibcgnueabi-gcc -c -Os -Wall -DLINUX26 -DCONFIG_BCMWL5 -DCONFIG_BCMWL6 -DCONFIG_BCMWL6A -DPART_JFFS2_GAP=0UL -pipe -fno-strict-aliasing -DBCMWPA2 -DBCMARM -marm  -DTCONFIG_NVRAM_64K -DLINUX_KERNEL_VERSION=132644 -ffunction-sections -fdata-sections  conftest.c >&5
configure:4267: $? = 0
configure:4267: arm-brcm-linux-uclibcgnueabi-gcc -c -Os -Wall -DLINUX26 -DCONFIG_BCMWL5 -DCONFIG_BCMWL6 -DCONFIG_BCMWL6A -DPART_JFFS2_GAP=0UL -pipe -fno-strict-aliasing -DBCMWPA2 -DBCMARM -marm  -DTCONFIG_NVRAM_64K -DLINUX_KERNEL_VERSION=132644 -ffunction-sections -fdata-sections  conftest.c >&5
conftest.c: In function 'main':
conftest.c:49:24: error: expected expression before ')' token
configure:4267: $? = 1
configure: failed program was:
| /* confdefs.h */
| #define PACKAGE_NAME "spawn-fcgi"
| #define PACKAGE_TARNAME "spawn-fcgi"
| #define PACKAGE_VERSION "1.6.3"
| #define PACKAGE_STRING "spawn-fcgi 1.6.3"
| #define PACKAGE_BUGREPORT ""
| #define PACKAGE_URL ""
| #define PACKAGE "spawn-fcgi"
| #define VERSION "1.6.3"
| #define STDC_HEADERS 1
| #define HAVE_SYS_WAIT_H 1
| #define HAVE_SYS_TYPES_H 1
| #define HAVE_SYS_STAT_H 1
| #define HAVE_STDLIB_H 1
| #define HAVE_STRING_H 1
| #define HAVE_MEMORY_H 1
| #define HAVE_STRINGS_H 1
| #define HAVE_INTTYPES_H 1
| #define HAVE_STDINT_H 1
| #define HAVE_UNISTD_H 1
| #define HAVE_ARPA_INET_H 1
| #define HAVE_ERRNO_H 1
| #define HAVE_FCNTL_H 1
| #define HAVE_GETOPT_H 1
| #define HAVE_GRP_H 1
| #define HAVE_NETDB_H 1
| #define HAVE_NETINET_IN_H 1
| #define HAVE_NETINET_TCP_H 1
| #define HAVE_PWD_H 1
| #define HAVE_STDIO_H 1
| #define HAVE_STDLIB_H 1
| #define HAVE_STRING_H 1
| #define HAVE_SYS_IOCTL_H 1
| #define HAVE_SYS_SOCKET_H 1
| #define HAVE_SYS_STAT_H 1
| #define HAVE_SYS_TIME_H 1
| #define HAVE_SYS_TYPES_H 1
| #define HAVE_SYS_UN_H 1
| #define HAVE_SYS_WAIT_H 1
| #define HAVE_UNISTD_H 1
| #define TIME_WITH_SYS_TIME 1
| /* end confdefs.h.  */
| #include <sys/types.h>
| #include <sys/socket.h>
| 
| int
| main ()
| {
| if (sizeof ((socklen_t)))
| 	    return 0;
|   ;
|   return 0;
| }
configure:4267: result: yes
configure:4281: checking for library containing socket
configure:4312: arm-brcm-linux-uclibcgnueabi-gcc -o conftest -Os -Wall -DLINUX26 -DCONFIG_BCMWL5 -DCONFIG_BCMWL6 -DCONFIG_BCMWL6A -DPART_JFFS2_GAP=0UL -pipe -fno-strict-aliasing -DBCMWPA2 -DBCMARM -marm  -DTCONFIG_NVRAM_64K -DLINUX_KERNEL_VERSION=132644 -ffunction-sections -fdata-sections  -ffunction-sections -fdata-sections -Wl,--gc-sections -fPIC conftest.c  >&5
configure:4312: $? = 0
configure:4329: result: none required
configure:4337: checking for library containing inet_addr
configure:4368: arm-brcm-linux-uclibcgnueabi-gcc -o conftest -Os -Wall -DLINUX26 -DCONFIG_BCMWL5 -DCONFIG_BCMWL6 -DCONFIG_BCMWL6A -DPART_JFFS2_GAP=0UL -pipe -fno-strict-aliasing -DBCMWPA2 -DBCMARM -marm  -DTCONFIG_NVRAM_64K -DLINUX_KERNEL_VERSION=132644 -ffunction-sections -fdata-sections  -ffunction-sections -fdata-sections -Wl,--gc-sections -fPIC conftest.c  >&5
configure:4368: $? = 0
configure:4385: result: none required
configure:4397: checking for unistd.h
configure:4397: result: yes
configure:4407: checking for working chown
configure:4452: result: no
configure:4462: checking vfork.h usability
configure:4462: arm-brcm-linux-uclibcgnueabi-gcc -c -Os -Wall -DLINUX26 -DCONFIG_BCMWL5 -DCONFIG_BCMWL6 -DCONFIG_BCMWL6A -DPART_JFFS2_GAP=0UL -pipe -fno-strict-aliasing -DBCMWPA2 -DBCMARM -marm  -DTCONFIG_NVRAM_64K -DLINUX_KERNEL_VERSION=132644 -ffunction-sections -fdata-sections  conftest.c >&5
conftest.c:78:19: fatal error: vfork.h: No such file or directory
compilation terminated.
configure:4462: $? = 1
configure: failed program was:
| /* confdefs.h */
| #define PACKAGE_NAME "spawn-fcgi"
| #define PACKAGE_TARNAME "spawn-fcgi"
| #define PACKAGE_VERSION "1.6.3"
| #define PACKAGE_STRING "spawn-fcgi 1.6.3"
| #define PACKAGE_BUGREPORT ""
| #define PACKAGE_URL ""
| #define PACKAGE "spawn-fcgi"
| #define VERSION "1.6.3"
| #define STDC_HEADERS 1
| #define HAVE_SYS_WAIT_H 1
| #define HAVE_SYS_TYPES_H 1
| #define HAVE_SYS_STAT_H 1
| #define HAVE_STDLIB_H 1
| #define HAVE_STRING_H 1
| #define HAVE_MEMORY_H 1
| #define HAVE_STRINGS_H 1
| #define HAVE_INTTYPES_H 1
| #define HAVE_STDINT_H 1
| #define HAVE_UNISTD_H 1
| #define HAVE_ARPA_INET_H 1
| #define HAVE_ERRNO_H 1
| #define HAVE_FCNTL_H 1
| #define HAVE_GETOPT_H 1
| #define HAVE_GRP_H 1
| #define HAVE_NETDB_H 1
| #define HAVE_NETINET_IN_H 1
| #define HAVE_NETINET_TCP_H 1
| #define HAVE_PWD_H 1
| #define HAVE_STDIO_H 1
| #define HAVE_STDLIB_H 1
| #define HAVE_STRING_H 1
| #define HAVE_SYS_IOCTL_H 1
| #define HAVE_SYS_SOCKET_H 1
| #define HAVE_SYS_STAT_H 1
| #define HAVE_SYS_TIME_H 1
| #define HAVE_SYS_TYPES_H 1
| #define HAVE_SYS_UN_H 1
| #define HAVE_SYS_WAIT_H 1
| #define HAVE_UNISTD_H 1
| #define TIME_WITH_SYS_TIME 1
| #define HAVE_SOCKLEN_T 1
| #define HAVE_UNISTD_H 1
| /* end confdefs.h.  */
| #include <stdio.h>
| #ifdef HAVE_SYS_TYPES_H
| # include <sys/types.h>
| #endif
| #ifdef HAVE_SYS_STAT_H
| # include <sys/stat.h>
| #endif
| #ifdef STDC_HEADERS
| # include <stdlib.h>
| # include <stddef.h>
| #else
| # ifdef HAVE_STDLIB_H
| #  include <stdlib.h>
| # endif
| #endif
| #ifdef HAVE_STRING_H
| # if !defined STDC_HEADERS && defined HAVE_MEMORY_H
| #  include <memory.h>
| # endif
| # include <string.h>
| #endif
| #ifdef HAVE_STRINGS_H
| # include <strings.h>
| #endif
| #ifdef HAVE_INTTYPES_H
| # include <inttypes.h>
| #endif
| #ifdef HAVE_STDINT_H
| # include <stdint.h>
| #endif
| #ifdef HAVE_UNISTD_H
| # include <unistd.h>
| #endif
| #include <vfork.h>
configure:4462: result: no
configure:4462: checking vfork.h presence
configure:4462: arm-brcm-linux-uclibcgnueabi-gcc -E  conftest.c
conftest.c:45:19: fatal error: vfork.h: No such file or directory
compilation terminated.
configure:4462: $? = 1
configure: failed program was:
| /* confdefs.h */
| #define PACKAGE_NAME "spawn-fcgi"
| #define PACKAGE_TARNAME "spawn-fcgi"
| #define PACKAGE_VERSION "1.6.3"
| #define PACKAGE_STRING "spawn-fcgi 1.6.3"
| #define PACKAGE_BUGREPORT ""
| #define PACKAGE_URL ""
| #define PACKAGE "spawn-fcgi"
| #define VERSION "1.6.3"
| #define STDC_HEADERS 1
| #define HAVE_SYS_WAIT_H 1
| #define HAVE_SYS_TYPES_H 1
| #define HAVE_SYS_STAT_H 1
| #define HAVE_STDLIB_H 1
| #define HAVE_STRING_H 1
| #define HAVE_MEMORY_H 1
| #define HAVE_STRINGS_H 1
| #define HAVE_INTTYPES_H 1
| #define HAVE_STDINT_H 1
| #define HAVE_UNISTD_H 1
| #define HAVE_ARPA_INET_H 1
| #define HAVE_ERRNO_H 1
| #define HAVE_FCNTL_H 1
| #define HAVE_GETOPT_H 1
| #define HAVE_GRP_H 1
| #define HAVE_NETDB_H 1
| #define HAVE_NETINET_IN_H 1
| #define HAVE_NETINET_TCP_H 1
| #define HAVE_PWD_H 1
| #define HAVE_STDIO_H 1
| #define HAVE_STDLIB_H 1
| #define HAVE_STRING_H 1
| #define HAVE_SYS_IOCTL_H 1
| #define HAVE_SYS_SOCKET_H 1
| #define HAVE_SYS_STAT_H 1
| #define HAVE_SYS_TIME_H 1
| #define HAVE_SYS_TYPES_H 1
| #define HAVE_SYS_UN_H 1
| #define HAVE_SYS_WAIT_H 1
| #define HAVE_UNISTD_H 1
| #define TIME_WITH_SYS_TIME 1
| #define HAVE_SOCKLEN_T 1
| #define HAVE_UNISTD_H 1
| /* end confdefs.h.  */
| #include <vfork.h>
configure:4462: result: no
configure:4462: checking for vfork.h
configure:4462: result: no
configure:4475: checking for fork
configure:4475: arm-brcm-linux-uclibcgnueabi-gcc -o conftest -Os -Wall -DLINUX26 -DCONFIG_BCMWL5 -DCONFIG_BCMWL6 -DCONFIG_BCMWL6A -DPART_JFFS2_GAP=0UL -pipe -fno-strict-aliasing -DBCMWPA2 -DBCMARM -marm  -DTCONFIG_NVRAM_64K -DLINUX_KERNEL_VERSION=132644 -ffunction-sections -fdata-sections  -ffunction-sections -fdata-sections -Wl,--gc-sections -fPIC conftest.c  >&5
conftest.c:68:6: warning: conflicting types for built-in function 'fork'
configure:4475: $? = 0
configure:4475: result: yes
configure:4475: checking for vfork
configure:4475: arm-brcm-linux-uclibcgnueabi-gcc -o conftest -Os -Wall -DLINUX26 -DCONFIG_BCMWL5 -DCONFIG_BCMWL6 -DCONFIG_BCMWL6A -DPART_JFFS2_GAP=0UL -pipe -fno-strict-aliasing -DBCMWPA2 -DBCMARM -marm  -DTCONFIG_NVRAM_64K -DLINUX_KERNEL_VERSION=132644 -ffunction-sections -fdata-sections  -ffunction-sections -fdata-sections -Wl,--gc-sections -fPIC conftest.c  >&5
configure:4475: $? = 0
configure:4475: result: yes
configure:4486: checking for working fork
configure:4518: result: cross
configure:4534: WARNING: result yes guessed because of cross compilation
configure:4539: checking for working vfork
configure:4649: result: yes
configure:4676: checking for stdlib.h
configure:4676: result: yes
configure:4686: checking for GNU libc compatible malloc
configure:4720: result: yes
configure:4744: checking sys/select.h usability
configure:4744: arm-brcm-linux-uclibcgnueabi-gcc -c -Os -Wall -DLINUX26 -DCONFIG_BCMWL5 -DCONFIG_BCMWL6 -DCONFIG_BCMWL6A -DPART_JFFS2_GAP=0UL -pipe -fno-strict-aliasing -DBCMWPA2 -DBCMARM -marm  -DTCONFIG_NVRAM_64K -DLINUX_KERNEL_VERSION=132644 -ffunction-sections -fdata-sections  conftest.c >&5
configure:4744: $? = 0
configure:4744: result: yes
configure:4744: checking sys/select.h presence
configure:4744: arm-brcm-linux-uclibcgnueabi-gcc -E  conftest.c
configure:4744: $? = 0
configure:4744: result: yes
configure:4744: checking for sys/select.h
configure:4744: result: yes
configure:4744: checking for sys/socket.h
configure:4744: result: yes
configure:4755: checking types of arguments for select
configure:4783: arm-brcm-linux-uclibcgnueabi-gcc -c -Os -Wall -DLINUX26 -DCONFIG_BCMWL5 -DCONFIG_BCMWL6 -DCONFIG_BCMWL6A -DPART_JFFS2_GAP=0UL -pipe -fno-strict-aliasing -DBCMWPA2 -DBCMARM -marm  -DTCONFIG_NVRAM_64K -DLINUX_KERNEL_VERSION=132644 -ffunction-sections -fdata-sections  conftest.c >&5
configure:4783: $? = 0
configure:4794: result: int,fd_set *,struct timeval *
configure:4817: checking whether lstat dereferences a symlink specified with a trailing slash
configure:4860: result: no
configure:4879: checking whether stat accepts an empty string
configure:4909: result: yes
configure:4928: checking for dup2
configure:4928: arm-brcm-linux-uclibcgnueabi-gcc -o conftest -Os -Wall -DLINUX26 -DCONFIG_BCMWL5 -DCONFIG_BCMWL6 -DCONFIG_BCMWL6A -DPART_JFFS2_GAP=0UL -pipe -fno-strict-aliasing -DBCMWPA2 -DBCMARM -marm  -DTCONFIG_NVRAM_64K -DLINUX_KERNEL_VERSION=132644 -ffunction-sections -fdata-sections  -ffunction-sections -fdata-sections -Wl,--gc-sections -fPIC conftest.c  >&5
configure:4928: $? = 0
configure:4928: result: yes
configure:4928: checking for memset
configure:4928: arm-brcm-linux-uclibcgnueabi-gcc -o conftest -Os -Wall -DLINUX26 -DCONFIG_BCMWL5 -DCONFIG_BCMWL6 -DCONFIG_BCMWL6A -DPART_JFFS2_GAP=0UL -pipe -fno-strict-aliasing -DBCMWPA2 -DBCMARM -marm  -DTCONFIG_NVRAM_64K -DLINUX_KERNEL_VERSION=132644 -ffunction-sections -fdata-sections  -ffunction-sections -fdata-sections -Wl,--gc-sections -fPIC conftest.c  >&5
conftest.c:81:6: warning: conflicting types for built-in function 'memset'
configure:4928: $? = 0
configure:4928: result: yes
configure:4928: checking for putenv
configure:4928: arm-brcm-linux-uclibcgnueabi-gcc -o conftest -Os -Wall -DLINUX26 -DCONFIG_BCMWL5 -DCONFIG_BCMWL6 -DCONFIG_BCMWL6A -DPART_JFFS2_GAP=0UL -pipe -fno-strict-aliasing -DBCMWPA2 -DBCMARM -marm  -DTCONFIG_NVRAM_64K -DLINUX_KERNEL_VERSION=132644 -ffunction-sections -fdata-sections  -ffunction-sections -fdata-sections -Wl,--gc-sections -fPIC conftest.c  >&5
configure:4928: $? = 0
configure:4928: result: yes
configure:4928: checking for select
configure:4928: arm-brcm-linux-uclibcgnueabi-gcc -o conftest -Os -Wall -DLINUX26 -DCONFIG_BCMWL5 -DCONFIG_BCMWL6 -DCONFIG_BCMWL6A -DPART_JFFS2_GAP=0UL -pipe -fno-strict-aliasing -DBCMWPA2 -DBCMARM -marm  -DTCONFIG_NVRAM_64K -DLINUX_KERNEL_VERSION=132644 -ffunction-sections -fdata-sections  -ffunction-sections -fdata-sections -Wl,--gc-sections -fPIC conftest.c  >&5
configure:4928: $? = 0
configure:4928: result: yes
configure:4928: checking for socket
configure:4928: arm-brcm-linux-uclibcgnueabi-gcc -o conftest -Os -Wall -DLINUX26 -DCONFIG_BCMWL5 -DCONFIG_BCMWL6 -DCONFIG_BCMWL6A -DPART_JFFS2_GAP=0UL -pipe -fno-strict-aliasing -DBCMWPA2 -DBCMARM -marm  -DTCONFIG_NVRAM_64K -DLINUX_KERNEL_VERSION=132644 -ffunction-sections -fdata-sections  -ffunction-sections -fdata-sections -Wl,--gc-sections -fPIC conftest.c  >&5
configure:4928: $? = 0
configure:4928: result: yes
configure:4928: checking for strerror
configure:4928: arm-brcm-linux-uclibcgnueabi-gcc -o conftest -Os -Wall -DLINUX26 -DCONFIG_BCMWL5 -DCONFIG_BCMWL6 -DCONFIG_BCMWL6A -DPART_JFFS2_GAP=0UL -pipe -fno-strict-aliasing -DBCMWPA2 -DBCMARM -marm  -DTCONFIG_NVRAM_64K -DLINUX_KERNEL_VERSION=132644 -ffunction-sections -fdata-sections  -ffunction-sections -fdata-sections -Wl,--gc-sections -fPIC conftest.c  >&5
configure:4928: $? = 0
configure:4928: result: yes
configure:4928: checking for strtol
configure:4928: arm-brcm-linux-uclibcgnueabi-gcc -o conftest -Os -Wall -DLINUX26 -DCONFIG_BCMWL5 -DCONFIG_BCMWL6 -DCONFIG_BCMWL6A -DPART_JFFS2_GAP=0UL -pipe -fno-strict-aliasing -DBCMWPA2 -DBCMARM -marm  -DTCONFIG_NVRAM_64K -DLINUX_KERNEL_VERSION=132644 -ffunction-sections -fdata-sections  -ffunction-sections -fdata-sections -Wl,--gc-sections -fPIC conftest.c  >&5
configure:4928: $? = 0
configure:4928: result: yes
configure:4928: checking for issetugid
configure:4928: arm-brcm-linux-uclibcgnueabi-gcc -o conftest -Os -Wall -DLINUX26 -DCONFIG_BCMWL5 -DCONFIG_BCMWL6 -DCONFIG_BCMWL6A -DPART_JFFS2_GAP=0UL -pipe -fno-strict-aliasing -DBCMWPA2 -DBCMARM -marm  -DTCONFIG_NVRAM_64K -DLINUX_KERNEL_VERSION=132644 -ffunction-sections -fdata-sections  -ffunction-sections -fdata-sections -Wl,--gc-sections -fPIC conftest.c  >&5
/tmp/ccaGXLrj.o: In function `main':
conftest.c:(.text.main+0x4): undefined reference to `issetugid'
collect2: ld returned 1 exit status
configure:4928: $? = 1
configure: failed program was:
| /* confdefs.h */
| #define PACKAGE_NAME "spawn-fcgi"
| #define PACKAGE_TARNAME "spawn-fcgi"
| #define PACKAGE_VERSION "1.6.3"
| #define PACKAGE_STRING "spawn-fcgi 1.6.3"
| #define PACKAGE_BUGREPORT ""
| #define PACKAGE_URL ""
| #define PACKAGE "spawn-fcgi"
| #define VERSION "1.6.3"
| #define STDC_HEADERS 1
| #define HAVE_SYS_WAIT_H 1
| #define HAVE_SYS_TYPES_H 1
| #define HAVE_SYS_STAT_H 1
| #define HAVE_STDLIB_H 1
| #define HAVE_STRING_H 1
| #define HAVE_MEMORY_H 1
| #define HAVE_STRINGS_H 1
| #define HAVE_INTTYPES_H 1
| #define HAVE_STDINT_H 1
| #define HAVE_UNISTD_H 1
| #define HAVE_ARPA_INET_H 1
| #define HAVE_ERRNO_H 1
| #define HAVE_FCNTL_H 1
| #define HAVE_GETOPT_H 1
| #define HAVE_GRP_H 1
| #define HAVE_NETDB_H 1
| #define HAVE_NETINET_IN_H 1
| #define HAVE_NETINET_TCP_H 1
| #define HAVE_PWD_H 1
| #define HAVE_STDIO_H 1
| #define HAVE_STDLIB_H 1
| #define HAVE_STRING_H 1
| #define HAVE_SYS_IOCTL_H 1
| #define HAVE_SYS_SOCKET_H 1
| #define HAVE_SYS_STAT_H 1
| #define HAVE_SYS_TIME_H 1
| #define HAVE_SYS_TYPES_H 1
| #define HAVE_SYS_UN_H 1
| #define HAVE_SYS_WAIT_H 1
| #define HAVE_UNISTD_H 1
| #define TIME_WITH_SYS_TIME 1
| #define HAVE_SOCKLEN_T 1
| #define HAVE_UNISTD_H 1
| #define HAVE_FORK 1
| #define HAVE_VFORK 1
| #define HAVE_WORKING_VFORK 1
| #define HAVE_WORKING_FORK 1
| #define HAVE_STDLIB_H 1
| #define HAVE_MALLOC 1
| #define HAVE_SYS_SELECT_H 1
| #define HAVE_SYS_SOCKET_H 1
| #define SELECT_TYPE_ARG1 int
| #define SELECT_TYPE_ARG234 (fd_set *)
| #define SELECT_TYPE_ARG5 (struct timeval *)
| #define HAVE_STAT_EMPTY_STRING_BUG 1
| #define HAVE_DUP2 1
| #define HAVE_MEMSET 1
| #define HAVE_PUTENV 1
| #define HAVE_SELECT 1
| #define HAVE_SOCKET 1
| #define HAVE_STRERROR 1
| #define HAVE_STRTOL 1
| /* end confdefs.h.  */
| /* Define issetugid to an innocuous variant, in case <limits.h> declares issetugid.
|    For example, HP-UX 11i <limits.h> declares gettimeofday.  */
| #define issetugid innocuous_issetugid
| 
| /* System header to define __stub macros and hopefully few prototypes,
|     which can conflict with char issetugid (); below.
|     Prefer <limits.h> to <assert.h> if __STDC__ is defined, since
|     <limits.h> exists even on freestanding compilers.  */
| 
| #ifdef __STDC__
| # include <limits.h>
| #else
| # include <assert.h>
| #endif
| 
| #undef issetugid
| 
| /* Override any GCC internal prototype to avoid an error.
|    Use char because int might match the return type of a GCC
|    builtin and then its argument prototype would still apply.  */
| #ifdef __cplusplus
| extern "C"
| #endif
| char issetugid ();
| /* The GNU C library defines this for functions which it implements
|     to always fail with ENOSYS.  Some functions are actually named
|     something starting with __ and the normal name is an alias.  */
| #if defined __stub_issetugid || defined __stub___issetugid
| choke me
| #endif
| 
| int
| main ()
| {
| return issetugid ();
|   ;
|   return 0;
| }
configure:4928: result: no
configure:4928: checking for inet_pton
configure:4928: arm-brcm-linux-uclibcgnueabi-gcc -o conftest -Os -Wall -DLINUX26 -DCONFIG_BCMWL5 -DCONFIG_BCMWL6 -DCONFIG_BCMWL6A -DPART_JFFS2_GAP=0UL -pipe -fno-strict-aliasing -DBCMWPA2 -DBCMARM -marm  -DTCONFIG_NVRAM_64K -DLINUX_KERNEL_VERSION=132644 -ffunction-sections -fdata-sections  -ffunction-sections -fdata-sections -Wl,--gc-sections -fPIC conftest.c  >&5
configure:4928: $? = 0
configure:4928: result: yes
configure:4955: checking for IPv6 support
configure:4973: arm-brcm-linux-uclibcgnueabi-gcc -o conftest -Os -Wall -DLINUX26 -DCONFIG_BCMWL5 -DCONFIG_BCMWL6 -DCONFIG_BCMWL6A -DPART_JFFS2_GAP=0UL -pipe -fno-strict-aliasing -DBCMWPA2 -DBCMARM -marm  -DTCONFIG_NVRAM_64K -DLINUX_KERNEL_VERSION=132644 -ffunction-sections -fdata-sections  -ffunction-sections -fdata-sections -Wl,--gc-sections -fPIC conftest.c  >&5
conftest.c: In function 'main':
conftest.c:71:71: warning: statement with no effect
conftest.c:71:59: warning: unused variable 'i'
configure:4973: $? = 0
configure:4981: result: yes
configure:5133: creating ./config.status

## ---------------------- ##
## Running config.status. ##
## ---------------------- ##

This file was extended by spawn-fcgi config.status 1.6.3, which was
generated by GNU Autoconf 2.64.  Invocation command line was

  CONFIG_FILES    = 
  CONFIG_HEADERS  = 
  CONFIG_LINKS    = 
  CONFIG_COMMANDS = 
  $ ./config.status 

on builder

config.status:894: creating Makefile
config.status:894: creating src/Makefile
config.status:894: creating doc/Makefile
config.status:894: creating config.h
config.status:1066: config.h is unchanged
config.status:1114: executing depfiles commands

## ---------------- ##
## Cache variables. ##
## ---------------- ##

ac_cv_c_compiler_gnu=yes
ac_cv_c_const=yes
ac_cv_env_CC_set=set
ac_cv_env_CC_value=arm-brcm-linux-uclibcgnueabi-gcc
ac_cv_env_CFLAGS_set=set
ac_cv_env_CFLAGS_value='-Os -Wall -DLINUX26 -DCONFIG_BCMWL5 -DCONFIG_BCMWL6 -DCONFIG_BCMWL6A -DPART_JFFS2_GAP=0UL -pipe -fno-strict-aliasing -DBCMWPA2 -DBCMARM -marm  -DTCONFIG_NVRAM_64K -DLINUX_KERNEL_VERSION=132644 -ffunction-sections -fdata-sections'
ac_cv_env_CPPFLAGS_set=
ac_cv_env_CPPFLAGS_value=
ac_cv_env_CPP_set=
ac_cv_env_CPP_value=
ac_cv_env_LDFLAGS_set=set
ac_cv_env_LDFLAGS_value='-ffunction-sections -fdata-sections -Wl,--gc-sections -fPIC'
ac_cv_env_LIBS_set=
ac_cv_env_LIBS_value=
ac_cv_env_build_alias_set=set
ac_cv_env_build_alias_value=x86_64-linux-gnu
ac_cv_env_host_alias_set=set
ac_cv_env_host_alias_value=arm-linux
ac_cv_env_target_alias_set=
ac_cv_env_target_alias_value=
ac_cv_func_chown_works=no
ac_cv_func_dup2=yes
ac_cv_func_fork=yes
ac_cv_func_fork_works=yes
ac_cv_func_inet_pton=yes
ac_cv_func_issetugid=no
ac_cv_func_lstat_dereferences_slashed_symlink=no
ac_cv_func_malloc_0_nonnull=yes
ac_cv_func_memset=yes
ac_cv_func_putenv=yes
ac_cv_func_select=yes
ac_cv_func_select_args='int,fd_set *,struct timeval *'
ac_cv_func_socket=yes
ac_cv_func_stat_empty_string_bug=yes
ac_cv_func_strerror=yes
ac_cv_func_strtol=yes
ac_cv_func_vfork=yes
ac_cv_func_vfork_works=yes
ac_cv_header_arpa_inet_h=yes
ac_cv_header_errno_h=yes
ac_cv_header_fcntl_h=yes
ac_cv_header_getopt_h=yes
ac_cv_header_grp_h=yes
ac_cv_header_inttypes_h=yes
ac_cv_header_memory_h=yes
ac_cv_header_netdb_h=yes
ac_cv_header_netinet_in_h=yes
ac_cv_header_netinet_tcp_h=yes
ac_cv_header_pwd_h=yes
ac_cv_header_stdc=yes
ac_cv_header_stdint_h=yes
ac_cv_header_stdio_h=yes
ac_cv_header_stdlib_h=yes
ac_cv_header_string_h=yes
ac_cv_header_strings_h=yes
ac_cv_header_sys_ioctl_h=yes
ac_cv_header_sys_select_h=yes
ac_cv_header_sys_socket_h=yes
ac_cv_header_sys_stat_h=yes
ac_cv_header_sys_time_h=yes
ac_cv_header_sys_types_h=yes
ac_cv_header_sys_un_h=yes
ac_cv_header_sys_wait_h=yes
ac_cv_header_time=yes
ac_cv_header_unistd_h=yes
ac_cv_header_vfork_h=no
ac_cv_ipv6_support=yes
ac_cv_objext=o
ac_cv_path_EGREP='/bin/grep -E'
ac_cv_path_GREP=/bin/grep
ac_cv_path_install='/usr/bin/install -c'
ac_cv_path_mkdir=/bin/mkdir
ac_cv_prog_AWK=gawk
ac_cv_prog_CC=arm-brcm-linux-uclibcgnueabi-gcc
ac_cv_prog_CPP='arm-brcm-linux-uclibcgnueabi-gcc -E'
ac_cv_prog_STRIP=arm-brcm-linux-uclibcgnueabi-strip
ac_cv_prog_cc_c89=
ac_cv_prog_cc_g=yes
ac_cv_prog_make_make_set=yes
ac_cv_search_inet_addr='none required'
ac_cv_search_socket='none required'
ac_cv_type_pid_t=yes
ac_cv_type_socklen_t=yes
ac_cv_type_uid_t=yes
am_cv_CC_dependencies_compiler_type=gcc3

## ----------------- ##
## Output variables. ##
## ----------------- ##

ACLOCAL='${SHELL} /home/shibby/openwrt/tomato-ss/release-working/src-rt-6.x.4708/router/spawn-fcgi/missing --run aclocal-1.11'
AMDEPBACKSLASH='\'
AMDEP_FALSE='#'
AMDEP_TRUE=''
AMTAR='${SHELL} /home/shibby/openwrt/tomato-ss/release-working/src-rt-6.x.4708/router/spawn-fcgi/missing --run tar'
AUTOCONF='${SHELL} /home/shibby/openwrt/tomato-ss/release-working/src-rt-6.x.4708/router/spawn-fcgi/missing --run autoconf'
AUTOHEADER='${SHELL} /home/shibby/openwrt/tomato-ss/release-working/src-rt-6.x.4708/router/spawn-fcgi/missing --run autoheader'
AUTOMAKE='${SHELL} /home/shibby/openwrt/tomato-ss/release-working/src-rt-6.x.4708/router/spawn-fcgi/missing --run automake-1.11'
AWK='gawk'
CC='arm-brcm-linux-uclibcgnueabi-gcc'
CCDEPMODE='depmode=gcc3'
CFLAGS='-Os -Wall -DLINUX26 -DCONFIG_BCMWL5 -DCONFIG_BCMWL6 -DCONFIG_BCMWL6A -DPART_JFFS2_GAP=0UL -pipe -fno-strict-aliasing -DBCMWPA2 -DBCMARM -marm  -DTCONFIG_NVRAM_64K -DLINUX_KERNEL_VERSION=132644 -ffunction-sections -fdata-sections -Wall -W -Wshadow -pedantic -std=gnu99'
CPP='arm-brcm-linux-uclibcgnueabi-gcc -E'
CPPFLAGS=''
CYGPATH_W='echo'
DEFS='-DHAVE_CONFIG_H'
DEPDIR='.deps'
ECHO_C=''
ECHO_N='-n'
ECHO_T=''
EGREP='/bin/grep -E'
EXEEXT=''
GREP='/bin/grep'
INSTALL_DATA='${INSTALL} -m 644'
INSTALL_PROGRAM='${INSTALL}'
INSTALL_SCRIPT='${INSTALL}'
INSTALL_STRIP_PROGRAM='$(install_sh) -c -s'
LDFLAGS='-ffunction-sections -fdata-sections -Wl,--gc-sections -fPIC'
LIBOBJS=' ${LIBOBJDIR}lstat$U.o ${LIBOBJDIR}stat$U.o'
LIBS=''
LTLIBOBJS=' ${LIBOBJDIR}lstat$U.lo ${LIBOBJDIR}stat$U.lo'
MAKEINFO='${SHELL} /home/shibby/openwrt/tomato-ss/release-working/src-rt-6.x.4708/router/spawn-fcgi/missing --run makeinfo'
MKDIR_P='/bin/mkdir -p'
OBJEXT='o'
PACKAGE='spawn-fcgi'
PACKAGE_BUGREPORT=''
PACKAGE_NAME='spawn-fcgi'
PACKAGE_STRING='spawn-fcgi 1.6.3'
PACKAGE_TARNAME='spawn-fcgi'
PACKAGE_URL=''
PACKAGE_VERSION='1.6.3'
PATH_SEPARATOR=':'
SET_MAKE=''
SHELL='/bin/sh'
STRIP='arm-brcm-linux-uclibcgnueabi-strip'
VERSION='1.6.3'
ac_ct_CC=''
am__EXEEXT_FALSE=''
am__EXEEXT_TRUE='#'
am__fastdepCC_FALSE='#'
am__fastdepCC_TRUE=''
am__include='include'
am__isrc=''
am__leading_dot='.'
am__quote=''
am__tar='${AMTAR} chof - "$$tardir"'
am__untar='${AMTAR} xf -'
bindir='${exec_prefix}/bin'
build_alias='x86_64-linux-gnu'
datadir='${datarootdir}'
datarootdir='${prefix}/share'
docdir='${datarootdir}/doc/${PACKAGE_TARNAME}'
dvidir='${docdir}'
exec_prefix='${prefix}'
host_alias='arm-linux'
htmldir='${docdir}'
includedir='${prefix}/include'
infodir='${datarootdir}/info'
install_sh='${SHELL} /home/shibby/openwrt/tomato-ss/release-working/src-rt-6.x.4708/router/spawn-fcgi/install-sh'
libdir='${exec_prefix}/lib'
libexecdir='${exec_prefix}/libexec'
localedir='${datarootdir}/locale'
localstatedir='${prefix}/var'
mandir='${datarootdir}/man'
mkdir_p='/bin/mkdir -p'
oldincludedir='/usr/include'
pdfdir='${docdir}'
prefix='/usr'
program_transform_name='s,x,x,'
psdir='${docdir}'
sbindir='${exec_prefix}/sbin'
sharedstatedir='${prefix}/com'
sysconfdir='${prefix}/etc'
target_alias=''

## ----------- ##
## confdefs.h. ##
## ----------- ##

/* confdefs.h */
#define PACKAGE_NAME "spawn-fcgi"
#define PACKAGE_TARNAME "spawn-fcgi"
#define PACKAGE_VERSION "1.6.3"
#define PACKAGE_STRING "spawn-fcgi 1.6.3"
#define PACKAGE_BUGREPORT ""
#define PACKAGE_URL ""
#define PACKAGE "spawn-fcgi"
#define VERSION "1.6.3"
#define STDC_HEADERS 1
#define HAVE_SYS_WAIT_H 1
#define HAVE_SYS_TYPES_H 1
#define HAVE_SYS_STAT_H 1
#define HAVE_STDLIB_H 1
#define HAVE_STRING_H 1
#define HAVE_MEMORY_H 1
#define HAVE_STRINGS_H 1
#define HAVE_INTTYPES_H 1
#define HAVE_STDINT_H 1
#define HAVE_UNISTD_H 1
#define HAVE_ARPA_INET_H 1
#define HAVE_ERRNO_H 1
#define HAVE_FCNTL_H 1
#define HAVE_GETOPT_H 1
#define HAVE_GRP_H 1
#define HAVE_NETDB_H 1
#define HAVE_NETINET_IN_H 1
#define HAVE_NETINET_TCP_H 1
#define HAVE_PWD_H 1
#define HAVE_STDIO_H 1
#define HAVE_STDLIB_H 1
#define HAVE_STRING_H 1
#define HAVE_SYS_IOCTL_H 1
#define HAVE_SYS_SOCKET_H 1
#define HAVE_SYS_STAT_H 1
#define HAVE_SYS_TIME_H 1
#define HAVE_SYS_TYPES_H 1
#define HAVE_SYS_UN_H 1
#define HAVE_SYS_WAIT_H 1
#define HAVE_UNISTD_H 1
#define TIME_WITH_SYS_TIME 1
#define HAVE_SOCKLEN_T 1
#define HAVE_UNISTD_H 1
#define HAVE_FORK 1
#define HAVE_VFORK 1
#define HAVE_WORKING_VFORK 1
#define HAVE_WORKING_FORK 1
#define HAVE_STDLIB_H 1
#define HAVE_MALLOC 1
#define HAVE_SYS_SELECT_H 1
#define HAVE_SYS_SOCKET_H 1
#define SELECT_TYPE_ARG1 int
#define SELECT_TYPE_ARG234 (fd_set *)
#define SELECT_TYPE_ARG5 (struct timeval *)
#define HAVE_STAT_EMPTY_STRING_BUG 1
#define HAVE_DUP2 1
#define HAVE_MEMSET 1
#define HAVE_PUTENV 1
#define HAVE_SELECT 1
#define HAVE_SOCKET 1
#define HAVE_STRERROR 1
#define HAVE_STRTOL 1
#define HAVE_INET_PTON 1
#define HAVE_IPV6 1

configure: exit 0
