This file contains any messages produced by compilers while
running configure, to aid debugging if configure makes a mistake.

configure:585: checking host system type
configure:606: checking target system type
configure:624: checking build system type
configure:719: checking for gcc
configure:832: checking whether the C compiler (gcc  ) works
configure:848: gcc -o conftest    conftest.c  1>&5
configure:874: checking whether the C compiler (gcc  ) is a cross-compiler
configure:879: checking whether we are using GNU C
configure:888: gcc -E conftest.c
configure:907: checking whether gcc accepts -g
configure:944: checking gcc version
configure:1088: checking how to run the C preprocessor
configure:1109: gcc -E  conftest.c >/dev/null 2>conftest.out
configure:1171: checking for malloc.h
configure:1181: gcc -E  conftest.c >/dev/null 2>conftest.out
configure:1171: checking for sys/ioccom.h
configure:1181: gcc -E  conftest.c >/dev/null 2>conftest.out
configure:1177:24: sys/ioccom.h: No such file or directory
configure: failed program was:
#line 1176 "configure"
#include "confdefs.h"
#include <sys/ioccom.h>
configure:1171: checking for sys/sockio.h
configure:1181: gcc -E  conftest.c >/dev/null 2>conftest.out
configure:1177:24: sys/sockio.h: No such file or directory
configure: failed program was:
#line 1176 "configure"
#include "confdefs.h"
#include <sys/sockio.h>
configure:1210: checking for ANSI ioctl definitions
configure:1234: gcc -c -g -O2  conftest.c 1>&5
configure:1257: checking for ether_hostton
configure:1285: gcc -o conftest -g -O2   conftest.c  1>&5
configure:1257: checking for strerror
configure:1285: gcc -o conftest -g -O2   conftest.c  1>&5
configure:1311: checking if --disable-protochain option is specified
configure:1339: checking packet capture type
configure:1370: checking if --enable-ipv6 option is specified
configure:1458: checking for net/if_arp.h
configure:1468: gcc -E  conftest.c >/dev/null 2>conftest.out
configure:1495: checking Linux kernel version
configure:1536: checking for flex
configure:1570: checking for flex 2.4 or higher
configure:1596: checking for bison
configure:1721: checking for ranlib
configure:1792: checking if sockaddr struct has sa_len member
configure:1806: gcc -c -g -O2  conftest.c 1>&5
configure: In function `main':
configure:1802: structure has no member named `sa_len'
configure: failed program was:
#line 1797 "configure"
#include "confdefs.h"

#	include <sys/types.h>
#	include <sys/socket.h>
int main() {
u_int i = sizeof(((struct sockaddr *)0)->sa_len)
; return 0; }
configure:1827: checking if unaligned accesses fail
configure:1916: checking for a BSD compatible install
