This file contains any messages produced by compilers while
running configure, to aid debugging if configure makes a mistake.

It was created by configure, which was
generated by GNU Autoconf 2.59.  Invocation command line was

  $ ./configure --host=arm-linux --build=x86_64-linux-gnu --prefix= --with-linux-headers=/home/shibby/openwrt/tomato-ss/release/src-rt-6.x.4708/linux/linux-2.6.36/include

## --------- ##
## Platform. ##
## --------- ##

hostname = builder
uname -m = x86_64
uname -r = 3.2.0-4-amd64
uname -s = Linux
uname -v = #1 SMP Debian 3.2.41-2

/usr/bin/uname -p = unknown
/bin/uname -X     = unknown

/bin/arch              = unknown
/usr/bin/arch -k       = unknown
/usr/convex/getsysinfo = unknown
hostinfo               = unknown
/bin/machine           = unknown
/usr/bin/oslevel       = unknown
/bin/universe          = unknown

PATH: /home/shibby/openwrt/tomato-ss/release/tools
PATH: /home/shibby/openwrt/tomato-ss/release/tools
PATH: /home/shibby/openwrt/tomato-ss/release/tools
PATH: /home/shibby/openwrt/tomato-ss/release/tools
PATH: /usr/local/bin
PATH: /usr/bin
PATH: /bin
PATH: /usr/local/games
PATH: /usr/games
PATH: /sbin
PATH: /opt/brcm/hndtools-mipsel-uclibc/bin
PATH: /opt/brcm/hndtools-mipsel-linux/bin
PATH: /opt/hndtools-arm-linux-2.6.36-uclibc-4.5.3/bin


## ----------- ##
## Core tests. ##
## ----------- ##

configure:1344: checking for a BSD-compatible install
configure:1399: result: /usr/bin/install -c
configure:1410: checking whether build environment is sane
configure:1453: result: yes
configure:1477: WARNING: `missing' script is too old or missing
configure:1518: checking for gawk
configure:1534: found /usr/bin/gawk
configure:1544: result: gawk
configure:1554: checking whether make sets $(MAKE)
configure:1574: result: yes
configure:1650: checking for arm-linux-strip
configure:1676: result: arm-brcm-linux-uclibcgnueabi-strip
configure:1760: checking for arm-linux-gcc
configure:1786: result: arm-brcm-linux-uclibcgnueabi-gcc
configure:2068: checking for C compiler version
configure:2071: arm-brcm-linux-uclibcgnueabi-gcc --version </dev/null >&5
arm-brcm-linux-uclibcgnueabi-gcc (Buildroot 2012.02) 4.5.3
Copyright (C) 2010 Free Software Foundation, Inc.
This is free software; see the source for copying conditions.  There is NO
warranty; not even for MERCHANTABILITY or FITNESS FOR A PARTICULAR PURPOSE.

configure:2074: $? = 0
configure:2076: arm-brcm-linux-uclibcgnueabi-gcc -v </dev/null >&5
Using built-in specs.
COLLECT_GCC=arm-brcm-linux-uclibcgnueabi-gcc
COLLECT_LTO_WRAPPER=/opt/hndtools-arm-linux-2.6.36-uclibc-4.5.3/bin/../libexec/gcc/arm-brcm-linux-uclibcgnueabi/4.5.3/lto-wrapper
Target: arm-brcm-linux-uclibcgnueabi
Configured with: /projects/toolchains_build/buildroot-2012.02-brcm/output/toolchain/gcc-4.5.3/configure --prefix=/projects/hnd/tools/linux/hndtools-arm-linux-2.6.36-uclibc-4.5.3 --build=i686-pc-linux-gnu --host=i686-pc-linux-gnu --target=arm-brcm-linux-uclibcgnueabi --enable-languages=c,c++ --with-sysroot=/projects/hnd/tools/linux/hndtools-arm-linux-2.6.36-uclibc-4.5.3/arm-brcm-linux-uclibcgnueabi/sysroot --with-build-time-tools=/projects/hnd/tools/linux/hndtools-arm-linux-2.6.36-uclibc-4.5.3/arm-brcm-linux-uclibcgnueabi/bin --disable-__cxa_atexit --enable-target-optspace --disable-libgomp --with-gnu-ld --disable-libssp --disable-multilib --disable-tls --enable-shared --with-gmp=/projects/hnd/tools/linux/hndtools-arm-linux-2.6.36-uclibc-4.5.3 --with-mpfr=/projects/hnd/tools/linux/hndtools-arm-linux-2.6.36-uclibc-4.5.3 --with-mpc=/projects/hnd/tools/linux/hndtools-arm-linux-2.6.36-uclibc-4.5.3 --enable-threads --disable-decimal-float --with-float=soft --with-abi=aapcs-linux --with-arch=armv7-a --with-tune=cortex-a9 --with-pkgversion='Buildroot 2012.02' --with-bugurl=http://bugs.buildroot.net/
Thread model: posix
gcc version 4.5.3 (Buildroot 2012.02) 
configure:2079: $? = 0
configure:2081: arm-brcm-linux-uclibcgnueabi-gcc -V </dev/null >&5
arm-brcm-linux-uclibcgnueabi-gcc: '-V' option must have argument
configure:2084: $? = 1
configure:2107: checking for C compiler default output file name
configure:2110: arm-brcm-linux-uclibcgnueabi-gcc -Os -g -DLINUX26 -DCONFIG_BCMWL5 -DCONFIG_BCMWL6 -DPART_JFFS2_GAP=0UL -pipe -DBCMWPA2 -DBCMARM -fno-strict-aliasing -marm  -DTCONFIG_NVRAM_64K   conftest.c  >&5
configure:2113: $? = 0
configure:2159: result: a.out
configure:2164: checking whether the C compiler works
configure:2190: result: yes
configure:2197: checking whether we are cross compiling
configure:2199: result: yes
configure:2202: checking for suffix of executables
configure:2204: arm-brcm-linux-uclibcgnueabi-gcc -o conftest -Os -g -DLINUX26 -DCONFIG_BCMWL5 -DCONFIG_BCMWL6 -DPART_JFFS2_GAP=0UL -pipe -DBCMWPA2 -DBCMARM -fno-strict-aliasing -marm  -DTCONFIG_NVRAM_64K   conftest.c  >&5
configure:2207: $? = 0
configure:2232: result: 
configure:2238: checking for suffix of object files
configure:2259: arm-brcm-linux-uclibcgnueabi-gcc -c -Os -g -DLINUX26 -DCONFIG_BCMWL5 -DCONFIG_BCMWL6 -DPART_JFFS2_GAP=0UL -pipe -DBCMWPA2 -DBCMARM -fno-strict-aliasing -marm  -DTCONFIG_NVRAM_64K  conftest.c >&5
configure:2262: $? = 0
configure:2284: result: o
configure:2288: checking whether we are using the GNU C compiler
configure:2312: arm-brcm-linux-uclibcgnueabi-gcc -c -Os -g -DLINUX26 -DCONFIG_BCMWL5 -DCONFIG_BCMWL6 -DPART_JFFS2_GAP=0UL -pipe -DBCMWPA2 -DBCMARM -fno-strict-aliasing -marm  -DTCONFIG_NVRAM_64K  conftest.c >&5
configure:2318: $? = 0
configure:2322: test -z 
			 || test ! -s conftest.err
configure:2325: $? = 0
configure:2328: test -s conftest.o
configure:2331: $? = 0
configure:2344: result: yes
configure:2350: checking whether arm-brcm-linux-uclibcgnueabi-gcc accepts -g
configure:2371: arm-brcm-linux-uclibcgnueabi-gcc -c -g  conftest.c >&5
configure:2377: $? = 0
configure:2381: test -z 
			 || test ! -s conftest.err
configure:2384: $? = 0
configure:2387: test -s conftest.o
configure:2390: $? = 0
configure:2401: result: yes
configure:2418: checking for arm-brcm-linux-uclibcgnueabi-gcc option to accept ANSI C
configure:2488: arm-brcm-linux-uclibcgnueabi-gcc  -c -Os -g -DLINUX26 -DCONFIG_BCMWL5 -DCONFIG_BCMWL6 -DPART_JFFS2_GAP=0UL -pipe -DBCMWPA2 -DBCMARM -fno-strict-aliasing -marm  -DTCONFIG_NVRAM_64K  conftest.c >&5
configure:2494: $? = 0
configure:2498: test -z 
			 || test ! -s conftest.err
configure:2501: $? = 0
configure:2504: test -s conftest.o
configure:2507: $? = 0
configure:2525: result: none needed
configure:2543: arm-brcm-linux-uclibcgnueabi-gcc -c -Os -g -DLINUX26 -DCONFIG_BCMWL5 -DCONFIG_BCMWL6 -DPART_JFFS2_GAP=0UL -pipe -DBCMWPA2 -DBCMARM -fno-strict-aliasing -marm  -DTCONFIG_NVRAM_64K  conftest.c >&5
conftest.c:2:9: error: expected '=', ',', ';', 'asm' or '__attribute__' before 'me'
configure:2549: $? = 1
configure: failed program was:
| #ifndef __cplusplus
|   choke me
| #endif
configure:2693: checking for style of include used by make
configure:2721: result: GNU
configure:2749: checking dependency style of arm-brcm-linux-uclibcgnueabi-gcc
configure:2839: result: none
configure:2869: checking for a BSD-compatible install
configure:2924: result: /usr/bin/install -c
configure:2938: checking for arm-linux-ranlib
configure:2964: result: arm-brcm-linux-uclibcgnueabi-ranlib
configure:3022: checking how to run the C preprocessor
configure:3057: arm-brcm-linux-uclibcgnueabi-gcc -E  conftest.c
configure:3063: $? = 0
configure:3095: arm-brcm-linux-uclibcgnueabi-gcc -E  conftest.c
conftest.c:11:28: fatal error: ac_nonexistent.h: No such file or directory
compilation terminated.
configure:3101: $? = 1
configure: failed program was:
| /* confdefs.h.  */
| 
| #define PACKAGE_NAME ""
| #define PACKAGE_TARNAME ""
| #define PACKAGE_VERSION ""
| #define PACKAGE_STRING ""
| #define PACKAGE_BUGREPORT ""
| #define PACKAGE "bridge-utils"
| #define VERSION "1.0.6"
| /* end confdefs.h.  */
| #include <ac_nonexistent.h>
configure:3140: result: arm-brcm-linux-uclibcgnueabi-gcc -E
configure:3164: arm-brcm-linux-uclibcgnueabi-gcc -E  conftest.c
configure:3170: $? = 0
configure:3202: arm-brcm-linux-uclibcgnueabi-gcc -E  conftest.c
conftest.c:11:28: fatal error: ac_nonexistent.h: No such file or directory
compilation terminated.
configure:3208: $? = 1
configure: failed program was:
| /* confdefs.h.  */
| 
| #define PACKAGE_NAME ""
| #define PACKAGE_TARNAME ""
| #define PACKAGE_VERSION ""
| #define PACKAGE_STRING ""
| #define PACKAGE_BUGREPORT ""
| #define PACKAGE "bridge-utils"
| #define VERSION "1.0.6"
| /* end confdefs.h.  */
| #include <ac_nonexistent.h>
configure:3252: checking for egrep
configure:3262: result: grep -E
configure:3267: checking for ANSI C header files
configure:3292: arm-brcm-linux-uclibcgnueabi-gcc -c -Os -g -DLINUX26 -DCONFIG_BCMWL5 -DCONFIG_BCMWL6 -DPART_JFFS2_GAP=0UL -pipe -DBCMWPA2 -DBCMARM -fno-strict-aliasing -marm  -DTCONFIG_NVRAM_64K  conftest.c >&5
configure:3298: $? = 0
configure:3302: test -z 
			 || test ! -s conftest.err
configure:3305: $? = 0
configure:3308: test -s conftest.o
configure:3311: $? = 0
configure:3423: result: yes
configure:3447: checking for sys/types.h
configure:3463: arm-brcm-linux-uclibcgnueabi-gcc -c -Os -g -DLINUX26 -DCONFIG_BCMWL5 -DCONFIG_BCMWL6 -DPART_JFFS2_GAP=0UL -pipe -DBCMWPA2 -DBCMARM -fno-strict-aliasing -marm  -DTCONFIG_NVRAM_64K  conftest.c >&5
configure:3469: $? = 0
configure:3473: test -z 
			 || test ! -s conftest.err
configure:3476: $? = 0
configure:3479: test -s conftest.o
configure:3482: $? = 0
configure:3493: result: yes
configure:3447: checking for sys/stat.h
configure:3463: arm-brcm-linux-uclibcgnueabi-gcc -c -Os -g -DLINUX26 -DCONFIG_BCMWL5 -DCONFIG_BCMWL6 -DPART_JFFS2_GAP=0UL -pipe -DBCMWPA2 -DBCMARM -fno-strict-aliasing -marm  -DTCONFIG_NVRAM_64K  conftest.c >&5
configure:3469: $? = 0
configure:3473: test -z 
			 || test ! -s conftest.err
configure:3476: $? = 0
configure:3479: test -s conftest.o
configure:3482: $? = 0
configure:3493: result: yes
configure:3447: checking for stdlib.h
configure:3463: arm-brcm-linux-uclibcgnueabi-gcc -c -Os -g -DLINUX26 -DCONFIG_BCMWL5 -DCONFIG_BCMWL6 -DPART_JFFS2_GAP=0UL -pipe -DBCMWPA2 -DBCMARM -fno-strict-aliasing -marm  -DTCONFIG_NVRAM_64K  conftest.c >&5
configure:3469: $? = 0
configure:3473: test -z 
			 || test ! -s conftest.err
configure:3476: $? = 0
configure:3479: test -s conftest.o
configure:3482: $? = 0
configure:3493: result: yes
configure:3447: checking for string.h
configure:3463: arm-brcm-linux-uclibcgnueabi-gcc -c -Os -g -DLINUX26 -DCONFIG_BCMWL5 -DCONFIG_BCMWL6 -DPART_JFFS2_GAP=0UL -pipe -DBCMWPA2 -DBCMARM -fno-strict-aliasing -marm  -DTCONFIG_NVRAM_64K  conftest.c >&5
configure:3469: $? = 0
configure:3473: test -z 
			 || test ! -s conftest.err
configure:3476: $? = 0
configure:3479: test -s conftest.o
configure:3482: $? = 0
configure:3493: result: yes
configure:3447: checking for memory.h
configure:3463: arm-brcm-linux-uclibcgnueabi-gcc -c -Os -g -DLINUX26 -DCONFIG_BCMWL5 -DCONFIG_BCMWL6 -DPART_JFFS2_GAP=0UL -pipe -DBCMWPA2 -DBCMARM -fno-strict-aliasing -marm  -DTCONFIG_NVRAM_64K  conftest.c >&5
configure:3469: $? = 0
configure:3473: test -z 
			 || test ! -s conftest.err
configure:3476: $? = 0
configure:3479: test -s conftest.o
configure:3482: $? = 0
configure:3493: result: yes
configure:3447: checking for strings.h
configure:3463: arm-brcm-linux-uclibcgnueabi-gcc -c -Os -g -DLINUX26 -DCONFIG_BCMWL5 -DCONFIG_BCMWL6 -DPART_JFFS2_GAP=0UL -pipe -DBCMWPA2 -DBCMARM -fno-strict-aliasing -marm  -DTCONFIG_NVRAM_64K  conftest.c >&5
configure:3469: $? = 0
configure:3473: test -z 
			 || test ! -s conftest.err
configure:3476: $? = 0
configure:3479: test -s conftest.o
configure:3482: $? = 0
configure:3493: result: yes
configure:3447: checking for inttypes.h
configure:3463: arm-brcm-linux-uclibcgnueabi-gcc -c -Os -g -DLINUX26 -DCONFIG_BCMWL5 -DCONFIG_BCMWL6 -DPART_JFFS2_GAP=0UL -pipe -DBCMWPA2 -DBCMARM -fno-strict-aliasing -marm  -DTCONFIG_NVRAM_64K  conftest.c >&5
configure:3469: $? = 0
configure:3473: test -z 
			 || test ! -s conftest.err
configure:3476: $? = 0
configure:3479: test -s conftest.o
configure:3482: $? = 0
configure:3493: result: yes
configure:3447: checking for stdint.h
configure:3463: arm-brcm-linux-uclibcgnueabi-gcc -c -Os -g -DLINUX26 -DCONFIG_BCMWL5 -DCONFIG_BCMWL6 -DPART_JFFS2_GAP=0UL -pipe -DBCMWPA2 -DBCMARM -fno-strict-aliasing -marm  -DTCONFIG_NVRAM_64K  conftest.c >&5
configure:3469: $? = 0
configure:3473: test -z 
			 || test ! -s conftest.err
configure:3476: $? = 0
configure:3479: test -s conftest.o
configure:3482: $? = 0
configure:3493: result: yes
configure:3447: checking for unistd.h
configure:3463: arm-brcm-linux-uclibcgnueabi-gcc -c -Os -g -DLINUX26 -DCONFIG_BCMWL5 -DCONFIG_BCMWL6 -DPART_JFFS2_GAP=0UL -pipe -DBCMWPA2 -DBCMARM -fno-strict-aliasing -marm  -DTCONFIG_NVRAM_64K  conftest.c >&5
configure:3469: $? = 0
configure:3473: test -z 
			 || test ! -s conftest.err
configure:3476: $? = 0
configure:3479: test -s conftest.o
configure:3482: $? = 0
configure:3493: result: yes
configure:3520: checking sys/ioctl.h usability
configure:3532: arm-brcm-linux-uclibcgnueabi-gcc -c -Os -g -DLINUX26 -DCONFIG_BCMWL5 -DCONFIG_BCMWL6 -DPART_JFFS2_GAP=0UL -pipe -DBCMWPA2 -DBCMARM -fno-strict-aliasing -marm  -DTCONFIG_NVRAM_64K  conftest.c >&5
configure:3538: $? = 0
configure:3542: test -z 
			 || test ! -s conftest.err
configure:3545: $? = 0
configure:3548: test -s conftest.o
configure:3551: $? = 0
configure:3561: result: yes
configure:3565: checking sys/ioctl.h presence
configure:3575: arm-brcm-linux-uclibcgnueabi-gcc -E  conftest.c
configure:3581: $? = 0
configure:3601: result: yes
configure:3636: checking for sys/ioctl.h
configure:3643: result: yes
configure:3520: checking sys/time.h usability
configure:3532: arm-brcm-linux-uclibcgnueabi-gcc -c -Os -g -DLINUX26 -DCONFIG_BCMWL5 -DCONFIG_BCMWL6 -DPART_JFFS2_GAP=0UL -pipe -DBCMWPA2 -DBCMARM -fno-strict-aliasing -marm  -DTCONFIG_NVRAM_64K  conftest.c >&5
configure:3538: $? = 0
configure:3542: test -z 
			 || test ! -s conftest.err
configure:3545: $? = 0
configure:3548: test -s conftest.o
configure:3551: $? = 0
configure:3561: result: yes
configure:3565: checking sys/time.h presence
configure:3575: arm-brcm-linux-uclibcgnueabi-gcc -E  conftest.c
configure:3581: $? = 0
configure:3601: result: yes
configure:3636: checking for sys/time.h
configure:3643: result: yes
configure:3657: checking for an ANSI C-conforming const
configure:3724: arm-brcm-linux-uclibcgnueabi-gcc -c -Os -g -DLINUX26 -DCONFIG_BCMWL5 -DCONFIG_BCMWL6 -DPART_JFFS2_GAP=0UL -pipe -DBCMWPA2 -DBCMARM -fno-strict-aliasing -marm  -DTCONFIG_NVRAM_64K  conftest.c >&5
configure:3730: $? = 0
configure:3734: test -z 
			 || test ! -s conftest.err
configure:3737: $? = 0
configure:3740: test -s conftest.o
configure:3743: $? = 0
configure:3754: result: yes
configure:3764: checking whether time.h and sys/time.h may both be included
configure:3789: arm-brcm-linux-uclibcgnueabi-gcc -c -Os -g -DLINUX26 -DCONFIG_BCMWL5 -DCONFIG_BCMWL6 -DPART_JFFS2_GAP=0UL -pipe -DBCMWPA2 -DBCMARM -fno-strict-aliasing -marm  -DTCONFIG_NVRAM_64K  conftest.c >&5
configure:3795: $? = 0
configure:3799: test -z 
			 || test ! -s conftest.err
configure:3802: $? = 0
configure:3805: test -s conftest.o
configure:3808: $? = 0
configure:3819: result: yes
configure:3831: checking whether arm-brcm-linux-uclibcgnueabi-gcc needs -traditional
In file included from conftest.c:24:0:
/opt/hndtools-arm-linux-2.6.36-uclibc-4.5.3/bin/../arm-brcm-linux-uclibcgnueabi/sysroot/usr/include/sgtty.h:22:2: warning: #warning useless header on uClibc
configure:3873: result: no
configure:3880: checking for working memcmp
configure:3950: result: no
configure:3968: checking for gethostname
configure:4025: arm-brcm-linux-uclibcgnueabi-gcc -o conftest -Os -g -DLINUX26 -DCONFIG_BCMWL5 -DCONFIG_BCMWL6 -DPART_JFFS2_GAP=0UL -pipe -DBCMWPA2 -DBCMARM -fno-strict-aliasing -marm  -DTCONFIG_NVRAM_64K   conftest.c  >&5
configure:4031: $? = 0
configure:4035: test -z 
			 || test ! -s conftest.err
configure:4038: $? = 0
configure:4041: test -s conftest
configure:4044: $? = 0
configure:4056: result: yes
configure:3968: checking for socket
configure:4025: arm-brcm-linux-uclibcgnueabi-gcc -o conftest -Os -g -DLINUX26 -DCONFIG_BCMWL5 -DCONFIG_BCMWL6 -DPART_JFFS2_GAP=0UL -pipe -DBCMWPA2 -DBCMARM -fno-strict-aliasing -marm  -DTCONFIG_NVRAM_64K   conftest.c  >&5
configure:4031: $? = 0
configure:4035: test -z 
			 || test ! -s conftest.err
configure:4038: $? = 0
configure:4041: test -s conftest
configure:4044: $? = 0
configure:4056: result: yes
configure:3968: checking for strdup
configure:4025: arm-brcm-linux-uclibcgnueabi-gcc -o conftest -Os -g -DLINUX26 -DCONFIG_BCMWL5 -DCONFIG_BCMWL6 -DPART_JFFS2_GAP=0UL -pipe -DBCMWPA2 -DBCMARM -fno-strict-aliasing -marm  -DTCONFIG_NVRAM_64K   conftest.c  >&5
conftest.c:50:6: warning: conflicting types for built-in function 'strdup'
configure:4031: $? = 0
configure:4035: test -z 
			 || test ! -s conftest.err
configure:4038: $? = 0
configure:4041: test -s conftest
configure:4044: $? = 0
configure:4056: result: yes
configure:3968: checking for uname
configure:4025: arm-brcm-linux-uclibcgnueabi-gcc -o conftest -Os -g -DLINUX26 -DCONFIG_BCMWL5 -DCONFIG_BCMWL6 -DPART_JFFS2_GAP=0UL -pipe -DBCMWPA2 -DBCMARM -fno-strict-aliasing -marm  -DTCONFIG_NVRAM_64K   conftest.c  >&5
configure:4031: $? = 0
configure:4035: test -z 
			 || test ! -s conftest.err
configure:4038: $? = 0
configure:4041: test -s conftest
configure:4044: $? = 0
configure:4056: result: yes
configure:4071: checking for if_nametoindex
configure:4128: arm-brcm-linux-uclibcgnueabi-gcc -o conftest -Os -g -DLINUX26 -DCONFIG_BCMWL5 -DCONFIG_BCMWL6 -DPART_JFFS2_GAP=0UL -pipe -DBCMWPA2 -DBCMARM -fno-strict-aliasing -marm  -DTCONFIG_NVRAM_64K   conftest.c  >&5
configure:4134: $? = 0
configure:4138: test -z 
			 || test ! -s conftest.err
configure:4141: $? = 0
configure:4144: test -s conftest
configure:4147: $? = 0
configure:4159: result: yes
configure:4071: checking for if_indextoname
configure:4128: arm-brcm-linux-uclibcgnueabi-gcc -o conftest -Os -g -DLINUX26 -DCONFIG_BCMWL5 -DCONFIG_BCMWL6 -DPART_JFFS2_GAP=0UL -pipe -DBCMWPA2 -DBCMARM -fno-strict-aliasing -marm  -DTCONFIG_NVRAM_64K   conftest.c  >&5
configure:4134: $? = 0
configure:4138: test -z 
			 || test ! -s conftest.err
configure:4141: $? = 0
configure:4144: test -s conftest
configure:4147: $? = 0
configure:4159: result: yes
configure:4180: checking sysfs/libsysfs.h usability
configure:4192: arm-brcm-linux-uclibcgnueabi-gcc -c -Os -g -DLINUX26 -DCONFIG_BCMWL5 -DCONFIG_BCMWL6 -DPART_JFFS2_GAP=0UL -pipe -DBCMWPA2 -DBCMARM -fno-strict-aliasing -marm  -DTCONFIG_NVRAM_64K  conftest.c >&5
conftest.c:64:28: fatal error: sysfs/libsysfs.h: No such file or directory
compilation terminated.
configure:4198: $? = 1
configure: failed program was:
| /* confdefs.h.  */
| 
| #define PACKAGE_NAME ""
| #define PACKAGE_TARNAME ""
| #define PACKAGE_VERSION ""
| #define PACKAGE_STRING ""
| #define PACKAGE_BUGREPORT ""
| #define PACKAGE "bridge-utils"
| #define VERSION "1.0.6"
| #define STDC_HEADERS 1
| #define HAVE_SYS_TYPES_H 1
| #define HAVE_SYS_STAT_H 1
| #define HAVE_STDLIB_H 1
| #define HAVE_STRING_H 1
| #define HAVE_MEMORY_H 1
| #define HAVE_STRINGS_H 1
| #define HAVE_INTTYPES_H 1
| #define HAVE_STDINT_H 1
| #define HAVE_UNISTD_H 1
| #define HAVE_SYS_IOCTL_H 1
| #define HAVE_SYS_TIME_H 1
| #define TIME_WITH_SYS_TIME 1
| #define HAVE_GETHOSTNAME 1
| #define HAVE_SOCKET 1
| #define HAVE_STRDUP 1
| #define HAVE_UNAME 1
| #define HAVE_IF_NAMETOINDEX 1
| #define HAVE_IF_INDEXTONAME 1
| /* end confdefs.h.  */
| #include <stdio.h>
| #if HAVE_SYS_TYPES_H
| # include <sys/types.h>
| #endif
| #if HAVE_SYS_STAT_H
| # include <sys/stat.h>
| #endif
| #if STDC_HEADERS
| # include <stdlib.h>
| # include <stddef.h>
| #else
| # if HAVE_STDLIB_H
| #  include <stdlib.h>
| # endif
| #endif
| #if HAVE_STRING_H
| # if !STDC_HEADERS && HAVE_MEMORY_H
| #  include <memory.h>
| # endif
| # include <string.h>
| #endif
| #if HAVE_STRINGS_H
| # include <strings.h>
| #endif
| #if HAVE_INTTYPES_H
| # include <inttypes.h>
| #else
| # if HAVE_STDINT_H
| #  include <stdint.h>
| # endif
| #endif
| #if HAVE_UNISTD_H
| # include <unistd.h>
| #endif
| #include <sysfs/libsysfs.h>
configure:4221: result: no
configure:4225: checking sysfs/libsysfs.h presence
configure:4235: arm-brcm-linux-uclibcgnueabi-gcc -E  conftest.c
conftest.c:30:28: fatal error: sysfs/libsysfs.h: No such file or directory
compilation terminated.
configure:4241: $? = 1
configure: failed program was:
| /* confdefs.h.  */
| 
| #define PACKAGE_NAME ""
| #define PACKAGE_TARNAME ""
| #define PACKAGE_VERSION ""
| #define PACKAGE_STRING ""
| #define PACKAGE_BUGREPORT ""
| #define PACKAGE "bridge-utils"
| #define VERSION "1.0.6"
| #define STDC_HEADERS 1
| #define HAVE_SYS_TYPES_H 1
| #define HAVE_SYS_STAT_H 1
| #define HAVE_STDLIB_H 1
| #define HAVE_STRING_H 1
| #define HAVE_MEMORY_H 1
| #define HAVE_STRINGS_H 1
| #define HAVE_INTTYPES_H 1
| #define HAVE_STDINT_H 1
| #define HAVE_UNISTD_H 1
| #define HAVE_SYS_IOCTL_H 1
| #define HAVE_SYS_TIME_H 1
| #define TIME_WITH_SYS_TIME 1
| #define HAVE_GETHOSTNAME 1
| #define HAVE_SOCKET 1
| #define HAVE_STRDUP 1
| #define HAVE_UNAME 1
| #define HAVE_IF_NAMETOINDEX 1
| #define HAVE_IF_INDEXTONAME 1
| /* end confdefs.h.  */
| #include <sysfs/libsysfs.h>
configure:4261: result: no
configure:4296: checking for sysfs/libsysfs.h
configure:4303: result: no
configure:4384: WARNING: Missing /usr/include/sysfs/libsysfs.h
configure:4503: creating ./config.status

## ---------------------- ##
## Running config.status. ##
## ---------------------- ##

This file was extended by config.status, which was
generated by GNU Autoconf 2.59.  Invocation command line was

  CONFIG_FILES    = 
  CONFIG_HEADERS  = 
  CONFIG_LINKS    = 
  CONFIG_COMMANDS = 
  $ ./config.status 

on builder

config.status:696: creating doc/Makefile
config.status:696: creating libbridge/Makefile
config.status:696: creating brctl/Makefile
config.status:696: creating Makefile
config.status:696: creating bridge-utils.spec
config.status:800: creating libbridge/config.h
config.status:924: libbridge/config.h is unchanged
config.status:1104: executing depfiles commands

## ---------------- ##
## Cache variables. ##
## ---------------- ##

ac_cv_c_compiler_gnu=yes
ac_cv_c_const=yes
ac_cv_env_CC_set=set
ac_cv_env_CC_value=arm-brcm-linux-uclibcgnueabi-gcc
ac_cv_env_CFLAGS_set=set
ac_cv_env_CFLAGS_value='-Os -g -DLINUX26 -DCONFIG_BCMWL5 -DCONFIG_BCMWL6 -DPART_JFFS2_GAP=0UL -pipe -DBCMWPA2 -DBCMARM -fno-strict-aliasing -marm  -DTCONFIG_NVRAM_64K'
ac_cv_env_CPPFLAGS_set=
ac_cv_env_CPPFLAGS_value=
ac_cv_env_CPP_set=
ac_cv_env_CPP_value=
ac_cv_env_LDFLAGS_set=
ac_cv_env_LDFLAGS_value=
ac_cv_env_build_alias_set=set
ac_cv_env_build_alias_value=x86_64-linux-gnu
ac_cv_env_host_alias_set=set
ac_cv_env_host_alias_value=arm-linux
ac_cv_env_target_alias_set=
ac_cv_env_target_alias_value=
ac_cv_exeext=
ac_cv_func_gethostname=yes
ac_cv_func_if_indextoname=yes
ac_cv_func_if_nametoindex=yes
ac_cv_func_malloc_0_nonnull=yes
ac_cv_func_memcmp_working=no
ac_cv_func_socket=yes
ac_cv_func_strdup=yes
ac_cv_func_uname=yes
ac_cv_header_inttypes_h=yes
ac_cv_header_memory_h=yes
ac_cv_header_stdc=yes
ac_cv_header_stdint_h=yes
ac_cv_header_stdlib_h=yes
ac_cv_header_string_h=yes
ac_cv_header_strings_h=yes
ac_cv_header_sys_ioctl_h=yes
ac_cv_header_sys_stat_h=yes
ac_cv_header_sys_time_h=yes
ac_cv_header_sys_types_h=yes
ac_cv_header_sysfs_libsysfs_h=no
ac_cv_header_time=yes
ac_cv_header_unistd_h=yes
ac_cv_objext=o
ac_cv_path_install='/usr/bin/install -c'
ac_cv_prog_AWK=gawk
ac_cv_prog_CC=arm-brcm-linux-uclibcgnueabi-gcc
ac_cv_prog_CPP='arm-brcm-linux-uclibcgnueabi-gcc -E'
ac_cv_prog_RANLIB=arm-brcm-linux-uclibcgnueabi-ranlib
ac_cv_prog_STRIP=arm-brcm-linux-uclibcgnueabi-strip
ac_cv_prog_cc_g=yes
ac_cv_prog_cc_stdc=
ac_cv_prog_egrep='grep -E'
ac_cv_prog_gcc_traditional=no
ac_cv_prog_make_make_set=yes
am_cv_CC_dependencies_compiler_type=none

## ----------------- ##
## Output variables. ##
## ----------------- ##

ACLOCAL='aclocal-1.9'
AMDEPBACKSLASH='\'
AMDEP_FALSE='#'
AMDEP_TRUE=''
AMTAR='tar'
AUTOCONF='autoconf'
AUTOHEADER='autoheader'
AUTOMAKE='automake-1.9'
AWK='gawk'
CC='arm-brcm-linux-uclibcgnueabi-gcc'
CCDEPMODE='depmode=none'
CFLAGS='-Os -g -DLINUX26 -DCONFIG_BCMWL5 -DCONFIG_BCMWL6 -DPART_JFFS2_GAP=0UL -pipe -DBCMWPA2 -DBCMARM -fno-strict-aliasing -marm  -DTCONFIG_NVRAM_64K'
CPP='arm-brcm-linux-uclibcgnueabi-gcc -E'
CPPFLAGS=''
CYGPATH_W='echo'
DEFS='-DHAVE_CONFIG_H'
DEPDIR='.deps'
ECHO_C=''
ECHO_N='-n'
ECHO_T=''
EGREP='grep -E'
EXEEXT=''
INSTALL_DATA='${INSTALL} -m 644'
INSTALL_PROGRAM='${INSTALL}'
INSTALL_SCRIPT='${INSTALL}'
INSTALL_STRIP_PROGRAM='${SHELL} $(install_sh) -c -s'
KERNEL_HEADERS='/home/shibby/openwrt/tomato-ss/release/src-rt-6.x.4708/linux/linux-2.6.36/include'
LDFLAGS=''
LIBOBJS=' memcmp$U.o'
LIBS=''
LTLIBOBJS=' memcmp$U.lo'
MAKEINFO='makeinfo'
OBJEXT='o'
PACKAGE='bridge-utils'
PACKAGE_BUGREPORT=''
PACKAGE_NAME=''
PACKAGE_STRING=''
PACKAGE_TARNAME=''
PACKAGE_VERSION=''
PATH_SEPARATOR=':'
RANLIB='arm-brcm-linux-uclibcgnueabi-ranlib'
SET_MAKE=''
SHELL='/bin/sh'
STRIP='arm-brcm-linux-uclibcgnueabi-strip'
VERSION='1.0.6'
ac_ct_CC=''
ac_ct_RANLIB=''
ac_ct_STRIP=''
am__fastdepCC_FALSE=''
am__fastdepCC_TRUE='#'
am__include='include'
am__leading_dot='.'
am__quote=''
am__tar='${AMTAR} chof - "$$tardir"'
am__untar='${AMTAR} xf -'
bindir='${exec_prefix}/bin'
build_alias='x86_64-linux-gnu'
datadir='${prefix}/share'
exec_prefix='${prefix}'
host_alias='arm-linux'
includedir='${prefix}/include'
infodir='${prefix}/info'
install_sh='/home/shibby/openwrt/tomato-ss/release/src/router/bridge/install-sh'
libdir='${exec_prefix}/lib'
libexecdir='${exec_prefix}/libexec'
localstatedir='${prefix}/var'
mandir='${prefix}/man'
mkdir_p='mkdir -p --'
oldincludedir='/usr/include'
prefix=''
program_transform_name='s,x,x,'
sbindir='${exec_prefix}/sbin'
sharedstatedir='${prefix}/com'
sysconfdir='${prefix}/etc'
target_alias=''

## ----------- ##
## confdefs.h. ##
## ----------- ##

#define HAVE_GETHOSTNAME 1
#define HAVE_IF_INDEXTONAME 1
#define HAVE_IF_NAMETOINDEX 1
#define HAVE_INTTYPES_H 1
#define HAVE_MEMORY_H 1
#define HAVE_SOCKET 1
#define HAVE_STDINT_H 1
#define HAVE_STDLIB_H 1
#define HAVE_STRDUP 1
#define HAVE_STRINGS_H 1
#define HAVE_STRING_H 1
#define HAVE_SYS_IOCTL_H 1
#define HAVE_SYS_STAT_H 1
#define HAVE_SYS_TIME_H 1
#define HAVE_SYS_TYPES_H 1
#define HAVE_UNAME 1
#define HAVE_UNISTD_H 1
#define PACKAGE "bridge-utils"
#define PACKAGE_BUGREPORT ""
#define PACKAGE_NAME ""
#define PACKAGE_STRING ""
#define PACKAGE_TARNAME ""
#define PACKAGE_VERSION ""
#define STDC_HEADERS 1
#define TIME_WITH_SYS_TIME 1
#define VERSION "1.0.6"

configure: exit 0
