This file contains any messages produced by compilers while
running configure, to aid debugging if configure makes a mistake.

It was created by configure, which was
generated by GNU Autoconf 2.59.  Invocation command line was

  $ ./configure --host=mipsel-linux --build=x86_64-linux-gnu

## --------- ##
## Platform. ##
## --------- ##

hostname = archeo
uname -m = x86_64
uname -r = 2.6.27.10-grsec
uname -s = Linux
uname -v = #4 SMP Mon Jun 15 11:45:55 CEST 2009

/usr/bin/uname -p = unknown
/bin/uname -X     = unknown

/bin/arch              = unknown
/usr/bin/arch -k       = unknown
/usr/convex/getsysinfo = unknown
hostinfo               = unknown
/bin/machine           = unknown
/usr/bin/oslevel       = unknown
/bin/universe          = unknown

PATH: /root/openwrt/tomato2.31/tools
PATH: /root/openwrt/tomato2.31/tools
PATH: /root/openwrt/tomato2.31/tools
PATH: /root/openwrt/tomato2.31/tools
PATH: /root/openwrt/tomato2.31/tools
PATH: /usr/local/sbin
PATH: /usr/local/bin
PATH: /usr/sbin
PATH: /usr/bin
PATH: /sbin
PATH: /bin
PATH: /opt/brcm/hndtools-mipsel-uclibc/bin
PATH: /opt/brcm/hndtools-mipsel-linux/bin


## ----------- ##
## Core tests. ##
## ----------- ##

configure:1386: checking for a BSD-compatible install
configure:1441: result: /usr/bin/install -c
configure:1452: checking whether build environment is sane
configure:1495: result: yes
configure:1560: checking for gawk
configure:1576: found /usr/bin/gawk
configure:1586: result: gawk
configure:1596: checking whether make sets $(MAKE)
configure:1616: result: yes
configure:1692: checking for mipsel-linux-strip
configure:1718: result: mipsel-uclibc-strip -R .note -R .comment
configure:1801: checking build system type
configure:1819: result: x86_64-pc-linux-gnu
configure:1827: checking host system type
configure:1841: result: mipsel-unknown-linux-gnu
configure:2316: creating ./config.status

## ---------------------- ##
## Running config.status. ##
## ---------------------- ##

This file was extended by config.status, which was
generated by GNU Autoconf 2.59.  Invocation command line was

  CONFIG_FILES    = 
  CONFIG_HEADERS  = 
  CONFIG_LINKS    = 
  CONFIG_COMMANDS = 
  $ ./config.status 

on archeo

config.status:674: creating Makefile
configure:3186: configuring in autoconf-lib-link
configure:3303: running /bin/sh './configure' --prefix=/usr/local  '--host=mipsel-linux' '--build=x86_64-linux-gnu' 'CC=mipsel-uclibc-gcc' 'CFLAGS=-Os -Wall -DLINUX26 -DCONFIG_BCMWL5 -pipe -DBCMWPA2 -funit-at-a-time -Wno-pointer-sign -mtune=mips32 -mips32 -DCONFIG_NVRAM_SIZE=60 -ffunction-sections -fdata-sections' 'LDFLAGS=-ffunction-sections -fdata-sections -Wl,--gc-sections -fPIC' 'build_alias=x86_64-linux-gnu' 'host_alias=mipsel-linux' --cache-file=/dev/null --srcdir=.
configure:3186: configuring in gettext-runtime
configure:3303: running /bin/sh './configure' --prefix=/usr/local  '--host=mipsel-linux' '--build=x86_64-linux-gnu' 'CC=mipsel-uclibc-gcc' 'CFLAGS=-Os -Wall -DLINUX26 -DCONFIG_BCMWL5 -pipe -DBCMWPA2 -funit-at-a-time -Wno-pointer-sign -mtune=mips32 -mips32 -DCONFIG_NVRAM_SIZE=60 -ffunction-sections -fdata-sections' 'LDFLAGS=-ffunction-sections -fdata-sections -Wl,--gc-sections -fPIC' 'build_alias=x86_64-linux-gnu' 'host_alias=mipsel-linux' --cache-file=/dev/null --srcdir=.
configure:3186: configuring in gettext-tools
configure:3303: running /bin/sh './configure' --prefix=/usr/local  '--host=mipsel-linux' '--build=x86_64-linux-gnu' 'CC=mipsel-uclibc-gcc' 'CFLAGS=-Os -Wall -DLINUX26 -DCONFIG_BCMWL5 -pipe -DBCMWPA2 -funit-at-a-time -Wno-pointer-sign -mtune=mips32 -mips32 -DCONFIG_NVRAM_SIZE=60 -ffunction-sections -fdata-sections' 'LDFLAGS=-ffunction-sections -fdata-sections -Wl,--gc-sections -fPIC' 'build_alias=x86_64-linux-gnu' 'host_alias=mipsel-linux' --cache-file=/dev/null --srcdir=.

## ---------------- ##
## Cache variables. ##
## ---------------- ##

ac_cv_build=x86_64-pc-linux-gnu
ac_cv_build_alias=x86_64-linux-gnu
ac_cv_env_CC_set=set
ac_cv_env_CC_value=mipsel-uclibc-gcc
ac_cv_env_CFLAGS_set=set
ac_cv_env_CFLAGS_value='-Os -Wall -DLINUX26 -DCONFIG_BCMWL5 -pipe -DBCMWPA2 -funit-at-a-time -Wno-pointer-sign -mtune=mips32 -mips32 -DCONFIG_NVRAM_SIZE=60 -ffunction-sections -fdata-sections'
ac_cv_env_CPPFLAGS_set=
ac_cv_env_CPPFLAGS_value=
ac_cv_env_CPP_set=
ac_cv_env_CPP_value=
ac_cv_env_CXXCPP_set=
ac_cv_env_CXXCPP_value=
ac_cv_env_CXXFLAGS_set=
ac_cv_env_CXXFLAGS_value=
ac_cv_env_CXX_set=
ac_cv_env_CXX_value=
ac_cv_env_EMACSLOADPATH_set=
ac_cv_env_EMACSLOADPATH_value=
ac_cv_env_EMACS_set=
ac_cv_env_EMACS_value=
ac_cv_env_F77_set=
ac_cv_env_F77_value=
ac_cv_env_FFLAGS_set=
ac_cv_env_FFLAGS_value=
ac_cv_env_GCJFLAGS_set=
ac_cv_env_GCJFLAGS_value=
ac_cv_env_GCJ_set=
ac_cv_env_GCJ_value=
ac_cv_env_LDFLAGS_set=set
ac_cv_env_LDFLAGS_value='-ffunction-sections -fdata-sections -Wl,--gc-sections -fPIC'
ac_cv_env_build_alias_set=set
ac_cv_env_build_alias_value=x86_64-linux-gnu
ac_cv_env_host_alias_set=set
ac_cv_env_host_alias_value=mipsel-linux
ac_cv_env_target_alias_set=
ac_cv_env_target_alias_value=
ac_cv_host=mipsel-unknown-linux-gnu
ac_cv_host_alias=mipsel-linux
ac_cv_path_install='/usr/bin/install -c'
ac_cv_prog_AWK=gawk
ac_cv_prog_STRIP='mipsel-uclibc-strip -R .note -R .comment'
ac_cv_prog_make_make_set=yes

## ----------------- ##
## Output variables. ##
## ----------------- ##

ACLOCAL='${SHELL} /root/openwrt/tomato2.31/src/router/gettext/build-aux/missing --run aclocal-1.9'
AMTAR='${SHELL} /root/openwrt/tomato2.31/src/router/gettext/build-aux/missing --run tar'
AUTOCONF='${SHELL} /root/openwrt/tomato2.31/src/router/gettext/build-aux/missing --run autoconf'
AUTOHEADER='${SHELL} /root/openwrt/tomato2.31/src/router/gettext/build-aux/missing --run autoheader'
AUTOMAKE='${SHELL} /root/openwrt/tomato2.31/src/router/gettext/build-aux/missing --run automake-1.9'
AWK='gawk'
CC='mipsel-uclibc-gcc'
CFLAGS='-Os -Wall -DLINUX26 -DCONFIG_BCMWL5 -pipe -DBCMWPA2 -funit-at-a-time -Wno-pointer-sign -mtune=mips32 -mips32 -DCONFIG_NVRAM_SIZE=60 -ffunction-sections -fdata-sections'
CPP=''
CPPFLAGS=''
CXX=''
CXXCPP=''
CXXFLAGS=''
CYGPATH_W='echo'
DEFS='-DPACKAGE_NAME=\"\" -DPACKAGE_TARNAME=\"\" -DPACKAGE_VERSION=\"\" -DPACKAGE_STRING=\"\" -DPACKAGE_BUGREPORT=\"\" -DPACKAGE=\"gettext\" -DVERSION=\"0.14.5\" '
ECHO_C=''
ECHO_N='-n'
ECHO_T=''
EMACS=''
EMACSLOADPATH=''
F77=''
FFLAGS=''
GCJ=''
GCJFLAGS=''
INSTALL_DATA='${INSTALL} -m 644'
INSTALL_PROGRAM='${INSTALL}'
INSTALL_SCRIPT='${INSTALL}'
INSTALL_STRIP_PROGRAM='${SHELL} $(install_sh) -c -s'
LDFLAGS='-ffunction-sections -fdata-sections -Wl,--gc-sections -fPIC'
LIBOBJS=''
LIBS=''
LTLIBOBJS=''
MAKEINFO='${SHELL} /root/openwrt/tomato2.31/src/router/gettext/build-aux/missing --run makeinfo'
PACKAGE='gettext'
PACKAGE_BUGREPORT=''
PACKAGE_NAME=''
PACKAGE_STRING=''
PACKAGE_TARNAME=''
PACKAGE_VERSION=''
PATH_SEPARATOR=':'
SET_MAKE=''
SHELL='/bin/sh'
STRIP='mipsel-uclibc-strip -R .note -R .comment'
VERSION='0.14.5'
ac_ct_STRIP=''
am__leading_dot='.'
am__tar='${AMTAR} chof - "$$tardir"'
am__untar='${AMTAR} xf -'
bindir='${exec_prefix}/bin'
build='x86_64-pc-linux-gnu'
build_alias='x86_64-linux-gnu'
build_cpu='x86_64'
build_os='linux-gnu'
build_vendor='pc'
datadir='${prefix}/share'
exec_prefix='${prefix}'
host='mipsel-unknown-linux-gnu'
host_alias='mipsel-linux'
host_cpu='mipsel'
host_os='linux-gnu'
host_vendor='unknown'
includedir='${prefix}/include'
infodir='${prefix}/info'
install_sh='/root/openwrt/tomato2.31/src/router/gettext/build-aux/install-sh'
libdir='${exec_prefix}/lib'
libexecdir='${exec_prefix}/libexec'
localstatedir='${prefix}/var'
mandir='${prefix}/man'
mkdir_p='mkdir -p --'
oldincludedir='/usr/include'
prefix='/usr/local'
program_transform_name='s,x,x,'
sbindir='${exec_prefix}/sbin'
sharedstatedir='${prefix}/com'
subdirs=' autoconf-lib-link gettext-runtime gettext-tools'
sysconfdir='${prefix}/etc'
target_alias=''

## ----------- ##
## confdefs.h. ##
## ----------- ##

#define PACKAGE "gettext"
#define PACKAGE_BUGREPORT ""
#define PACKAGE_NAME ""
#define PACKAGE_STRING ""
#define PACKAGE_TARNAME ""
#define PACKAGE_VERSION ""
#define VERSION "0.14.5"

configure: exit 0
